[1.032s] DEBUG:colcon:Command line arguments: ['/usr/bin/colcon', 'list', '-p', '--base-paths', '/home/sam/wsg50']
[1.032s] DEBUG:colcon:Parsed command line arguments: Namespace(log_base=None, log_level=None, verb_name='list', build_base='build', ignore_user_meta=False, metas=['./colcon.meta'], base_paths=['/home/sam/wsg50'], packages_ignore=None, packages_ignore_regex=None, paths=None, packages_up_to=None, packages_up_to_regex=None, packages_above=None, packages_above_and_dependencies=None, packages_above_depth=None, packages_select_by_dep=None, packages_skip_by_dep=None, packages_skip_up_to=None, packages_select_build_failed=False, packages_skip_build_finished=False, packages_select_test_failures=False, packages_skip_test_passed=False, packages_select=None, packages_skip=None, packages_select_regex=None, packages_skip_regex=None, packages_start=None, packages_end=None, allow_overriding=[], topological_order=False, names_only=False, paths_only=True, topological_graph=False, topological_graph_dot=False, topological_graph_density=False, topological_graph_legend=False, topological_graph_dot_cluster=False, topological_graph_dot_include_skipped=False, mixin_files=None, mixin=None, verb_parser=<colcon_mixin.mixin.mixin_argument.MixinArgumentDecorator object at 0x7fc7e2e53a60>, verb_extension=<colcon_package_information.verb.list.ListVerb object at 0x7fc7e2e52ad0>, main=<bound method ListVerb.main of <colcon_package_information.verb.list.ListVerb object at 0x7fc7e2e52ad0>>, mixin_verb=('list',))
[1.733s] Level 1:colcon.colcon_core.package_discovery:discover_packages(colcon_meta) check parameters
[1.734s] Level 1:colcon.colcon_core.package_discovery:discover_packages(recursive) check parameters
[1.734s] Level 1:colcon.colcon_core.package_discovery:discover_packages(ignore) check parameters
[1.734s] Level 1:colcon.colcon_core.package_discovery:discover_packages(path) check parameters
[1.734s] Level 1:colcon.colcon_core.package_discovery:discover_packages(recursive) discover
[1.734s] INFO:colcon.colcon_core.package_discovery:Crawling recursively for packages in '/home/sam/wsg50'
[1.735s] Level 1:colcon.colcon_core.package_identification:_identify(/home/sam/wsg50) by extensions ['ignore', 'ignore_ament_install']
[1.735s] Level 1:colcon.colcon_core.package_identification:_identify(/home/sam/wsg50) by extension 'ignore'
[1.735s] Level 1:colcon.colcon_core.package_identification:_identify(/home/sam/wsg50) by extension 'ignore_ament_install'
[1.736s] Level 1:colcon.colcon_core.package_identification:_identify(/home/sam/wsg50) by extensions ['colcon_pkg']
[1.736s] Level 1:colcon.colcon_core.package_identification:_identify(/home/sam/wsg50) by extension 'colcon_pkg'
[1.736s] Level 1:colcon.colcon_core.package_identification:_identify(/home/sam/wsg50) by extensions ['colcon_meta']
[1.736s] Level 1:colcon.colcon_core.package_identification:_identify(/home/sam/wsg50) by extension 'colcon_meta'
[1.736s] Level 1:colcon.colcon_core.package_identification:_identify(/home/sam/wsg50) by extensions ['ros']
[1.736s] Level 1:colcon.colcon_core.package_identification:_identify(/home/sam/wsg50) by extension 'ros'
[1.775s] Level 1:colcon.colcon_core.package_identification:_identify(/home/sam/wsg50) by extensions ['cmake', 'python']
[1.776s] Level 1:colcon.colcon_core.package_identification:_identify(/home/sam/wsg50) by extension 'cmake'
[1.776s] Level 1:colcon.colcon_core.package_identification:_identify(/home/sam/wsg50) by extension 'python'
[1.776s] Level 1:colcon.colcon_core.package_identification:_identify(/home/sam/wsg50) by extensions ['python_setup_py']
[1.776s] Level 1:colcon.colcon_core.package_identification:_identify(/home/sam/wsg50) by extension 'python_setup_py'
[1.776s] Level 1:colcon.colcon_core.package_identification:_identify(/home/sam/wsg50/build) by extensions ['ignore', 'ignore_ament_install']
[1.777s] Level 1:colcon.colcon_core.package_identification:_identify(/home/sam/wsg50/build) by extension 'ignore'
[1.777s] Level 1:colcon.colcon_core.package_identification:_identify(/home/sam/wsg50/build) ignored
[1.777s] Level 1:colcon.colcon_core.package_identification:_identify(/home/sam/wsg50/install) by extensions ['ignore', 'ignore_ament_install']
[1.778s] Level 1:colcon.colcon_core.package_identification:_identify(/home/sam/wsg50/install) by extension 'ignore'
[1.778s] Level 1:colcon.colcon_core.package_identification:_identify(/home/sam/wsg50/install) ignored
[1.779s] Level 1:colcon.colcon_core.package_identification:_identify(/home/sam/wsg50/log) by extensions ['ignore', 'ignore_ament_install']
[1.779s] Level 1:colcon.colcon_core.package_identification:_identify(/home/sam/wsg50/log) by extension 'ignore'
[1.780s] Level 1:colcon.colcon_core.package_identification:_identify(/home/sam/wsg50/log) ignored
[1.780s] Level 1:colcon.colcon_core.package_identification:_identify(/home/sam/wsg50/src) by extensions ['ignore', 'ignore_ament_install']
[1.781s] Level 1:colcon.colcon_core.package_identification:_identify(/home/sam/wsg50/src) by extension 'ignore'
[1.781s] Level 1:colcon.colcon_core.package_identification:_identify(/home/sam/wsg50/src) by extension 'ignore_ament_install'
[1.781s] Level 1:colcon.colcon_core.package_identification:_identify(/home/sam/wsg50/src) by extensions ['colcon_pkg']
[1.782s] Level 1:colcon.colcon_core.package_identification:_identify(/home/sam/wsg50/src) by extension 'colcon_pkg'
[1.782s] Level 1:colcon.colcon_core.package_identification:_identify(/home/sam/wsg50/src) by extensions ['colcon_meta']
[1.783s] Level 1:colcon.colcon_core.package_identification:_identify(/home/sam/wsg50/src) by extension 'colcon_meta'
[1.783s] Level 1:colcon.colcon_core.package_identification:_identify(/home/sam/wsg50/src) by extensions ['ros']
[1.783s] Level 1:colcon.colcon_core.package_identification:_identify(/home/sam/wsg50/src) by extension 'ros'
[1.784s] Level 1:colcon.colcon_core.package_identification:_identify(/home/sam/wsg50/src) by extensions ['cmake', 'python']
[1.784s] Level 1:colcon.colcon_core.package_identification:_identify(/home/sam/wsg50/src) by extension 'cmake'
[1.784s] Level 1:colcon.colcon_core.package_identification:_identify(/home/sam/wsg50/src) by extension 'python'
[1.784s] Level 1:colcon.colcon_core.package_identification:_identify(/home/sam/wsg50/src) by extensions ['python_setup_py']
[1.784s] Level 1:colcon.colcon_core.package_identification:_identify(/home/sam/wsg50/src) by extension 'python_setup_py'
[1.784s] Level 1:colcon.colcon_core.package_identification:_identify(/home/sam/wsg50/src/doc) by extensions ['ignore', 'ignore_ament_install']
[1.785s] Level 1:colcon.colcon_core.package_identification:_identify(/home/sam/wsg50/src/doc) by extension 'ignore'
[1.785s] Level 1:colcon.colcon_core.package_identification:_identify(/home/sam/wsg50/src/doc) by extension 'ignore_ament_install'
[1.785s] Level 1:colcon.colcon_core.package_identification:_identify(/home/sam/wsg50/src/doc) by extensions ['colcon_pkg']
[1.785s] Level 1:colcon.colcon_core.package_identification:_identify(/home/sam/wsg50/src/doc) by extension 'colcon_pkg'
[1.785s] Level 1:colcon.colcon_core.package_identification:_identify(/home/sam/wsg50/src/doc) by extensions ['colcon_meta']
[1.785s] Level 1:colcon.colcon_core.package_identification:_identify(/home/sam/wsg50/src/doc) by extension 'colcon_meta'
[1.785s] Level 1:colcon.colcon_core.package_identification:_identify(/home/sam/wsg50/src/doc) by extensions ['ros']
[1.785s] Level 1:colcon.colcon_core.package_identification:_identify(/home/sam/wsg50/src/doc) by extension 'ros'
[1.786s] Level 1:colcon.colcon_core.package_identification:_identify(/home/sam/wsg50/src/doc) by extensions ['cmake', 'python']
[1.786s] Level 1:colcon.colcon_core.package_identification:_identify(/home/sam/wsg50/src/doc) by extension 'cmake'
[1.786s] Level 1:colcon.colcon_core.package_identification:_identify(/home/sam/wsg50/src/doc) by extension 'python'
[1.786s] Level 1:colcon.colcon_core.package_identification:_identify(/home/sam/wsg50/src/doc) by extensions ['python_setup_py']
[1.786s] Level 1:colcon.colcon_core.package_identification:_identify(/home/sam/wsg50/src/doc) by extension 'python_setup_py'
[1.786s] Level 1:colcon.colcon_core.package_identification:_identify(/home/sam/wsg50/src/wsg_50_common) by extensions ['ignore', 'ignore_ament_install']
[1.786s] Level 1:colcon.colcon_core.package_identification:_identify(/home/sam/wsg50/src/wsg_50_common) by extension 'ignore'
[1.786s] Level 1:colcon.colcon_core.package_identification:_identify(/home/sam/wsg50/src/wsg_50_common) by extension 'ignore_ament_install'
[1.787s] Level 1:colcon.colcon_core.package_identification:_identify(/home/sam/wsg50/src/wsg_50_common) by extensions ['colcon_pkg']
[1.787s] Level 1:colcon.colcon_core.package_identification:_identify(/home/sam/wsg50/src/wsg_50_common) by extension 'colcon_pkg'
[1.787s] Level 1:colcon.colcon_core.package_identification:_identify(/home/sam/wsg50/src/wsg_50_common) by extensions ['colcon_meta']
[1.787s] Level 1:colcon.colcon_core.package_identification:_identify(/home/sam/wsg50/src/wsg_50_common) by extension 'colcon_meta'
[1.787s] Level 1:colcon.colcon_core.package_identification:_identify(/home/sam/wsg50/src/wsg_50_common) by extensions ['ros']
[1.787s] Level 1:colcon.colcon_core.package_identification:_identify(/home/sam/wsg50/src/wsg_50_common) by extension 'ros'
[1.792s] DEBUG:colcon.colcon_core.package_identification:Package '/home/sam/wsg50/src/wsg_50_common' with type 'ros.ament_cmake' and name 'wsg_50_common'
[1.793s] Level 1:colcon.colcon_core.package_identification:_identify(/home/sam/wsg50/src/wsg_50_driver) by extensions ['ignore', 'ignore_ament_install']
[1.793s] Level 1:colcon.colcon_core.package_identification:_identify(/home/sam/wsg50/src/wsg_50_driver) by extension 'ignore'
[1.793s] Level 1:colcon.colcon_core.package_identification:_identify(/home/sam/wsg50/src/wsg_50_driver) by extension 'ignore_ament_install'
[1.794s] Level 1:colcon.colcon_core.package_identification:_identify(/home/sam/wsg50/src/wsg_50_driver) by extensions ['colcon_pkg']
[1.794s] Level 1:colcon.colcon_core.package_identification:_identify(/home/sam/wsg50/src/wsg_50_driver) by extension 'colcon_pkg'
[1.794s] Level 1:colcon.colcon_core.package_identification:_identify(/home/sam/wsg50/src/wsg_50_driver) by extensions ['colcon_meta']
[1.794s] Level 1:colcon.colcon_core.package_identification:_identify(/home/sam/wsg50/src/wsg_50_driver) by extension 'colcon_meta'
[1.795s] Level 1:colcon.colcon_core.package_identification:_identify(/home/sam/wsg50/src/wsg_50_driver) by extensions ['ros']
[1.795s] Level 1:colcon.colcon_core.package_identification:_identify(/home/sam/wsg50/src/wsg_50_driver) by extension 'ros'
[1.799s] DEBUG:colcon.colcon_core.package_identification:Package '/home/sam/wsg50/src/wsg_50_driver' with type 'ros.ament_cmake' and name 'wsg_50_driver'
[1.800s] Level 1:colcon.colcon_core.package_identification:_identify(/home/sam/wsg50/src/wsg_50_interface) by extensions ['ignore', 'ignore_ament_install']
[1.800s] Level 1:colcon.colcon_core.package_identification:_identify(/home/sam/wsg50/src/wsg_50_interface) by extension 'ignore'
[1.801s] Level 1:colcon.colcon_core.package_identification:_identify(/home/sam/wsg50/src/wsg_50_interface) by extension 'ignore_ament_install'
[1.801s] Level 1:colcon.colcon_core.package_identification:_identify(/home/sam/wsg50/src/wsg_50_interface) by extensions ['colcon_pkg']
[1.801s] Level 1:colcon.colcon_core.package_identification:_identify(/home/sam/wsg50/src/wsg_50_interface) by extension 'colcon_pkg'
[1.801s] Level 1:colcon.colcon_core.package_identification:_identify(/home/sam/wsg50/src/wsg_50_interface) by extensions ['colcon_meta']
[1.801s] Level 1:colcon.colcon_core.package_identification:_identify(/home/sam/wsg50/src/wsg_50_interface) by extension 'colcon_meta'
[1.801s] Level 1:colcon.colcon_core.package_identification:_identify(/home/sam/wsg50/src/wsg_50_interface) by extensions ['ros']
[1.801s] Level 1:colcon.colcon_core.package_identification:_identify(/home/sam/wsg50/src/wsg_50_interface) by extension 'ros'
[1.805s] DEBUG:colcon.colcon_core.package_identification:Package '/home/sam/wsg50/src/wsg_50_interface' with type 'ros.ament_cmake' and name 'wsg_50_interface'
[1.806s] Level 1:colcon.colcon_core.package_identification:_identify(/home/sam/wsg50/src/wsg_50_simulation) by extensions ['ignore', 'ignore_ament_install']
[1.806s] Level 1:colcon.colcon_core.package_identification:_identify(/home/sam/wsg50/src/wsg_50_simulation) by extension 'ignore'
[1.807s] Level 1:colcon.colcon_core.package_identification:_identify(/home/sam/wsg50/src/wsg_50_simulation) by extension 'ignore_ament_install'
[1.807s] Level 1:colcon.colcon_core.package_identification:_identify(/home/sam/wsg50/src/wsg_50_simulation) by extensions ['colcon_pkg']
[1.807s] Level 1:colcon.colcon_core.package_identification:_identify(/home/sam/wsg50/src/wsg_50_simulation) by extension 'colcon_pkg'
[1.807s] Level 1:colcon.colcon_core.package_identification:_identify(/home/sam/wsg50/src/wsg_50_simulation) by extensions ['colcon_meta']
[1.807s] Level 1:colcon.colcon_core.package_identification:_identify(/home/sam/wsg50/src/wsg_50_simulation) by extension 'colcon_meta'
[1.808s] Level 1:colcon.colcon_core.package_identification:_identify(/home/sam/wsg50/src/wsg_50_simulation) by extensions ['ros']
[1.808s] Level 1:colcon.colcon_core.package_identification:_identify(/home/sam/wsg50/src/wsg_50_simulation) by extension 'ros'
[1.810s] DEBUG:colcon.colcon_core.package_identification:Package '/home/sam/wsg50/src/wsg_50_simulation' with type 'ros.ament_cmake' and name 'wsg_50_simulation'
[1.810s] Level 1:colcon.colcon_core.package_discovery:discover_packages(recursive) using defaults
