-- The C compiler identification is GNU 11.4.0
-- The CXX compiler identification is GNU 11.4.0
-- Detecting C compiler ABI info
-- Detecting C compiler ABI info - done
-- Check for working C compiler: /usr/bin/cc - skipped
-- Detecting C compile features
-- Detecting C compile features - done
-- Detecting CXX compiler ABI info
-- Detecting CXX compiler ABI info - done
-- Check for working CXX compiler: /usr/bin/c++ - skipped
-- Detecting CXX compile features
-- Detecting CXX compile features - done
-- Found ament_cmake: 1.3.11 (/opt/ros/humble/share/ament_cmake/cmake)
-- Found Python3: /usr/bin/python3 (found version "3.10.12") found components: Interpreter 
-- Found rclcpp: 16.0.11 (/opt/ros/humble/share/rclcpp/cmake)
-- Found rosidl_generator_c: 3.1.6 (/opt/ros/humble/share/rosidl_generator_c/cmake)
-- Found rosidl_adapter: 3.1.6 (/opt/ros/humble/share/rosidl_adapter/cmake)
-- Found rosidl_generator_cpp: 3.1.6 (/opt/ros/humble/share/rosidl_generator_cpp/cmake)
-- Using all available rosidl_typesupport_c: rosidl_typesupport_fastrtps_c;rosidl_typesupport_introspection_c
-- Using all available rosidl_typesupport_cpp: rosidl_typesupport_fastrtps_cpp;rosidl_typesupport_introspection_cpp
-- Found rmw_implementation_cmake: 6.1.2 (/opt/ros/humble/share/rmw_implementation_cmake/cmake)
-- Found rmw_fastrtps_cpp: 6.2.7 (/opt/ros/humble/share/rmw_fastrtps_cpp/cmake)
-- Found OpenSSL: /usr/lib/x86_64-linux-gnu/libcrypto.so (found version "3.0.2")  
-- Found FastRTPS: /opt/ros/humble/include  
-- Using RMW implementation 'rmw_fastrtps_cpp' as default
-- Looking for pthread.h
-- Looking for pthread.h - found
-- Performing Test CMAKE_HAVE_LIBC_PTHREAD
-- Performing Test CMAKE_HAVE_LIBC_PTHREAD - Success
-- Found Threads: TRUE  
-- Found std_srvs: 4.2.4 (/opt/ros/humble/share/std_srvs/cmake)
-- Found sensor_msgs: 4.2.4 (/opt/ros/humble/share/sensor_msgs/cmake)
-- Found rclcpp_action: 16.0.11 (/opt/ros/humble/share/rclcpp_action/cmake)
-- Found wsg_50_common: 0.0.0 (/home/sam/wsg50/install/wsg_50_common/share/wsg_50_common/cmake)
-- Found ament_lint_auto: 0.12.11 (/opt/ros/humble/share/ament_lint_auto/cmake)
-- Added test 'cppcheck' to perform static code analysis on C / C++ code
-- Configured cppcheck include dirs: /home/sam/wsg50/src/wsg_50_driver/include
-- Configured cppcheck exclude dirs and/or files: 
-- Added test 'flake8' to check Python code syntax and style conventions
-- Added test 'lint_cmake' to check CMake code style
-- Added test 'pep257' to check Python code against some of the docstring style conventions in PEP 257
-- Added test 'uncrustify' to check C / C++ code style
-- Configured uncrustify additional arguments: 
-- Added test 'xmllint' to check XML markup files
-- Configuring done
-- Generating done
-- Build files have been written to: /home/sam/wsg50/build/wsg_50_driver
[  4%] [32mBuilding C object CMakeFiles/wsg_50_driver.dir/src/cmd.c.o[0m
[  9%] [32mBuilding CXX object CMakeFiles/wsg_50_driver.dir/src/interface.cpp.o[0m
[ 14%] [32mBuilding CXX object CMakeFiles/wsg_50_driver.dir/src/functions.cpp.o[0m
[ 19%] [32mBuilding CXX object CMakeFiles/wsg_50_driver.dir/src/common.cpp.o[0m
[ 23%] [32mBuilding CXX object CMakeFiles/wsg_50_driver.dir/src/checksum.cpp.o[0m
[ 28%] [32mBuilding C object CMakeFiles/wsg_50_driver.dir/src/msg.c.o[0m
[ 33%] [32mBuilding CXX object CMakeFiles/wsg_50_driver_node.dir/src/main.cpp.o[0m
[ 38%] [32mBuilding C object CMakeFiles/wsg_50_driver.dir/src/tcp.c.o[0m
[ 42%] [32mBuilding C object CMakeFiles/wsg_50_driver.dir/src/udp.c.o[0m
[ 47%] [32mBuilding CXX object CMakeFiles/wsg_50_driver_node.dir/src/checksum.cpp.o[0m
[ 52%] [32mBuilding C object CMakeFiles/wsg_50_driver.dir/src/serial.c.o[0m
[ 57%] [32mBuilding CXX object CMakeFiles/wsg_50_driver_node.dir/src/common.cpp.o[0m
[ 61%] [32mBuilding C object CMakeFiles/wsg_50_driver_node.dir/src/cmd.c.o[0m
[ 66%] [32mBuilding CXX object CMakeFiles/wsg_50_driver_node.dir/src/functions.cpp.o[0m
[ 71%] [32mBuilding CXX object CMakeFiles/wsg_50_driver_node.dir/src/interface.cpp.o[0m
[ 76%] [32mBuilding C object CMakeFiles/wsg_50_driver_node.dir/src/msg.c.o[0m
[ 80%] [32mBuilding C object CMakeFiles/wsg_50_driver_node.dir/src/tcp.c.o[0m
[ 85%] [32mBuilding C object CMakeFiles/wsg_50_driver_node.dir/src/udp.c.o[0m
[ 90%] [32mBuilding C object CMakeFiles/wsg_50_driver_node.dir/src/serial.c.o[0m
[ 95%] [32m[1mLinking CXX static library libwsg_50_driver.a[0m
[ 95%] Built target wsg_50_driver
[100%] [32m[1mLinking CXX executable wsg_50_driver_node[0m
[100%] Built target wsg_50_driver_node
-- Install configuration: ""
-- Installing: /home/sam/wsg50/install/wsg_50_driver/share/wsg_50_driver/environment/library_path.sh
-- Installing: /home/sam/wsg50/install/wsg_50_driver/share/wsg_50_driver/environment/library_path.dsv
-- Installing: /home/sam/wsg50/install/wsg_50_driver/include/wsg_50_driver
-- Installing: /home/sam/wsg50/install/wsg_50_driver/include/wsg_50_driver/interface.h
-- Installing: /home/sam/wsg50/install/wsg_50_driver/include/wsg_50_driver/char.h
-- Installing: /home/sam/wsg50/install/wsg_50_driver/include/wsg_50_driver/aux_.h
-- Installing: /home/sam/wsg50/install/wsg_50_driver/include/wsg_50_driver/udp.h
-- Installing: /home/sam/wsg50/install/wsg_50_driver/include/wsg_50_driver/checksum.h
-- Installing: /home/sam/wsg50/install/wsg_50_driver/include/wsg_50_driver/common.h
-- Installing: /home/sam/wsg50/install/wsg_50_driver/include/wsg_50_driver/functions.h
-- Installing: /home/sam/wsg50/install/wsg_50_driver/include/wsg_50_driver/tcp.h
-- Installing: /home/sam/wsg50/install/wsg_50_driver/include/wsg_50_driver/msg.h
-- Installing: /home/sam/wsg50/install/wsg_50_driver/include/wsg_50_driver/serial.h
-- Installing: /home/sam/wsg50/install/wsg_50_driver/include/wsg_50_driver/functions_can.h
-- Installing: /home/sam/wsg50/install/wsg_50_driver/include/wsg_50_driver/cmd.h
-- Installing: /home/sam/wsg50/install/wsg_50_driver/lib/libwsg_50_driver.a
-- Installing: /home/sam/wsg50/install/wsg_50_driver/lib/wsg_50_driver/wsg_50_driver_node
-- Set runtime path of "/home/sam/wsg50/install/wsg_50_driver/lib/wsg_50_driver/wsg_50_driver_node" to ""
-- Installing: /home/sam/wsg50/install/wsg_50_driver/share/wsg_50_driver/launch
-- Installing: /home/sam/wsg50/install/wsg_50_driver/share/wsg_50_driver/launch/view_wsg_50_real.launch.py
-- Installing: /home/sam/wsg50/install/wsg_50_driver/share/wsg_50_driver/config
-- Installing: /home/sam/wsg50/install/wsg_50_driver/share/wsg_50_driver/config/wsg50_setup.yaml
-- Installing: /home/sam/wsg50/install/wsg_50_driver/share/wsg_50_driver/config/controller.yaml
-- Installing: /home/sam/wsg50/install/wsg_50_driver/share/ament_index/resource_index/package_run_dependencies/wsg_50_driver
-- Installing: /home/sam/wsg50/install/wsg_50_driver/share/ament_index/resource_index/parent_prefix_path/wsg_50_driver
-- Installing: /home/sam/wsg50/install/wsg_50_driver/share/wsg_50_driver/environment/ament_prefix_path.sh
-- Installing: /home/sam/wsg50/install/wsg_50_driver/share/wsg_50_driver/environment/ament_prefix_path.dsv
-- Installing: /home/sam/wsg50/install/wsg_50_driver/share/wsg_50_driver/environment/path.sh
-- Installing: /home/sam/wsg50/install/wsg_50_driver/share/wsg_50_driver/environment/path.dsv
-- Installing: /home/sam/wsg50/install/wsg_50_driver/share/wsg_50_driver/local_setup.bash
-- Installing: /home/sam/wsg50/install/wsg_50_driver/share/wsg_50_driver/local_setup.sh
-- Installing: /home/sam/wsg50/install/wsg_50_driver/share/wsg_50_driver/local_setup.zsh
-- Installing: /home/sam/wsg50/install/wsg_50_driver/share/wsg_50_driver/local_setup.dsv
-- Installing: /home/sam/wsg50/install/wsg_50_driver/share/wsg_50_driver/package.dsv
-- Installing: /home/sam/wsg50/install/wsg_50_driver/share/ament_index/resource_index/packages/wsg_50_driver
-- Installing: /home/sam/wsg50/install/wsg_50_driver/share/wsg_50_driver/cmake/wsg_50_driverExport.cmake
-- Installing: /home/sam/wsg50/install/wsg_50_driver/share/wsg_50_driver/cmake/wsg_50_driverExport-noconfig.cmake
-- Installing: /home/sam/wsg50/install/wsg_50_driver/share/wsg_50_driver/cmake/ament_cmake_export_targets-extras.cmake
-- Installing: /home/sam/wsg50/install/wsg_50_driver/share/wsg_50_driver/cmake/wsg_50_driverConfig.cmake
-- Installing: /home/sam/wsg50/install/wsg_50_driver/share/wsg_50_driver/cmake/wsg_50_driverConfig-version.cmake
-- Installing: /home/sam/wsg50/install/wsg_50_driver/share/wsg_50_driver/package.xml
