[0.284s] Invoking command in '/home/sam/wsg50/build/wsg_50_driver': AMENT_PREFIX_PATH=/home/sam/wsg50/install/wsg_50_common:${AMENT_PREFIX_PATH} CMAKE_PREFIX_PATH=/home/sam/wsg50/install/wsg_50_common:/home/sam/wsg_50/install/interface_wsg:/home/sam/moveit2/install/pilz_industrial_motion_planner_testutils:/home/sam/moveit2/install/moveit_runtime:/home/sam/moveit2/install/moveit:/home/sam/moveit2/install/moveit_planners:/home/sam/moveit2/install/pilz_industrial_motion_planner:/home/sam/moveit2/install/moveit_ros_control_interface:/home/sam/moveit2/install/moveit_plugins:/home/sam/moveit2/install/moveit_simple_controller_manager:/home/sam/moveit2/install/moveit_setup_assistant:/home/sam/moveit2/install/moveit_setup_srdf_plugins:/home/sam/moveit2/install/moveit_setup_core_plugins:/home/sam/moveit2/install/moveit_setup_controllers:/home/sam/moveit2/install/moveit_setup_app_plugins:/home/sam/moveit2/install/moveit_setup_framework:/home/sam/moveit2/install/moveit_servo:/home/sam/moveit2/install/moveit_ros:/home/sam/moveit2/install/moveit_ros_visualization:/home/sam/moveit2/install/moveit_py:/home/sam/moveit2/install/moveit_hybrid_planning:/home/sam/moveit2/install/moveit_ros_planning_interface:/home/sam/moveit2/install/moveit_ros_benchmarks:/home/sam/moveit2/install/moveit_ros_warehouse:/home/sam/moveit2/install/moveit_ros_robot_interaction:/home/sam/moveit2/install/moveit_ros_perception:/home/sam/moveit2/install/moveit_resources_prbt_pg70_support:/home/sam/moveit2/install/moveit_resources_prbt_moveit_config:/home/sam/moveit2/install/moveit_ros_move_group:/home/sam/moveit2/install/moveit_planners_ompl:/home/sam/moveit2/install/moveit_kinematics:/home/sam/moveit2/install/moveit_ros_planning:/home/sam/moveit2/install/moveit_ros_occupancy_map_monitor:/home/sam/moveit2/install/moveit_resources_prbt_support:/home/sam/moveit2/install/moveit_resources_prbt_ikfast_manipulator_plugin:/home/sam/moveit2/install/moveit_resources:/home/sam/moveit2/install/moveit_resources_pr2_description:/home/sam/moveit2/install/moveit_resources_panda_moveit_config:/home/sam/moveit2/install/dual_arm_panda_moveit_config:/home/sam/moveit2/install/moveit_resources_panda_description:/home/sam/moveit2/install/moveit_resources_fanuc_moveit_config:/home/sam/moveit2/install/moveit_resources_fanuc_description:/home/sam/moveit2/install/moveit_planners_stomp:/home/sam/moveit2/install/moveit_planners_chomp:/home/sam/moveit2/install/chomp_motion_planner:/home/sam/moveit2/install/moveit_core:/home/sam/moveit2/install/moveit_msgs:/home/sam/moveit2/install/moveit_common:/home/sam/moveit2/install/geometric_shapes:/home/sam/ros2_ws/install/ros2_grasshopper:/home/sam/ros2_ws/install/ros2_file_server:/home/sam/ros2_ws/install/my_orbbec:/home/sam/ros2_ws/install/fanuc_srvs:/home/sam/ros2_ws/install/fanuc_srvs_msgs:/home/sam/ros2_ws/install/fanuc_control:/home/sam/ros2_ws/install/fanuc_rmi:/home/sam/ros2_ws/install/fanuc_eth_ip:/home/sam/ros2_ws/install/crx5ia_moveit_config:/home/sam/ros2_ws/install/crx25ia_l_moveit_config:/home/sam/ros2_ws/install/crx20ia_l_moveit_config:/home/sam/ros2_ws/install/crx10ia_moveit_config:/home/sam/ros2_ws/install/crx10ia_l_moveit_config:/home/sam/ros2_ws/install/crx_description:/home/sam/wsg_50/install/wsg_ctrl:/home/sam/moveit2/install/moveit_configs_utils:/opt/ros/humble LD_LIBRARY_PATH=/home/sam/wsg50/install/wsg_50_common/lib:${LD_LIBRARY_PATH} PYTHONPATH=/home/sam/wsg50/install/wsg_50_common/local/lib/python3.10/dist-packages:${PYTHONPATH} /usr/bin/cmake /home/sam/wsg50/src/wsg_50_driver -DCMAKE_INSTALL_PREFIX=/home/sam/wsg50/install/wsg_50_driver
[0.691s] -- The C compiler identification is GNU 11.4.0
[2.050s] -- The CXX compiler identification is GNU 11.4.0
[3.059s] -- Detecting C compiler ABI info
[3.514s] -- Detecting C compiler ABI info - done
[3.530s] -- Check for working C compiler: /usr/bin/cc - skipped
[3.530s] -- Detecting C compile features
[3.531s] -- Detecting C compile features - done
[3.537s] -- Detecting CXX compiler ABI info
[4.019s] -- Detecting CXX compiler ABI info - done
[4.033s] -- Check for working CXX compiler: /usr/bin/c++ - skipped
[4.034s] -- Detecting CXX compile features
[4.035s] -- Detecting CXX compile features - done
[4.059s] -- Found ament_cmake: 1.3.11 (/opt/ros/humble/share/ament_cmake/cmake)
[4.469s] -- Found Python3: /usr/bin/python3 (found version "3.10.12") found components: Interpreter 
[5.006s] -- Found rclcpp: 16.0.11 (/opt/ros/humble/share/rclcpp/cmake)
[5.608s] -- Found rosidl_generator_c: 3.1.6 (/opt/ros/humble/share/rosidl_generator_c/cmake)
[5.660s] -- Found rosidl_adapter: 3.1.6 (/opt/ros/humble/share/rosidl_adapter/cmake)
[5.722s] -- Found rosidl_generator_cpp: 3.1.6 (/opt/ros/humble/share/rosidl_generator_cpp/cmake)
[5.793s] -- Using all available rosidl_typesupport_c: rosidl_typesupport_fastrtps_c;rosidl_typesupport_introspection_c
[5.889s] -- Using all available rosidl_typesupport_cpp: rosidl_typesupport_fastrtps_cpp;rosidl_typesupport_introspection_cpp
[6.219s] -- Found rmw_implementation_cmake: 6.1.2 (/opt/ros/humble/share/rmw_implementation_cmake/cmake)
[6.262s] -- Found rmw_fastrtps_cpp: 6.2.7 (/opt/ros/humble/share/rmw_fastrtps_cpp/cmake)
[9.963s] -- Found OpenSSL: /usr/lib/x86_64-linux-gnu/libcrypto.so (found version "3.0.2")  
[13.633s] -- Found FastRTPS: /opt/ros/humble/include  
[20.514s] -- Using RMW implementation 'rmw_fastrtps_cpp' as default
[20.607s] -- Looking for pthread.h
[21.067s] -- Looking for pthread.h - found
[21.068s] -- Performing Test CMAKE_HAVE_LIBC_PTHREAD
[21.557s] -- Performing Test CMAKE_HAVE_LIBC_PTHREAD - Success
[21.560s] -- Found Threads: TRUE  
[21.847s] -- Found std_srvs: 4.2.4 (/opt/ros/humble/share/std_srvs/cmake)
[22.011s] -- Found sensor_msgs: 4.2.4 (/opt/ros/humble/share/sensor_msgs/cmake)
[22.205s] -- Found rclcpp_action: 16.0.11 (/opt/ros/humble/share/rclcpp_action/cmake)
[22.360s] -- Found wsg_50_common: 0.0.0 (/home/sam/wsg50/install/wsg_50_common/share/wsg_50_common/cmake)
[22.421s] -- Found ament_lint_auto: 0.12.11 (/opt/ros/humble/share/ament_lint_auto/cmake)
[22.952s] -- Added test 'cppcheck' to perform static code analysis on C / C++ code
[22.952s] -- Configured cppcheck include dirs: /home/sam/wsg50/src/wsg_50_driver/include
[22.952s] -- Configured cppcheck exclude dirs and/or files: 
[22.958s] -- Added test 'flake8' to check Python code syntax and style conventions
[22.969s] -- Added test 'lint_cmake' to check CMake code style
[22.977s] -- Added test 'pep257' to check Python code against some of the docstring style conventions in PEP 257
[22.985s] -- Added test 'uncrustify' to check C / C++ code style
[22.986s] -- Configured uncrustify additional arguments: 
[22.990s] -- Added test 'xmllint' to check XML markup files
[23.004s] -- Configuring done
[23.056s] -- Generating done
[23.072s] -- Build files have been written to: /home/sam/wsg50/build/wsg_50_driver
[23.098s] Invoked command in '/home/sam/wsg50/build/wsg_50_driver' returned '0': AMENT_PREFIX_PATH=/home/sam/wsg50/install/wsg_50_common:${AMENT_PREFIX_PATH} CMAKE_PREFIX_PATH=/home/sam/wsg50/install/wsg_50_common:/home/sam/wsg_50/install/interface_wsg:/home/sam/moveit2/install/pilz_industrial_motion_planner_testutils:/home/sam/moveit2/install/moveit_runtime:/home/sam/moveit2/install/moveit:/home/sam/moveit2/install/moveit_planners:/home/sam/moveit2/install/pilz_industrial_motion_planner:/home/sam/moveit2/install/moveit_ros_control_interface:/home/sam/moveit2/install/moveit_plugins:/home/sam/moveit2/install/moveit_simple_controller_manager:/home/sam/moveit2/install/moveit_setup_assistant:/home/sam/moveit2/install/moveit_setup_srdf_plugins:/home/sam/moveit2/install/moveit_setup_core_plugins:/home/sam/moveit2/install/moveit_setup_controllers:/home/sam/moveit2/install/moveit_setup_app_plugins:/home/sam/moveit2/install/moveit_setup_framework:/home/sam/moveit2/install/moveit_servo:/home/sam/moveit2/install/moveit_ros:/home/sam/moveit2/install/moveit_ros_visualization:/home/sam/moveit2/install/moveit_py:/home/sam/moveit2/install/moveit_hybrid_planning:/home/sam/moveit2/install/moveit_ros_planning_interface:/home/sam/moveit2/install/moveit_ros_benchmarks:/home/sam/moveit2/install/moveit_ros_warehouse:/home/sam/moveit2/install/moveit_ros_robot_interaction:/home/sam/moveit2/install/moveit_ros_perception:/home/sam/moveit2/install/moveit_resources_prbt_pg70_support:/home/sam/moveit2/install/moveit_resources_prbt_moveit_config:/home/sam/moveit2/install/moveit_ros_move_group:/home/sam/moveit2/install/moveit_planners_ompl:/home/sam/moveit2/install/moveit_kinematics:/home/sam/moveit2/install/moveit_ros_planning:/home/sam/moveit2/install/moveit_ros_occupancy_map_monitor:/home/sam/moveit2/install/moveit_resources_prbt_support:/home/sam/moveit2/install/moveit_resources_prbt_ikfast_manipulator_plugin:/home/sam/moveit2/install/moveit_resources:/home/sam/moveit2/install/moveit_resources_pr2_description:/home/sam/moveit2/install/moveit_resources_panda_moveit_config:/home/sam/moveit2/install/dual_arm_panda_moveit_config:/home/sam/moveit2/install/moveit_resources_panda_description:/home/sam/moveit2/install/moveit_resources_fanuc_moveit_config:/home/sam/moveit2/install/moveit_resources_fanuc_description:/home/sam/moveit2/install/moveit_planners_stomp:/home/sam/moveit2/install/moveit_planners_chomp:/home/sam/moveit2/install/chomp_motion_planner:/home/sam/moveit2/install/moveit_core:/home/sam/moveit2/install/moveit_msgs:/home/sam/moveit2/install/moveit_common:/home/sam/moveit2/install/geometric_shapes:/home/sam/ros2_ws/install/ros2_grasshopper:/home/sam/ros2_ws/install/ros2_file_server:/home/sam/ros2_ws/install/my_orbbec:/home/sam/ros2_ws/install/fanuc_srvs:/home/sam/ros2_ws/install/fanuc_srvs_msgs:/home/sam/ros2_ws/install/fanuc_control:/home/sam/ros2_ws/install/fanuc_rmi:/home/sam/ros2_ws/install/fanuc_eth_ip:/home/sam/ros2_ws/install/crx5ia_moveit_config:/home/sam/ros2_ws/install/crx25ia_l_moveit_config:/home/sam/ros2_ws/install/crx20ia_l_moveit_config:/home/sam/ros2_ws/install/crx10ia_moveit_config:/home/sam/ros2_ws/install/crx10ia_l_moveit_config:/home/sam/ros2_ws/install/crx_description:/home/sam/wsg_50/install/wsg_ctrl:/home/sam/moveit2/install/moveit_configs_utils:/opt/ros/humble LD_LIBRARY_PATH=/home/sam/wsg50/install/wsg_50_common/lib:${LD_LIBRARY_PATH} PYTHONPATH=/home/sam/wsg50/install/wsg_50_common/local/lib/python3.10/dist-packages:${PYTHONPATH} /usr/bin/cmake /home/sam/wsg50/src/wsg_50_driver -DCMAKE_INSTALL_PREFIX=/home/sam/wsg50/install/wsg_50_driver
[23.100s] Invoking command in '/home/sam/wsg50/build/wsg_50_driver': AMENT_PREFIX_PATH=/home/sam/wsg50/install/wsg_50_common:${AMENT_PREFIX_PATH} CMAKE_PREFIX_PATH=/home/sam/wsg50/install/wsg_50_common:/home/sam/wsg_50/install/interface_wsg:/home/sam/moveit2/install/pilz_industrial_motion_planner_testutils:/home/sam/moveit2/install/moveit_runtime:/home/sam/moveit2/install/moveit:/home/sam/moveit2/install/moveit_planners:/home/sam/moveit2/install/pilz_industrial_motion_planner:/home/sam/moveit2/install/moveit_ros_control_interface:/home/sam/moveit2/install/moveit_plugins:/home/sam/moveit2/install/moveit_simple_controller_manager:/home/sam/moveit2/install/moveit_setup_assistant:/home/sam/moveit2/install/moveit_setup_srdf_plugins:/home/sam/moveit2/install/moveit_setup_core_plugins:/home/sam/moveit2/install/moveit_setup_controllers:/home/sam/moveit2/install/moveit_setup_app_plugins:/home/sam/moveit2/install/moveit_setup_framework:/home/sam/moveit2/install/moveit_servo:/home/sam/moveit2/install/moveit_ros:/home/sam/moveit2/install/moveit_ros_visualization:/home/sam/moveit2/install/moveit_py:/home/sam/moveit2/install/moveit_hybrid_planning:/home/sam/moveit2/install/moveit_ros_planning_interface:/home/sam/moveit2/install/moveit_ros_benchmarks:/home/sam/moveit2/install/moveit_ros_warehouse:/home/sam/moveit2/install/moveit_ros_robot_interaction:/home/sam/moveit2/install/moveit_ros_perception:/home/sam/moveit2/install/moveit_resources_prbt_pg70_support:/home/sam/moveit2/install/moveit_resources_prbt_moveit_config:/home/sam/moveit2/install/moveit_ros_move_group:/home/sam/moveit2/install/moveit_planners_ompl:/home/sam/moveit2/install/moveit_kinematics:/home/sam/moveit2/install/moveit_ros_planning:/home/sam/moveit2/install/moveit_ros_occupancy_map_monitor:/home/sam/moveit2/install/moveit_resources_prbt_support:/home/sam/moveit2/install/moveit_resources_prbt_ikfast_manipulator_plugin:/home/sam/moveit2/install/moveit_resources:/home/sam/moveit2/install/moveit_resources_pr2_description:/home/sam/moveit2/install/moveit_resources_panda_moveit_config:/home/sam/moveit2/install/dual_arm_panda_moveit_config:/home/sam/moveit2/install/moveit_resources_panda_description:/home/sam/moveit2/install/moveit_resources_fanuc_moveit_config:/home/sam/moveit2/install/moveit_resources_fanuc_description:/home/sam/moveit2/install/moveit_planners_stomp:/home/sam/moveit2/install/moveit_planners_chomp:/home/sam/moveit2/install/chomp_motion_planner:/home/sam/moveit2/install/moveit_core:/home/sam/moveit2/install/moveit_msgs:/home/sam/moveit2/install/moveit_common:/home/sam/moveit2/install/geometric_shapes:/home/sam/ros2_ws/install/ros2_grasshopper:/home/sam/ros2_ws/install/ros2_file_server:/home/sam/ros2_ws/install/my_orbbec:/home/sam/ros2_ws/install/fanuc_srvs:/home/sam/ros2_ws/install/fanuc_srvs_msgs:/home/sam/ros2_ws/install/fanuc_control:/home/sam/ros2_ws/install/fanuc_rmi:/home/sam/ros2_ws/install/fanuc_eth_ip:/home/sam/ros2_ws/install/crx5ia_moveit_config:/home/sam/ros2_ws/install/crx25ia_l_moveit_config:/home/sam/ros2_ws/install/crx20ia_l_moveit_config:/home/sam/ros2_ws/install/crx10ia_moveit_config:/home/sam/ros2_ws/install/crx10ia_l_moveit_config:/home/sam/ros2_ws/install/crx_description:/home/sam/wsg_50/install/wsg_ctrl:/home/sam/moveit2/install/moveit_configs_utils:/opt/ros/humble LD_LIBRARY_PATH=/home/sam/wsg50/install/wsg_50_common/lib:${LD_LIBRARY_PATH} PYTHONPATH=/home/sam/wsg50/install/wsg_50_common/local/lib/python3.10/dist-packages:${PYTHONPATH} /usr/bin/cmake --build /home/sam/wsg50/build/wsg_50_driver -- -j8 -l8
[23.331s] [  4%] [32mBuilding C object CMakeFiles/wsg_50_driver.dir/src/cmd.c.o[0m
[23.334s] [  9%] [32mBuilding CXX object CMakeFiles/wsg_50_driver.dir/src/interface.cpp.o[0m
[23.342s] [ 14%] [32mBuilding CXX object CMakeFiles/wsg_50_driver.dir/src/functions.cpp.o[0m
[23.347s] [ 19%] [32mBuilding CXX object CMakeFiles/wsg_50_driver.dir/src/common.cpp.o[0m
[23.347s] [ 23%] [32mBuilding CXX object CMakeFiles/wsg_50_driver.dir/src/checksum.cpp.o[0m
[23.348s] [ 28%] [32mBuilding C object CMakeFiles/wsg_50_driver.dir/src/msg.c.o[0m
[23.366s] [ 33%] [32mBuilding CXX object CMakeFiles/wsg_50_driver_node.dir/src/main.cpp.o[0m
[23.366s] [ 38%] [32mBuilding C object CMakeFiles/wsg_50_driver.dir/src/tcp.c.o[0m
[23.586s] [ 42%] [32mBuilding C object CMakeFiles/wsg_50_driver.dir/src/udp.c.o[0m
[23.635s] [ 47%] [32mBuilding CXX object CMakeFiles/wsg_50_driver_node.dir/src/checksum.cpp.o[0m
[23.672s] [ 52%] [32mBuilding C object CMakeFiles/wsg_50_driver.dir/src/serial.c.o[0m
[23.681s] [ 57%] [32mBuilding CXX object CMakeFiles/wsg_50_driver_node.dir/src/common.cpp.o[0m
[23.696s] [ 61%] [32mBuilding C object CMakeFiles/wsg_50_driver_node.dir/src/cmd.c.o[0m
[23.746s] [ 66%] [32mBuilding CXX object CMakeFiles/wsg_50_driver_node.dir/src/functions.cpp.o[0m
[23.858s] [ 71%] [32mBuilding CXX object CMakeFiles/wsg_50_driver_node.dir/src/interface.cpp.o[0m
[23.920s] [ 76%] [32mBuilding C object CMakeFiles/wsg_50_driver_node.dir/src/msg.c.o[0m
[23.954s] [ 80%] [32mBuilding C object CMakeFiles/wsg_50_driver_node.dir/src/tcp.c.o[0m
[24.038s] [ 85%] [32mBuilding C object CMakeFiles/wsg_50_driver_node.dir/src/udp.c.o[0m
[24.180s] [ 90%] [32mBuilding C object CMakeFiles/wsg_50_driver_node.dir/src/serial.c.o[0m
[24.714s] [ 95%] [32m[1mLinking CXX static library libwsg_50_driver.a[0m
[24.866s] [ 95%] Built target wsg_50_driver
[39.895s] [100%] [32m[1mLinking CXX executable wsg_50_driver_node[0m
[40.918s] [100%] Built target wsg_50_driver_node
[40.961s] Invoked command in '/home/sam/wsg50/build/wsg_50_driver' returned '0': AMENT_PREFIX_PATH=/home/sam/wsg50/install/wsg_50_common:${AMENT_PREFIX_PATH} CMAKE_PREFIX_PATH=/home/sam/wsg50/install/wsg_50_common:/home/sam/wsg_50/install/interface_wsg:/home/sam/moveit2/install/pilz_industrial_motion_planner_testutils:/home/sam/moveit2/install/moveit_runtime:/home/sam/moveit2/install/moveit:/home/sam/moveit2/install/moveit_planners:/home/sam/moveit2/install/pilz_industrial_motion_planner:/home/sam/moveit2/install/moveit_ros_control_interface:/home/sam/moveit2/install/moveit_plugins:/home/sam/moveit2/install/moveit_simple_controller_manager:/home/sam/moveit2/install/moveit_setup_assistant:/home/sam/moveit2/install/moveit_setup_srdf_plugins:/home/sam/moveit2/install/moveit_setup_core_plugins:/home/sam/moveit2/install/moveit_setup_controllers:/home/sam/moveit2/install/moveit_setup_app_plugins:/home/sam/moveit2/install/moveit_setup_framework:/home/sam/moveit2/install/moveit_servo:/home/sam/moveit2/install/moveit_ros:/home/sam/moveit2/install/moveit_ros_visualization:/home/sam/moveit2/install/moveit_py:/home/sam/moveit2/install/moveit_hybrid_planning:/home/sam/moveit2/install/moveit_ros_planning_interface:/home/sam/moveit2/install/moveit_ros_benchmarks:/home/sam/moveit2/install/moveit_ros_warehouse:/home/sam/moveit2/install/moveit_ros_robot_interaction:/home/sam/moveit2/install/moveit_ros_perception:/home/sam/moveit2/install/moveit_resources_prbt_pg70_support:/home/sam/moveit2/install/moveit_resources_prbt_moveit_config:/home/sam/moveit2/install/moveit_ros_move_group:/home/sam/moveit2/install/moveit_planners_ompl:/home/sam/moveit2/install/moveit_kinematics:/home/sam/moveit2/install/moveit_ros_planning:/home/sam/moveit2/install/moveit_ros_occupancy_map_monitor:/home/sam/moveit2/install/moveit_resources_prbt_support:/home/sam/moveit2/install/moveit_resources_prbt_ikfast_manipulator_plugin:/home/sam/moveit2/install/moveit_resources:/home/sam/moveit2/install/moveit_resources_pr2_description:/home/sam/moveit2/install/moveit_resources_panda_moveit_config:/home/sam/moveit2/install/dual_arm_panda_moveit_config:/home/sam/moveit2/install/moveit_resources_panda_description:/home/sam/moveit2/install/moveit_resources_fanuc_moveit_config:/home/sam/moveit2/install/moveit_resources_fanuc_description:/home/sam/moveit2/install/moveit_planners_stomp:/home/sam/moveit2/install/moveit_planners_chomp:/home/sam/moveit2/install/chomp_motion_planner:/home/sam/moveit2/install/moveit_core:/home/sam/moveit2/install/moveit_msgs:/home/sam/moveit2/install/moveit_common:/home/sam/moveit2/install/geometric_shapes:/home/sam/ros2_ws/install/ros2_grasshopper:/home/sam/ros2_ws/install/ros2_file_server:/home/sam/ros2_ws/install/my_orbbec:/home/sam/ros2_ws/install/fanuc_srvs:/home/sam/ros2_ws/install/fanuc_srvs_msgs:/home/sam/ros2_ws/install/fanuc_control:/home/sam/ros2_ws/install/fanuc_rmi:/home/sam/ros2_ws/install/fanuc_eth_ip:/home/sam/ros2_ws/install/crx5ia_moveit_config:/home/sam/ros2_ws/install/crx25ia_l_moveit_config:/home/sam/ros2_ws/install/crx20ia_l_moveit_config:/home/sam/ros2_ws/install/crx10ia_moveit_config:/home/sam/ros2_ws/install/crx10ia_l_moveit_config:/home/sam/ros2_ws/install/crx_description:/home/sam/wsg_50/install/wsg_ctrl:/home/sam/moveit2/install/moveit_configs_utils:/opt/ros/humble LD_LIBRARY_PATH=/home/sam/wsg50/install/wsg_50_common/lib:${LD_LIBRARY_PATH} PYTHONPATH=/home/sam/wsg50/install/wsg_50_common/local/lib/python3.10/dist-packages:${PYTHONPATH} /usr/bin/cmake --build /home/sam/wsg50/build/wsg_50_driver -- -j8 -l8
[40.965s] Invoking command in '/home/sam/wsg50/build/wsg_50_driver': AMENT_PREFIX_PATH=/home/sam/wsg50/install/wsg_50_common:${AMENT_PREFIX_PATH} CMAKE_PREFIX_PATH=/home/sam/wsg50/install/wsg_50_common:/home/sam/wsg_50/install/interface_wsg:/home/sam/moveit2/install/pilz_industrial_motion_planner_testutils:/home/sam/moveit2/install/moveit_runtime:/home/sam/moveit2/install/moveit:/home/sam/moveit2/install/moveit_planners:/home/sam/moveit2/install/pilz_industrial_motion_planner:/home/sam/moveit2/install/moveit_ros_control_interface:/home/sam/moveit2/install/moveit_plugins:/home/sam/moveit2/install/moveit_simple_controller_manager:/home/sam/moveit2/install/moveit_setup_assistant:/home/sam/moveit2/install/moveit_setup_srdf_plugins:/home/sam/moveit2/install/moveit_setup_core_plugins:/home/sam/moveit2/install/moveit_setup_controllers:/home/sam/moveit2/install/moveit_setup_app_plugins:/home/sam/moveit2/install/moveit_setup_framework:/home/sam/moveit2/install/moveit_servo:/home/sam/moveit2/install/moveit_ros:/home/sam/moveit2/install/moveit_ros_visualization:/home/sam/moveit2/install/moveit_py:/home/sam/moveit2/install/moveit_hybrid_planning:/home/sam/moveit2/install/moveit_ros_planning_interface:/home/sam/moveit2/install/moveit_ros_benchmarks:/home/sam/moveit2/install/moveit_ros_warehouse:/home/sam/moveit2/install/moveit_ros_robot_interaction:/home/sam/moveit2/install/moveit_ros_perception:/home/sam/moveit2/install/moveit_resources_prbt_pg70_support:/home/sam/moveit2/install/moveit_resources_prbt_moveit_config:/home/sam/moveit2/install/moveit_ros_move_group:/home/sam/moveit2/install/moveit_planners_ompl:/home/sam/moveit2/install/moveit_kinematics:/home/sam/moveit2/install/moveit_ros_planning:/home/sam/moveit2/install/moveit_ros_occupancy_map_monitor:/home/sam/moveit2/install/moveit_resources_prbt_support:/home/sam/moveit2/install/moveit_resources_prbt_ikfast_manipulator_plugin:/home/sam/moveit2/install/moveit_resources:/home/sam/moveit2/install/moveit_resources_pr2_description:/home/sam/moveit2/install/moveit_resources_panda_moveit_config:/home/sam/moveit2/install/dual_arm_panda_moveit_config:/home/sam/moveit2/install/moveit_resources_panda_description:/home/sam/moveit2/install/moveit_resources_fanuc_moveit_config:/home/sam/moveit2/install/moveit_resources_fanuc_description:/home/sam/moveit2/install/moveit_planners_stomp:/home/sam/moveit2/install/moveit_planners_chomp:/home/sam/moveit2/install/chomp_motion_planner:/home/sam/moveit2/install/moveit_core:/home/sam/moveit2/install/moveit_msgs:/home/sam/moveit2/install/moveit_common:/home/sam/moveit2/install/geometric_shapes:/home/sam/ros2_ws/install/ros2_grasshopper:/home/sam/ros2_ws/install/ros2_file_server:/home/sam/ros2_ws/install/my_orbbec:/home/sam/ros2_ws/install/fanuc_srvs:/home/sam/ros2_ws/install/fanuc_srvs_msgs:/home/sam/ros2_ws/install/fanuc_control:/home/sam/ros2_ws/install/fanuc_rmi:/home/sam/ros2_ws/install/fanuc_eth_ip:/home/sam/ros2_ws/install/crx5ia_moveit_config:/home/sam/ros2_ws/install/crx25ia_l_moveit_config:/home/sam/ros2_ws/install/crx20ia_l_moveit_config:/home/sam/ros2_ws/install/crx10ia_moveit_config:/home/sam/ros2_ws/install/crx10ia_l_moveit_config:/home/sam/ros2_ws/install/crx_description:/home/sam/wsg_50/install/wsg_ctrl:/home/sam/moveit2/install/moveit_configs_utils:/opt/ros/humble LD_LIBRARY_PATH=/home/sam/wsg50/install/wsg_50_common/lib:${LD_LIBRARY_PATH} PYTHONPATH=/home/sam/wsg50/install/wsg_50_common/local/lib/python3.10/dist-packages:${PYTHONPATH} /usr/bin/cmake --install /home/sam/wsg50/build/wsg_50_driver
[40.990s] -- Install configuration: ""
[40.993s] -- Installing: /home/sam/wsg50/install/wsg_50_driver/share/wsg_50_driver/environment/library_path.sh
[40.993s] -- Installing: /home/sam/wsg50/install/wsg_50_driver/share/wsg_50_driver/environment/library_path.dsv
[40.993s] -- Installing: /home/sam/wsg50/install/wsg_50_driver/include/wsg_50_driver
[40.994s] -- Installing: /home/sam/wsg50/install/wsg_50_driver/include/wsg_50_driver/interface.h
[40.995s] -- Installing: /home/sam/wsg50/install/wsg_50_driver/include/wsg_50_driver/char.h
[40.995s] -- Installing: /home/sam/wsg50/install/wsg_50_driver/include/wsg_50_driver/aux_.h
[40.996s] -- Installing: /home/sam/wsg50/install/wsg_50_driver/include/wsg_50_driver/udp.h
[40.996s] -- Installing: /home/sam/wsg50/install/wsg_50_driver/include/wsg_50_driver/checksum.h
[40.996s] -- Installing: /home/sam/wsg50/install/wsg_50_driver/include/wsg_50_driver/common.h
[40.997s] -- Installing: /home/sam/wsg50/install/wsg_50_driver/include/wsg_50_driver/functions.h
[40.997s] -- Installing: /home/sam/wsg50/install/wsg_50_driver/include/wsg_50_driver/tcp.h
[40.997s] -- Installing: /home/sam/wsg50/install/wsg_50_driver/include/wsg_50_driver/msg.h
[40.998s] -- Installing: /home/sam/wsg50/install/wsg_50_driver/include/wsg_50_driver/serial.h
[40.998s] -- Installing: /home/sam/wsg50/install/wsg_50_driver/include/wsg_50_driver/functions_can.h
[40.998s] -- Installing: /home/sam/wsg50/install/wsg_50_driver/include/wsg_50_driver/cmd.h
[40.999s] -- Installing: /home/sam/wsg50/install/wsg_50_driver/lib/libwsg_50_driver.a
[41.000s] -- Installing: /home/sam/wsg50/install/wsg_50_driver/lib/wsg_50_driver/wsg_50_driver_node
[41.008s] -- Set runtime path of "/home/sam/wsg50/install/wsg_50_driver/lib/wsg_50_driver/wsg_50_driver_node" to ""
[41.008s] -- Installing: /home/sam/wsg50/install/wsg_50_driver/share/wsg_50_driver/launch
[41.009s] -- Installing: /home/sam/wsg50/install/wsg_50_driver/share/wsg_50_driver/launch/view_wsg_50_real.launch.py
[41.009s] -- Installing: /home/sam/wsg50/install/wsg_50_driver/share/wsg_50_driver/config
[41.010s] -- Installing: /home/sam/wsg50/install/wsg_50_driver/share/wsg_50_driver/config/wsg50_setup.yaml
[41.010s] -- Installing: /home/sam/wsg50/install/wsg_50_driver/share/wsg_50_driver/config/controller.yaml
[41.012s] -- Installing: /home/sam/wsg50/install/wsg_50_driver/share/ament_index/resource_index/package_run_dependencies/wsg_50_driver
[41.013s] -- Installing: /home/sam/wsg50/install/wsg_50_driver/share/ament_index/resource_index/parent_prefix_path/wsg_50_driver
[41.013s] -- Installing: /home/sam/wsg50/install/wsg_50_driver/share/wsg_50_driver/environment/ament_prefix_path.sh
[41.013s] -- Installing: /home/sam/wsg50/install/wsg_50_driver/share/wsg_50_driver/environment/ament_prefix_path.dsv
[41.014s] -- Installing: /home/sam/wsg50/install/wsg_50_driver/share/wsg_50_driver/environment/path.sh
[41.014s] -- Installing: /home/sam/wsg50/install/wsg_50_driver/share/wsg_50_driver/environment/path.dsv
[41.015s] -- Installing: /home/sam/wsg50/install/wsg_50_driver/share/wsg_50_driver/local_setup.bash
[41.015s] -- Installing: /home/sam/wsg50/install/wsg_50_driver/share/wsg_50_driver/local_setup.sh
[41.016s] -- Installing: /home/sam/wsg50/install/wsg_50_driver/share/wsg_50_driver/local_setup.zsh
[41.016s] -- Installing: /home/sam/wsg50/install/wsg_50_driver/share/wsg_50_driver/local_setup.dsv
[41.016s] -- Installing: /home/sam/wsg50/install/wsg_50_driver/share/wsg_50_driver/package.dsv
[41.019s] -- Installing: /home/sam/wsg50/install/wsg_50_driver/share/ament_index/resource_index/packages/wsg_50_driver
[41.022s] -- Installing: /home/sam/wsg50/install/wsg_50_driver/share/wsg_50_driver/cmake/wsg_50_driverExport.cmake
[41.022s] -- Installing: /home/sam/wsg50/install/wsg_50_driver/share/wsg_50_driver/cmake/wsg_50_driverExport-noconfig.cmake
[41.022s] -- Installing: /home/sam/wsg50/install/wsg_50_driver/share/wsg_50_driver/cmake/ament_cmake_export_targets-extras.cmake
[41.023s] -- Installing: /home/sam/wsg50/install/wsg_50_driver/share/wsg_50_driver/cmake/wsg_50_driverConfig.cmake
[41.023s] -- Installing: /home/sam/wsg50/install/wsg_50_driver/share/wsg_50_driver/cmake/wsg_50_driverConfig-version.cmake
[41.024s] -- Installing: /home/sam/wsg50/install/wsg_50_driver/share/wsg_50_driver/package.xml
[41.029s] Invoked command in '/home/sam/wsg50/build/wsg_50_driver' returned '0': AMENT_PREFIX_PATH=/home/sam/wsg50/install/wsg_50_common:${AMENT_PREFIX_PATH} CMAKE_PREFIX_PATH=/home/sam/wsg50/install/wsg_50_common:/home/sam/wsg_50/install/interface_wsg:/home/sam/moveit2/install/pilz_industrial_motion_planner_testutils:/home/sam/moveit2/install/moveit_runtime:/home/sam/moveit2/install/moveit:/home/sam/moveit2/install/moveit_planners:/home/sam/moveit2/install/pilz_industrial_motion_planner:/home/sam/moveit2/install/moveit_ros_control_interface:/home/sam/moveit2/install/moveit_plugins:/home/sam/moveit2/install/moveit_simple_controller_manager:/home/sam/moveit2/install/moveit_setup_assistant:/home/sam/moveit2/install/moveit_setup_srdf_plugins:/home/sam/moveit2/install/moveit_setup_core_plugins:/home/sam/moveit2/install/moveit_setup_controllers:/home/sam/moveit2/install/moveit_setup_app_plugins:/home/sam/moveit2/install/moveit_setup_framework:/home/sam/moveit2/install/moveit_servo:/home/sam/moveit2/install/moveit_ros:/home/sam/moveit2/install/moveit_ros_visualization:/home/sam/moveit2/install/moveit_py:/home/sam/moveit2/install/moveit_hybrid_planning:/home/sam/moveit2/install/moveit_ros_planning_interface:/home/sam/moveit2/install/moveit_ros_benchmarks:/home/sam/moveit2/install/moveit_ros_warehouse:/home/sam/moveit2/install/moveit_ros_robot_interaction:/home/sam/moveit2/install/moveit_ros_perception:/home/sam/moveit2/install/moveit_resources_prbt_pg70_support:/home/sam/moveit2/install/moveit_resources_prbt_moveit_config:/home/sam/moveit2/install/moveit_ros_move_group:/home/sam/moveit2/install/moveit_planners_ompl:/home/sam/moveit2/install/moveit_kinematics:/home/sam/moveit2/install/moveit_ros_planning:/home/sam/moveit2/install/moveit_ros_occupancy_map_monitor:/home/sam/moveit2/install/moveit_resources_prbt_support:/home/sam/moveit2/install/moveit_resources_prbt_ikfast_manipulator_plugin:/home/sam/moveit2/install/moveit_resources:/home/sam/moveit2/install/moveit_resources_pr2_description:/home/sam/moveit2/install/moveit_resources_panda_moveit_config:/home/sam/moveit2/install/dual_arm_panda_moveit_config:/home/sam/moveit2/install/moveit_resources_panda_description:/home/sam/moveit2/install/moveit_resources_fanuc_moveit_config:/home/sam/moveit2/install/moveit_resources_fanuc_description:/home/sam/moveit2/install/moveit_planners_stomp:/home/sam/moveit2/install/moveit_planners_chomp:/home/sam/moveit2/install/chomp_motion_planner:/home/sam/moveit2/install/moveit_core:/home/sam/moveit2/install/moveit_msgs:/home/sam/moveit2/install/moveit_common:/home/sam/moveit2/install/geometric_shapes:/home/sam/ros2_ws/install/ros2_grasshopper:/home/sam/ros2_ws/install/ros2_file_server:/home/sam/ros2_ws/install/my_orbbec:/home/sam/ros2_ws/install/fanuc_srvs:/home/sam/ros2_ws/install/fanuc_srvs_msgs:/home/sam/ros2_ws/install/fanuc_control:/home/sam/ros2_ws/install/fanuc_rmi:/home/sam/ros2_ws/install/fanuc_eth_ip:/home/sam/ros2_ws/install/crx5ia_moveit_config:/home/sam/ros2_ws/install/crx25ia_l_moveit_config:/home/sam/ros2_ws/install/crx20ia_l_moveit_config:/home/sam/ros2_ws/install/crx10ia_moveit_config:/home/sam/ros2_ws/install/crx10ia_l_moveit_config:/home/sam/ros2_ws/install/crx_description:/home/sam/wsg_50/install/wsg_ctrl:/home/sam/moveit2/install/moveit_configs_utils:/opt/ros/humble LD_LIBRARY_PATH=/home/sam/wsg50/install/wsg_50_common/lib:${LD_LIBRARY_PATH} PYTHONPATH=/home/sam/wsg50/install/wsg_50_common/local/lib/python3.10/dist-packages:${PYTHONPATH} /usr/bin/cmake --install /home/sam/wsg50/build/wsg_50_driver
