[0.056s] Invoking command in '/home/sam/wsg50/build/wsg_50_simulation': CMAKE_PREFIX_PATH=${CMAKE_PREFIX_PATH}:/home/sam/wsg_50/install/wsg_ctrl:/home/sam/moveit2/install/moveit_configs_utils:/opt/ros/humble /usr/bin/cmake /home/sam/wsg50/src/wsg_50_simulation -DCMAKE_INSTALL_PREFIX=/home/sam/wsg50/install/wsg_50_simulation
[0.506s] -- The C compiler identification is GNU 11.4.0
[1.557s] -- The CXX compiler identification is GNU 11.4.0
[2.304s] -- Detecting C compiler ABI info
[2.684s] -- Detecting C compiler ABI info - done
[2.698s] -- Check for working C compiler: /usr/bin/cc - skipped
[2.699s] -- Detecting C compile features
[2.700s] -- Detecting C compile features - done
[2.710s] -- Detecting CXX compiler ABI info
[3.115s] -- Detecting CXX compiler ABI info - done
[3.131s] -- Check for working CXX compiler: /usr/bin/c++ - skipped
[3.132s] -- Detecting CXX compile features
[3.132s] -- Detecting CXX compile features - done
[3.166s] -- Found ament_cmake: 1.3.11 (/opt/ros/humble/share/ament_cmake/cmake)
[3.636s] -- Found Python3: /usr/bin/python3 (found version "3.10.12") found components: Interpreter 
[4.115s] -- Found ament_lint_auto: 0.12.11 (/opt/ros/humble/share/ament_lint_auto/cmake)
[4.507s] -- Added test 'copyright' to check source files copyright and LICENSE
[4.516s] -- Added test 'cppcheck' to perform static code analysis on C / C++ code
[4.517s] -- Configured cppcheck include dirs: 
[4.517s] -- Configured cppcheck exclude dirs and/or files: 
[4.526s] -- Added test 'cpplint' to check C / C++ code against the Google style
[4.526s] -- Configured cpplint exclude dirs and/or files: 
[4.531s] -- Added test 'flake8' to check Python code syntax and style conventions
[4.538s] -- Added test 'lint_cmake' to check CMake code style
[4.545s] -- Added test 'pep257' to check Python code against some of the docstring style conventions in PEP 257
[4.557s] -- Added test 'uncrustify' to check C / C++ code style
[4.558s] -- Configured uncrustify additional arguments: 
[4.566s] -- Added test 'xmllint' to check XML markup files
[4.579s] -- Configuring done
[4.591s] -- Generating done
[4.596s] -- Build files have been written to: /home/sam/wsg50/build/wsg_50_simulation
[4.608s] Invoked command in '/home/sam/wsg50/build/wsg_50_simulation' returned '0': CMAKE_PREFIX_PATH=${CMAKE_PREFIX_PATH}:/home/sam/wsg_50/install/wsg_ctrl:/home/sam/moveit2/install/moveit_configs_utils:/opt/ros/humble /usr/bin/cmake /home/sam/wsg50/src/wsg_50_simulation -DCMAKE_INSTALL_PREFIX=/home/sam/wsg50/install/wsg_50_simulation
[4.612s] Invoking command in '/home/sam/wsg50/build/wsg_50_simulation': CMAKE_PREFIX_PATH=${CMAKE_PREFIX_PATH}:/home/sam/wsg_50/install/wsg_ctrl:/home/sam/moveit2/install/moveit_configs_utils:/opt/ros/humble /usr/bin/cmake --build /home/sam/wsg50/build/wsg_50_simulation -- -j8 -l8
[4.763s] Invoked command in '/home/sam/wsg50/build/wsg_50_simulation' returned '0': CMAKE_PREFIX_PATH=${CMAKE_PREFIX_PATH}:/home/sam/wsg_50/install/wsg_ctrl:/home/sam/moveit2/install/moveit_configs_utils:/opt/ros/humble /usr/bin/cmake --build /home/sam/wsg50/build/wsg_50_simulation -- -j8 -l8
[4.795s] Invoking command in '/home/sam/wsg50/build/wsg_50_simulation': CMAKE_PREFIX_PATH=${CMAKE_PREFIX_PATH}:/home/sam/wsg_50/install/wsg_ctrl:/home/sam/moveit2/install/moveit_configs_utils:/opt/ros/humble /usr/bin/cmake --install /home/sam/wsg50/build/wsg_50_simulation
[4.828s] -- Install configuration: ""
[4.828s] -- Installing: /home/sam/wsg50/install/wsg_50_simulation/share/wsg_50_simulation/launch
[4.832s] -- Installing: /home/sam/wsg50/install/wsg_50_simulation/share/wsg_50_simulation/launch/wsg_50.launch.py
[4.832s] -- Installing: /home/sam/wsg50/install/wsg_50_simulation/share/wsg_50_simulation/launch/wsg_50_controllers.launch.py
[4.833s] -- Installing: /home/sam/wsg50/install/wsg_50_simulation/share/wsg_50_simulation/launch/view_wsg50.launch.py
[4.833s] -- Installing: /home/sam/wsg50/install/wsg_50_simulation/share/wsg_50_simulation/urdf
[4.834s] -- Installing: /home/sam/wsg50/install/wsg_50_simulation/share/wsg_50_simulation/urdf/wsg50.urdf.xacro
[4.834s] -- Installing: /home/sam/wsg50/install/wsg_50_simulation/share/wsg_50_simulation/urdf/wsg_50.srdf.xacro
[4.835s] -- Installing: /home/sam/wsg50/install/wsg_50_simulation/share/wsg_50_simulation/urdf/wsg_50.urdf.xacro
[4.835s] -- Installing: /home/sam/wsg50/install/wsg_50_simulation/share/wsg_50_simulation/controllers
[4.836s] -- Installing: /home/sam/wsg50/install/wsg_50_simulation/share/wsg_50_simulation/controllers/wsg_50_standalone.yaml
[4.836s] -- Installing: /home/sam/wsg50/install/wsg_50_simulation/share/wsg_50_simulation/meshes
[4.837s] -- Installing: /home/sam/wsg50/install/wsg_50_simulation/share/wsg_50_simulation/meshes/finger_body.stl
[4.837s] -- Installing: /home/sam/wsg50/install/wsg_50_simulation/share/wsg_50_simulation/meshes/WSG50_110.stl
[4.838s] -- Installing: /home/sam/wsg50/install/wsg_50_simulation/share/wsg_50_simulation/meshes/GUIDE_WSG50_110.stl
[4.838s] -- Installing: /home/sam/wsg50/install/wsg_50_simulation/share/wsg_50_simulation/meshes/finger_base.stl
[4.839s] -- Installing: /home/sam/wsg50/install/wsg_50_simulation/share/wsg_50_simulation/meshes/WSG-FMF.stl
[4.839s] -- Installing: /home/sam/wsg50/install/wsg_50_simulation/share/wsg_50_simulation/meshes/FL_ISO50_WSG50.stl
[4.844s] -- Installing: /home/sam/wsg50/install/wsg_50_simulation/share/wsg_50_simulation/rviz
[4.845s] -- Installing: /home/sam/wsg50/install/wsg_50_simulation/share/wsg_50_simulation/rviz/wsg50.rviz
[4.845s] -- Installing: /home/sam/wsg50/install/wsg_50_simulation/share/wsg_50_simulation/rviz/wsg.rviz
[4.847s] -- Installing: /home/sam/wsg50/install/wsg_50_simulation/share/ament_index/resource_index/package_run_dependencies/wsg_50_simulation
[4.848s] -- Installing: /home/sam/wsg50/install/wsg_50_simulation/share/ament_index/resource_index/parent_prefix_path/wsg_50_simulation
[4.849s] -- Installing: /home/sam/wsg50/install/wsg_50_simulation/share/wsg_50_simulation/environment/ament_prefix_path.sh
[4.850s] -- Installing: /home/sam/wsg50/install/wsg_50_simulation/share/wsg_50_simulation/environment/ament_prefix_path.dsv
[4.850s] -- Installing: /home/sam/wsg50/install/wsg_50_simulation/share/wsg_50_simulation/environment/path.sh
[4.851s] -- Installing: /home/sam/wsg50/install/wsg_50_simulation/share/wsg_50_simulation/environment/path.dsv
[4.851s] -- Installing: /home/sam/wsg50/install/wsg_50_simulation/share/wsg_50_simulation/local_setup.bash
[4.851s] -- Installing: /home/sam/wsg50/install/wsg_50_simulation/share/wsg_50_simulation/local_setup.sh
[4.852s] -- Installing: /home/sam/wsg50/install/wsg_50_simulation/share/wsg_50_simulation/local_setup.zsh
[4.852s] -- Installing: /home/sam/wsg50/install/wsg_50_simulation/share/wsg_50_simulation/local_setup.dsv
[4.853s] -- Installing: /home/sam/wsg50/install/wsg_50_simulation/share/wsg_50_simulation/package.dsv
[4.854s] -- Installing: /home/sam/wsg50/install/wsg_50_simulation/share/ament_index/resource_index/packages/wsg_50_simulation
[4.855s] -- Installing: /home/sam/wsg50/install/wsg_50_simulation/share/wsg_50_simulation/cmake/wsg_50_simulationConfig.cmake
[4.855s] -- Installing: /home/sam/wsg50/install/wsg_50_simulation/share/wsg_50_simulation/cmake/wsg_50_simulationConfig-version.cmake
[4.855s] -- Installing: /home/sam/wsg50/install/wsg_50_simulation/share/wsg_50_simulation/package.xml
[4.860s] Invoked command in '/home/sam/wsg50/build/wsg_50_simulation' returned '0': CMAKE_PREFIX_PATH=${CMAKE_PREFIX_PATH}:/home/sam/wsg_50/install/wsg_ctrl:/home/sam/moveit2/install/moveit_configs_utils:/opt/ros/humble /usr/bin/cmake --install /home/sam/wsg50/build/wsg_50_simulation
