[35m[1mConsolidate compiler generated dependencies of target wsg_50_interface[0m
[ 33%] [32mBuilding CXX object CMakeFiles/wsg_50_interface.dir/src/wsg_ros_interface.cpp.o[0m
[ 66%] [32m[1mLinking CXX shared library libwsg_50_interface.so[0m
[100%] Built target wsg_50_interface
-- Install configuration: ""
-- Installing: /home/sam/wsg50/install/wsg_50_interface/share/wsg_50_interface/wsg_50_hardware.xml
-- Installing: /home/sam/wsg50/install/wsg_50_interface/include/
-- Installing: /home/sam/wsg50/install/wsg_50_interface/include//wsg_50_interface
-- Installing: /home/sam/wsg50/install/wsg_50_interface/include//wsg_50_interface/wsg_50.hpp
-- Installing: /home/sam/wsg50/install/wsg_50_interface/include//wsg_50_interface/wsg_ros_interface.hpp
-- Installing: /home/sam/wsg50/install/wsg_50_interface/lib/libwsg_50_interface.so
-- Set runtime path of "/home/sam/wsg50/install/wsg_50_interface/lib/libwsg_50_interface.so" to ""
-- Installing: /home/sam/wsg50/install/wsg_50_interface/share/wsg_50_interface/wsg_hardware.xml
-- Installing: /home/sam/wsg50/install/wsg_50_interface/share/wsg_50_interface/environment/library_path.sh
-- Installing: /home/sam/wsg50/install/wsg_50_interface/share/wsg_50_interface/environment/library_path.dsv
-- Installing: /home/sam/wsg50/install/wsg_50_interface/share/ament_index/resource_index/package_run_dependencies/wsg_50_interface
-- Installing: /home/sam/wsg50/install/wsg_50_interface/share/ament_index/resource_index/parent_prefix_path/wsg_50_interface
-- Installing: /home/sam/wsg50/install/wsg_50_interface/share/wsg_50_interface/environment/ament_prefix_path.sh
-- Installing: /home/sam/wsg50/install/wsg_50_interface/share/wsg_50_interface/environment/ament_prefix_path.dsv
-- Installing: /home/sam/wsg50/install/wsg_50_interface/share/wsg_50_interface/environment/path.sh
-- Installing: /home/sam/wsg50/install/wsg_50_interface/share/wsg_50_interface/environment/path.dsv
-- Installing: /home/sam/wsg50/install/wsg_50_interface/share/wsg_50_interface/local_setup.bash
-- Installing: /home/sam/wsg50/install/wsg_50_interface/share/wsg_50_interface/local_setup.sh
-- Installing: /home/sam/wsg50/install/wsg_50_interface/share/wsg_50_interface/local_setup.zsh
-- Installing: /home/sam/wsg50/install/wsg_50_interface/share/wsg_50_interface/local_setup.dsv
-- Installing: /home/sam/wsg50/install/wsg_50_interface/share/wsg_50_interface/package.dsv
-- Installing: /home/sam/wsg50/install/wsg_50_interface/share/ament_index/resource_index/packages/wsg_50_interface
-- Installing: /home/sam/wsg50/install/wsg_50_interface/share/ament_index/resource_index/hardware_interface__pluginlib__plugin/wsg_50_interface
-- Installing: /home/sam/wsg50/install/wsg_50_interface/share/wsg_50_interface/cmake/ament_cmake_export_dependencies-extras.cmake
-- Installing: /home/sam/wsg50/install/wsg_50_interface/share/wsg_50_interface/cmake/ament_cmake_export_include_directories-extras.cmake
-- Installing: /home/sam/wsg50/install/wsg_50_interface/share/wsg_50_interface/cmake/ament_cmake_export_libraries-extras.cmake
-- Installing: /home/sam/wsg50/install/wsg_50_interface/share/wsg_50_interface/cmake/wsg_50_interfaceConfig.cmake
-- Installing: /home/sam/wsg50/install/wsg_50_interface/share/wsg_50_interface/cmake/wsg_50_interfaceConfig-version.cmake
-- Installing: /home/sam/wsg50/install/wsg_50_interface/share/wsg_50_interface/package.xml
