[0.475s] DEBUG:colcon:Command line arguments: ['/usr/bin/colcon', 'build']
[0.475s] DEBUG:colcon:Parsed command line arguments: Namespace(log_base=None, log_level=None, verb_name='build', build_base='build', install_base='install', merge_install=False, symlink_install=False, test_result_base=None, continue_on_error=False, executor='parallel', parallel_workers=8, event_handlers=None, ignore_user_meta=False, metas=['./colcon.meta'], base_paths=['.'], packages_ignore=None, packages_ignore_regex=None, paths=None, packages_up_to=None, packages_up_to_regex=None, packages_above=None, packages_above_and_dependencies=None, packages_above_depth=None, packages_select_by_dep=None, packages_skip_by_dep=None, packages_skip_up_to=None, packages_select_build_failed=False, packages_skip_build_finished=False, packages_select_test_failures=False, packages_skip_test_passed=False, packages_select=None, packages_skip=None, packages_select_regex=None, packages_skip_regex=None, packages_start=None, packages_end=None, allow_overriding=[], cmake_args=None, cmake_target=None, cmake_target_skip_unavailable=False, cmake_clean_cache=False, cmake_clean_first=False, cmake_force_configure=False, ament_cmake_args=None, catkin_cmake_args=None, catkin_skip_building_tests=False, mixin_files=None, mixin=None, verb_parser=<colcon_mixin.mixin.mixin_argument.MixinArgumentDecorator object at 0x79265845a680>, verb_extension=<colcon_core.verb.build.BuildVerb object at 0x792658577640>, main=<bound method BuildVerb.main of <colcon_core.verb.build.BuildVerb object at 0x792658577640>>, mixin_verb=('build',))
[1.098s] Level 1:colcon.colcon_core.package_discovery:discover_packages(colcon_meta) check parameters
[1.098s] Level 1:colcon.colcon_core.package_discovery:discover_packages(recursive) check parameters
[1.098s] Level 1:colcon.colcon_core.package_discovery:discover_packages(ignore) check parameters
[1.098s] Level 1:colcon.colcon_core.package_discovery:discover_packages(path) check parameters
[1.098s] Level 1:colcon.colcon_core.package_discovery:discover_packages(colcon_meta) discover
[1.098s] Level 1:colcon.colcon_core.package_discovery:discover_packages(recursive) discover
[1.098s] INFO:colcon.colcon_core.package_discovery:Crawling recursively for packages in '/home/sam/wsg50'
[1.099s] Level 1:colcon.colcon_core.package_identification:_identify(.) by extensions ['ignore', 'ignore_ament_install']
[1.099s] Level 1:colcon.colcon_core.package_identification:_identify(.) by extension 'ignore'
[1.099s] Level 1:colcon.colcon_core.package_identification:_identify(.) by extension 'ignore_ament_install'
[1.099s] Level 1:colcon.colcon_core.package_identification:_identify(.) by extensions ['colcon_pkg']
[1.099s] Level 1:colcon.colcon_core.package_identification:_identify(.) by extension 'colcon_pkg'
[1.099s] Level 1:colcon.colcon_core.package_identification:_identify(.) by extensions ['colcon_meta']
[1.099s] Level 1:colcon.colcon_core.package_identification:_identify(.) by extension 'colcon_meta'
[1.099s] Level 1:colcon.colcon_core.package_identification:_identify(.) by extensions ['ros']
[1.099s] Level 1:colcon.colcon_core.package_identification:_identify(.) by extension 'ros'
[1.119s] Level 1:colcon.colcon_core.package_identification:_identify(.) by extensions ['cmake', 'python']
[1.119s] Level 1:colcon.colcon_core.package_identification:_identify(.) by extension 'cmake'
[1.120s] Level 1:colcon.colcon_core.package_identification:_identify(.) by extension 'python'
[1.120s] Level 1:colcon.colcon_core.package_identification:_identify(.) by extensions ['python_setup_py']
[1.120s] Level 1:colcon.colcon_core.package_identification:_identify(.) by extension 'python_setup_py'
[1.120s] Level 1:colcon.colcon_core.package_identification:_identify(build) by extensions ['ignore', 'ignore_ament_install']
[1.121s] Level 1:colcon.colcon_core.package_identification:_identify(build) by extension 'ignore'
[1.121s] Level 1:colcon.colcon_core.package_identification:_identify(build) ignored
[1.121s] Level 1:colcon.colcon_core.package_identification:_identify(install) by extensions ['ignore', 'ignore_ament_install']
[1.121s] Level 1:colcon.colcon_core.package_identification:_identify(install) by extension 'ignore'
[1.122s] Level 1:colcon.colcon_core.package_identification:_identify(install) ignored
[1.122s] Level 1:colcon.colcon_core.package_identification:_identify(log) by extensions ['ignore', 'ignore_ament_install']
[1.122s] Level 1:colcon.colcon_core.package_identification:_identify(log) by extension 'ignore'
[1.122s] Level 1:colcon.colcon_core.package_identification:_identify(log) ignored
[1.122s] Level 1:colcon.colcon_core.package_identification:_identify(src) by extensions ['ignore', 'ignore_ament_install']
[1.122s] Level 1:colcon.colcon_core.package_identification:_identify(src) by extension 'ignore'
[1.122s] Level 1:colcon.colcon_core.package_identification:_identify(src) by extension 'ignore_ament_install'
[1.123s] Level 1:colcon.colcon_core.package_identification:_identify(src) by extensions ['colcon_pkg']
[1.123s] Level 1:colcon.colcon_core.package_identification:_identify(src) by extension 'colcon_pkg'
[1.123s] Level 1:colcon.colcon_core.package_identification:_identify(src) by extensions ['colcon_meta']
[1.123s] Level 1:colcon.colcon_core.package_identification:_identify(src) by extension 'colcon_meta'
[1.123s] Level 1:colcon.colcon_core.package_identification:_identify(src) by extensions ['ros']
[1.123s] Level 1:colcon.colcon_core.package_identification:_identify(src) by extension 'ros'
[1.123s] Level 1:colcon.colcon_core.package_identification:_identify(src) by extensions ['cmake', 'python']
[1.123s] Level 1:colcon.colcon_core.package_identification:_identify(src) by extension 'cmake'
[1.123s] Level 1:colcon.colcon_core.package_identification:_identify(src) by extension 'python'
[1.123s] Level 1:colcon.colcon_core.package_identification:_identify(src) by extensions ['python_setup_py']
[1.123s] Level 1:colcon.colcon_core.package_identification:_identify(src) by extension 'python_setup_py'
[1.124s] Level 1:colcon.colcon_core.package_identification:_identify(src/doc) by extensions ['ignore', 'ignore_ament_install']
[1.124s] Level 1:colcon.colcon_core.package_identification:_identify(src/doc) by extension 'ignore'
[1.124s] Level 1:colcon.colcon_core.package_identification:_identify(src/doc) by extension 'ignore_ament_install'
[1.124s] Level 1:colcon.colcon_core.package_identification:_identify(src/doc) by extensions ['colcon_pkg']
[1.124s] Level 1:colcon.colcon_core.package_identification:_identify(src/doc) by extension 'colcon_pkg'
[1.124s] Level 1:colcon.colcon_core.package_identification:_identify(src/doc) by extensions ['colcon_meta']
[1.124s] Level 1:colcon.colcon_core.package_identification:_identify(src/doc) by extension 'colcon_meta'
[1.124s] Level 1:colcon.colcon_core.package_identification:_identify(src/doc) by extensions ['ros']
[1.124s] Level 1:colcon.colcon_core.package_identification:_identify(src/doc) by extension 'ros'
[1.124s] Level 1:colcon.colcon_core.package_identification:_identify(src/doc) by extensions ['cmake', 'python']
[1.124s] Level 1:colcon.colcon_core.package_identification:_identify(src/doc) by extension 'cmake'
[1.125s] Level 1:colcon.colcon_core.package_identification:_identify(src/doc) by extension 'python'
[1.125s] Level 1:colcon.colcon_core.package_identification:_identify(src/doc) by extensions ['python_setup_py']
[1.125s] Level 1:colcon.colcon_core.package_identification:_identify(src/doc) by extension 'python_setup_py'
[1.125s] Level 1:colcon.colcon_core.package_identification:_identify(src/wsg_50_common) by extensions ['ignore', 'ignore_ament_install']
[1.125s] Level 1:colcon.colcon_core.package_identification:_identify(src/wsg_50_common) by extension 'ignore'
[1.125s] Level 1:colcon.colcon_core.package_identification:_identify(src/wsg_50_common) by extension 'ignore_ament_install'
[1.125s] Level 1:colcon.colcon_core.package_identification:_identify(src/wsg_50_common) by extensions ['colcon_pkg']
[1.125s] Level 1:colcon.colcon_core.package_identification:_identify(src/wsg_50_common) by extension 'colcon_pkg'
[1.125s] Level 1:colcon.colcon_core.package_identification:_identify(src/wsg_50_common) by extensions ['colcon_meta']
[1.125s] Level 1:colcon.colcon_core.package_identification:_identify(src/wsg_50_common) by extension 'colcon_meta'
[1.126s] Level 1:colcon.colcon_core.package_identification:_identify(src/wsg_50_common) by extensions ['ros']
[1.126s] Level 1:colcon.colcon_core.package_identification:_identify(src/wsg_50_common) by extension 'ros'
[1.131s] DEBUG:colcon.colcon_core.package_identification:Package 'src/wsg_50_common' with type 'ros.ament_cmake' and name 'wsg_50_common'
[1.131s] Level 1:colcon.colcon_core.package_identification:_identify(src/wsg_50_driver) by extensions ['ignore', 'ignore_ament_install']
[1.132s] Level 1:colcon.colcon_core.package_identification:_identify(src/wsg_50_driver) by extension 'ignore'
[1.132s] Level 1:colcon.colcon_core.package_identification:_identify(src/wsg_50_driver) by extension 'ignore_ament_install'
[1.132s] Level 1:colcon.colcon_core.package_identification:_identify(src/wsg_50_driver) by extensions ['colcon_pkg']
[1.132s] Level 1:colcon.colcon_core.package_identification:_identify(src/wsg_50_driver) by extension 'colcon_pkg'
[1.133s] Level 1:colcon.colcon_core.package_identification:_identify(src/wsg_50_driver) by extensions ['colcon_meta']
[1.133s] Level 1:colcon.colcon_core.package_identification:_identify(src/wsg_50_driver) by extension 'colcon_meta'
[1.133s] Level 1:colcon.colcon_core.package_identification:_identify(src/wsg_50_driver) by extensions ['ros']
[1.133s] Level 1:colcon.colcon_core.package_identification:_identify(src/wsg_50_driver) by extension 'ros'
[1.135s] DEBUG:colcon.colcon_core.package_identification:Package 'src/wsg_50_driver' with type 'ros.ament_cmake' and name 'wsg_50_driver'
[1.135s] Level 1:colcon.colcon_core.package_identification:_identify(src/wsg_50_interface) by extensions ['ignore', 'ignore_ament_install']
[1.135s] Level 1:colcon.colcon_core.package_identification:_identify(src/wsg_50_interface) by extension 'ignore'
[1.135s] Level 1:colcon.colcon_core.package_identification:_identify(src/wsg_50_interface) by extension 'ignore_ament_install'
[1.135s] Level 1:colcon.colcon_core.package_identification:_identify(src/wsg_50_interface) by extensions ['colcon_pkg']
[1.135s] Level 1:colcon.colcon_core.package_identification:_identify(src/wsg_50_interface) by extension 'colcon_pkg'
[1.135s] Level 1:colcon.colcon_core.package_identification:_identify(src/wsg_50_interface) by extensions ['colcon_meta']
[1.135s] Level 1:colcon.colcon_core.package_identification:_identify(src/wsg_50_interface) by extension 'colcon_meta'
[1.136s] Level 1:colcon.colcon_core.package_identification:_identify(src/wsg_50_interface) by extensions ['ros']
[1.136s] Level 1:colcon.colcon_core.package_identification:_identify(src/wsg_50_interface) by extension 'ros'
[1.137s] DEBUG:colcon.colcon_core.package_identification:Package 'src/wsg_50_interface' with type 'ros.ament_cmake' and name 'wsg_50_interface'
[1.137s] Level 1:colcon.colcon_core.package_identification:_identify(src/wsg_50_simulation) by extensions ['ignore', 'ignore_ament_install']
[1.137s] Level 1:colcon.colcon_core.package_identification:_identify(src/wsg_50_simulation) by extension 'ignore'
[1.137s] Level 1:colcon.colcon_core.package_identification:_identify(src/wsg_50_simulation) by extension 'ignore_ament_install'
[1.138s] Level 1:colcon.colcon_core.package_identification:_identify(src/wsg_50_simulation) by extensions ['colcon_pkg']
[1.138s] Level 1:colcon.colcon_core.package_identification:_identify(src/wsg_50_simulation) by extension 'colcon_pkg'
[1.138s] Level 1:colcon.colcon_core.package_identification:_identify(src/wsg_50_simulation) by extensions ['colcon_meta']
[1.138s] Level 1:colcon.colcon_core.package_identification:_identify(src/wsg_50_simulation) by extension 'colcon_meta'
[1.138s] Level 1:colcon.colcon_core.package_identification:_identify(src/wsg_50_simulation) by extensions ['ros']
[1.138s] Level 1:colcon.colcon_core.package_identification:_identify(src/wsg_50_simulation) by extension 'ros'
[1.139s] DEBUG:colcon.colcon_core.package_identification:Package 'src/wsg_50_simulation' with type 'ros.ament_cmake' and name 'wsg_50_simulation'
[1.139s] Level 1:colcon.colcon_core.package_discovery:discover_packages(recursive) using defaults
[1.139s] Level 1:colcon.colcon_core.package_discovery:discover_packages(ignore) discover
[1.139s] Level 1:colcon.colcon_core.package_discovery:discover_packages(ignore) using defaults
[1.139s] Level 1:colcon.colcon_core.package_discovery:discover_packages(path) discover
[1.139s] Level 1:colcon.colcon_core.package_discovery:discover_packages(path) using defaults
[1.218s] Level 1:colcon.colcon_core.package_discovery:discover_packages(prefix_path) check parameters
[1.219s] Level 1:colcon.colcon_core.package_discovery:discover_packages(prefix_path) discover
[1.230s] DEBUG:colcon.colcon_installed_package_information.package_discovery:Found 49 installed packages in /home/sam/moveit2/install
[1.232s] DEBUG:colcon.colcon_installed_package_information.package_discovery:Found 14 installed packages in /home/sam/ros2_ws/install
[1.236s] DEBUG:colcon.colcon_installed_package_information.package_discovery:Found 357 installed packages in /opt/ros/humble
[1.239s] Level 1:colcon.colcon_core.package_discovery:discover_packages(prefix_path) using defaults
[1.353s] Level 5:colcon.colcon_core.verb:set package 'wsg_50_common' build argument 'cmake_args' from command line to 'None'
[1.353s] Level 5:colcon.colcon_core.verb:set package 'wsg_50_common' build argument 'cmake_target' from command line to 'None'
[1.353s] Level 5:colcon.colcon_core.verb:set package 'wsg_50_common' build argument 'cmake_target_skip_unavailable' from command line to 'False'
[1.353s] Level 5:colcon.colcon_core.verb:set package 'wsg_50_common' build argument 'cmake_clean_cache' from command line to 'False'
[1.353s] Level 5:colcon.colcon_core.verb:set package 'wsg_50_common' build argument 'cmake_clean_first' from command line to 'False'
[1.353s] Level 5:colcon.colcon_core.verb:set package 'wsg_50_common' build argument 'cmake_force_configure' from command line to 'False'
[1.353s] Level 5:colcon.colcon_core.verb:set package 'wsg_50_common' build argument 'ament_cmake_args' from command line to 'None'
[1.353s] Level 5:colcon.colcon_core.verb:set package 'wsg_50_common' build argument 'catkin_cmake_args' from command line to 'None'
[1.353s] Level 5:colcon.colcon_core.verb:set package 'wsg_50_common' build argument 'catkin_skip_building_tests' from command line to 'False'
[1.353s] DEBUG:colcon.colcon_core.verb:Building package 'wsg_50_common' with the following arguments: {'ament_cmake_args': None, 'build_base': '/home/sam/wsg50/build/wsg_50_common', 'catkin_cmake_args': None, 'catkin_skip_building_tests': False, 'cmake_args': None, 'cmake_clean_cache': False, 'cmake_clean_first': False, 'cmake_force_configure': False, 'cmake_target': None, 'cmake_target_skip_unavailable': False, 'install_base': '/home/sam/wsg50/install/wsg_50_common', 'merge_install': False, 'path': '/home/sam/wsg50/src/wsg_50_common', 'symlink_install': False, 'test_result_base': None}
[1.354s] Level 5:colcon.colcon_core.verb:set package 'wsg_50_simulation' build argument 'cmake_args' from command line to 'None'
[1.354s] Level 5:colcon.colcon_core.verb:set package 'wsg_50_simulation' build argument 'cmake_target' from command line to 'None'
[1.354s] Level 5:colcon.colcon_core.verb:set package 'wsg_50_simulation' build argument 'cmake_target_skip_unavailable' from command line to 'False'
[1.354s] Level 5:colcon.colcon_core.verb:set package 'wsg_50_simulation' build argument 'cmake_clean_cache' from command line to 'False'
[1.354s] Level 5:colcon.colcon_core.verb:set package 'wsg_50_simulation' build argument 'cmake_clean_first' from command line to 'False'
[1.354s] Level 5:colcon.colcon_core.verb:set package 'wsg_50_simulation' build argument 'cmake_force_configure' from command line to 'False'
[1.354s] Level 5:colcon.colcon_core.verb:set package 'wsg_50_simulation' build argument 'ament_cmake_args' from command line to 'None'
[1.354s] Level 5:colcon.colcon_core.verb:set package 'wsg_50_simulation' build argument 'catkin_cmake_args' from command line to 'None'
[1.354s] Level 5:colcon.colcon_core.verb:set package 'wsg_50_simulation' build argument 'catkin_skip_building_tests' from command line to 'False'
[1.355s] DEBUG:colcon.colcon_core.verb:Building package 'wsg_50_simulation' with the following arguments: {'ament_cmake_args': None, 'build_base': '/home/sam/wsg50/build/wsg_50_simulation', 'catkin_cmake_args': None, 'catkin_skip_building_tests': False, 'cmake_args': None, 'cmake_clean_cache': False, 'cmake_clean_first': False, 'cmake_force_configure': False, 'cmake_target': None, 'cmake_target_skip_unavailable': False, 'install_base': '/home/sam/wsg50/install/wsg_50_simulation', 'merge_install': False, 'path': '/home/sam/wsg50/src/wsg_50_simulation', 'symlink_install': False, 'test_result_base': None}
[1.355s] Level 5:colcon.colcon_core.verb:set package 'wsg_50_driver' build argument 'cmake_args' from command line to 'None'
[1.355s] Level 5:colcon.colcon_core.verb:set package 'wsg_50_driver' build argument 'cmake_target' from command line to 'None'
[1.355s] Level 5:colcon.colcon_core.verb:set package 'wsg_50_driver' build argument 'cmake_target_skip_unavailable' from command line to 'False'
[1.355s] Level 5:colcon.colcon_core.verb:set package 'wsg_50_driver' build argument 'cmake_clean_cache' from command line to 'False'
[1.355s] Level 5:colcon.colcon_core.verb:set package 'wsg_50_driver' build argument 'cmake_clean_first' from command line to 'False'
[1.355s] Level 5:colcon.colcon_core.verb:set package 'wsg_50_driver' build argument 'cmake_force_configure' from command line to 'False'
[1.355s] Level 5:colcon.colcon_core.verb:set package 'wsg_50_driver' build argument 'ament_cmake_args' from command line to 'None'
[1.355s] Level 5:colcon.colcon_core.verb:set package 'wsg_50_driver' build argument 'catkin_cmake_args' from command line to 'None'
[1.355s] Level 5:colcon.colcon_core.verb:set package 'wsg_50_driver' build argument 'catkin_skip_building_tests' from command line to 'False'
[1.356s] DEBUG:colcon.colcon_core.verb:Building package 'wsg_50_driver' with the following arguments: {'ament_cmake_args': None, 'build_base': '/home/sam/wsg50/build/wsg_50_driver', 'catkin_cmake_args': None, 'catkin_skip_building_tests': False, 'cmake_args': None, 'cmake_clean_cache': False, 'cmake_clean_first': False, 'cmake_force_configure': False, 'cmake_target': None, 'cmake_target_skip_unavailable': False, 'install_base': '/home/sam/wsg50/install/wsg_50_driver', 'merge_install': False, 'path': '/home/sam/wsg50/src/wsg_50_driver', 'symlink_install': False, 'test_result_base': None}
[1.356s] Level 5:colcon.colcon_core.verb:set package 'wsg_50_interface' build argument 'cmake_args' from command line to 'None'
[1.356s] Level 5:colcon.colcon_core.verb:set package 'wsg_50_interface' build argument 'cmake_target' from command line to 'None'
[1.356s] Level 5:colcon.colcon_core.verb:set package 'wsg_50_interface' build argument 'cmake_target_skip_unavailable' from command line to 'False'
[1.356s] Level 5:colcon.colcon_core.verb:set package 'wsg_50_interface' build argument 'cmake_clean_cache' from command line to 'False'
[1.356s] Level 5:colcon.colcon_core.verb:set package 'wsg_50_interface' build argument 'cmake_clean_first' from command line to 'False'
[1.356s] Level 5:colcon.colcon_core.verb:set package 'wsg_50_interface' build argument 'cmake_force_configure' from command line to 'False'
[1.356s] Level 5:colcon.colcon_core.verb:set package 'wsg_50_interface' build argument 'ament_cmake_args' from command line to 'None'
[1.356s] Level 5:colcon.colcon_core.verb:set package 'wsg_50_interface' build argument 'catkin_cmake_args' from command line to 'None'
[1.356s] Level 5:colcon.colcon_core.verb:set package 'wsg_50_interface' build argument 'catkin_skip_building_tests' from command line to 'False'
[1.356s] DEBUG:colcon.colcon_core.verb:Building package 'wsg_50_interface' with the following arguments: {'ament_cmake_args': None, 'build_base': '/home/sam/wsg50/build/wsg_50_interface', 'catkin_cmake_args': None, 'catkin_skip_building_tests': False, 'cmake_args': None, 'cmake_clean_cache': False, 'cmake_clean_first': False, 'cmake_force_configure': False, 'cmake_target': None, 'cmake_target_skip_unavailable': False, 'install_base': '/home/sam/wsg50/install/wsg_50_interface', 'merge_install': False, 'path': '/home/sam/wsg50/src/wsg_50_interface', 'symlink_install': False, 'test_result_base': None}
[1.357s] INFO:colcon.colcon_core.executor:Executing jobs using 'parallel' executor
[1.359s] DEBUG:colcon.colcon_parallel_executor.executor.parallel:run_until_complete
[1.359s] INFO:colcon.colcon_ros.task.ament_cmake.build:Building ROS package in '/home/sam/wsg50/src/wsg_50_common' with build type 'ament_cmake'
[1.359s] INFO:colcon.colcon_cmake.task.cmake.build:Building CMake package in '/home/sam/wsg50/src/wsg_50_common'
[1.364s] INFO:colcon.colcon_core.plugin_system:Skipping extension 'colcon_core.shell.bat': Not used on non-Windows systems
[1.365s] INFO:colcon.colcon_core.shell:Skip shell extension 'powershell' for command environment: Not usable outside of PowerShell
[1.365s] DEBUG:colcon.colcon_core.shell:Skip shell extension 'dsv' for command environment
[1.385s] INFO:colcon.colcon_ros.task.ament_cmake.build:Building ROS package in '/home/sam/wsg50/src/wsg_50_simulation' with build type 'ament_cmake'
[1.386s] INFO:colcon.colcon_cmake.task.cmake.build:Building CMake package in '/home/sam/wsg50/src/wsg_50_simulation'
[1.387s] INFO:colcon.colcon_core.shell:Skip shell extension 'powershell' for command environment: Not usable outside of PowerShell
[1.387s] DEBUG:colcon.colcon_core.shell:Skip shell extension 'dsv' for command environment
[1.423s] DEBUG:colcon.colcon_core.event_handler.log_command:Invoking command in '/home/sam/wsg50/build/wsg_50_common': CMAKE_PREFIX_PATH=${CMAKE_PREFIX_PATH}:/home/sam/moveit2/install/moveit_configs_utils:/opt/ros/humble /usr/bin/cmake --build /home/sam/wsg50/build/wsg_50_common -- -j8 -l8
[1.435s] DEBUG:colcon.colcon_core.event_handler.log_command:Invoking command in '/home/sam/wsg50/build/wsg_50_simulation': CMAKE_PREFIX_PATH=${CMAKE_PREFIX_PATH}:/home/sam/moveit2/install/moveit_configs_utils:/opt/ros/humble /usr/bin/cmake --build /home/sam/wsg50/build/wsg_50_simulation -- -j8 -l8
[1.594s] DEBUG:colcon.colcon_core.event_handler.log_command:Invoked command in '/home/sam/wsg50/build/wsg_50_simulation' returned '0': CMAKE_PREFIX_PATH=${CMAKE_PREFIX_PATH}:/home/sam/moveit2/install/moveit_configs_utils:/opt/ros/humble /usr/bin/cmake --build /home/sam/wsg50/build/wsg_50_simulation -- -j8 -l8
[1.648s] DEBUG:colcon.colcon_core.event_handler.log_command:Invoking command in '/home/sam/wsg50/build/wsg_50_simulation': CMAKE_PREFIX_PATH=${CMAKE_PREFIX_PATH}:/home/sam/moveit2/install/moveit_configs_utils:/opt/ros/humble /usr/bin/cmake --install /home/sam/wsg50/build/wsg_50_simulation
[1.692s] Level 1:colcon.colcon_core.environment:create_environment_scripts_only(wsg_50_simulation)
[1.706s] DEBUG:colcon.colcon_core.event_handler.log_command:Invoked command in '/home/sam/wsg50/build/wsg_50_simulation' returned '0': CMAKE_PREFIX_PATH=${CMAKE_PREFIX_PATH}:/home/sam/moveit2/install/moveit_configs_utils:/opt/ros/humble /usr/bin/cmake --install /home/sam/wsg50/build/wsg_50_simulation
[1.711s] Level 1:colcon.colcon_core.environment:checking '/home/sam/wsg50/install/wsg_50_simulation' for CMake module files
[1.713s] Level 1:colcon.colcon_core.environment:checking '/home/sam/wsg50/install/wsg_50_simulation' for CMake config files
[1.714s] Level 1:colcon.colcon_core.shell:create_environment_hook('wsg_50_simulation', 'cmake_prefix_path')
[1.715s] INFO:colcon.colcon_core.shell:Creating environment hook '/home/sam/wsg50/install/wsg_50_simulation/share/wsg_50_simulation/hook/cmake_prefix_path.ps1'
[1.720s] INFO:colcon.colcon_core.shell:Creating environment descriptor '/home/sam/wsg50/install/wsg_50_simulation/share/wsg_50_simulation/hook/cmake_prefix_path.dsv'
[1.722s] INFO:colcon.colcon_core.shell:Creating environment hook '/home/sam/wsg50/install/wsg_50_simulation/share/wsg_50_simulation/hook/cmake_prefix_path.sh'
[1.725s] Level 1:colcon.colcon_core.environment:checking '/home/sam/wsg50/install/wsg_50_simulation/bin'
[1.726s] Level 1:colcon.colcon_core.environment:checking '/home/sam/wsg50/install/wsg_50_simulation/lib/pkgconfig/wsg_50_simulation.pc'
[1.726s] Level 1:colcon.colcon_core.environment:checking '/home/sam/wsg50/install/wsg_50_simulation/lib/python3.10/site-packages'
[1.727s] Level 1:colcon.colcon_core.environment:checking '/home/sam/wsg50/install/wsg_50_simulation/bin'
[1.727s] INFO:colcon.colcon_core.shell:Creating package script '/home/sam/wsg50/install/wsg_50_simulation/share/wsg_50_simulation/package.ps1'
[1.734s] INFO:colcon.colcon_core.shell:Creating package descriptor '/home/sam/wsg50/install/wsg_50_simulation/share/wsg_50_simulation/package.dsv'
[1.737s] INFO:colcon.colcon_core.shell:Creating package script '/home/sam/wsg50/install/wsg_50_simulation/share/wsg_50_simulation/package.sh'
[1.740s] INFO:colcon.colcon_core.shell:Creating package script '/home/sam/wsg50/install/wsg_50_simulation/share/wsg_50_simulation/package.bash'
[1.743s] INFO:colcon.colcon_core.shell:Creating package script '/home/sam/wsg50/install/wsg_50_simulation/share/wsg_50_simulation/package.zsh'
[1.745s] Level 1:colcon.colcon_core.environment:create_file_with_runtime_dependencies(/home/sam/wsg50/install/wsg_50_simulation/share/colcon-core/packages/wsg_50_simulation)
[1.747s] Level 1:colcon.colcon_core.environment:create_environment_scripts_only(wsg_50_simulation)
[1.748s] Level 1:colcon.colcon_core.environment:checking '/home/sam/wsg50/install/wsg_50_simulation' for CMake module files
[1.757s] Level 1:colcon.colcon_core.environment:checking '/home/sam/wsg50/install/wsg_50_simulation' for CMake config files
[1.758s] Level 1:colcon.colcon_core.shell:create_environment_hook('wsg_50_simulation', 'cmake_prefix_path')
[1.759s] INFO:colcon.colcon_core.shell:Creating environment hook '/home/sam/wsg50/install/wsg_50_simulation/share/wsg_50_simulation/hook/cmake_prefix_path.ps1'
[1.764s] INFO:colcon.colcon_core.shell:Creating environment descriptor '/home/sam/wsg50/install/wsg_50_simulation/share/wsg_50_simulation/hook/cmake_prefix_path.dsv'
[1.765s] INFO:colcon.colcon_core.shell:Creating environment hook '/home/sam/wsg50/install/wsg_50_simulation/share/wsg_50_simulation/hook/cmake_prefix_path.sh'
[1.774s] Level 1:colcon.colcon_core.environment:checking '/home/sam/wsg50/install/wsg_50_simulation/bin'
[1.774s] Level 1:colcon.colcon_core.environment:checking '/home/sam/wsg50/install/wsg_50_simulation/lib/pkgconfig/wsg_50_simulation.pc'
[1.775s] Level 1:colcon.colcon_core.environment:checking '/home/sam/wsg50/install/wsg_50_simulation/lib/python3.10/site-packages'
[1.775s] Level 1:colcon.colcon_core.environment:checking '/home/sam/wsg50/install/wsg_50_simulation/bin'
[1.777s] INFO:colcon.colcon_core.shell:Creating package script '/home/sam/wsg50/install/wsg_50_simulation/share/wsg_50_simulation/package.ps1'
[1.782s] INFO:colcon.colcon_core.shell:Creating package descriptor '/home/sam/wsg50/install/wsg_50_simulation/share/wsg_50_simulation/package.dsv'
[1.784s] INFO:colcon.colcon_core.shell:Creating package script '/home/sam/wsg50/install/wsg_50_simulation/share/wsg_50_simulation/package.sh'
[1.785s] INFO:colcon.colcon_core.shell:Creating package script '/home/sam/wsg50/install/wsg_50_simulation/share/wsg_50_simulation/package.bash'
[1.786s] INFO:colcon.colcon_core.shell:Creating package script '/home/sam/wsg50/install/wsg_50_simulation/share/wsg_50_simulation/package.zsh'
[1.787s] Level 1:colcon.colcon_core.environment:create_file_with_runtime_dependencies(/home/sam/wsg50/install/wsg_50_simulation/share/colcon-core/packages/wsg_50_simulation)
[2.916s] DEBUG:colcon.colcon_core.event_handler.log_command:Invoked command in '/home/sam/wsg50/build/wsg_50_common' returned '0': CMAKE_PREFIX_PATH=${CMAKE_PREFIX_PATH}:/home/sam/moveit2/install/moveit_configs_utils:/opt/ros/humble /usr/bin/cmake --build /home/sam/wsg50/build/wsg_50_common -- -j8 -l8
[2.920s] DEBUG:colcon.colcon_core.event_handler.log_command:Invoking command in '/home/sam/wsg50/build/wsg_50_common': CMAKE_PREFIX_PATH=${CMAKE_PREFIX_PATH}:/home/sam/moveit2/install/moveit_configs_utils:/opt/ros/humble /usr/bin/cmake --install /home/sam/wsg50/build/wsg_50_common
[3.105s] Level 1:colcon.colcon_core.environment:create_environment_scripts_only(wsg_50_common)
[3.106s] Level 1:colcon.colcon_core.environment:checking '/home/sam/wsg50/install/wsg_50_common' for CMake module files
[3.112s] DEBUG:colcon.colcon_core.event_handler.log_command:Invoked command in '/home/sam/wsg50/build/wsg_50_common' returned '0': CMAKE_PREFIX_PATH=${CMAKE_PREFIX_PATH}:/home/sam/moveit2/install/moveit_configs_utils:/opt/ros/humble /usr/bin/cmake --install /home/sam/wsg50/build/wsg_50_common
[3.112s] Level 1:colcon.colcon_core.environment:checking '/home/sam/wsg50/install/wsg_50_common' for CMake config files
[3.114s] Level 1:colcon.colcon_core.shell:create_environment_hook('wsg_50_common', 'cmake_prefix_path')
[3.114s] INFO:colcon.colcon_core.shell:Creating environment hook '/home/sam/wsg50/install/wsg_50_common/share/wsg_50_common/hook/cmake_prefix_path.ps1'
[3.115s] INFO:colcon.colcon_core.shell:Creating environment descriptor '/home/sam/wsg50/install/wsg_50_common/share/wsg_50_common/hook/cmake_prefix_path.dsv'
[3.116s] INFO:colcon.colcon_core.shell:Creating environment hook '/home/sam/wsg50/install/wsg_50_common/share/wsg_50_common/hook/cmake_prefix_path.sh'
[3.117s] Level 1:colcon.colcon_core.environment:checking '/home/sam/wsg50/install/wsg_50_common/lib'
[3.117s] Level 1:colcon.colcon_core.shell:create_environment_hook('wsg_50_common', 'ld_library_path_lib')
[3.117s] INFO:colcon.colcon_core.shell:Creating environment hook '/home/sam/wsg50/install/wsg_50_common/share/wsg_50_common/hook/ld_library_path_lib.ps1'
[3.118s] INFO:colcon.colcon_core.shell:Creating environment descriptor '/home/sam/wsg50/install/wsg_50_common/share/wsg_50_common/hook/ld_library_path_lib.dsv'
[3.119s] INFO:colcon.colcon_core.shell:Creating environment hook '/home/sam/wsg50/install/wsg_50_common/share/wsg_50_common/hook/ld_library_path_lib.sh'
[3.119s] Level 1:colcon.colcon_core.environment:checking '/home/sam/wsg50/install/wsg_50_common/bin'
[3.120s] Level 1:colcon.colcon_core.environment:checking '/home/sam/wsg50/install/wsg_50_common/lib/pkgconfig/wsg_50_common.pc'
[3.120s] Level 1:colcon.colcon_core.environment:checking '/home/sam/wsg50/install/wsg_50_common/lib/python3.10/site-packages'
[3.120s] Level 1:colcon.colcon_core.environment:checking '/home/sam/wsg50/install/wsg_50_common/bin'
[3.121s] INFO:colcon.colcon_core.shell:Creating package script '/home/sam/wsg50/install/wsg_50_common/share/wsg_50_common/package.ps1'
[3.122s] INFO:colcon.colcon_core.shell:Creating package descriptor '/home/sam/wsg50/install/wsg_50_common/share/wsg_50_common/package.dsv'
[3.122s] INFO:colcon.colcon_core.shell:Creating package script '/home/sam/wsg50/install/wsg_50_common/share/wsg_50_common/package.sh'
[3.123s] INFO:colcon.colcon_core.shell:Creating package script '/home/sam/wsg50/install/wsg_50_common/share/wsg_50_common/package.bash'
[3.124s] INFO:colcon.colcon_core.shell:Creating package script '/home/sam/wsg50/install/wsg_50_common/share/wsg_50_common/package.zsh'
[3.124s] Level 1:colcon.colcon_core.environment:create_file_with_runtime_dependencies(/home/sam/wsg50/install/wsg_50_common/share/colcon-core/packages/wsg_50_common)
[3.125s] Level 1:colcon.colcon_core.environment:create_environment_scripts_only(wsg_50_common)
[3.126s] Level 1:colcon.colcon_core.environment:checking '/home/sam/wsg50/install/wsg_50_common' for CMake module files
[3.128s] Level 1:colcon.colcon_core.environment:checking '/home/sam/wsg50/install/wsg_50_common' for CMake config files
[3.130s] Level 1:colcon.colcon_core.shell:create_environment_hook('wsg_50_common', 'cmake_prefix_path')
[3.130s] INFO:colcon.colcon_core.shell:Creating environment hook '/home/sam/wsg50/install/wsg_50_common/share/wsg_50_common/hook/cmake_prefix_path.ps1'
[3.131s] INFO:colcon.colcon_core.shell:Creating environment descriptor '/home/sam/wsg50/install/wsg_50_common/share/wsg_50_common/hook/cmake_prefix_path.dsv'
[3.132s] INFO:colcon.colcon_core.shell:Creating environment hook '/home/sam/wsg50/install/wsg_50_common/share/wsg_50_common/hook/cmake_prefix_path.sh'
[3.134s] Level 1:colcon.colcon_core.environment:checking '/home/sam/wsg50/install/wsg_50_common/lib'
[3.134s] Level 1:colcon.colcon_core.shell:create_environment_hook('wsg_50_common', 'ld_library_path_lib')
[3.134s] INFO:colcon.colcon_core.shell:Creating environment hook '/home/sam/wsg50/install/wsg_50_common/share/wsg_50_common/hook/ld_library_path_lib.ps1'
[3.135s] INFO:colcon.colcon_core.shell:Creating environment descriptor '/home/sam/wsg50/install/wsg_50_common/share/wsg_50_common/hook/ld_library_path_lib.dsv'
[3.136s] INFO:colcon.colcon_core.shell:Creating environment hook '/home/sam/wsg50/install/wsg_50_common/share/wsg_50_common/hook/ld_library_path_lib.sh'
[3.137s] Level 1:colcon.colcon_core.environment:checking '/home/sam/wsg50/install/wsg_50_common/bin'
[3.137s] Level 1:colcon.colcon_core.environment:checking '/home/sam/wsg50/install/wsg_50_common/lib/pkgconfig/wsg_50_common.pc'
[3.138s] Level 1:colcon.colcon_core.environment:checking '/home/sam/wsg50/install/wsg_50_common/lib/python3.10/site-packages'
[3.138s] Level 1:colcon.colcon_core.environment:checking '/home/sam/wsg50/install/wsg_50_common/bin'
[3.139s] INFO:colcon.colcon_core.shell:Creating package script '/home/sam/wsg50/install/wsg_50_common/share/wsg_50_common/package.ps1'
[3.141s] INFO:colcon.colcon_core.shell:Creating package descriptor '/home/sam/wsg50/install/wsg_50_common/share/wsg_50_common/package.dsv'
[3.142s] INFO:colcon.colcon_core.shell:Creating package script '/home/sam/wsg50/install/wsg_50_common/share/wsg_50_common/package.sh'
[3.143s] INFO:colcon.colcon_core.shell:Creating package script '/home/sam/wsg50/install/wsg_50_common/share/wsg_50_common/package.bash'
[3.143s] INFO:colcon.colcon_core.shell:Creating package script '/home/sam/wsg50/install/wsg_50_common/share/wsg_50_common/package.zsh'
[3.145s] Level 1:colcon.colcon_core.environment:create_file_with_runtime_dependencies(/home/sam/wsg50/install/wsg_50_common/share/colcon-core/packages/wsg_50_common)
[3.145s] INFO:colcon.colcon_ros.task.ament_cmake.build:Building ROS package in '/home/sam/wsg50/src/wsg_50_driver' with build type 'ament_cmake'
[3.146s] INFO:colcon.colcon_cmake.task.cmake.build:Building CMake package in '/home/sam/wsg50/src/wsg_50_driver'
[3.146s] INFO:colcon.colcon_core.shell:Skip shell extension 'powershell' for command environment: Not usable outside of PowerShell
[3.146s] DEBUG:colcon.colcon_core.shell:Skip shell extension 'dsv' for command environment
[3.438s] DEBUG:colcon.colcon_core.event_handler.log_command:Invoking command in '/home/sam/wsg50/build/wsg_50_driver': AMENT_PREFIX_PATH=/home/sam/wsg50/install/wsg_50_common:${AMENT_PREFIX_PATH} CMAKE_PREFIX_PATH=/home/sam/wsg50/install/wsg_50_common:/home/sam/moveit2/install/pilz_industrial_motion_planner_testutils:/home/sam/moveit2/install/moveit_runtime:/home/sam/moveit2/install/moveit:/home/sam/moveit2/install/moveit_planners:/home/sam/moveit2/install/pilz_industrial_motion_planner:/home/sam/moveit2/install/moveit_ros_control_interface:/home/sam/moveit2/install/moveit_plugins:/home/sam/moveit2/install/moveit_simple_controller_manager:/home/sam/moveit2/install/moveit_setup_assistant:/home/sam/moveit2/install/moveit_setup_srdf_plugins:/home/sam/moveit2/install/moveit_setup_core_plugins:/home/sam/moveit2/install/moveit_setup_controllers:/home/sam/moveit2/install/moveit_setup_app_plugins:/home/sam/moveit2/install/moveit_setup_framework:/home/sam/moveit2/install/moveit_servo:/home/sam/moveit2/install/moveit_ros:/home/sam/moveit2/install/moveit_ros_visualization:/home/sam/moveit2/install/moveit_py:/home/sam/moveit2/install/moveit_hybrid_planning:/home/sam/moveit2/install/moveit_ros_planning_interface:/home/sam/moveit2/install/moveit_ros_benchmarks:/home/sam/moveit2/install/moveit_ros_warehouse:/home/sam/moveit2/install/moveit_ros_robot_interaction:/home/sam/moveit2/install/moveit_ros_perception:/home/sam/moveit2/install/moveit_resources_prbt_pg70_support:/home/sam/moveit2/install/moveit_resources_prbt_moveit_config:/home/sam/moveit2/install/moveit_ros_move_group:/home/sam/moveit2/install/moveit_planners_ompl:/home/sam/moveit2/install/moveit_kinematics:/home/sam/moveit2/install/moveit_ros_planning:/home/sam/moveit2/install/moveit_ros_occupancy_map_monitor:/home/sam/moveit2/install/moveit_resources_prbt_support:/home/sam/moveit2/install/moveit_resources_prbt_ikfast_manipulator_plugin:/home/sam/moveit2/install/moveit_resources:/home/sam/moveit2/install/moveit_resources_pr2_description:/home/sam/moveit2/install/moveit_resources_panda_moveit_config:/home/sam/moveit2/install/dual_arm_panda_moveit_config:/home/sam/moveit2/install/moveit_resources_panda_description:/home/sam/moveit2/install/moveit_resources_fanuc_moveit_config:/home/sam/moveit2/install/moveit_resources_fanuc_description:/home/sam/moveit2/install/moveit_planners_stomp:/home/sam/moveit2/install/moveit_planners_chomp:/home/sam/moveit2/install/chomp_motion_planner:/home/sam/moveit2/install/moveit_core:/home/sam/moveit2/install/moveit_msgs:/home/sam/moveit2/install/moveit_common:/home/sam/moveit2/install/geometric_shapes:/home/sam/ros2_ws/install/ros2_grasshopper:/home/sam/ros2_ws/install/ros2_file_server:/home/sam/ros2_ws/install/my_orbbec:/home/sam/ros2_ws/install/fanuc_srvs:/home/sam/ros2_ws/install/fanuc_srvs_msgs:/home/sam/ros2_ws/install/fanuc_control:/home/sam/ros2_ws/install/fanuc_rmi:/home/sam/ros2_ws/install/fanuc_eth_ip:/home/sam/ros2_ws/install/crx5ia_moveit_config:/home/sam/ros2_ws/install/crx25ia_l_moveit_config:/home/sam/ros2_ws/install/crx20ia_l_moveit_config:/home/sam/ros2_ws/install/crx10ia_moveit_config:/home/sam/ros2_ws/install/crx10ia_l_moveit_config:/home/sam/ros2_ws/install/crx_description:/home/sam/moveit2/install/moveit_configs_utils:/opt/ros/humble LD_LIBRARY_PATH=/home/sam/wsg50/install/wsg_50_common/lib:${LD_LIBRARY_PATH} PYTHONPATH=/home/sam/wsg50/install/wsg_50_common/local/lib/python3.10/dist-packages:${PYTHONPATH} /usr/bin/cmake --build /home/sam/wsg50/build/wsg_50_driver -- -j8 -l8
[3.764s] DEBUG:colcon.colcon_core.event_handler.log_command:Invoked command in '/home/sam/wsg50/build/wsg_50_driver' returned '0': AMENT_PREFIX_PATH=/home/sam/wsg50/install/wsg_50_common:${AMENT_PREFIX_PATH} CMAKE_PREFIX_PATH=/home/sam/wsg50/install/wsg_50_common:/home/sam/moveit2/install/pilz_industrial_motion_planner_testutils:/home/sam/moveit2/install/moveit_runtime:/home/sam/moveit2/install/moveit:/home/sam/moveit2/install/moveit_planners:/home/sam/moveit2/install/pilz_industrial_motion_planner:/home/sam/moveit2/install/moveit_ros_control_interface:/home/sam/moveit2/install/moveit_plugins:/home/sam/moveit2/install/moveit_simple_controller_manager:/home/sam/moveit2/install/moveit_setup_assistant:/home/sam/moveit2/install/moveit_setup_srdf_plugins:/home/sam/moveit2/install/moveit_setup_core_plugins:/home/sam/moveit2/install/moveit_setup_controllers:/home/sam/moveit2/install/moveit_setup_app_plugins:/home/sam/moveit2/install/moveit_setup_framework:/home/sam/moveit2/install/moveit_servo:/home/sam/moveit2/install/moveit_ros:/home/sam/moveit2/install/moveit_ros_visualization:/home/sam/moveit2/install/moveit_py:/home/sam/moveit2/install/moveit_hybrid_planning:/home/sam/moveit2/install/moveit_ros_planning_interface:/home/sam/moveit2/install/moveit_ros_benchmarks:/home/sam/moveit2/install/moveit_ros_warehouse:/home/sam/moveit2/install/moveit_ros_robot_interaction:/home/sam/moveit2/install/moveit_ros_perception:/home/sam/moveit2/install/moveit_resources_prbt_pg70_support:/home/sam/moveit2/install/moveit_resources_prbt_moveit_config:/home/sam/moveit2/install/moveit_ros_move_group:/home/sam/moveit2/install/moveit_planners_ompl:/home/sam/moveit2/install/moveit_kinematics:/home/sam/moveit2/install/moveit_ros_planning:/home/sam/moveit2/install/moveit_ros_occupancy_map_monitor:/home/sam/moveit2/install/moveit_resources_prbt_support:/home/sam/moveit2/install/moveit_resources_prbt_ikfast_manipulator_plugin:/home/sam/moveit2/install/moveit_resources:/home/sam/moveit2/install/moveit_resources_pr2_description:/home/sam/moveit2/install/moveit_resources_panda_moveit_config:/home/sam/moveit2/install/dual_arm_panda_moveit_config:/home/sam/moveit2/install/moveit_resources_panda_description:/home/sam/moveit2/install/moveit_resources_fanuc_moveit_config:/home/sam/moveit2/install/moveit_resources_fanuc_description:/home/sam/moveit2/install/moveit_planners_stomp:/home/sam/moveit2/install/moveit_planners_chomp:/home/sam/moveit2/install/chomp_motion_planner:/home/sam/moveit2/install/moveit_core:/home/sam/moveit2/install/moveit_msgs:/home/sam/moveit2/install/moveit_common:/home/sam/moveit2/install/geometric_shapes:/home/sam/ros2_ws/install/ros2_grasshopper:/home/sam/ros2_ws/install/ros2_file_server:/home/sam/ros2_ws/install/my_orbbec:/home/sam/ros2_ws/install/fanuc_srvs:/home/sam/ros2_ws/install/fanuc_srvs_msgs:/home/sam/ros2_ws/install/fanuc_control:/home/sam/ros2_ws/install/fanuc_rmi:/home/sam/ros2_ws/install/fanuc_eth_ip:/home/sam/ros2_ws/install/crx5ia_moveit_config:/home/sam/ros2_ws/install/crx25ia_l_moveit_config:/home/sam/ros2_ws/install/crx20ia_l_moveit_config:/home/sam/ros2_ws/install/crx10ia_moveit_config:/home/sam/ros2_ws/install/crx10ia_l_moveit_config:/home/sam/ros2_ws/install/crx_description:/home/sam/moveit2/install/moveit_configs_utils:/opt/ros/humble LD_LIBRARY_PATH=/home/sam/wsg50/install/wsg_50_common/lib:${LD_LIBRARY_PATH} PYTHONPATH=/home/sam/wsg50/install/wsg_50_common/local/lib/python3.10/dist-packages:${PYTHONPATH} /usr/bin/cmake --build /home/sam/wsg50/build/wsg_50_driver -- -j8 -l8
[3.768s] DEBUG:colcon.colcon_core.event_handler.log_command:Invoking command in '/home/sam/wsg50/build/wsg_50_driver': AMENT_PREFIX_PATH=/home/sam/wsg50/install/wsg_50_common:${AMENT_PREFIX_PATH} CMAKE_PREFIX_PATH=/home/sam/wsg50/install/wsg_50_common:/home/sam/moveit2/install/pilz_industrial_motion_planner_testutils:/home/sam/moveit2/install/moveit_runtime:/home/sam/moveit2/install/moveit:/home/sam/moveit2/install/moveit_planners:/home/sam/moveit2/install/pilz_industrial_motion_planner:/home/sam/moveit2/install/moveit_ros_control_interface:/home/sam/moveit2/install/moveit_plugins:/home/sam/moveit2/install/moveit_simple_controller_manager:/home/sam/moveit2/install/moveit_setup_assistant:/home/sam/moveit2/install/moveit_setup_srdf_plugins:/home/sam/moveit2/install/moveit_setup_core_plugins:/home/sam/moveit2/install/moveit_setup_controllers:/home/sam/moveit2/install/moveit_setup_app_plugins:/home/sam/moveit2/install/moveit_setup_framework:/home/sam/moveit2/install/moveit_servo:/home/sam/moveit2/install/moveit_ros:/home/sam/moveit2/install/moveit_ros_visualization:/home/sam/moveit2/install/moveit_py:/home/sam/moveit2/install/moveit_hybrid_planning:/home/sam/moveit2/install/moveit_ros_planning_interface:/home/sam/moveit2/install/moveit_ros_benchmarks:/home/sam/moveit2/install/moveit_ros_warehouse:/home/sam/moveit2/install/moveit_ros_robot_interaction:/home/sam/moveit2/install/moveit_ros_perception:/home/sam/moveit2/install/moveit_resources_prbt_pg70_support:/home/sam/moveit2/install/moveit_resources_prbt_moveit_config:/home/sam/moveit2/install/moveit_ros_move_group:/home/sam/moveit2/install/moveit_planners_ompl:/home/sam/moveit2/install/moveit_kinematics:/home/sam/moveit2/install/moveit_ros_planning:/home/sam/moveit2/install/moveit_ros_occupancy_map_monitor:/home/sam/moveit2/install/moveit_resources_prbt_support:/home/sam/moveit2/install/moveit_resources_prbt_ikfast_manipulator_plugin:/home/sam/moveit2/install/moveit_resources:/home/sam/moveit2/install/moveit_resources_pr2_description:/home/sam/moveit2/install/moveit_resources_panda_moveit_config:/home/sam/moveit2/install/dual_arm_panda_moveit_config:/home/sam/moveit2/install/moveit_resources_panda_description:/home/sam/moveit2/install/moveit_resources_fanuc_moveit_config:/home/sam/moveit2/install/moveit_resources_fanuc_description:/home/sam/moveit2/install/moveit_planners_stomp:/home/sam/moveit2/install/moveit_planners_chomp:/home/sam/moveit2/install/chomp_motion_planner:/home/sam/moveit2/install/moveit_core:/home/sam/moveit2/install/moveit_msgs:/home/sam/moveit2/install/moveit_common:/home/sam/moveit2/install/geometric_shapes:/home/sam/ros2_ws/install/ros2_grasshopper:/home/sam/ros2_ws/install/ros2_file_server:/home/sam/ros2_ws/install/my_orbbec:/home/sam/ros2_ws/install/fanuc_srvs:/home/sam/ros2_ws/install/fanuc_srvs_msgs:/home/sam/ros2_ws/install/fanuc_control:/home/sam/ros2_ws/install/fanuc_rmi:/home/sam/ros2_ws/install/fanuc_eth_ip:/home/sam/ros2_ws/install/crx5ia_moveit_config:/home/sam/ros2_ws/install/crx25ia_l_moveit_config:/home/sam/ros2_ws/install/crx20ia_l_moveit_config:/home/sam/ros2_ws/install/crx10ia_moveit_config:/home/sam/ros2_ws/install/crx10ia_l_moveit_config:/home/sam/ros2_ws/install/crx_description:/home/sam/moveit2/install/moveit_configs_utils:/opt/ros/humble LD_LIBRARY_PATH=/home/sam/wsg50/install/wsg_50_common/lib:${LD_LIBRARY_PATH} PYTHONPATH=/home/sam/wsg50/install/wsg_50_common/local/lib/python3.10/dist-packages:${PYTHONPATH} /usr/bin/cmake --install /home/sam/wsg50/build/wsg_50_driver
[3.812s] Level 1:colcon.colcon_core.environment:create_environment_scripts_only(wsg_50_driver)
[3.813s] Level 1:colcon.colcon_core.environment:checking '/home/sam/wsg50/install/wsg_50_driver' for CMake module files
[3.814s] DEBUG:colcon.colcon_core.event_handler.log_command:Invoked command in '/home/sam/wsg50/build/wsg_50_driver' returned '0': AMENT_PREFIX_PATH=/home/sam/wsg50/install/wsg_50_common:${AMENT_PREFIX_PATH} CMAKE_PREFIX_PATH=/home/sam/wsg50/install/wsg_50_common:/home/sam/moveit2/install/pilz_industrial_motion_planner_testutils:/home/sam/moveit2/install/moveit_runtime:/home/sam/moveit2/install/moveit:/home/sam/moveit2/install/moveit_planners:/home/sam/moveit2/install/pilz_industrial_motion_planner:/home/sam/moveit2/install/moveit_ros_control_interface:/home/sam/moveit2/install/moveit_plugins:/home/sam/moveit2/install/moveit_simple_controller_manager:/home/sam/moveit2/install/moveit_setup_assistant:/home/sam/moveit2/install/moveit_setup_srdf_plugins:/home/sam/moveit2/install/moveit_setup_core_plugins:/home/sam/moveit2/install/moveit_setup_controllers:/home/sam/moveit2/install/moveit_setup_app_plugins:/home/sam/moveit2/install/moveit_setup_framework:/home/sam/moveit2/install/moveit_servo:/home/sam/moveit2/install/moveit_ros:/home/sam/moveit2/install/moveit_ros_visualization:/home/sam/moveit2/install/moveit_py:/home/sam/moveit2/install/moveit_hybrid_planning:/home/sam/moveit2/install/moveit_ros_planning_interface:/home/sam/moveit2/install/moveit_ros_benchmarks:/home/sam/moveit2/install/moveit_ros_warehouse:/home/sam/moveit2/install/moveit_ros_robot_interaction:/home/sam/moveit2/install/moveit_ros_perception:/home/sam/moveit2/install/moveit_resources_prbt_pg70_support:/home/sam/moveit2/install/moveit_resources_prbt_moveit_config:/home/sam/moveit2/install/moveit_ros_move_group:/home/sam/moveit2/install/moveit_planners_ompl:/home/sam/moveit2/install/moveit_kinematics:/home/sam/moveit2/install/moveit_ros_planning:/home/sam/moveit2/install/moveit_ros_occupancy_map_monitor:/home/sam/moveit2/install/moveit_resources_prbt_support:/home/sam/moveit2/install/moveit_resources_prbt_ikfast_manipulator_plugin:/home/sam/moveit2/install/moveit_resources:/home/sam/moveit2/install/moveit_resources_pr2_description:/home/sam/moveit2/install/moveit_resources_panda_moveit_config:/home/sam/moveit2/install/dual_arm_panda_moveit_config:/home/sam/moveit2/install/moveit_resources_panda_description:/home/sam/moveit2/install/moveit_resources_fanuc_moveit_config:/home/sam/moveit2/install/moveit_resources_fanuc_description:/home/sam/moveit2/install/moveit_planners_stomp:/home/sam/moveit2/install/moveit_planners_chomp:/home/sam/moveit2/install/chomp_motion_planner:/home/sam/moveit2/install/moveit_core:/home/sam/moveit2/install/moveit_msgs:/home/sam/moveit2/install/moveit_common:/home/sam/moveit2/install/geometric_shapes:/home/sam/ros2_ws/install/ros2_grasshopper:/home/sam/ros2_ws/install/ros2_file_server:/home/sam/ros2_ws/install/my_orbbec:/home/sam/ros2_ws/install/fanuc_srvs:/home/sam/ros2_ws/install/fanuc_srvs_msgs:/home/sam/ros2_ws/install/fanuc_control:/home/sam/ros2_ws/install/fanuc_rmi:/home/sam/ros2_ws/install/fanuc_eth_ip:/home/sam/ros2_ws/install/crx5ia_moveit_config:/home/sam/ros2_ws/install/crx25ia_l_moveit_config:/home/sam/ros2_ws/install/crx20ia_l_moveit_config:/home/sam/ros2_ws/install/crx10ia_moveit_config:/home/sam/ros2_ws/install/crx10ia_l_moveit_config:/home/sam/ros2_ws/install/crx_description:/home/sam/moveit2/install/moveit_configs_utils:/opt/ros/humble LD_LIBRARY_PATH=/home/sam/wsg50/install/wsg_50_common/lib:${LD_LIBRARY_PATH} PYTHONPATH=/home/sam/wsg50/install/wsg_50_common/local/lib/python3.10/dist-packages:${PYTHONPATH} /usr/bin/cmake --install /home/sam/wsg50/build/wsg_50_driver
[3.815s] Level 1:colcon.colcon_core.environment:checking '/home/sam/wsg50/install/wsg_50_driver' for CMake config files
[3.815s] Level 1:colcon.colcon_core.shell:create_environment_hook('wsg_50_driver', 'cmake_prefix_path')
[3.816s] INFO:colcon.colcon_core.shell:Creating environment hook '/home/sam/wsg50/install/wsg_50_driver/share/wsg_50_driver/hook/cmake_prefix_path.ps1'
[3.816s] INFO:colcon.colcon_core.shell:Creating environment descriptor '/home/sam/wsg50/install/wsg_50_driver/share/wsg_50_driver/hook/cmake_prefix_path.dsv'
[3.817s] INFO:colcon.colcon_core.shell:Creating environment hook '/home/sam/wsg50/install/wsg_50_driver/share/wsg_50_driver/hook/cmake_prefix_path.sh'
[3.818s] Level 1:colcon.colcon_core.environment:checking '/home/sam/wsg50/install/wsg_50_driver/lib'
[3.818s] Level 1:colcon.colcon_core.environment:checking '/home/sam/wsg50/install/wsg_50_driver/bin'
[3.818s] Level 1:colcon.colcon_core.environment:checking '/home/sam/wsg50/install/wsg_50_driver/lib/pkgconfig/wsg_50_driver.pc'
[3.819s] Level 1:colcon.colcon_core.environment:checking '/home/sam/wsg50/install/wsg_50_driver/lib/python3.10/site-packages'
[3.819s] Level 1:colcon.colcon_core.environment:checking '/home/sam/wsg50/install/wsg_50_driver/bin'
[3.820s] INFO:colcon.colcon_core.shell:Creating package script '/home/sam/wsg50/install/wsg_50_driver/share/wsg_50_driver/package.ps1'
[3.821s] INFO:colcon.colcon_core.shell:Creating package descriptor '/home/sam/wsg50/install/wsg_50_driver/share/wsg_50_driver/package.dsv'
[3.821s] INFO:colcon.colcon_core.shell:Creating package script '/home/sam/wsg50/install/wsg_50_driver/share/wsg_50_driver/package.sh'
[3.822s] INFO:colcon.colcon_core.shell:Creating package script '/home/sam/wsg50/install/wsg_50_driver/share/wsg_50_driver/package.bash'
[3.823s] INFO:colcon.colcon_core.shell:Creating package script '/home/sam/wsg50/install/wsg_50_driver/share/wsg_50_driver/package.zsh'
[3.823s] Level 1:colcon.colcon_core.environment:create_file_with_runtime_dependencies(/home/sam/wsg50/install/wsg_50_driver/share/colcon-core/packages/wsg_50_driver)
[3.824s] Level 1:colcon.colcon_core.environment:create_environment_scripts_only(wsg_50_driver)
[3.825s] Level 1:colcon.colcon_core.environment:checking '/home/sam/wsg50/install/wsg_50_driver' for CMake module files
[3.826s] Level 1:colcon.colcon_core.environment:checking '/home/sam/wsg50/install/wsg_50_driver' for CMake config files
[3.826s] Level 1:colcon.colcon_core.shell:create_environment_hook('wsg_50_driver', 'cmake_prefix_path')
[3.826s] INFO:colcon.colcon_core.shell:Creating environment hook '/home/sam/wsg50/install/wsg_50_driver/share/wsg_50_driver/hook/cmake_prefix_path.ps1'
[3.828s] INFO:colcon.colcon_core.shell:Creating environment descriptor '/home/sam/wsg50/install/wsg_50_driver/share/wsg_50_driver/hook/cmake_prefix_path.dsv'
[3.829s] INFO:colcon.colcon_core.shell:Creating environment hook '/home/sam/wsg50/install/wsg_50_driver/share/wsg_50_driver/hook/cmake_prefix_path.sh'
[3.830s] Level 1:colcon.colcon_core.environment:checking '/home/sam/wsg50/install/wsg_50_driver/lib'
[3.830s] Level 1:colcon.colcon_core.environment:checking '/home/sam/wsg50/install/wsg_50_driver/bin'
[3.830s] Level 1:colcon.colcon_core.environment:checking '/home/sam/wsg50/install/wsg_50_driver/lib/pkgconfig/wsg_50_driver.pc'
[3.831s] Level 1:colcon.colcon_core.environment:checking '/home/sam/wsg50/install/wsg_50_driver/lib/python3.10/site-packages'
[3.831s] Level 1:colcon.colcon_core.environment:checking '/home/sam/wsg50/install/wsg_50_driver/bin'
[3.832s] INFO:colcon.colcon_core.shell:Creating package script '/home/sam/wsg50/install/wsg_50_driver/share/wsg_50_driver/package.ps1'
[3.833s] INFO:colcon.colcon_core.shell:Creating package descriptor '/home/sam/wsg50/install/wsg_50_driver/share/wsg_50_driver/package.dsv'
[3.833s] INFO:colcon.colcon_core.shell:Creating package script '/home/sam/wsg50/install/wsg_50_driver/share/wsg_50_driver/package.sh'
[3.834s] INFO:colcon.colcon_core.shell:Creating package script '/home/sam/wsg50/install/wsg_50_driver/share/wsg_50_driver/package.bash'
[3.835s] INFO:colcon.colcon_core.shell:Creating package script '/home/sam/wsg50/install/wsg_50_driver/share/wsg_50_driver/package.zsh'
[3.836s] Level 1:colcon.colcon_core.environment:create_file_with_runtime_dependencies(/home/sam/wsg50/install/wsg_50_driver/share/colcon-core/packages/wsg_50_driver)
[3.837s] INFO:colcon.colcon_ros.task.ament_cmake.build:Building ROS package in '/home/sam/wsg50/src/wsg_50_interface' with build type 'ament_cmake'
[3.837s] INFO:colcon.colcon_cmake.task.cmake.build:Building CMake package in '/home/sam/wsg50/src/wsg_50_interface'
[3.838s] INFO:colcon.colcon_core.shell:Skip shell extension 'powershell' for command environment: Not usable outside of PowerShell
[3.838s] DEBUG:colcon.colcon_core.shell:Skip shell extension 'dsv' for command environment
[4.265s] DEBUG:colcon.colcon_core.event_handler.log_command:Invoking command in '/home/sam/wsg50/build/wsg_50_interface': AMENT_PREFIX_PATH=/home/sam/wsg50/install/wsg_50_driver:/home/sam/wsg50/install/wsg_50_common:${AMENT_PREFIX_PATH} CMAKE_PREFIX_PATH=/home/sam/wsg50/install/wsg_50_driver:/home/sam/wsg50/install/wsg_50_common:/home/sam/moveit2/install/pilz_industrial_motion_planner_testutils:/home/sam/moveit2/install/moveit_runtime:/home/sam/moveit2/install/moveit:/home/sam/moveit2/install/moveit_planners:/home/sam/moveit2/install/pilz_industrial_motion_planner:/home/sam/moveit2/install/moveit_ros_control_interface:/home/sam/moveit2/install/moveit_plugins:/home/sam/moveit2/install/moveit_simple_controller_manager:/home/sam/moveit2/install/moveit_setup_assistant:/home/sam/moveit2/install/moveit_setup_srdf_plugins:/home/sam/moveit2/install/moveit_setup_core_plugins:/home/sam/moveit2/install/moveit_setup_controllers:/home/sam/moveit2/install/moveit_setup_app_plugins:/home/sam/moveit2/install/moveit_setup_framework:/home/sam/moveit2/install/moveit_servo:/home/sam/moveit2/install/moveit_ros:/home/sam/moveit2/install/moveit_ros_visualization:/home/sam/moveit2/install/moveit_py:/home/sam/moveit2/install/moveit_hybrid_planning:/home/sam/moveit2/install/moveit_ros_planning_interface:/home/sam/moveit2/install/moveit_ros_benchmarks:/home/sam/moveit2/install/moveit_ros_warehouse:/home/sam/moveit2/install/moveit_ros_robot_interaction:/home/sam/moveit2/install/moveit_ros_perception:/home/sam/moveit2/install/moveit_resources_prbt_pg70_support:/home/sam/moveit2/install/moveit_resources_prbt_moveit_config:/home/sam/moveit2/install/moveit_ros_move_group:/home/sam/moveit2/install/moveit_planners_ompl:/home/sam/moveit2/install/moveit_kinematics:/home/sam/moveit2/install/moveit_ros_planning:/home/sam/moveit2/install/moveit_ros_occupancy_map_monitor:/home/sam/moveit2/install/moveit_resources_prbt_support:/home/sam/moveit2/install/moveit_resources_prbt_ikfast_manipulator_plugin:/home/sam/moveit2/install/moveit_resources:/home/sam/moveit2/install/moveit_resources_pr2_description:/home/sam/moveit2/install/moveit_resources_panda_moveit_config:/home/sam/moveit2/install/dual_arm_panda_moveit_config:/home/sam/moveit2/install/moveit_resources_panda_description:/home/sam/moveit2/install/moveit_resources_fanuc_moveit_config:/home/sam/moveit2/install/moveit_resources_fanuc_description:/home/sam/moveit2/install/moveit_planners_stomp:/home/sam/moveit2/install/moveit_planners_chomp:/home/sam/moveit2/install/chomp_motion_planner:/home/sam/moveit2/install/moveit_core:/home/sam/moveit2/install/moveit_msgs:/home/sam/moveit2/install/moveit_common:/home/sam/moveit2/install/geometric_shapes:/home/sam/ros2_ws/install/ros2_grasshopper:/home/sam/ros2_ws/install/ros2_file_server:/home/sam/ros2_ws/install/my_orbbec:/home/sam/ros2_ws/install/fanuc_srvs:/home/sam/ros2_ws/install/fanuc_srvs_msgs:/home/sam/ros2_ws/install/fanuc_control:/home/sam/ros2_ws/install/fanuc_rmi:/home/sam/ros2_ws/install/fanuc_eth_ip:/home/sam/ros2_ws/install/crx5ia_moveit_config:/home/sam/ros2_ws/install/crx25ia_l_moveit_config:/home/sam/ros2_ws/install/crx20ia_l_moveit_config:/home/sam/ros2_ws/install/crx10ia_moveit_config:/home/sam/ros2_ws/install/crx10ia_l_moveit_config:/home/sam/ros2_ws/install/crx_description:/home/sam/moveit2/install/moveit_configs_utils:/opt/ros/humble LD_LIBRARY_PATH=/home/sam/wsg50/install/wsg_50_driver/lib:/home/sam/wsg50/install/wsg_50_common/lib:${LD_LIBRARY_PATH} PYTHONPATH=/home/sam/wsg50/install/wsg_50_common/local/lib/python3.10/dist-packages:${PYTHONPATH} /usr/bin/cmake --build /home/sam/wsg50/build/wsg_50_interface -- -j8 -l8
[12.495s] DEBUG:colcon.colcon_core.event_handler.log_command:Invoked command in '/home/sam/wsg50/build/wsg_50_interface' returned '2': AMENT_PREFIX_PATH=/home/sam/wsg50/install/wsg_50_driver:/home/sam/wsg50/install/wsg_50_common:${AMENT_PREFIX_PATH} CMAKE_PREFIX_PATH=/home/sam/wsg50/install/wsg_50_driver:/home/sam/wsg50/install/wsg_50_common:/home/sam/moveit2/install/pilz_industrial_motion_planner_testutils:/home/sam/moveit2/install/moveit_runtime:/home/sam/moveit2/install/moveit:/home/sam/moveit2/install/moveit_planners:/home/sam/moveit2/install/pilz_industrial_motion_planner:/home/sam/moveit2/install/moveit_ros_control_interface:/home/sam/moveit2/install/moveit_plugins:/home/sam/moveit2/install/moveit_simple_controller_manager:/home/sam/moveit2/install/moveit_setup_assistant:/home/sam/moveit2/install/moveit_setup_srdf_plugins:/home/sam/moveit2/install/moveit_setup_core_plugins:/home/sam/moveit2/install/moveit_setup_controllers:/home/sam/moveit2/install/moveit_setup_app_plugins:/home/sam/moveit2/install/moveit_setup_framework:/home/sam/moveit2/install/moveit_servo:/home/sam/moveit2/install/moveit_ros:/home/sam/moveit2/install/moveit_ros_visualization:/home/sam/moveit2/install/moveit_py:/home/sam/moveit2/install/moveit_hybrid_planning:/home/sam/moveit2/install/moveit_ros_planning_interface:/home/sam/moveit2/install/moveit_ros_benchmarks:/home/sam/moveit2/install/moveit_ros_warehouse:/home/sam/moveit2/install/moveit_ros_robot_interaction:/home/sam/moveit2/install/moveit_ros_perception:/home/sam/moveit2/install/moveit_resources_prbt_pg70_support:/home/sam/moveit2/install/moveit_resources_prbt_moveit_config:/home/sam/moveit2/install/moveit_ros_move_group:/home/sam/moveit2/install/moveit_planners_ompl:/home/sam/moveit2/install/moveit_kinematics:/home/sam/moveit2/install/moveit_ros_planning:/home/sam/moveit2/install/moveit_ros_occupancy_map_monitor:/home/sam/moveit2/install/moveit_resources_prbt_support:/home/sam/moveit2/install/moveit_resources_prbt_ikfast_manipulator_plugin:/home/sam/moveit2/install/moveit_resources:/home/sam/moveit2/install/moveit_resources_pr2_description:/home/sam/moveit2/install/moveit_resources_panda_moveit_config:/home/sam/moveit2/install/dual_arm_panda_moveit_config:/home/sam/moveit2/install/moveit_resources_panda_description:/home/sam/moveit2/install/moveit_resources_fanuc_moveit_config:/home/sam/moveit2/install/moveit_resources_fanuc_description:/home/sam/moveit2/install/moveit_planners_stomp:/home/sam/moveit2/install/moveit_planners_chomp:/home/sam/moveit2/install/chomp_motion_planner:/home/sam/moveit2/install/moveit_core:/home/sam/moveit2/install/moveit_msgs:/home/sam/moveit2/install/moveit_common:/home/sam/moveit2/install/geometric_shapes:/home/sam/ros2_ws/install/ros2_grasshopper:/home/sam/ros2_ws/install/ros2_file_server:/home/sam/ros2_ws/install/my_orbbec:/home/sam/ros2_ws/install/fanuc_srvs:/home/sam/ros2_ws/install/fanuc_srvs_msgs:/home/sam/ros2_ws/install/fanuc_control:/home/sam/ros2_ws/install/fanuc_rmi:/home/sam/ros2_ws/install/fanuc_eth_ip:/home/sam/ros2_ws/install/crx5ia_moveit_config:/home/sam/ros2_ws/install/crx25ia_l_moveit_config:/home/sam/ros2_ws/install/crx20ia_l_moveit_config:/home/sam/ros2_ws/install/crx10ia_moveit_config:/home/sam/ros2_ws/install/crx10ia_l_moveit_config:/home/sam/ros2_ws/install/crx_description:/home/sam/moveit2/install/moveit_configs_utils:/opt/ros/humble LD_LIBRARY_PATH=/home/sam/wsg50/install/wsg_50_driver/lib:/home/sam/wsg50/install/wsg_50_common/lib:${LD_LIBRARY_PATH} PYTHONPATH=/home/sam/wsg50/install/wsg_50_common/local/lib/python3.10/dist-packages:${PYTHONPATH} /usr/bin/cmake --build /home/sam/wsg50/build/wsg_50_interface -- -j8 -l8
[12.497s] Level 1:colcon.colcon_core.environment:create_environment_scripts_only(wsg_50_interface)
[12.498s] Level 1:colcon.colcon_core.environment:checking '/home/sam/wsg50/install/wsg_50_interface' for CMake module files
[12.499s] Level 1:colcon.colcon_core.environment:checking '/home/sam/wsg50/install/wsg_50_interface' for CMake config files
[12.500s] Level 1:colcon.colcon_core.environment:checking '/home/sam/wsg50/install/wsg_50_interface/bin'
[12.500s] Level 1:colcon.colcon_core.environment:checking '/home/sam/wsg50/install/wsg_50_interface/lib/pkgconfig/wsg_50_interface.pc'
[12.500s] Level 1:colcon.colcon_core.environment:checking '/home/sam/wsg50/install/wsg_50_interface/lib/python3.10/site-packages'
[12.501s] Level 1:colcon.colcon_core.environment:checking '/home/sam/wsg50/install/wsg_50_interface/bin'
[12.501s] INFO:colcon.colcon_core.shell:Creating package script '/home/sam/wsg50/install/wsg_50_interface/share/wsg_50_interface/package.ps1'
[12.502s] INFO:colcon.colcon_core.shell:Creating package descriptor '/home/sam/wsg50/install/wsg_50_interface/share/wsg_50_interface/package.dsv'
[12.503s] INFO:colcon.colcon_core.shell:Creating package script '/home/sam/wsg50/install/wsg_50_interface/share/wsg_50_interface/package.sh'
[12.504s] INFO:colcon.colcon_core.shell:Creating package script '/home/sam/wsg50/install/wsg_50_interface/share/wsg_50_interface/package.bash'
[12.505s] INFO:colcon.colcon_core.shell:Creating package script '/home/sam/wsg50/install/wsg_50_interface/share/wsg_50_interface/package.zsh'
[12.506s] Level 1:colcon.colcon_core.environment:create_file_with_runtime_dependencies(/home/sam/wsg50/install/wsg_50_interface/share/colcon-core/packages/wsg_50_interface)
[12.517s] DEBUG:colcon.colcon_parallel_executor.executor.parallel:closing loop
[12.518s] DEBUG:colcon.colcon_parallel_executor.executor.parallel:loop closed
[12.518s] DEBUG:colcon.colcon_parallel_executor.executor.parallel:run_until_complete finished with '2'
[12.519s] DEBUG:colcon.colcon_core.event_reactor:joining thread
[12.683s] INFO:colcon.colcon_core.plugin_system:Skipping extension 'colcon_notification.desktop_notification.notify_send': Could not find 'notify-send'
[12.683s] INFO:colcon.colcon_core.plugin_system:Skipping extension 'colcon_notification.desktop_notification.terminal_notifier': Not used on non-Darwin systems
[12.683s] INFO:colcon.colcon_core.plugin_system:Skipping extension 'colcon_notification.desktop_notification.win32': Not used on non-Windows systems
[12.683s] INFO:colcon.colcon_notification.desktop_notification:Sending desktop notification using 'notify2'
[12.686s] DEBUG:colcon.colcon_notification.desktop_notification.notify2:Failed to initialize notify2: org.freedesktop.DBus.Error.ServiceUnknown: The name org.freedesktop.Notifications was not provided by any .service files
[12.686s] DEBUG:colcon.colcon_core.event_reactor:joined thread
[12.687s] INFO:colcon.colcon_core.shell:Creating prefix script '/home/sam/wsg50/install/local_setup.ps1'
[12.690s] INFO:colcon.colcon_core.shell:Creating prefix util module '/home/sam/wsg50/install/_local_setup_util_ps1.py'
[12.694s] INFO:colcon.colcon_core.shell:Creating prefix chain script '/home/sam/wsg50/install/setup.ps1'
[12.705s] INFO:colcon.colcon_core.shell:Creating prefix script '/home/sam/wsg50/install/local_setup.sh'
[12.706s] INFO:colcon.colcon_core.shell:Creating prefix util module '/home/sam/wsg50/install/_local_setup_util_sh.py'
[12.708s] INFO:colcon.colcon_core.shell:Creating prefix chain script '/home/sam/wsg50/install/setup.sh'
[12.717s] INFO:colcon.colcon_core.shell:Creating prefix script '/home/sam/wsg50/install/local_setup.bash'
[12.718s] INFO:colcon.colcon_core.shell:Creating prefix chain script '/home/sam/wsg50/install/setup.bash'
[12.727s] INFO:colcon.colcon_core.shell:Creating prefix script '/home/sam/wsg50/install/local_setup.zsh'
[12.729s] INFO:colcon.colcon_core.shell:Creating prefix chain script '/home/sam/wsg50/install/setup.zsh'
