[100%] Built target wsg_50_interface
-- Install configuration: ""
-- Up-to-date: /home/sam/wsg50/install/wsg_50_interface/share/wsg_50_interface/wsg_50_hardware.xml
-- Up-to-date: /home/sam/wsg50/install/wsg_50_interface/include/
-- Up-to-date: /home/sam/wsg50/install/wsg_50_interface/include//wsg_50_interface
-- Up-to-date: /home/sam/wsg50/install/wsg_50_interface/include//wsg_50_interface/wsg_50.hpp
-- Up-to-date: /home/sam/wsg50/install/wsg_50_interface/include//wsg_50_interface/wsg_ros_interface.hpp
-- Up-to-date: /home/sam/wsg50/install/wsg_50_interface/lib/libwsg_50_interface.so
-- Up-to-date: /home/sam/wsg50/install/wsg_50_interface/share/wsg_50_interface/wsg_hardware.xml
-- Up-to-date: /home/sam/wsg50/install/wsg_50_interface/share/wsg_50_interface/environment/library_path.sh
-- Up-to-date: /home/sam/wsg50/install/wsg_50_interface/share/wsg_50_interface/environment/library_path.dsv
-- Up-to-date: /home/sam/wsg50/install/wsg_50_interface/share/ament_index/resource_index/package_run_dependencies/wsg_50_interface
-- Up-to-date: /home/sam/wsg50/install/wsg_50_interface/share/ament_index/resource_index/parent_prefix_path/wsg_50_interface
-- Up-to-date: /home/sam/wsg50/install/wsg_50_interface/share/wsg_50_interface/environment/ament_prefix_path.sh
-- Up-to-date: /home/sam/wsg50/install/wsg_50_interface/share/wsg_50_interface/environment/ament_prefix_path.dsv
-- Up-to-date: /home/sam/wsg50/install/wsg_50_interface/share/wsg_50_interface/environment/path.sh
-- Up-to-date: /home/sam/wsg50/install/wsg_50_interface/share/wsg_50_interface/environment/path.dsv
-- Up-to-date: /home/sam/wsg50/install/wsg_50_interface/share/wsg_50_interface/local_setup.bash
-- Up-to-date: /home/sam/wsg50/install/wsg_50_interface/share/wsg_50_interface/local_setup.sh
-- Up-to-date: /home/sam/wsg50/install/wsg_50_interface/share/wsg_50_interface/local_setup.zsh
-- Up-to-date: /home/sam/wsg50/install/wsg_50_interface/share/wsg_50_interface/local_setup.dsv
-- Installing: /home/sam/wsg50/install/wsg_50_interface/share/wsg_50_interface/package.dsv
-- Up-to-date: /home/sam/wsg50/install/wsg_50_interface/share/ament_index/resource_index/packages/wsg_50_interface
-- Up-to-date: /home/sam/wsg50/install/wsg_50_interface/share/ament_index/resource_index/hardware_interface__pluginlib__plugin/wsg_50_interface
-- Up-to-date: /home/sam/wsg50/install/wsg_50_interface/share/wsg_50_interface/cmake/ament_cmake_export_dependencies-extras.cmake
-- Up-to-date: /home/sam/wsg50/install/wsg_50_interface/share/wsg_50_interface/cmake/ament_cmake_export_include_directories-extras.cmake
-- Up-to-date: /home/sam/wsg50/install/wsg_50_interface/share/wsg_50_interface/cmake/ament_cmake_export_libraries-extras.cmake
-- Up-to-date: /home/sam/wsg50/install/wsg_50_interface/share/wsg_50_interface/cmake/wsg_50_interfaceConfig.cmake
-- Up-to-date: /home/sam/wsg50/install/wsg_50_interface/share/wsg_50_interface/cmake/wsg_50_interfaceConfig-version.cmake
-- Up-to-date: /home/sam/wsg50/install/wsg_50_interface/share/wsg_50_interface/package.xml
