[0.593s] DEBUG:colcon:Command line arguments: ['/usr/bin/colcon', 'build']
[0.594s] DEBUG:colcon:Parsed command line arguments: Namespace(log_base=None, log_level=None, verb_name='build', build_base='build', install_base='install', merge_install=False, symlink_install=False, test_result_base=None, continue_on_error=False, executor='parallel', parallel_workers=8, event_handlers=None, ignore_user_meta=False, metas=['./colcon.meta'], base_paths=['.'], packages_ignore=None, packages_ignore_regex=None, paths=None, packages_up_to=None, packages_up_to_regex=None, packages_above=None, packages_above_and_dependencies=None, packages_above_depth=None, packages_select_by_dep=None, packages_skip_by_dep=None, packages_skip_up_to=None, packages_select_build_failed=False, packages_skip_build_finished=False, packages_select_test_failures=False, packages_skip_test_passed=False, packages_select=None, packages_skip=None, packages_select_regex=None, packages_skip_regex=None, packages_start=None, packages_end=None, allow_overriding=[], cmake_args=None, cmake_target=None, cmake_target_skip_unavailable=False, cmake_clean_cache=False, cmake_clean_first=False, cmake_force_configure=False, ament_cmake_args=None, catkin_cmake_args=None, catkin_skip_building_tests=False, mixin_files=None, mixin=None, verb_parser=<colcon_mixin.mixin.mixin_argument.MixinArgumentDecorator object at 0x7d54ced5e860>, verb_extension=<colcon_core.verb.build.BuildVerb object at 0x7d54cee74610>, main=<bound method BuildVerb.main of <colcon_core.verb.build.BuildVerb object at 0x7d54cee74610>>, mixin_verb=('build',))
[0.995s] Level 1:colcon.colcon_core.package_discovery:discover_packages(colcon_meta) check parameters
[0.996s] Level 1:colcon.colcon_core.package_discovery:discover_packages(recursive) check parameters
[0.996s] Level 1:colcon.colcon_core.package_discovery:discover_packages(ignore) check parameters
[0.996s] Level 1:colcon.colcon_core.package_discovery:discover_packages(path) check parameters
[0.996s] Level 1:colcon.colcon_core.package_discovery:discover_packages(colcon_meta) discover
[0.996s] Level 1:colcon.colcon_core.package_discovery:discover_packages(recursive) discover
[0.996s] INFO:colcon.colcon_core.package_discovery:Crawling recursively for packages in '/home/sam/wsg50'
[0.996s] Level 1:colcon.colcon_core.package_identification:_identify(.) by extensions ['ignore', 'ignore_ament_install']
[0.996s] Level 1:colcon.colcon_core.package_identification:_identify(.) by extension 'ignore'
[0.996s] Level 1:colcon.colcon_core.package_identification:_identify(.) by extension 'ignore_ament_install'
[0.997s] Level 1:colcon.colcon_core.package_identification:_identify(.) by extensions ['colcon_pkg']
[0.997s] Level 1:colcon.colcon_core.package_identification:_identify(.) by extension 'colcon_pkg'
[0.997s] Level 1:colcon.colcon_core.package_identification:_identify(.) by extensions ['colcon_meta']
[0.997s] Level 1:colcon.colcon_core.package_identification:_identify(.) by extension 'colcon_meta'
[0.997s] Level 1:colcon.colcon_core.package_identification:_identify(.) by extensions ['ros']
[0.997s] Level 1:colcon.colcon_core.package_identification:_identify(.) by extension 'ros'
[1.019s] Level 1:colcon.colcon_core.package_identification:_identify(.) by extensions ['cmake', 'python']
[1.019s] Level 1:colcon.colcon_core.package_identification:_identify(.) by extension 'cmake'
[1.019s] Level 1:colcon.colcon_core.package_identification:_identify(.) by extension 'python'
[1.019s] Level 1:colcon.colcon_core.package_identification:_identify(.) by extensions ['python_setup_py']
[1.019s] Level 1:colcon.colcon_core.package_identification:_identify(.) by extension 'python_setup_py'
[1.019s] Level 1:colcon.colcon_core.package_identification:_identify(build) by extensions ['ignore', 'ignore_ament_install']
[1.020s] Level 1:colcon.colcon_core.package_identification:_identify(build) by extension 'ignore'
[1.020s] Level 1:colcon.colcon_core.package_identification:_identify(build) ignored
[1.020s] Level 1:colcon.colcon_core.package_identification:_identify(install) by extensions ['ignore', 'ignore_ament_install']
[1.020s] Level 1:colcon.colcon_core.package_identification:_identify(install) by extension 'ignore'
[1.020s] Level 1:colcon.colcon_core.package_identification:_identify(install) ignored
[1.021s] Level 1:colcon.colcon_core.package_identification:_identify(log) by extensions ['ignore', 'ignore_ament_install']
[1.021s] Level 1:colcon.colcon_core.package_identification:_identify(log) by extension 'ignore'
[1.021s] Level 1:colcon.colcon_core.package_identification:_identify(log) ignored
[1.021s] Level 1:colcon.colcon_core.package_identification:_identify(src) by extensions ['ignore', 'ignore_ament_install']
[1.021s] Level 1:colcon.colcon_core.package_identification:_identify(src) by extension 'ignore'
[1.021s] Level 1:colcon.colcon_core.package_identification:_identify(src) by extension 'ignore_ament_install'
[1.021s] Level 1:colcon.colcon_core.package_identification:_identify(src) by extensions ['colcon_pkg']
[1.021s] Level 1:colcon.colcon_core.package_identification:_identify(src) by extension 'colcon_pkg'
[1.022s] Level 1:colcon.colcon_core.package_identification:_identify(src) by extensions ['colcon_meta']
[1.022s] Level 1:colcon.colcon_core.package_identification:_identify(src) by extension 'colcon_meta'
[1.022s] Level 1:colcon.colcon_core.package_identification:_identify(src) by extensions ['ros']
[1.022s] Level 1:colcon.colcon_core.package_identification:_identify(src) by extension 'ros'
[1.022s] Level 1:colcon.colcon_core.package_identification:_identify(src) by extensions ['cmake', 'python']
[1.022s] Level 1:colcon.colcon_core.package_identification:_identify(src) by extension 'cmake'
[1.022s] Level 1:colcon.colcon_core.package_identification:_identify(src) by extension 'python'
[1.022s] Level 1:colcon.colcon_core.package_identification:_identify(src) by extensions ['python_setup_py']
[1.022s] Level 1:colcon.colcon_core.package_identification:_identify(src) by extension 'python_setup_py'
[1.022s] Level 1:colcon.colcon_core.package_identification:_identify(src/doc) by extensions ['ignore', 'ignore_ament_install']
[1.022s] Level 1:colcon.colcon_core.package_identification:_identify(src/doc) by extension 'ignore'
[1.023s] Level 1:colcon.colcon_core.package_identification:_identify(src/doc) by extension 'ignore_ament_install'
[1.023s] Level 1:colcon.colcon_core.package_identification:_identify(src/doc) by extensions ['colcon_pkg']
[1.023s] Level 1:colcon.colcon_core.package_identification:_identify(src/doc) by extension 'colcon_pkg'
[1.023s] Level 1:colcon.colcon_core.package_identification:_identify(src/doc) by extensions ['colcon_meta']
[1.023s] Level 1:colcon.colcon_core.package_identification:_identify(src/doc) by extension 'colcon_meta'
[1.023s] Level 1:colcon.colcon_core.package_identification:_identify(src/doc) by extensions ['ros']
[1.023s] Level 1:colcon.colcon_core.package_identification:_identify(src/doc) by extension 'ros'
[1.023s] Level 1:colcon.colcon_core.package_identification:_identify(src/doc) by extensions ['cmake', 'python']
[1.023s] Level 1:colcon.colcon_core.package_identification:_identify(src/doc) by extension 'cmake'
[1.023s] Level 1:colcon.colcon_core.package_identification:_identify(src/doc) by extension 'python'
[1.023s] Level 1:colcon.colcon_core.package_identification:_identify(src/doc) by extensions ['python_setup_py']
[1.023s] Level 1:colcon.colcon_core.package_identification:_identify(src/doc) by extension 'python_setup_py'
[1.024s] Level 1:colcon.colcon_core.package_identification:_identify(src/wsg_50_common) by extensions ['ignore', 'ignore_ament_install']
[1.024s] Level 1:colcon.colcon_core.package_identification:_identify(src/wsg_50_common) by extension 'ignore'
[1.024s] Level 1:colcon.colcon_core.package_identification:_identify(src/wsg_50_common) by extension 'ignore_ament_install'
[1.024s] Level 1:colcon.colcon_core.package_identification:_identify(src/wsg_50_common) by extensions ['colcon_pkg']
[1.024s] Level 1:colcon.colcon_core.package_identification:_identify(src/wsg_50_common) by extension 'colcon_pkg'
[1.024s] Level 1:colcon.colcon_core.package_identification:_identify(src/wsg_50_common) by extensions ['colcon_meta']
[1.024s] Level 1:colcon.colcon_core.package_identification:_identify(src/wsg_50_common) by extension 'colcon_meta'
[1.024s] Level 1:colcon.colcon_core.package_identification:_identify(src/wsg_50_common) by extensions ['ros']
[1.024s] Level 1:colcon.colcon_core.package_identification:_identify(src/wsg_50_common) by extension 'ros'
[1.029s] DEBUG:colcon.colcon_core.package_identification:Package 'src/wsg_50_common' with type 'ros.ament_cmake' and name 'wsg_50_common'
[1.029s] Level 1:colcon.colcon_core.package_identification:_identify(src/wsg_50_driver) by extensions ['ignore', 'ignore_ament_install']
[1.029s] Level 1:colcon.colcon_core.package_identification:_identify(src/wsg_50_driver) by extension 'ignore'
[1.030s] Level 1:colcon.colcon_core.package_identification:_identify(src/wsg_50_driver) by extension 'ignore_ament_install'
[1.030s] Level 1:colcon.colcon_core.package_identification:_identify(src/wsg_50_driver) by extensions ['colcon_pkg']
[1.030s] Level 1:colcon.colcon_core.package_identification:_identify(src/wsg_50_driver) by extension 'colcon_pkg'
[1.030s] Level 1:colcon.colcon_core.package_identification:_identify(src/wsg_50_driver) by extensions ['colcon_meta']
[1.030s] Level 1:colcon.colcon_core.package_identification:_identify(src/wsg_50_driver) by extension 'colcon_meta'
[1.031s] Level 1:colcon.colcon_core.package_identification:_identify(src/wsg_50_driver) by extensions ['ros']
[1.031s] Level 1:colcon.colcon_core.package_identification:_identify(src/wsg_50_driver) by extension 'ros'
[1.033s] DEBUG:colcon.colcon_core.package_identification:Package 'src/wsg_50_driver' with type 'ros.ament_cmake' and name 'wsg_50_driver'
[1.033s] Level 1:colcon.colcon_core.package_identification:_identify(src/wsg_50_interface) by extensions ['ignore', 'ignore_ament_install']
[1.034s] Level 1:colcon.colcon_core.package_identification:_identify(src/wsg_50_interface) by extension 'ignore'
[1.034s] Level 1:colcon.colcon_core.package_identification:_identify(src/wsg_50_interface) by extension 'ignore_ament_install'
[1.034s] Level 1:colcon.colcon_core.package_identification:_identify(src/wsg_50_interface) by extensions ['colcon_pkg']
[1.034s] Level 1:colcon.colcon_core.package_identification:_identify(src/wsg_50_interface) by extension 'colcon_pkg'
[1.035s] Level 1:colcon.colcon_core.package_identification:_identify(src/wsg_50_interface) by extensions ['colcon_meta']
[1.035s] Level 1:colcon.colcon_core.package_identification:_identify(src/wsg_50_interface) by extension 'colcon_meta'
[1.035s] Level 1:colcon.colcon_core.package_identification:_identify(src/wsg_50_interface) by extensions ['ros']
[1.035s] Level 1:colcon.colcon_core.package_identification:_identify(src/wsg_50_interface) by extension 'ros'
[1.037s] DEBUG:colcon.colcon_core.package_identification:Package 'src/wsg_50_interface' with type 'ros.ament_cmake' and name 'wsg_50_interface'
[1.037s] Level 1:colcon.colcon_core.package_identification:_identify(src/wsg_50_simulation) by extensions ['ignore', 'ignore_ament_install']
[1.038s] Level 1:colcon.colcon_core.package_identification:_identify(src/wsg_50_simulation) by extension 'ignore'
[1.038s] Level 1:colcon.colcon_core.package_identification:_identify(src/wsg_50_simulation) by extension 'ignore_ament_install'
[1.038s] Level 1:colcon.colcon_core.package_identification:_identify(src/wsg_50_simulation) by extensions ['colcon_pkg']
[1.038s] Level 1:colcon.colcon_core.package_identification:_identify(src/wsg_50_simulation) by extension 'colcon_pkg'
[1.038s] Level 1:colcon.colcon_core.package_identification:_identify(src/wsg_50_simulation) by extensions ['colcon_meta']
[1.038s] Level 1:colcon.colcon_core.package_identification:_identify(src/wsg_50_simulation) by extension 'colcon_meta'
[1.038s] Level 1:colcon.colcon_core.package_identification:_identify(src/wsg_50_simulation) by extensions ['ros']
[1.038s] Level 1:colcon.colcon_core.package_identification:_identify(src/wsg_50_simulation) by extension 'ros'
[1.039s] DEBUG:colcon.colcon_core.package_identification:Package 'src/wsg_50_simulation' with type 'ros.ament_cmake' and name 'wsg_50_simulation'
[1.039s] Level 1:colcon.colcon_core.package_discovery:discover_packages(recursive) using defaults
[1.039s] Level 1:colcon.colcon_core.package_discovery:discover_packages(ignore) discover
[1.040s] Level 1:colcon.colcon_core.package_discovery:discover_packages(ignore) using defaults
[1.040s] Level 1:colcon.colcon_core.package_discovery:discover_packages(path) discover
[1.040s] Level 1:colcon.colcon_core.package_discovery:discover_packages(path) using defaults
[1.105s] Level 1:colcon.colcon_core.package_discovery:discover_packages(prefix_path) check parameters
[1.105s] Level 1:colcon.colcon_core.package_discovery:discover_packages(prefix_path) discover
[1.117s] DEBUG:colcon.colcon_installed_package_information.package_discovery:Found 4 installed packages in /home/sam/wsg50/install
[1.121s] DEBUG:colcon.colcon_installed_package_information.package_discovery:Found 49 installed packages in /home/sam/moveit2/install
[1.123s] DEBUG:colcon.colcon_installed_package_information.package_discovery:Found 14 installed packages in /home/sam/ros2_ws/install
[1.126s] DEBUG:colcon.colcon_installed_package_information.package_discovery:Found 357 installed packages in /opt/ros/humble
[1.130s] Level 1:colcon.colcon_core.package_discovery:discover_packages(prefix_path) using defaults
[1.268s] Level 5:colcon.colcon_core.verb:set package 'wsg_50_common' build argument 'cmake_args' from command line to 'None'
[1.268s] Level 5:colcon.colcon_core.verb:set package 'wsg_50_common' build argument 'cmake_target' from command line to 'None'
[1.268s] Level 5:colcon.colcon_core.verb:set package 'wsg_50_common' build argument 'cmake_target_skip_unavailable' from command line to 'False'
[1.268s] Level 5:colcon.colcon_core.verb:set package 'wsg_50_common' build argument 'cmake_clean_cache' from command line to 'False'
[1.268s] Level 5:colcon.colcon_core.verb:set package 'wsg_50_common' build argument 'cmake_clean_first' from command line to 'False'
[1.268s] Level 5:colcon.colcon_core.verb:set package 'wsg_50_common' build argument 'cmake_force_configure' from command line to 'False'
[1.268s] Level 5:colcon.colcon_core.verb:set package 'wsg_50_common' build argument 'ament_cmake_args' from command line to 'None'
[1.268s] Level 5:colcon.colcon_core.verb:set package 'wsg_50_common' build argument 'catkin_cmake_args' from command line to 'None'
[1.268s] Level 5:colcon.colcon_core.verb:set package 'wsg_50_common' build argument 'catkin_skip_building_tests' from command line to 'False'
[1.268s] DEBUG:colcon.colcon_core.verb:Building package 'wsg_50_common' with the following arguments: {'ament_cmake_args': None, 'build_base': '/home/sam/wsg50/build/wsg_50_common', 'catkin_cmake_args': None, 'catkin_skip_building_tests': False, 'cmake_args': None, 'cmake_clean_cache': False, 'cmake_clean_first': False, 'cmake_force_configure': False, 'cmake_target': None, 'cmake_target_skip_unavailable': False, 'install_base': '/home/sam/wsg50/install/wsg_50_common', 'merge_install': False, 'path': '/home/sam/wsg50/src/wsg_50_common', 'symlink_install': False, 'test_result_base': None}
[1.269s] Level 5:colcon.colcon_core.verb:set package 'wsg_50_simulation' build argument 'cmake_args' from command line to 'None'
[1.269s] Level 5:colcon.colcon_core.verb:set package 'wsg_50_simulation' build argument 'cmake_target' from command line to 'None'
[1.269s] Level 5:colcon.colcon_core.verb:set package 'wsg_50_simulation' build argument 'cmake_target_skip_unavailable' from command line to 'False'
[1.269s] Level 5:colcon.colcon_core.verb:set package 'wsg_50_simulation' build argument 'cmake_clean_cache' from command line to 'False'
[1.269s] Level 5:colcon.colcon_core.verb:set package 'wsg_50_simulation' build argument 'cmake_clean_first' from command line to 'False'
[1.269s] Level 5:colcon.colcon_core.verb:set package 'wsg_50_simulation' build argument 'cmake_force_configure' from command line to 'False'
[1.269s] Level 5:colcon.colcon_core.verb:set package 'wsg_50_simulation' build argument 'ament_cmake_args' from command line to 'None'
[1.269s] Level 5:colcon.colcon_core.verb:set package 'wsg_50_simulation' build argument 'catkin_cmake_args' from command line to 'None'
[1.270s] Level 5:colcon.colcon_core.verb:set package 'wsg_50_simulation' build argument 'catkin_skip_building_tests' from command line to 'False'
[1.270s] DEBUG:colcon.colcon_core.verb:Building package 'wsg_50_simulation' with the following arguments: {'ament_cmake_args': None, 'build_base': '/home/sam/wsg50/build/wsg_50_simulation', 'catkin_cmake_args': None, 'catkin_skip_building_tests': False, 'cmake_args': None, 'cmake_clean_cache': False, 'cmake_clean_first': False, 'cmake_force_configure': False, 'cmake_target': None, 'cmake_target_skip_unavailable': False, 'install_base': '/home/sam/wsg50/install/wsg_50_simulation', 'merge_install': False, 'path': '/home/sam/wsg50/src/wsg_50_simulation', 'symlink_install': False, 'test_result_base': None}
[1.270s] Level 5:colcon.colcon_core.verb:set package 'wsg_50_driver' build argument 'cmake_args' from command line to 'None'
[1.271s] Level 5:colcon.colcon_core.verb:set package 'wsg_50_driver' build argument 'cmake_target' from command line to 'None'
[1.271s] Level 5:colcon.colcon_core.verb:set package 'wsg_50_driver' build argument 'cmake_target_skip_unavailable' from command line to 'False'
[1.271s] Level 5:colcon.colcon_core.verb:set package 'wsg_50_driver' build argument 'cmake_clean_cache' from command line to 'False'
[1.271s] Level 5:colcon.colcon_core.verb:set package 'wsg_50_driver' build argument 'cmake_clean_first' from command line to 'False'
[1.271s] Level 5:colcon.colcon_core.verb:set package 'wsg_50_driver' build argument 'cmake_force_configure' from command line to 'False'
[1.271s] Level 5:colcon.colcon_core.verb:set package 'wsg_50_driver' build argument 'ament_cmake_args' from command line to 'None'
[1.271s] Level 5:colcon.colcon_core.verb:set package 'wsg_50_driver' build argument 'catkin_cmake_args' from command line to 'None'
[1.271s] Level 5:colcon.colcon_core.verb:set package 'wsg_50_driver' build argument 'catkin_skip_building_tests' from command line to 'False'
[1.271s] DEBUG:colcon.colcon_core.verb:Building package 'wsg_50_driver' with the following arguments: {'ament_cmake_args': None, 'build_base': '/home/sam/wsg50/build/wsg_50_driver', 'catkin_cmake_args': None, 'catkin_skip_building_tests': False, 'cmake_args': None, 'cmake_clean_cache': False, 'cmake_clean_first': False, 'cmake_force_configure': False, 'cmake_target': None, 'cmake_target_skip_unavailable': False, 'install_base': '/home/sam/wsg50/install/wsg_50_driver', 'merge_install': False, 'path': '/home/sam/wsg50/src/wsg_50_driver', 'symlink_install': False, 'test_result_base': None}
[1.271s] Level 5:colcon.colcon_core.verb:set package 'wsg_50_interface' build argument 'cmake_args' from command line to 'None'
[1.272s] Level 5:colcon.colcon_core.verb:set package 'wsg_50_interface' build argument 'cmake_target' from command line to 'None'
[1.272s] Level 5:colcon.colcon_core.verb:set package 'wsg_50_interface' build argument 'cmake_target_skip_unavailable' from command line to 'False'
[1.272s] Level 5:colcon.colcon_core.verb:set package 'wsg_50_interface' build argument 'cmake_clean_cache' from command line to 'False'
[1.272s] Level 5:colcon.colcon_core.verb:set package 'wsg_50_interface' build argument 'cmake_clean_first' from command line to 'False'
[1.272s] Level 5:colcon.colcon_core.verb:set package 'wsg_50_interface' build argument 'cmake_force_configure' from command line to 'False'
[1.272s] Level 5:colcon.colcon_core.verb:set package 'wsg_50_interface' build argument 'ament_cmake_args' from command line to 'None'
[1.272s] Level 5:colcon.colcon_core.verb:set package 'wsg_50_interface' build argument 'catkin_cmake_args' from command line to 'None'
[1.272s] Level 5:colcon.colcon_core.verb:set package 'wsg_50_interface' build argument 'catkin_skip_building_tests' from command line to 'False'
[1.272s] DEBUG:colcon.colcon_core.verb:Building package 'wsg_50_interface' with the following arguments: {'ament_cmake_args': None, 'build_base': '/home/sam/wsg50/build/wsg_50_interface', 'catkin_cmake_args': None, 'catkin_skip_building_tests': False, 'cmake_args': None, 'cmake_clean_cache': False, 'cmake_clean_first': False, 'cmake_force_configure': False, 'cmake_target': None, 'cmake_target_skip_unavailable': False, 'install_base': '/home/sam/wsg50/install/wsg_50_interface', 'merge_install': False, 'path': '/home/sam/wsg50/src/wsg_50_interface', 'symlink_install': False, 'test_result_base': None}
[1.272s] INFO:colcon.colcon_core.executor:Executing jobs using 'parallel' executor
[1.274s] DEBUG:colcon.colcon_parallel_executor.executor.parallel:run_until_complete
[1.275s] INFO:colcon.colcon_ros.task.ament_cmake.build:Building ROS package in '/home/sam/wsg50/src/wsg_50_common' with build type 'ament_cmake'
[1.275s] INFO:colcon.colcon_cmake.task.cmake.build:Building CMake package in '/home/sam/wsg50/src/wsg_50_common'
[1.282s] INFO:colcon.colcon_core.plugin_system:Skipping extension 'colcon_core.shell.bat': Not used on non-Windows systems
[1.283s] INFO:colcon.colcon_core.shell:Skip shell extension 'powershell' for command environment: Not usable outside of PowerShell
[1.283s] DEBUG:colcon.colcon_core.shell:Skip shell extension 'dsv' for command environment
[1.306s] INFO:colcon.colcon_ros.task.ament_cmake.build:Building ROS package in '/home/sam/wsg50/src/wsg_50_simulation' with build type 'ament_cmake'
[1.307s] INFO:colcon.colcon_cmake.task.cmake.build:Building CMake package in '/home/sam/wsg50/src/wsg_50_simulation'
[1.308s] INFO:colcon.colcon_core.shell:Skip shell extension 'powershell' for command environment: Not usable outside of PowerShell
[1.308s] DEBUG:colcon.colcon_core.shell:Skip shell extension 'dsv' for command environment
[1.347s] DEBUG:colcon.colcon_core.event_handler.log_command:Invoking command in '/home/sam/wsg50/build/wsg_50_common': CMAKE_PREFIX_PATH=${CMAKE_PREFIX_PATH}:/home/sam/moveit2/install/moveit_configs_utils:/opt/ros/humble /usr/bin/cmake --build /home/sam/wsg50/build/wsg_50_common -- -j8 -l8
[1.364s] DEBUG:colcon.colcon_core.event_handler.log_command:Invoking command in '/home/sam/wsg50/build/wsg_50_simulation': CMAKE_PREFIX_PATH=${CMAKE_PREFIX_PATH}:/home/sam/moveit2/install/moveit_configs_utils:/opt/ros/humble /usr/bin/cmake --build /home/sam/wsg50/build/wsg_50_simulation -- -j8 -l8
[1.539s] DEBUG:colcon.colcon_core.event_handler.log_command:Invoked command in '/home/sam/wsg50/build/wsg_50_simulation' returned '0': CMAKE_PREFIX_PATH=${CMAKE_PREFIX_PATH}:/home/sam/moveit2/install/moveit_configs_utils:/opt/ros/humble /usr/bin/cmake --build /home/sam/wsg50/build/wsg_50_simulation -- -j8 -l8
[1.580s] DEBUG:colcon.colcon_core.event_handler.log_command:Invoking command in '/home/sam/wsg50/build/wsg_50_simulation': CMAKE_PREFIX_PATH=${CMAKE_PREFIX_PATH}:/home/sam/moveit2/install/moveit_configs_utils:/opt/ros/humble /usr/bin/cmake --install /home/sam/wsg50/build/wsg_50_simulation
[1.637s] Level 1:colcon.colcon_core.environment:create_environment_scripts_only(wsg_50_simulation)
[1.646s] Level 1:colcon.colcon_core.environment:checking '/home/sam/wsg50/install/wsg_50_simulation' for CMake module files
[1.648s] Level 1:colcon.colcon_core.environment:checking '/home/sam/wsg50/install/wsg_50_simulation' for CMake config files
[1.648s] Level 1:colcon.colcon_core.shell:create_environment_hook('wsg_50_simulation', 'cmake_prefix_path')
[1.649s] INFO:colcon.colcon_core.shell:Creating environment hook '/home/sam/wsg50/install/wsg_50_simulation/share/wsg_50_simulation/hook/cmake_prefix_path.ps1'
[1.651s] INFO:colcon.colcon_core.shell:Creating environment descriptor '/home/sam/wsg50/install/wsg_50_simulation/share/wsg_50_simulation/hook/cmake_prefix_path.dsv'
[1.653s] INFO:colcon.colcon_core.shell:Creating environment hook '/home/sam/wsg50/install/wsg_50_simulation/share/wsg_50_simulation/hook/cmake_prefix_path.sh'
[1.657s] Level 1:colcon.colcon_core.environment:checking '/home/sam/wsg50/install/wsg_50_simulation/bin'
[1.657s] Level 1:colcon.colcon_core.environment:checking '/home/sam/wsg50/install/wsg_50_simulation/lib/pkgconfig/wsg_50_simulation.pc'
[1.661s] Level 1:colcon.colcon_core.environment:checking '/home/sam/wsg50/install/wsg_50_simulation/lib/python3.10/site-packages'
[1.661s] Level 1:colcon.colcon_core.environment:checking '/home/sam/wsg50/install/wsg_50_simulation/bin'
[1.663s] INFO:colcon.colcon_core.shell:Creating package script '/home/sam/wsg50/install/wsg_50_simulation/share/wsg_50_simulation/package.ps1'
[1.660s] DEBUG:colcon.colcon_core.event_handler.log_command:Invoked command in '/home/sam/wsg50/build/wsg_50_simulation' returned '0': CMAKE_PREFIX_PATH=${CMAKE_PREFIX_PATH}:/home/sam/moveit2/install/moveit_configs_utils:/opt/ros/humble /usr/bin/cmake --install /home/sam/wsg50/build/wsg_50_simulation
[1.669s] INFO:colcon.colcon_core.shell:Creating package descriptor '/home/sam/wsg50/install/wsg_50_simulation/share/wsg_50_simulation/package.dsv'
[1.671s] INFO:colcon.colcon_core.shell:Creating package script '/home/sam/wsg50/install/wsg_50_simulation/share/wsg_50_simulation/package.sh'
[1.673s] INFO:colcon.colcon_core.shell:Creating package script '/home/sam/wsg50/install/wsg_50_simulation/share/wsg_50_simulation/package.bash'
[1.679s] INFO:colcon.colcon_core.shell:Creating package script '/home/sam/wsg50/install/wsg_50_simulation/share/wsg_50_simulation/package.zsh'
[1.688s] Level 1:colcon.colcon_core.environment:create_file_with_runtime_dependencies(/home/sam/wsg50/install/wsg_50_simulation/share/colcon-core/packages/wsg_50_simulation)
[1.691s] Level 1:colcon.colcon_core.environment:create_environment_scripts_only(wsg_50_simulation)
[1.692s] Level 1:colcon.colcon_core.environment:checking '/home/sam/wsg50/install/wsg_50_simulation' for CMake module files
[1.694s] Level 1:colcon.colcon_core.environment:checking '/home/sam/wsg50/install/wsg_50_simulation' for CMake config files
[1.695s] Level 1:colcon.colcon_core.shell:create_environment_hook('wsg_50_simulation', 'cmake_prefix_path')
[1.696s] INFO:colcon.colcon_core.shell:Creating environment hook '/home/sam/wsg50/install/wsg_50_simulation/share/wsg_50_simulation/hook/cmake_prefix_path.ps1'
[1.699s] INFO:colcon.colcon_core.shell:Creating environment descriptor '/home/sam/wsg50/install/wsg_50_simulation/share/wsg_50_simulation/hook/cmake_prefix_path.dsv'
[1.700s] INFO:colcon.colcon_core.shell:Creating environment hook '/home/sam/wsg50/install/wsg_50_simulation/share/wsg_50_simulation/hook/cmake_prefix_path.sh'
[1.701s] Level 1:colcon.colcon_core.environment:checking '/home/sam/wsg50/install/wsg_50_simulation/bin'
[1.702s] Level 1:colcon.colcon_core.environment:checking '/home/sam/wsg50/install/wsg_50_simulation/lib/pkgconfig/wsg_50_simulation.pc'
[1.704s] Level 1:colcon.colcon_core.environment:checking '/home/sam/wsg50/install/wsg_50_simulation/lib/python3.10/site-packages'
[1.705s] Level 1:colcon.colcon_core.environment:checking '/home/sam/wsg50/install/wsg_50_simulation/bin'
[1.707s] INFO:colcon.colcon_core.shell:Creating package script '/home/sam/wsg50/install/wsg_50_simulation/share/wsg_50_simulation/package.ps1'
[1.709s] INFO:colcon.colcon_core.shell:Creating package descriptor '/home/sam/wsg50/install/wsg_50_simulation/share/wsg_50_simulation/package.dsv'
[1.712s] INFO:colcon.colcon_core.shell:Creating package script '/home/sam/wsg50/install/wsg_50_simulation/share/wsg_50_simulation/package.sh'
[1.714s] INFO:colcon.colcon_core.shell:Creating package script '/home/sam/wsg50/install/wsg_50_simulation/share/wsg_50_simulation/package.bash'
[1.716s] INFO:colcon.colcon_core.shell:Creating package script '/home/sam/wsg50/install/wsg_50_simulation/share/wsg_50_simulation/package.zsh'
[1.717s] Level 1:colcon.colcon_core.environment:create_file_with_runtime_dependencies(/home/sam/wsg50/install/wsg_50_simulation/share/colcon-core/packages/wsg_50_simulation)
[2.834s] DEBUG:colcon.colcon_core.event_handler.log_command:Invoked command in '/home/sam/wsg50/build/wsg_50_common' returned '0': CMAKE_PREFIX_PATH=${CMAKE_PREFIX_PATH}:/home/sam/moveit2/install/moveit_configs_utils:/opt/ros/humble /usr/bin/cmake --build /home/sam/wsg50/build/wsg_50_common -- -j8 -l8
[2.840s] DEBUG:colcon.colcon_core.event_handler.log_command:Invoking command in '/home/sam/wsg50/build/wsg_50_common': CMAKE_PREFIX_PATH=${CMAKE_PREFIX_PATH}:/home/sam/moveit2/install/moveit_configs_utils:/opt/ros/humble /usr/bin/cmake --install /home/sam/wsg50/build/wsg_50_common
[3.031s] Level 1:colcon.colcon_core.environment:create_environment_scripts_only(wsg_50_common)
[3.032s] Level 1:colcon.colcon_core.environment:checking '/home/sam/wsg50/install/wsg_50_common' for CMake module files
[3.034s] DEBUG:colcon.colcon_core.event_handler.log_command:Invoked command in '/home/sam/wsg50/build/wsg_50_common' returned '0': CMAKE_PREFIX_PATH=${CMAKE_PREFIX_PATH}:/home/sam/moveit2/install/moveit_configs_utils:/opt/ros/humble /usr/bin/cmake --install /home/sam/wsg50/build/wsg_50_common
[3.035s] Level 1:colcon.colcon_core.environment:checking '/home/sam/wsg50/install/wsg_50_common' for CMake config files
[3.036s] Level 1:colcon.colcon_core.shell:create_environment_hook('wsg_50_common', 'cmake_prefix_path')
[3.037s] INFO:colcon.colcon_core.shell:Creating environment hook '/home/sam/wsg50/install/wsg_50_common/share/wsg_50_common/hook/cmake_prefix_path.ps1'
[3.038s] INFO:colcon.colcon_core.shell:Creating environment descriptor '/home/sam/wsg50/install/wsg_50_common/share/wsg_50_common/hook/cmake_prefix_path.dsv'
[3.038s] INFO:colcon.colcon_core.shell:Creating environment hook '/home/sam/wsg50/install/wsg_50_common/share/wsg_50_common/hook/cmake_prefix_path.sh'
[3.039s] Level 1:colcon.colcon_core.environment:checking '/home/sam/wsg50/install/wsg_50_common/lib'
[3.039s] Level 1:colcon.colcon_core.shell:create_environment_hook('wsg_50_common', 'ld_library_path_lib')
[3.040s] INFO:colcon.colcon_core.shell:Creating environment hook '/home/sam/wsg50/install/wsg_50_common/share/wsg_50_common/hook/ld_library_path_lib.ps1'
[3.040s] INFO:colcon.colcon_core.shell:Creating environment descriptor '/home/sam/wsg50/install/wsg_50_common/share/wsg_50_common/hook/ld_library_path_lib.dsv'
[3.041s] INFO:colcon.colcon_core.shell:Creating environment hook '/home/sam/wsg50/install/wsg_50_common/share/wsg_50_common/hook/ld_library_path_lib.sh'
[3.042s] Level 1:colcon.colcon_core.environment:checking '/home/sam/wsg50/install/wsg_50_common/bin'
[3.042s] Level 1:colcon.colcon_core.environment:checking '/home/sam/wsg50/install/wsg_50_common/lib/pkgconfig/wsg_50_common.pc'
[3.042s] Level 1:colcon.colcon_core.environment:checking '/home/sam/wsg50/install/wsg_50_common/lib/python3.10/site-packages'
[3.042s] Level 1:colcon.colcon_core.environment:checking '/home/sam/wsg50/install/wsg_50_common/bin'
[3.043s] INFO:colcon.colcon_core.shell:Creating package script '/home/sam/wsg50/install/wsg_50_common/share/wsg_50_common/package.ps1'
[3.044s] INFO:colcon.colcon_core.shell:Creating package descriptor '/home/sam/wsg50/install/wsg_50_common/share/wsg_50_common/package.dsv'
[3.045s] INFO:colcon.colcon_core.shell:Creating package script '/home/sam/wsg50/install/wsg_50_common/share/wsg_50_common/package.sh'
[3.046s] INFO:colcon.colcon_core.shell:Creating package script '/home/sam/wsg50/install/wsg_50_common/share/wsg_50_common/package.bash'
[3.046s] INFO:colcon.colcon_core.shell:Creating package script '/home/sam/wsg50/install/wsg_50_common/share/wsg_50_common/package.zsh'
[3.048s] Level 1:colcon.colcon_core.environment:create_file_with_runtime_dependencies(/home/sam/wsg50/install/wsg_50_common/share/colcon-core/packages/wsg_50_common)
[3.050s] Level 1:colcon.colcon_core.environment:create_environment_scripts_only(wsg_50_common)
[3.050s] Level 1:colcon.colcon_core.environment:checking '/home/sam/wsg50/install/wsg_50_common' for CMake module files
[3.051s] Level 1:colcon.colcon_core.environment:checking '/home/sam/wsg50/install/wsg_50_common' for CMake config files
[3.053s] Level 1:colcon.colcon_core.shell:create_environment_hook('wsg_50_common', 'cmake_prefix_path')
[3.053s] INFO:colcon.colcon_core.shell:Creating environment hook '/home/sam/wsg50/install/wsg_50_common/share/wsg_50_common/hook/cmake_prefix_path.ps1'
[3.054s] INFO:colcon.colcon_core.shell:Creating environment descriptor '/home/sam/wsg50/install/wsg_50_common/share/wsg_50_common/hook/cmake_prefix_path.dsv'
[3.055s] INFO:colcon.colcon_core.shell:Creating environment hook '/home/sam/wsg50/install/wsg_50_common/share/wsg_50_common/hook/cmake_prefix_path.sh'
[3.056s] Level 1:colcon.colcon_core.environment:checking '/home/sam/wsg50/install/wsg_50_common/lib'
[3.056s] Level 1:colcon.colcon_core.shell:create_environment_hook('wsg_50_common', 'ld_library_path_lib')
[3.056s] INFO:colcon.colcon_core.shell:Creating environment hook '/home/sam/wsg50/install/wsg_50_common/share/wsg_50_common/hook/ld_library_path_lib.ps1'
[3.057s] INFO:colcon.colcon_core.shell:Creating environment descriptor '/home/sam/wsg50/install/wsg_50_common/share/wsg_50_common/hook/ld_library_path_lib.dsv'
[3.058s] INFO:colcon.colcon_core.shell:Creating environment hook '/home/sam/wsg50/install/wsg_50_common/share/wsg_50_common/hook/ld_library_path_lib.sh'
[3.058s] Level 1:colcon.colcon_core.environment:checking '/home/sam/wsg50/install/wsg_50_common/bin'
[3.059s] Level 1:colcon.colcon_core.environment:checking '/home/sam/wsg50/install/wsg_50_common/lib/pkgconfig/wsg_50_common.pc'
[3.059s] Level 1:colcon.colcon_core.environment:checking '/home/sam/wsg50/install/wsg_50_common/lib/python3.10/site-packages'
[3.059s] Level 1:colcon.colcon_core.environment:checking '/home/sam/wsg50/install/wsg_50_common/bin'
[3.060s] INFO:colcon.colcon_core.shell:Creating package script '/home/sam/wsg50/install/wsg_50_common/share/wsg_50_common/package.ps1'
[3.061s] INFO:colcon.colcon_core.shell:Creating package descriptor '/home/sam/wsg50/install/wsg_50_common/share/wsg_50_common/package.dsv'
[3.062s] INFO:colcon.colcon_core.shell:Creating package script '/home/sam/wsg50/install/wsg_50_common/share/wsg_50_common/package.sh'
[3.063s] INFO:colcon.colcon_core.shell:Creating package script '/home/sam/wsg50/install/wsg_50_common/share/wsg_50_common/package.bash'
[3.065s] INFO:colcon.colcon_core.shell:Creating package script '/home/sam/wsg50/install/wsg_50_common/share/wsg_50_common/package.zsh'
[3.067s] Level 1:colcon.colcon_core.environment:create_file_with_runtime_dependencies(/home/sam/wsg50/install/wsg_50_common/share/colcon-core/packages/wsg_50_common)
[3.068s] INFO:colcon.colcon_ros.task.ament_cmake.build:Building ROS package in '/home/sam/wsg50/src/wsg_50_driver' with build type 'ament_cmake'
[3.068s] INFO:colcon.colcon_cmake.task.cmake.build:Building CMake package in '/home/sam/wsg50/src/wsg_50_driver'
[3.069s] INFO:colcon.colcon_core.shell:Skip shell extension 'powershell' for command environment: Not usable outside of PowerShell
[3.069s] DEBUG:colcon.colcon_core.shell:Skip shell extension 'dsv' for command environment
[3.530s] DEBUG:colcon.colcon_core.event_handler.log_command:Invoking command in '/home/sam/wsg50/build/wsg_50_driver': CMAKE_PREFIX_PATH=/home/sam/wsg50/install/wsg_50_common:/home/sam/wsg50/install/wsg_50_simulation:/home/sam/wsg50/install/wsg_50_interface:/home/sam/wsg50/install/wsg_50_driver:/home/sam/moveit2/install/pilz_industrial_motion_planner_testutils:/home/sam/moveit2/install/moveit_runtime:/home/sam/moveit2/install/moveit:/home/sam/moveit2/install/moveit_planners:/home/sam/moveit2/install/pilz_industrial_motion_planner:/home/sam/moveit2/install/moveit_ros_control_interface:/home/sam/moveit2/install/moveit_plugins:/home/sam/moveit2/install/moveit_simple_controller_manager:/home/sam/moveit2/install/moveit_setup_assistant:/home/sam/moveit2/install/moveit_setup_srdf_plugins:/home/sam/moveit2/install/moveit_setup_core_plugins:/home/sam/moveit2/install/moveit_setup_controllers:/home/sam/moveit2/install/moveit_setup_app_plugins:/home/sam/moveit2/install/moveit_setup_framework:/home/sam/moveit2/install/moveit_servo:/home/sam/moveit2/install/moveit_ros:/home/sam/moveit2/install/moveit_ros_visualization:/home/sam/moveit2/install/moveit_py:/home/sam/moveit2/install/moveit_hybrid_planning:/home/sam/moveit2/install/moveit_ros_planning_interface:/home/sam/moveit2/install/moveit_ros_benchmarks:/home/sam/moveit2/install/moveit_ros_warehouse:/home/sam/moveit2/install/moveit_ros_robot_interaction:/home/sam/moveit2/install/moveit_ros_perception:/home/sam/moveit2/install/moveit_resources_prbt_pg70_support:/home/sam/moveit2/install/moveit_resources_prbt_moveit_config:/home/sam/moveit2/install/moveit_ros_move_group:/home/sam/moveit2/install/moveit_planners_ompl:/home/sam/moveit2/install/moveit_kinematics:/home/sam/moveit2/install/moveit_ros_planning:/home/sam/moveit2/install/moveit_ros_occupancy_map_monitor:/home/sam/moveit2/install/moveit_resources_prbt_support:/home/sam/moveit2/install/moveit_resources_prbt_ikfast_manipulator_plugin:/home/sam/moveit2/install/moveit_resources:/home/sam/moveit2/install/moveit_resources_pr2_description:/home/sam/moveit2/install/moveit_resources_panda_moveit_config:/home/sam/moveit2/install/dual_arm_panda_moveit_config:/home/sam/moveit2/install/moveit_resources_panda_description:/home/sam/moveit2/install/moveit_resources_fanuc_moveit_config:/home/sam/moveit2/install/moveit_resources_fanuc_description:/home/sam/moveit2/install/moveit_planners_stomp:/home/sam/moveit2/install/moveit_planners_chomp:/home/sam/moveit2/install/chomp_motion_planner:/home/sam/moveit2/install/moveit_core:/home/sam/moveit2/install/moveit_msgs:/home/sam/moveit2/install/moveit_common:/home/sam/moveit2/install/geometric_shapes:/home/sam/ros2_ws/install/ros2_grasshopper:/home/sam/ros2_ws/install/ros2_file_server:/home/sam/ros2_ws/install/my_orbbec:/home/sam/ros2_ws/install/fanuc_srvs:/home/sam/ros2_ws/install/fanuc_srvs_msgs:/home/sam/ros2_ws/install/fanuc_control:/home/sam/ros2_ws/install/fanuc_rmi:/home/sam/ros2_ws/install/fanuc_eth_ip:/home/sam/ros2_ws/install/crx5ia_moveit_config:/home/sam/ros2_ws/install/crx25ia_l_moveit_config:/home/sam/ros2_ws/install/crx20ia_l_moveit_config:/home/sam/ros2_ws/install/crx10ia_moveit_config:/home/sam/ros2_ws/install/crx10ia_l_moveit_config:/home/sam/ros2_ws/install/crx_description:/home/sam/moveit2/install/moveit_configs_utils:/opt/ros/humble LD_LIBRARY_PATH=/home/sam/wsg50/install/wsg_50_common/lib:/home/sam/wsg50/install/wsg_50_interface/lib:/home/sam/wsg50/install/wsg_50_driver/lib:/home/sam/moveit2/install/pilz_industrial_motion_planner_testutils/lib:/home/sam/moveit2/install/pilz_industrial_motion_planner/lib:/home/sam/moveit2/install/moveit_ros_control_interface/lib:/home/sam/moveit2/install/moveit_simple_controller_manager/lib:/home/sam/moveit2/install/moveit_setup_assistant/lib:/home/sam/moveit2/install/moveit_setup_srdf_plugins/lib:/home/sam/moveit2/install/moveit_setup_core_plugins/lib:/home/sam/moveit2/install/moveit_setup_controllers/lib:/home/sam/moveit2/install/moveit_setup_app_plugins/lib:/home/sam/moveit2/install/moveit_setup_framework/lib:/home/sam/moveit2/install/moveit_servo/lib:/home/sam/moveit2/install/moveit_ros_visualization/lib:/home/sam/moveit2/install/moveit_py/lib:/home/sam/moveit2/install/moveit_hybrid_planning/lib:/home/sam/moveit2/install/moveit_ros_planning_interface/lib:/home/sam/moveit2/install/moveit_ros_benchmarks/lib:/home/sam/moveit2/install/moveit_ros_warehouse/lib:/home/sam/moveit2/install/moveit_ros_robot_interaction/lib:/home/sam/moveit2/install/moveit_ros_perception/lib:/home/sam/moveit2/install/moveit_ros_move_group/lib:/home/sam/moveit2/install/moveit_planners_ompl/lib:/home/sam/moveit2/install/moveit_kinematics/lib:/home/sam/moveit2/install/moveit_ros_planning/lib:/home/sam/moveit2/install/moveit_ros_occupancy_map_monitor/lib:/home/sam/moveit2/install/moveit_resources_prbt_ikfast_manipulator_plugin/lib:/home/sam/moveit2/install/moveit_planners_stomp/lib:/home/sam/moveit2/install/moveit_planners_chomp/lib:/home/sam/moveit2/install/chomp_motion_planner/lib:/home/sam/moveit2/install/moveit_core/lib:/home/sam/moveit2/install/moveit_msgs/lib:/home/sam/moveit2/install/geometric_shapes/lib:/home/sam/ros2_ws/install/ros2_grasshopper/lib:/home/sam/ros2_ws/install/ros2_file_server/lib:/home/sam/ros2_ws/install/fanuc_srvs_msgs/lib:/home/sam/ros2_ws/install/fanuc_control/lib:/home/sam/ros2_ws/install/fanuc_rmi/lib:/home/sam/ros2_ws/install/fanuc_eth_ip/lib:/usr/lib/x86_64-linux-gnu/gazebo-11/plugins:/opt/ros/humble/opt/rviz_ogre_vendor/lib:/opt/ros/humble/lib/x86_64-linux-gnu:/opt/ros/humble/lib /usr/bin/cmake --build /home/sam/wsg50/build/wsg_50_driver -- -j8 -l8
[19.864s] DEBUG:colcon.colcon_core.event_handler.log_command:Invoked command in '/home/sam/wsg50/build/wsg_50_driver' returned '0': CMAKE_PREFIX_PATH=/home/sam/wsg50/install/wsg_50_common:/home/sam/wsg50/install/wsg_50_simulation:/home/sam/wsg50/install/wsg_50_interface:/home/sam/wsg50/install/wsg_50_driver:/home/sam/moveit2/install/pilz_industrial_motion_planner_testutils:/home/sam/moveit2/install/moveit_runtime:/home/sam/moveit2/install/moveit:/home/sam/moveit2/install/moveit_planners:/home/sam/moveit2/install/pilz_industrial_motion_planner:/home/sam/moveit2/install/moveit_ros_control_interface:/home/sam/moveit2/install/moveit_plugins:/home/sam/moveit2/install/moveit_simple_controller_manager:/home/sam/moveit2/install/moveit_setup_assistant:/home/sam/moveit2/install/moveit_setup_srdf_plugins:/home/sam/moveit2/install/moveit_setup_core_plugins:/home/sam/moveit2/install/moveit_setup_controllers:/home/sam/moveit2/install/moveit_setup_app_plugins:/home/sam/moveit2/install/moveit_setup_framework:/home/sam/moveit2/install/moveit_servo:/home/sam/moveit2/install/moveit_ros:/home/sam/moveit2/install/moveit_ros_visualization:/home/sam/moveit2/install/moveit_py:/home/sam/moveit2/install/moveit_hybrid_planning:/home/sam/moveit2/install/moveit_ros_planning_interface:/home/sam/moveit2/install/moveit_ros_benchmarks:/home/sam/moveit2/install/moveit_ros_warehouse:/home/sam/moveit2/install/moveit_ros_robot_interaction:/home/sam/moveit2/install/moveit_ros_perception:/home/sam/moveit2/install/moveit_resources_prbt_pg70_support:/home/sam/moveit2/install/moveit_resources_prbt_moveit_config:/home/sam/moveit2/install/moveit_ros_move_group:/home/sam/moveit2/install/moveit_planners_ompl:/home/sam/moveit2/install/moveit_kinematics:/home/sam/moveit2/install/moveit_ros_planning:/home/sam/moveit2/install/moveit_ros_occupancy_map_monitor:/home/sam/moveit2/install/moveit_resources_prbt_support:/home/sam/moveit2/install/moveit_resources_prbt_ikfast_manipulator_plugin:/home/sam/moveit2/install/moveit_resources:/home/sam/moveit2/install/moveit_resources_pr2_description:/home/sam/moveit2/install/moveit_resources_panda_moveit_config:/home/sam/moveit2/install/dual_arm_panda_moveit_config:/home/sam/moveit2/install/moveit_resources_panda_description:/home/sam/moveit2/install/moveit_resources_fanuc_moveit_config:/home/sam/moveit2/install/moveit_resources_fanuc_description:/home/sam/moveit2/install/moveit_planners_stomp:/home/sam/moveit2/install/moveit_planners_chomp:/home/sam/moveit2/install/chomp_motion_planner:/home/sam/moveit2/install/moveit_core:/home/sam/moveit2/install/moveit_msgs:/home/sam/moveit2/install/moveit_common:/home/sam/moveit2/install/geometric_shapes:/home/sam/ros2_ws/install/ros2_grasshopper:/home/sam/ros2_ws/install/ros2_file_server:/home/sam/ros2_ws/install/my_orbbec:/home/sam/ros2_ws/install/fanuc_srvs:/home/sam/ros2_ws/install/fanuc_srvs_msgs:/home/sam/ros2_ws/install/fanuc_control:/home/sam/ros2_ws/install/fanuc_rmi:/home/sam/ros2_ws/install/fanuc_eth_ip:/home/sam/ros2_ws/install/crx5ia_moveit_config:/home/sam/ros2_ws/install/crx25ia_l_moveit_config:/home/sam/ros2_ws/install/crx20ia_l_moveit_config:/home/sam/ros2_ws/install/crx10ia_moveit_config:/home/sam/ros2_ws/install/crx10ia_l_moveit_config:/home/sam/ros2_ws/install/crx_description:/home/sam/moveit2/install/moveit_configs_utils:/opt/ros/humble LD_LIBRARY_PATH=/home/sam/wsg50/install/wsg_50_common/lib:/home/sam/wsg50/install/wsg_50_interface/lib:/home/sam/wsg50/install/wsg_50_driver/lib:/home/sam/moveit2/install/pilz_industrial_motion_planner_testutils/lib:/home/sam/moveit2/install/pilz_industrial_motion_planner/lib:/home/sam/moveit2/install/moveit_ros_control_interface/lib:/home/sam/moveit2/install/moveit_simple_controller_manager/lib:/home/sam/moveit2/install/moveit_setup_assistant/lib:/home/sam/moveit2/install/moveit_setup_srdf_plugins/lib:/home/sam/moveit2/install/moveit_setup_core_plugins/lib:/home/sam/moveit2/install/moveit_setup_controllers/lib:/home/sam/moveit2/install/moveit_setup_app_plugins/lib:/home/sam/moveit2/install/moveit_setup_framework/lib:/home/sam/moveit2/install/moveit_servo/lib:/home/sam/moveit2/install/moveit_ros_visualization/lib:/home/sam/moveit2/install/moveit_py/lib:/home/sam/moveit2/install/moveit_hybrid_planning/lib:/home/sam/moveit2/install/moveit_ros_planning_interface/lib:/home/sam/moveit2/install/moveit_ros_benchmarks/lib:/home/sam/moveit2/install/moveit_ros_warehouse/lib:/home/sam/moveit2/install/moveit_ros_robot_interaction/lib:/home/sam/moveit2/install/moveit_ros_perception/lib:/home/sam/moveit2/install/moveit_ros_move_group/lib:/home/sam/moveit2/install/moveit_planners_ompl/lib:/home/sam/moveit2/install/moveit_kinematics/lib:/home/sam/moveit2/install/moveit_ros_planning/lib:/home/sam/moveit2/install/moveit_ros_occupancy_map_monitor/lib:/home/sam/moveit2/install/moveit_resources_prbt_ikfast_manipulator_plugin/lib:/home/sam/moveit2/install/moveit_planners_stomp/lib:/home/sam/moveit2/install/moveit_planners_chomp/lib:/home/sam/moveit2/install/chomp_motion_planner/lib:/home/sam/moveit2/install/moveit_core/lib:/home/sam/moveit2/install/moveit_msgs/lib:/home/sam/moveit2/install/geometric_shapes/lib:/home/sam/ros2_ws/install/ros2_grasshopper/lib:/home/sam/ros2_ws/install/ros2_file_server/lib:/home/sam/ros2_ws/install/fanuc_srvs_msgs/lib:/home/sam/ros2_ws/install/fanuc_control/lib:/home/sam/ros2_ws/install/fanuc_rmi/lib:/home/sam/ros2_ws/install/fanuc_eth_ip/lib:/usr/lib/x86_64-linux-gnu/gazebo-11/plugins:/opt/ros/humble/opt/rviz_ogre_vendor/lib:/opt/ros/humble/lib/x86_64-linux-gnu:/opt/ros/humble/lib /usr/bin/cmake --build /home/sam/wsg50/build/wsg_50_driver -- -j8 -l8
[19.870s] DEBUG:colcon.colcon_core.event_handler.log_command:Invoking command in '/home/sam/wsg50/build/wsg_50_driver': CMAKE_PREFIX_PATH=/home/sam/wsg50/install/wsg_50_common:/home/sam/wsg50/install/wsg_50_simulation:/home/sam/wsg50/install/wsg_50_interface:/home/sam/wsg50/install/wsg_50_driver:/home/sam/moveit2/install/pilz_industrial_motion_planner_testutils:/home/sam/moveit2/install/moveit_runtime:/home/sam/moveit2/install/moveit:/home/sam/moveit2/install/moveit_planners:/home/sam/moveit2/install/pilz_industrial_motion_planner:/home/sam/moveit2/install/moveit_ros_control_interface:/home/sam/moveit2/install/moveit_plugins:/home/sam/moveit2/install/moveit_simple_controller_manager:/home/sam/moveit2/install/moveit_setup_assistant:/home/sam/moveit2/install/moveit_setup_srdf_plugins:/home/sam/moveit2/install/moveit_setup_core_plugins:/home/sam/moveit2/install/moveit_setup_controllers:/home/sam/moveit2/install/moveit_setup_app_plugins:/home/sam/moveit2/install/moveit_setup_framework:/home/sam/moveit2/install/moveit_servo:/home/sam/moveit2/install/moveit_ros:/home/sam/moveit2/install/moveit_ros_visualization:/home/sam/moveit2/install/moveit_py:/home/sam/moveit2/install/moveit_hybrid_planning:/home/sam/moveit2/install/moveit_ros_planning_interface:/home/sam/moveit2/install/moveit_ros_benchmarks:/home/sam/moveit2/install/moveit_ros_warehouse:/home/sam/moveit2/install/moveit_ros_robot_interaction:/home/sam/moveit2/install/moveit_ros_perception:/home/sam/moveit2/install/moveit_resources_prbt_pg70_support:/home/sam/moveit2/install/moveit_resources_prbt_moveit_config:/home/sam/moveit2/install/moveit_ros_move_group:/home/sam/moveit2/install/moveit_planners_ompl:/home/sam/moveit2/install/moveit_kinematics:/home/sam/moveit2/install/moveit_ros_planning:/home/sam/moveit2/install/moveit_ros_occupancy_map_monitor:/home/sam/moveit2/install/moveit_resources_prbt_support:/home/sam/moveit2/install/moveit_resources_prbt_ikfast_manipulator_plugin:/home/sam/moveit2/install/moveit_resources:/home/sam/moveit2/install/moveit_resources_pr2_description:/home/sam/moveit2/install/moveit_resources_panda_moveit_config:/home/sam/moveit2/install/dual_arm_panda_moveit_config:/home/sam/moveit2/install/moveit_resources_panda_description:/home/sam/moveit2/install/moveit_resources_fanuc_moveit_config:/home/sam/moveit2/install/moveit_resources_fanuc_description:/home/sam/moveit2/install/moveit_planners_stomp:/home/sam/moveit2/install/moveit_planners_chomp:/home/sam/moveit2/install/chomp_motion_planner:/home/sam/moveit2/install/moveit_core:/home/sam/moveit2/install/moveit_msgs:/home/sam/moveit2/install/moveit_common:/home/sam/moveit2/install/geometric_shapes:/home/sam/ros2_ws/install/ros2_grasshopper:/home/sam/ros2_ws/install/ros2_file_server:/home/sam/ros2_ws/install/my_orbbec:/home/sam/ros2_ws/install/fanuc_srvs:/home/sam/ros2_ws/install/fanuc_srvs_msgs:/home/sam/ros2_ws/install/fanuc_control:/home/sam/ros2_ws/install/fanuc_rmi:/home/sam/ros2_ws/install/fanuc_eth_ip:/home/sam/ros2_ws/install/crx5ia_moveit_config:/home/sam/ros2_ws/install/crx25ia_l_moveit_config:/home/sam/ros2_ws/install/crx20ia_l_moveit_config:/home/sam/ros2_ws/install/crx10ia_moveit_config:/home/sam/ros2_ws/install/crx10ia_l_moveit_config:/home/sam/ros2_ws/install/crx_description:/home/sam/moveit2/install/moveit_configs_utils:/opt/ros/humble LD_LIBRARY_PATH=/home/sam/wsg50/install/wsg_50_common/lib:/home/sam/wsg50/install/wsg_50_interface/lib:/home/sam/wsg50/install/wsg_50_driver/lib:/home/sam/moveit2/install/pilz_industrial_motion_planner_testutils/lib:/home/sam/moveit2/install/pilz_industrial_motion_planner/lib:/home/sam/moveit2/install/moveit_ros_control_interface/lib:/home/sam/moveit2/install/moveit_simple_controller_manager/lib:/home/sam/moveit2/install/moveit_setup_assistant/lib:/home/sam/moveit2/install/moveit_setup_srdf_plugins/lib:/home/sam/moveit2/install/moveit_setup_core_plugins/lib:/home/sam/moveit2/install/moveit_setup_controllers/lib:/home/sam/moveit2/install/moveit_setup_app_plugins/lib:/home/sam/moveit2/install/moveit_setup_framework/lib:/home/sam/moveit2/install/moveit_servo/lib:/home/sam/moveit2/install/moveit_ros_visualization/lib:/home/sam/moveit2/install/moveit_py/lib:/home/sam/moveit2/install/moveit_hybrid_planning/lib:/home/sam/moveit2/install/moveit_ros_planning_interface/lib:/home/sam/moveit2/install/moveit_ros_benchmarks/lib:/home/sam/moveit2/install/moveit_ros_warehouse/lib:/home/sam/moveit2/install/moveit_ros_robot_interaction/lib:/home/sam/moveit2/install/moveit_ros_perception/lib:/home/sam/moveit2/install/moveit_ros_move_group/lib:/home/sam/moveit2/install/moveit_planners_ompl/lib:/home/sam/moveit2/install/moveit_kinematics/lib:/home/sam/moveit2/install/moveit_ros_planning/lib:/home/sam/moveit2/install/moveit_ros_occupancy_map_monitor/lib:/home/sam/moveit2/install/moveit_resources_prbt_ikfast_manipulator_plugin/lib:/home/sam/moveit2/install/moveit_planners_stomp/lib:/home/sam/moveit2/install/moveit_planners_chomp/lib:/home/sam/moveit2/install/chomp_motion_planner/lib:/home/sam/moveit2/install/moveit_core/lib:/home/sam/moveit2/install/moveit_msgs/lib:/home/sam/moveit2/install/geometric_shapes/lib:/home/sam/ros2_ws/install/ros2_grasshopper/lib:/home/sam/ros2_ws/install/ros2_file_server/lib:/home/sam/ros2_ws/install/fanuc_srvs_msgs/lib:/home/sam/ros2_ws/install/fanuc_control/lib:/home/sam/ros2_ws/install/fanuc_rmi/lib:/home/sam/ros2_ws/install/fanuc_eth_ip/lib:/usr/lib/x86_64-linux-gnu/gazebo-11/plugins:/opt/ros/humble/opt/rviz_ogre_vendor/lib:/opt/ros/humble/lib/x86_64-linux-gnu:/opt/ros/humble/lib /usr/bin/cmake --install /home/sam/wsg50/build/wsg_50_driver
[19.918s] Level 1:colcon.colcon_core.environment:create_environment_scripts_only(wsg_50_driver)
[19.918s] Level 1:colcon.colcon_core.environment:checking '/home/sam/wsg50/install/wsg_50_driver' for CMake module files
[19.919s] DEBUG:colcon.colcon_core.event_handler.log_command:Invoked command in '/home/sam/wsg50/build/wsg_50_driver' returned '0': CMAKE_PREFIX_PATH=/home/sam/wsg50/install/wsg_50_common:/home/sam/wsg50/install/wsg_50_simulation:/home/sam/wsg50/install/wsg_50_interface:/home/sam/wsg50/install/wsg_50_driver:/home/sam/moveit2/install/pilz_industrial_motion_planner_testutils:/home/sam/moveit2/install/moveit_runtime:/home/sam/moveit2/install/moveit:/home/sam/moveit2/install/moveit_planners:/home/sam/moveit2/install/pilz_industrial_motion_planner:/home/sam/moveit2/install/moveit_ros_control_interface:/home/sam/moveit2/install/moveit_plugins:/home/sam/moveit2/install/moveit_simple_controller_manager:/home/sam/moveit2/install/moveit_setup_assistant:/home/sam/moveit2/install/moveit_setup_srdf_plugins:/home/sam/moveit2/install/moveit_setup_core_plugins:/home/sam/moveit2/install/moveit_setup_controllers:/home/sam/moveit2/install/moveit_setup_app_plugins:/home/sam/moveit2/install/moveit_setup_framework:/home/sam/moveit2/install/moveit_servo:/home/sam/moveit2/install/moveit_ros:/home/sam/moveit2/install/moveit_ros_visualization:/home/sam/moveit2/install/moveit_py:/home/sam/moveit2/install/moveit_hybrid_planning:/home/sam/moveit2/install/moveit_ros_planning_interface:/home/sam/moveit2/install/moveit_ros_benchmarks:/home/sam/moveit2/install/moveit_ros_warehouse:/home/sam/moveit2/install/moveit_ros_robot_interaction:/home/sam/moveit2/install/moveit_ros_perception:/home/sam/moveit2/install/moveit_resources_prbt_pg70_support:/home/sam/moveit2/install/moveit_resources_prbt_moveit_config:/home/sam/moveit2/install/moveit_ros_move_group:/home/sam/moveit2/install/moveit_planners_ompl:/home/sam/moveit2/install/moveit_kinematics:/home/sam/moveit2/install/moveit_ros_planning:/home/sam/moveit2/install/moveit_ros_occupancy_map_monitor:/home/sam/moveit2/install/moveit_resources_prbt_support:/home/sam/moveit2/install/moveit_resources_prbt_ikfast_manipulator_plugin:/home/sam/moveit2/install/moveit_resources:/home/sam/moveit2/install/moveit_resources_pr2_description:/home/sam/moveit2/install/moveit_resources_panda_moveit_config:/home/sam/moveit2/install/dual_arm_panda_moveit_config:/home/sam/moveit2/install/moveit_resources_panda_description:/home/sam/moveit2/install/moveit_resources_fanuc_moveit_config:/home/sam/moveit2/install/moveit_resources_fanuc_description:/home/sam/moveit2/install/moveit_planners_stomp:/home/sam/moveit2/install/moveit_planners_chomp:/home/sam/moveit2/install/chomp_motion_planner:/home/sam/moveit2/install/moveit_core:/home/sam/moveit2/install/moveit_msgs:/home/sam/moveit2/install/moveit_common:/home/sam/moveit2/install/geometric_shapes:/home/sam/ros2_ws/install/ros2_grasshopper:/home/sam/ros2_ws/install/ros2_file_server:/home/sam/ros2_ws/install/my_orbbec:/home/sam/ros2_ws/install/fanuc_srvs:/home/sam/ros2_ws/install/fanuc_srvs_msgs:/home/sam/ros2_ws/install/fanuc_control:/home/sam/ros2_ws/install/fanuc_rmi:/home/sam/ros2_ws/install/fanuc_eth_ip:/home/sam/ros2_ws/install/crx5ia_moveit_config:/home/sam/ros2_ws/install/crx25ia_l_moveit_config:/home/sam/ros2_ws/install/crx20ia_l_moveit_config:/home/sam/ros2_ws/install/crx10ia_moveit_config:/home/sam/ros2_ws/install/crx10ia_l_moveit_config:/home/sam/ros2_ws/install/crx_description:/home/sam/moveit2/install/moveit_configs_utils:/opt/ros/humble LD_LIBRARY_PATH=/home/sam/wsg50/install/wsg_50_common/lib:/home/sam/wsg50/install/wsg_50_interface/lib:/home/sam/wsg50/install/wsg_50_driver/lib:/home/sam/moveit2/install/pilz_industrial_motion_planner_testutils/lib:/home/sam/moveit2/install/pilz_industrial_motion_planner/lib:/home/sam/moveit2/install/moveit_ros_control_interface/lib:/home/sam/moveit2/install/moveit_simple_controller_manager/lib:/home/sam/moveit2/install/moveit_setup_assistant/lib:/home/sam/moveit2/install/moveit_setup_srdf_plugins/lib:/home/sam/moveit2/install/moveit_setup_core_plugins/lib:/home/sam/moveit2/install/moveit_setup_controllers/lib:/home/sam/moveit2/install/moveit_setup_app_plugins/lib:/home/sam/moveit2/install/moveit_setup_framework/lib:/home/sam/moveit2/install/moveit_servo/lib:/home/sam/moveit2/install/moveit_ros_visualization/lib:/home/sam/moveit2/install/moveit_py/lib:/home/sam/moveit2/install/moveit_hybrid_planning/lib:/home/sam/moveit2/install/moveit_ros_planning_interface/lib:/home/sam/moveit2/install/moveit_ros_benchmarks/lib:/home/sam/moveit2/install/moveit_ros_warehouse/lib:/home/sam/moveit2/install/moveit_ros_robot_interaction/lib:/home/sam/moveit2/install/moveit_ros_perception/lib:/home/sam/moveit2/install/moveit_ros_move_group/lib:/home/sam/moveit2/install/moveit_planners_ompl/lib:/home/sam/moveit2/install/moveit_kinematics/lib:/home/sam/moveit2/install/moveit_ros_planning/lib:/home/sam/moveit2/install/moveit_ros_occupancy_map_monitor/lib:/home/sam/moveit2/install/moveit_resources_prbt_ikfast_manipulator_plugin/lib:/home/sam/moveit2/install/moveit_planners_stomp/lib:/home/sam/moveit2/install/moveit_planners_chomp/lib:/home/sam/moveit2/install/chomp_motion_planner/lib:/home/sam/moveit2/install/moveit_core/lib:/home/sam/moveit2/install/moveit_msgs/lib:/home/sam/moveit2/install/geometric_shapes/lib:/home/sam/ros2_ws/install/ros2_grasshopper/lib:/home/sam/ros2_ws/install/ros2_file_server/lib:/home/sam/ros2_ws/install/fanuc_srvs_msgs/lib:/home/sam/ros2_ws/install/fanuc_control/lib:/home/sam/ros2_ws/install/fanuc_rmi/lib:/home/sam/ros2_ws/install/fanuc_eth_ip/lib:/usr/lib/x86_64-linux-gnu/gazebo-11/plugins:/opt/ros/humble/opt/rviz_ogre_vendor/lib:/opt/ros/humble/lib/x86_64-linux-gnu:/opt/ros/humble/lib /usr/bin/cmake --install /home/sam/wsg50/build/wsg_50_driver
[19.920s] Level 1:colcon.colcon_core.environment:checking '/home/sam/wsg50/install/wsg_50_driver' for CMake config files
[19.920s] Level 1:colcon.colcon_core.shell:create_environment_hook('wsg_50_driver', 'cmake_prefix_path')
[19.921s] INFO:colcon.colcon_core.shell:Creating environment hook '/home/sam/wsg50/install/wsg_50_driver/share/wsg_50_driver/hook/cmake_prefix_path.ps1'
[19.922s] INFO:colcon.colcon_core.shell:Creating environment descriptor '/home/sam/wsg50/install/wsg_50_driver/share/wsg_50_driver/hook/cmake_prefix_path.dsv'
[19.922s] INFO:colcon.colcon_core.shell:Creating environment hook '/home/sam/wsg50/install/wsg_50_driver/share/wsg_50_driver/hook/cmake_prefix_path.sh'
[19.923s] Level 1:colcon.colcon_core.environment:checking '/home/sam/wsg50/install/wsg_50_driver/lib'
[19.923s] Level 1:colcon.colcon_core.environment:checking '/home/sam/wsg50/install/wsg_50_driver/bin'
[19.924s] Level 1:colcon.colcon_core.environment:checking '/home/sam/wsg50/install/wsg_50_driver/lib/pkgconfig/wsg_50_driver.pc'
[19.924s] Level 1:colcon.colcon_core.environment:checking '/home/sam/wsg50/install/wsg_50_driver/lib/python3.10/site-packages'
[19.925s] Level 1:colcon.colcon_core.environment:checking '/home/sam/wsg50/install/wsg_50_driver/bin'
[19.926s] INFO:colcon.colcon_core.shell:Creating package script '/home/sam/wsg50/install/wsg_50_driver/share/wsg_50_driver/package.ps1'
[19.927s] INFO:colcon.colcon_core.shell:Creating package descriptor '/home/sam/wsg50/install/wsg_50_driver/share/wsg_50_driver/package.dsv'
[19.928s] INFO:colcon.colcon_core.shell:Creating package script '/home/sam/wsg50/install/wsg_50_driver/share/wsg_50_driver/package.sh'
[19.929s] INFO:colcon.colcon_core.shell:Creating package script '/home/sam/wsg50/install/wsg_50_driver/share/wsg_50_driver/package.bash'
[19.930s] INFO:colcon.colcon_core.shell:Creating package script '/home/sam/wsg50/install/wsg_50_driver/share/wsg_50_driver/package.zsh'
[19.931s] Level 1:colcon.colcon_core.environment:create_file_with_runtime_dependencies(/home/sam/wsg50/install/wsg_50_driver/share/colcon-core/packages/wsg_50_driver)
[19.932s] Level 1:colcon.colcon_core.environment:create_environment_scripts_only(wsg_50_driver)
[19.932s] Level 1:colcon.colcon_core.environment:checking '/home/sam/wsg50/install/wsg_50_driver' for CMake module files
[19.933s] Level 1:colcon.colcon_core.environment:checking '/home/sam/wsg50/install/wsg_50_driver' for CMake config files
[19.933s] Level 1:colcon.colcon_core.shell:create_environment_hook('wsg_50_driver', 'cmake_prefix_path')
[19.934s] INFO:colcon.colcon_core.shell:Creating environment hook '/home/sam/wsg50/install/wsg_50_driver/share/wsg_50_driver/hook/cmake_prefix_path.ps1'
[19.934s] INFO:colcon.colcon_core.shell:Creating environment descriptor '/home/sam/wsg50/install/wsg_50_driver/share/wsg_50_driver/hook/cmake_prefix_path.dsv'
[19.935s] INFO:colcon.colcon_core.shell:Creating environment hook '/home/sam/wsg50/install/wsg_50_driver/share/wsg_50_driver/hook/cmake_prefix_path.sh'
[19.936s] Level 1:colcon.colcon_core.environment:checking '/home/sam/wsg50/install/wsg_50_driver/lib'
[19.936s] Level 1:colcon.colcon_core.environment:checking '/home/sam/wsg50/install/wsg_50_driver/bin'
[19.936s] Level 1:colcon.colcon_core.environment:checking '/home/sam/wsg50/install/wsg_50_driver/lib/pkgconfig/wsg_50_driver.pc'
[19.937s] Level 1:colcon.colcon_core.environment:checking '/home/sam/wsg50/install/wsg_50_driver/lib/python3.10/site-packages'
[19.937s] Level 1:colcon.colcon_core.environment:checking '/home/sam/wsg50/install/wsg_50_driver/bin'
[19.938s] INFO:colcon.colcon_core.shell:Creating package script '/home/sam/wsg50/install/wsg_50_driver/share/wsg_50_driver/package.ps1'
[19.938s] INFO:colcon.colcon_core.shell:Creating package descriptor '/home/sam/wsg50/install/wsg_50_driver/share/wsg_50_driver/package.dsv'
[19.939s] INFO:colcon.colcon_core.shell:Creating package script '/home/sam/wsg50/install/wsg_50_driver/share/wsg_50_driver/package.sh'
[19.940s] INFO:colcon.colcon_core.shell:Creating package script '/home/sam/wsg50/install/wsg_50_driver/share/wsg_50_driver/package.bash'
[19.941s] INFO:colcon.colcon_core.shell:Creating package script '/home/sam/wsg50/install/wsg_50_driver/share/wsg_50_driver/package.zsh'
[19.942s] Level 1:colcon.colcon_core.environment:create_file_with_runtime_dependencies(/home/sam/wsg50/install/wsg_50_driver/share/colcon-core/packages/wsg_50_driver)
[19.943s] INFO:colcon.colcon_ros.task.ament_cmake.build:Building ROS package in '/home/sam/wsg50/src/wsg_50_interface' with build type 'ament_cmake'
[19.944s] INFO:colcon.colcon_cmake.task.cmake.build:Building CMake package in '/home/sam/wsg50/src/wsg_50_interface'
[19.944s] INFO:colcon.colcon_core.shell:Skip shell extension 'powershell' for command environment: Not usable outside of PowerShell
[19.945s] DEBUG:colcon.colcon_core.shell:Skip shell extension 'dsv' for command environment
[20.350s] DEBUG:colcon.colcon_core.event_handler.log_command:Invoking command in '/home/sam/wsg50/build/wsg_50_interface': CMAKE_PREFIX_PATH=/home/sam/wsg50/install/wsg_50_driver:/home/sam/wsg50/install/wsg_50_common:/home/sam/wsg50/install/wsg_50_simulation:/home/sam/wsg50/install/wsg_50_interface:/home/sam/moveit2/install/pilz_industrial_motion_planner_testutils:/home/sam/moveit2/install/moveit_runtime:/home/sam/moveit2/install/moveit:/home/sam/moveit2/install/moveit_planners:/home/sam/moveit2/install/pilz_industrial_motion_planner:/home/sam/moveit2/install/moveit_ros_control_interface:/home/sam/moveit2/install/moveit_plugins:/home/sam/moveit2/install/moveit_simple_controller_manager:/home/sam/moveit2/install/moveit_setup_assistant:/home/sam/moveit2/install/moveit_setup_srdf_plugins:/home/sam/moveit2/install/moveit_setup_core_plugins:/home/sam/moveit2/install/moveit_setup_controllers:/home/sam/moveit2/install/moveit_setup_app_plugins:/home/sam/moveit2/install/moveit_setup_framework:/home/sam/moveit2/install/moveit_servo:/home/sam/moveit2/install/moveit_ros:/home/sam/moveit2/install/moveit_ros_visualization:/home/sam/moveit2/install/moveit_py:/home/sam/moveit2/install/moveit_hybrid_planning:/home/sam/moveit2/install/moveit_ros_planning_interface:/home/sam/moveit2/install/moveit_ros_benchmarks:/home/sam/moveit2/install/moveit_ros_warehouse:/home/sam/moveit2/install/moveit_ros_robot_interaction:/home/sam/moveit2/install/moveit_ros_perception:/home/sam/moveit2/install/moveit_resources_prbt_pg70_support:/home/sam/moveit2/install/moveit_resources_prbt_moveit_config:/home/sam/moveit2/install/moveit_ros_move_group:/home/sam/moveit2/install/moveit_planners_ompl:/home/sam/moveit2/install/moveit_kinematics:/home/sam/moveit2/install/moveit_ros_planning:/home/sam/moveit2/install/moveit_ros_occupancy_map_monitor:/home/sam/moveit2/install/moveit_resources_prbt_support:/home/sam/moveit2/install/moveit_resources_prbt_ikfast_manipulator_plugin:/home/sam/moveit2/install/moveit_resources:/home/sam/moveit2/install/moveit_resources_pr2_description:/home/sam/moveit2/install/moveit_resources_panda_moveit_config:/home/sam/moveit2/install/dual_arm_panda_moveit_config:/home/sam/moveit2/install/moveit_resources_panda_description:/home/sam/moveit2/install/moveit_resources_fanuc_moveit_config:/home/sam/moveit2/install/moveit_resources_fanuc_description:/home/sam/moveit2/install/moveit_planners_stomp:/home/sam/moveit2/install/moveit_planners_chomp:/home/sam/moveit2/install/chomp_motion_planner:/home/sam/moveit2/install/moveit_core:/home/sam/moveit2/install/moveit_msgs:/home/sam/moveit2/install/moveit_common:/home/sam/moveit2/install/geometric_shapes:/home/sam/ros2_ws/install/ros2_grasshopper:/home/sam/ros2_ws/install/ros2_file_server:/home/sam/ros2_ws/install/my_orbbec:/home/sam/ros2_ws/install/fanuc_srvs:/home/sam/ros2_ws/install/fanuc_srvs_msgs:/home/sam/ros2_ws/install/fanuc_control:/home/sam/ros2_ws/install/fanuc_rmi:/home/sam/ros2_ws/install/fanuc_eth_ip:/home/sam/ros2_ws/install/crx5ia_moveit_config:/home/sam/ros2_ws/install/crx25ia_l_moveit_config:/home/sam/ros2_ws/install/crx20ia_l_moveit_config:/home/sam/ros2_ws/install/crx10ia_moveit_config:/home/sam/ros2_ws/install/crx10ia_l_moveit_config:/home/sam/ros2_ws/install/crx_description:/home/sam/moveit2/install/moveit_configs_utils:/opt/ros/humble LD_LIBRARY_PATH=/home/sam/wsg50/install/wsg_50_common/lib:/home/sam/wsg50/install/wsg_50_interface/lib:/home/sam/wsg50/install/wsg_50_driver/lib:/home/sam/moveit2/install/pilz_industrial_motion_planner_testutils/lib:/home/sam/moveit2/install/pilz_industrial_motion_planner/lib:/home/sam/moveit2/install/moveit_ros_control_interface/lib:/home/sam/moveit2/install/moveit_simple_controller_manager/lib:/home/sam/moveit2/install/moveit_setup_assistant/lib:/home/sam/moveit2/install/moveit_setup_srdf_plugins/lib:/home/sam/moveit2/install/moveit_setup_core_plugins/lib:/home/sam/moveit2/install/moveit_setup_controllers/lib:/home/sam/moveit2/install/moveit_setup_app_plugins/lib:/home/sam/moveit2/install/moveit_setup_framework/lib:/home/sam/moveit2/install/moveit_servo/lib:/home/sam/moveit2/install/moveit_ros_visualization/lib:/home/sam/moveit2/install/moveit_py/lib:/home/sam/moveit2/install/moveit_hybrid_planning/lib:/home/sam/moveit2/install/moveit_ros_planning_interface/lib:/home/sam/moveit2/install/moveit_ros_benchmarks/lib:/home/sam/moveit2/install/moveit_ros_warehouse/lib:/home/sam/moveit2/install/moveit_ros_robot_interaction/lib:/home/sam/moveit2/install/moveit_ros_perception/lib:/home/sam/moveit2/install/moveit_ros_move_group/lib:/home/sam/moveit2/install/moveit_planners_ompl/lib:/home/sam/moveit2/install/moveit_kinematics/lib:/home/sam/moveit2/install/moveit_ros_planning/lib:/home/sam/moveit2/install/moveit_ros_occupancy_map_monitor/lib:/home/sam/moveit2/install/moveit_resources_prbt_ikfast_manipulator_plugin/lib:/home/sam/moveit2/install/moveit_planners_stomp/lib:/home/sam/moveit2/install/moveit_planners_chomp/lib:/home/sam/moveit2/install/chomp_motion_planner/lib:/home/sam/moveit2/install/moveit_core/lib:/home/sam/moveit2/install/moveit_msgs/lib:/home/sam/moveit2/install/geometric_shapes/lib:/home/sam/ros2_ws/install/ros2_grasshopper/lib:/home/sam/ros2_ws/install/ros2_file_server/lib:/home/sam/ros2_ws/install/fanuc_srvs_msgs/lib:/home/sam/ros2_ws/install/fanuc_control/lib:/home/sam/ros2_ws/install/fanuc_rmi/lib:/home/sam/ros2_ws/install/fanuc_eth_ip/lib:/usr/lib/x86_64-linux-gnu/gazebo-11/plugins:/opt/ros/humble/opt/rviz_ogre_vendor/lib:/opt/ros/humble/lib/x86_64-linux-gnu:/opt/ros/humble/lib /usr/bin/cmake --build /home/sam/wsg50/build/wsg_50_interface -- -j8 -l8
[20.617s] DEBUG:colcon.colcon_core.event_handler.log_command:Invoked command in '/home/sam/wsg50/build/wsg_50_interface' returned '0': CMAKE_PREFIX_PATH=/home/sam/wsg50/install/wsg_50_driver:/home/sam/wsg50/install/wsg_50_common:/home/sam/wsg50/install/wsg_50_simulation:/home/sam/wsg50/install/wsg_50_interface:/home/sam/moveit2/install/pilz_industrial_motion_planner_testutils:/home/sam/moveit2/install/moveit_runtime:/home/sam/moveit2/install/moveit:/home/sam/moveit2/install/moveit_planners:/home/sam/moveit2/install/pilz_industrial_motion_planner:/home/sam/moveit2/install/moveit_ros_control_interface:/home/sam/moveit2/install/moveit_plugins:/home/sam/moveit2/install/moveit_simple_controller_manager:/home/sam/moveit2/install/moveit_setup_assistant:/home/sam/moveit2/install/moveit_setup_srdf_plugins:/home/sam/moveit2/install/moveit_setup_core_plugins:/home/sam/moveit2/install/moveit_setup_controllers:/home/sam/moveit2/install/moveit_setup_app_plugins:/home/sam/moveit2/install/moveit_setup_framework:/home/sam/moveit2/install/moveit_servo:/home/sam/moveit2/install/moveit_ros:/home/sam/moveit2/install/moveit_ros_visualization:/home/sam/moveit2/install/moveit_py:/home/sam/moveit2/install/moveit_hybrid_planning:/home/sam/moveit2/install/moveit_ros_planning_interface:/home/sam/moveit2/install/moveit_ros_benchmarks:/home/sam/moveit2/install/moveit_ros_warehouse:/home/sam/moveit2/install/moveit_ros_robot_interaction:/home/sam/moveit2/install/moveit_ros_perception:/home/sam/moveit2/install/moveit_resources_prbt_pg70_support:/home/sam/moveit2/install/moveit_resources_prbt_moveit_config:/home/sam/moveit2/install/moveit_ros_move_group:/home/sam/moveit2/install/moveit_planners_ompl:/home/sam/moveit2/install/moveit_kinematics:/home/sam/moveit2/install/moveit_ros_planning:/home/sam/moveit2/install/moveit_ros_occupancy_map_monitor:/home/sam/moveit2/install/moveit_resources_prbt_support:/home/sam/moveit2/install/moveit_resources_prbt_ikfast_manipulator_plugin:/home/sam/moveit2/install/moveit_resources:/home/sam/moveit2/install/moveit_resources_pr2_description:/home/sam/moveit2/install/moveit_resources_panda_moveit_config:/home/sam/moveit2/install/dual_arm_panda_moveit_config:/home/sam/moveit2/install/moveit_resources_panda_description:/home/sam/moveit2/install/moveit_resources_fanuc_moveit_config:/home/sam/moveit2/install/moveit_resources_fanuc_description:/home/sam/moveit2/install/moveit_planners_stomp:/home/sam/moveit2/install/moveit_planners_chomp:/home/sam/moveit2/install/chomp_motion_planner:/home/sam/moveit2/install/moveit_core:/home/sam/moveit2/install/moveit_msgs:/home/sam/moveit2/install/moveit_common:/home/sam/moveit2/install/geometric_shapes:/home/sam/ros2_ws/install/ros2_grasshopper:/home/sam/ros2_ws/install/ros2_file_server:/home/sam/ros2_ws/install/my_orbbec:/home/sam/ros2_ws/install/fanuc_srvs:/home/sam/ros2_ws/install/fanuc_srvs_msgs:/home/sam/ros2_ws/install/fanuc_control:/home/sam/ros2_ws/install/fanuc_rmi:/home/sam/ros2_ws/install/fanuc_eth_ip:/home/sam/ros2_ws/install/crx5ia_moveit_config:/home/sam/ros2_ws/install/crx25ia_l_moveit_config:/home/sam/ros2_ws/install/crx20ia_l_moveit_config:/home/sam/ros2_ws/install/crx10ia_moveit_config:/home/sam/ros2_ws/install/crx10ia_l_moveit_config:/home/sam/ros2_ws/install/crx_description:/home/sam/moveit2/install/moveit_configs_utils:/opt/ros/humble LD_LIBRARY_PATH=/home/sam/wsg50/install/wsg_50_common/lib:/home/sam/wsg50/install/wsg_50_interface/lib:/home/sam/wsg50/install/wsg_50_driver/lib:/home/sam/moveit2/install/pilz_industrial_motion_planner_testutils/lib:/home/sam/moveit2/install/pilz_industrial_motion_planner/lib:/home/sam/moveit2/install/moveit_ros_control_interface/lib:/home/sam/moveit2/install/moveit_simple_controller_manager/lib:/home/sam/moveit2/install/moveit_setup_assistant/lib:/home/sam/moveit2/install/moveit_setup_srdf_plugins/lib:/home/sam/moveit2/install/moveit_setup_core_plugins/lib:/home/sam/moveit2/install/moveit_setup_controllers/lib:/home/sam/moveit2/install/moveit_setup_app_plugins/lib:/home/sam/moveit2/install/moveit_setup_framework/lib:/home/sam/moveit2/install/moveit_servo/lib:/home/sam/moveit2/install/moveit_ros_visualization/lib:/home/sam/moveit2/install/moveit_py/lib:/home/sam/moveit2/install/moveit_hybrid_planning/lib:/home/sam/moveit2/install/moveit_ros_planning_interface/lib:/home/sam/moveit2/install/moveit_ros_benchmarks/lib:/home/sam/moveit2/install/moveit_ros_warehouse/lib:/home/sam/moveit2/install/moveit_ros_robot_interaction/lib:/home/sam/moveit2/install/moveit_ros_perception/lib:/home/sam/moveit2/install/moveit_ros_move_group/lib:/home/sam/moveit2/install/moveit_planners_ompl/lib:/home/sam/moveit2/install/moveit_kinematics/lib:/home/sam/moveit2/install/moveit_ros_planning/lib:/home/sam/moveit2/install/moveit_ros_occupancy_map_monitor/lib:/home/sam/moveit2/install/moveit_resources_prbt_ikfast_manipulator_plugin/lib:/home/sam/moveit2/install/moveit_planners_stomp/lib:/home/sam/moveit2/install/moveit_planners_chomp/lib:/home/sam/moveit2/install/chomp_motion_planner/lib:/home/sam/moveit2/install/moveit_core/lib:/home/sam/moveit2/install/moveit_msgs/lib:/home/sam/moveit2/install/geometric_shapes/lib:/home/sam/ros2_ws/install/ros2_grasshopper/lib:/home/sam/ros2_ws/install/ros2_file_server/lib:/home/sam/ros2_ws/install/fanuc_srvs_msgs/lib:/home/sam/ros2_ws/install/fanuc_control/lib:/home/sam/ros2_ws/install/fanuc_rmi/lib:/home/sam/ros2_ws/install/fanuc_eth_ip/lib:/usr/lib/x86_64-linux-gnu/gazebo-11/plugins:/opt/ros/humble/opt/rviz_ogre_vendor/lib:/opt/ros/humble/lib/x86_64-linux-gnu:/opt/ros/humble/lib /usr/bin/cmake --build /home/sam/wsg50/build/wsg_50_interface -- -j8 -l8
[20.621s] DEBUG:colcon.colcon_core.event_handler.log_command:Invoking command in '/home/sam/wsg50/build/wsg_50_interface': CMAKE_PREFIX_PATH=/home/sam/wsg50/install/wsg_50_driver:/home/sam/wsg50/install/wsg_50_common:/home/sam/wsg50/install/wsg_50_simulation:/home/sam/wsg50/install/wsg_50_interface:/home/sam/moveit2/install/pilz_industrial_motion_planner_testutils:/home/sam/moveit2/install/moveit_runtime:/home/sam/moveit2/install/moveit:/home/sam/moveit2/install/moveit_planners:/home/sam/moveit2/install/pilz_industrial_motion_planner:/home/sam/moveit2/install/moveit_ros_control_interface:/home/sam/moveit2/install/moveit_plugins:/home/sam/moveit2/install/moveit_simple_controller_manager:/home/sam/moveit2/install/moveit_setup_assistant:/home/sam/moveit2/install/moveit_setup_srdf_plugins:/home/sam/moveit2/install/moveit_setup_core_plugins:/home/sam/moveit2/install/moveit_setup_controllers:/home/sam/moveit2/install/moveit_setup_app_plugins:/home/sam/moveit2/install/moveit_setup_framework:/home/sam/moveit2/install/moveit_servo:/home/sam/moveit2/install/moveit_ros:/home/sam/moveit2/install/moveit_ros_visualization:/home/sam/moveit2/install/moveit_py:/home/sam/moveit2/install/moveit_hybrid_planning:/home/sam/moveit2/install/moveit_ros_planning_interface:/home/sam/moveit2/install/moveit_ros_benchmarks:/home/sam/moveit2/install/moveit_ros_warehouse:/home/sam/moveit2/install/moveit_ros_robot_interaction:/home/sam/moveit2/install/moveit_ros_perception:/home/sam/moveit2/install/moveit_resources_prbt_pg70_support:/home/sam/moveit2/install/moveit_resources_prbt_moveit_config:/home/sam/moveit2/install/moveit_ros_move_group:/home/sam/moveit2/install/moveit_planners_ompl:/home/sam/moveit2/install/moveit_kinematics:/home/sam/moveit2/install/moveit_ros_planning:/home/sam/moveit2/install/moveit_ros_occupancy_map_monitor:/home/sam/moveit2/install/moveit_resources_prbt_support:/home/sam/moveit2/install/moveit_resources_prbt_ikfast_manipulator_plugin:/home/sam/moveit2/install/moveit_resources:/home/sam/moveit2/install/moveit_resources_pr2_description:/home/sam/moveit2/install/moveit_resources_panda_moveit_config:/home/sam/moveit2/install/dual_arm_panda_moveit_config:/home/sam/moveit2/install/moveit_resources_panda_description:/home/sam/moveit2/install/moveit_resources_fanuc_moveit_config:/home/sam/moveit2/install/moveit_resources_fanuc_description:/home/sam/moveit2/install/moveit_planners_stomp:/home/sam/moveit2/install/moveit_planners_chomp:/home/sam/moveit2/install/chomp_motion_planner:/home/sam/moveit2/install/moveit_core:/home/sam/moveit2/install/moveit_msgs:/home/sam/moveit2/install/moveit_common:/home/sam/moveit2/install/geometric_shapes:/home/sam/ros2_ws/install/ros2_grasshopper:/home/sam/ros2_ws/install/ros2_file_server:/home/sam/ros2_ws/install/my_orbbec:/home/sam/ros2_ws/install/fanuc_srvs:/home/sam/ros2_ws/install/fanuc_srvs_msgs:/home/sam/ros2_ws/install/fanuc_control:/home/sam/ros2_ws/install/fanuc_rmi:/home/sam/ros2_ws/install/fanuc_eth_ip:/home/sam/ros2_ws/install/crx5ia_moveit_config:/home/sam/ros2_ws/install/crx25ia_l_moveit_config:/home/sam/ros2_ws/install/crx20ia_l_moveit_config:/home/sam/ros2_ws/install/crx10ia_moveit_config:/home/sam/ros2_ws/install/crx10ia_l_moveit_config:/home/sam/ros2_ws/install/crx_description:/home/sam/moveit2/install/moveit_configs_utils:/opt/ros/humble LD_LIBRARY_PATH=/home/sam/wsg50/install/wsg_50_common/lib:/home/sam/wsg50/install/wsg_50_interface/lib:/home/sam/wsg50/install/wsg_50_driver/lib:/home/sam/moveit2/install/pilz_industrial_motion_planner_testutils/lib:/home/sam/moveit2/install/pilz_industrial_motion_planner/lib:/home/sam/moveit2/install/moveit_ros_control_interface/lib:/home/sam/moveit2/install/moveit_simple_controller_manager/lib:/home/sam/moveit2/install/moveit_setup_assistant/lib:/home/sam/moveit2/install/moveit_setup_srdf_plugins/lib:/home/sam/moveit2/install/moveit_setup_core_plugins/lib:/home/sam/moveit2/install/moveit_setup_controllers/lib:/home/sam/moveit2/install/moveit_setup_app_plugins/lib:/home/sam/moveit2/install/moveit_setup_framework/lib:/home/sam/moveit2/install/moveit_servo/lib:/home/sam/moveit2/install/moveit_ros_visualization/lib:/home/sam/moveit2/install/moveit_py/lib:/home/sam/moveit2/install/moveit_hybrid_planning/lib:/home/sam/moveit2/install/moveit_ros_planning_interface/lib:/home/sam/moveit2/install/moveit_ros_benchmarks/lib:/home/sam/moveit2/install/moveit_ros_warehouse/lib:/home/sam/moveit2/install/moveit_ros_robot_interaction/lib:/home/sam/moveit2/install/moveit_ros_perception/lib:/home/sam/moveit2/install/moveit_ros_move_group/lib:/home/sam/moveit2/install/moveit_planners_ompl/lib:/home/sam/moveit2/install/moveit_kinematics/lib:/home/sam/moveit2/install/moveit_ros_planning/lib:/home/sam/moveit2/install/moveit_ros_occupancy_map_monitor/lib:/home/sam/moveit2/install/moveit_resources_prbt_ikfast_manipulator_plugin/lib:/home/sam/moveit2/install/moveit_planners_stomp/lib:/home/sam/moveit2/install/moveit_planners_chomp/lib:/home/sam/moveit2/install/chomp_motion_planner/lib:/home/sam/moveit2/install/moveit_core/lib:/home/sam/moveit2/install/moveit_msgs/lib:/home/sam/moveit2/install/geometric_shapes/lib:/home/sam/ros2_ws/install/ros2_grasshopper/lib:/home/sam/ros2_ws/install/ros2_file_server/lib:/home/sam/ros2_ws/install/fanuc_srvs_msgs/lib:/home/sam/ros2_ws/install/fanuc_control/lib:/home/sam/ros2_ws/install/fanuc_rmi/lib:/home/sam/ros2_ws/install/fanuc_eth_ip/lib:/usr/lib/x86_64-linux-gnu/gazebo-11/plugins:/opt/ros/humble/opt/rviz_ogre_vendor/lib:/opt/ros/humble/lib/x86_64-linux-gnu:/opt/ros/humble/lib /usr/bin/cmake --install /home/sam/wsg50/build/wsg_50_interface
[20.663s] Level 1:colcon.colcon_core.environment:create_environment_scripts_only(wsg_50_interface)
[20.663s] Level 1:colcon.colcon_core.environment:checking '/home/sam/wsg50/install/wsg_50_interface' for CMake module files
[20.665s] DEBUG:colcon.colcon_core.event_handler.log_command:Invoked command in '/home/sam/wsg50/build/wsg_50_interface' returned '0': CMAKE_PREFIX_PATH=/home/sam/wsg50/install/wsg_50_driver:/home/sam/wsg50/install/wsg_50_common:/home/sam/wsg50/install/wsg_50_simulation:/home/sam/wsg50/install/wsg_50_interface:/home/sam/moveit2/install/pilz_industrial_motion_planner_testutils:/home/sam/moveit2/install/moveit_runtime:/home/sam/moveit2/install/moveit:/home/sam/moveit2/install/moveit_planners:/home/sam/moveit2/install/pilz_industrial_motion_planner:/home/sam/moveit2/install/moveit_ros_control_interface:/home/sam/moveit2/install/moveit_plugins:/home/sam/moveit2/install/moveit_simple_controller_manager:/home/sam/moveit2/install/moveit_setup_assistant:/home/sam/moveit2/install/moveit_setup_srdf_plugins:/home/sam/moveit2/install/moveit_setup_core_plugins:/home/sam/moveit2/install/moveit_setup_controllers:/home/sam/moveit2/install/moveit_setup_app_plugins:/home/sam/moveit2/install/moveit_setup_framework:/home/sam/moveit2/install/moveit_servo:/home/sam/moveit2/install/moveit_ros:/home/sam/moveit2/install/moveit_ros_visualization:/home/sam/moveit2/install/moveit_py:/home/sam/moveit2/install/moveit_hybrid_planning:/home/sam/moveit2/install/moveit_ros_planning_interface:/home/sam/moveit2/install/moveit_ros_benchmarks:/home/sam/moveit2/install/moveit_ros_warehouse:/home/sam/moveit2/install/moveit_ros_robot_interaction:/home/sam/moveit2/install/moveit_ros_perception:/home/sam/moveit2/install/moveit_resources_prbt_pg70_support:/home/sam/moveit2/install/moveit_resources_prbt_moveit_config:/home/sam/moveit2/install/moveit_ros_move_group:/home/sam/moveit2/install/moveit_planners_ompl:/home/sam/moveit2/install/moveit_kinematics:/home/sam/moveit2/install/moveit_ros_planning:/home/sam/moveit2/install/moveit_ros_occupancy_map_monitor:/home/sam/moveit2/install/moveit_resources_prbt_support:/home/sam/moveit2/install/moveit_resources_prbt_ikfast_manipulator_plugin:/home/sam/moveit2/install/moveit_resources:/home/sam/moveit2/install/moveit_resources_pr2_description:/home/sam/moveit2/install/moveit_resources_panda_moveit_config:/home/sam/moveit2/install/dual_arm_panda_moveit_config:/home/sam/moveit2/install/moveit_resources_panda_description:/home/sam/moveit2/install/moveit_resources_fanuc_moveit_config:/home/sam/moveit2/install/moveit_resources_fanuc_description:/home/sam/moveit2/install/moveit_planners_stomp:/home/sam/moveit2/install/moveit_planners_chomp:/home/sam/moveit2/install/chomp_motion_planner:/home/sam/moveit2/install/moveit_core:/home/sam/moveit2/install/moveit_msgs:/home/sam/moveit2/install/moveit_common:/home/sam/moveit2/install/geometric_shapes:/home/sam/ros2_ws/install/ros2_grasshopper:/home/sam/ros2_ws/install/ros2_file_server:/home/sam/ros2_ws/install/my_orbbec:/home/sam/ros2_ws/install/fanuc_srvs:/home/sam/ros2_ws/install/fanuc_srvs_msgs:/home/sam/ros2_ws/install/fanuc_control:/home/sam/ros2_ws/install/fanuc_rmi:/home/sam/ros2_ws/install/fanuc_eth_ip:/home/sam/ros2_ws/install/crx5ia_moveit_config:/home/sam/ros2_ws/install/crx25ia_l_moveit_config:/home/sam/ros2_ws/install/crx20ia_l_moveit_config:/home/sam/ros2_ws/install/crx10ia_moveit_config:/home/sam/ros2_ws/install/crx10ia_l_moveit_config:/home/sam/ros2_ws/install/crx_description:/home/sam/moveit2/install/moveit_configs_utils:/opt/ros/humble LD_LIBRARY_PATH=/home/sam/wsg50/install/wsg_50_common/lib:/home/sam/wsg50/install/wsg_50_interface/lib:/home/sam/wsg50/install/wsg_50_driver/lib:/home/sam/moveit2/install/pilz_industrial_motion_planner_testutils/lib:/home/sam/moveit2/install/pilz_industrial_motion_planner/lib:/home/sam/moveit2/install/moveit_ros_control_interface/lib:/home/sam/moveit2/install/moveit_simple_controller_manager/lib:/home/sam/moveit2/install/moveit_setup_assistant/lib:/home/sam/moveit2/install/moveit_setup_srdf_plugins/lib:/home/sam/moveit2/install/moveit_setup_core_plugins/lib:/home/sam/moveit2/install/moveit_setup_controllers/lib:/home/sam/moveit2/install/moveit_setup_app_plugins/lib:/home/sam/moveit2/install/moveit_setup_framework/lib:/home/sam/moveit2/install/moveit_servo/lib:/home/sam/moveit2/install/moveit_ros_visualization/lib:/home/sam/moveit2/install/moveit_py/lib:/home/sam/moveit2/install/moveit_hybrid_planning/lib:/home/sam/moveit2/install/moveit_ros_planning_interface/lib:/home/sam/moveit2/install/moveit_ros_benchmarks/lib:/home/sam/moveit2/install/moveit_ros_warehouse/lib:/home/sam/moveit2/install/moveit_ros_robot_interaction/lib:/home/sam/moveit2/install/moveit_ros_perception/lib:/home/sam/moveit2/install/moveit_ros_move_group/lib:/home/sam/moveit2/install/moveit_planners_ompl/lib:/home/sam/moveit2/install/moveit_kinematics/lib:/home/sam/moveit2/install/moveit_ros_planning/lib:/home/sam/moveit2/install/moveit_ros_occupancy_map_monitor/lib:/home/sam/moveit2/install/moveit_resources_prbt_ikfast_manipulator_plugin/lib:/home/sam/moveit2/install/moveit_planners_stomp/lib:/home/sam/moveit2/install/moveit_planners_chomp/lib:/home/sam/moveit2/install/chomp_motion_planner/lib:/home/sam/moveit2/install/moveit_core/lib:/home/sam/moveit2/install/moveit_msgs/lib:/home/sam/moveit2/install/geometric_shapes/lib:/home/sam/ros2_ws/install/ros2_grasshopper/lib:/home/sam/ros2_ws/install/ros2_file_server/lib:/home/sam/ros2_ws/install/fanuc_srvs_msgs/lib:/home/sam/ros2_ws/install/fanuc_control/lib:/home/sam/ros2_ws/install/fanuc_rmi/lib:/home/sam/ros2_ws/install/fanuc_eth_ip/lib:/usr/lib/x86_64-linux-gnu/gazebo-11/plugins:/opt/ros/humble/opt/rviz_ogre_vendor/lib:/opt/ros/humble/lib/x86_64-linux-gnu:/opt/ros/humble/lib /usr/bin/cmake --install /home/sam/wsg50/build/wsg_50_interface
[20.666s] Level 1:colcon.colcon_core.environment:checking '/home/sam/wsg50/install/wsg_50_interface' for CMake config files
[20.666s] Level 1:colcon.colcon_core.shell:create_environment_hook('wsg_50_interface', 'cmake_prefix_path')
[20.667s] INFO:colcon.colcon_core.shell:Creating environment hook '/home/sam/wsg50/install/wsg_50_interface/share/wsg_50_interface/hook/cmake_prefix_path.ps1'
[20.668s] INFO:colcon.colcon_core.shell:Creating environment descriptor '/home/sam/wsg50/install/wsg_50_interface/share/wsg_50_interface/hook/cmake_prefix_path.dsv'
[20.668s] INFO:colcon.colcon_core.shell:Creating environment hook '/home/sam/wsg50/install/wsg_50_interface/share/wsg_50_interface/hook/cmake_prefix_path.sh'
[20.669s] Level 1:colcon.colcon_core.environment:checking '/home/sam/wsg50/install/wsg_50_interface/lib'
[20.669s] Level 1:colcon.colcon_core.shell:create_environment_hook('wsg_50_interface', 'ld_library_path_lib')
[20.670s] INFO:colcon.colcon_core.shell:Creating environment hook '/home/sam/wsg50/install/wsg_50_interface/share/wsg_50_interface/hook/ld_library_path_lib.ps1'
[20.670s] INFO:colcon.colcon_core.shell:Creating environment descriptor '/home/sam/wsg50/install/wsg_50_interface/share/wsg_50_interface/hook/ld_library_path_lib.dsv'
[20.671s] INFO:colcon.colcon_core.shell:Creating environment hook '/home/sam/wsg50/install/wsg_50_interface/share/wsg_50_interface/hook/ld_library_path_lib.sh'
[20.672s] Level 1:colcon.colcon_core.environment:checking '/home/sam/wsg50/install/wsg_50_interface/bin'
[20.673s] Level 1:colcon.colcon_core.environment:checking '/home/sam/wsg50/install/wsg_50_interface/lib/pkgconfig/wsg_50_interface.pc'
[20.673s] Level 1:colcon.colcon_core.environment:checking '/home/sam/wsg50/install/wsg_50_interface/lib/python3.10/site-packages'
[20.674s] Level 1:colcon.colcon_core.environment:checking '/home/sam/wsg50/install/wsg_50_interface/bin'
[20.675s] INFO:colcon.colcon_core.shell:Creating package script '/home/sam/wsg50/install/wsg_50_interface/share/wsg_50_interface/package.ps1'
[20.677s] INFO:colcon.colcon_core.shell:Creating package descriptor '/home/sam/wsg50/install/wsg_50_interface/share/wsg_50_interface/package.dsv'
[20.678s] INFO:colcon.colcon_core.shell:Creating package script '/home/sam/wsg50/install/wsg_50_interface/share/wsg_50_interface/package.sh'
[20.680s] INFO:colcon.colcon_core.shell:Creating package script '/home/sam/wsg50/install/wsg_50_interface/share/wsg_50_interface/package.bash'
[20.681s] INFO:colcon.colcon_core.shell:Creating package script '/home/sam/wsg50/install/wsg_50_interface/share/wsg_50_interface/package.zsh'
[20.682s] Level 1:colcon.colcon_core.environment:create_file_with_runtime_dependencies(/home/sam/wsg50/install/wsg_50_interface/share/colcon-core/packages/wsg_50_interface)
[20.684s] Level 1:colcon.colcon_core.environment:create_environment_scripts_only(wsg_50_interface)
[20.685s] Level 1:colcon.colcon_core.environment:checking '/home/sam/wsg50/install/wsg_50_interface' for CMake module files
[20.686s] Level 1:colcon.colcon_core.environment:checking '/home/sam/wsg50/install/wsg_50_interface' for CMake config files
[20.687s] Level 1:colcon.colcon_core.shell:create_environment_hook('wsg_50_interface', 'cmake_prefix_path')
[20.688s] INFO:colcon.colcon_core.shell:Creating environment hook '/home/sam/wsg50/install/wsg_50_interface/share/wsg_50_interface/hook/cmake_prefix_path.ps1'
[20.689s] INFO:colcon.colcon_core.shell:Creating environment descriptor '/home/sam/wsg50/install/wsg_50_interface/share/wsg_50_interface/hook/cmake_prefix_path.dsv'
[20.690s] INFO:colcon.colcon_core.shell:Creating environment hook '/home/sam/wsg50/install/wsg_50_interface/share/wsg_50_interface/hook/cmake_prefix_path.sh'
[20.692s] Level 1:colcon.colcon_core.environment:checking '/home/sam/wsg50/install/wsg_50_interface/lib'
[20.693s] Level 1:colcon.colcon_core.shell:create_environment_hook('wsg_50_interface', 'ld_library_path_lib')
[20.693s] INFO:colcon.colcon_core.shell:Creating environment hook '/home/sam/wsg50/install/wsg_50_interface/share/wsg_50_interface/hook/ld_library_path_lib.ps1'
[20.695s] INFO:colcon.colcon_core.shell:Creating environment descriptor '/home/sam/wsg50/install/wsg_50_interface/share/wsg_50_interface/hook/ld_library_path_lib.dsv'
[20.696s] INFO:colcon.colcon_core.shell:Creating environment hook '/home/sam/wsg50/install/wsg_50_interface/share/wsg_50_interface/hook/ld_library_path_lib.sh'
[20.697s] Level 1:colcon.colcon_core.environment:checking '/home/sam/wsg50/install/wsg_50_interface/bin'
[20.697s] Level 1:colcon.colcon_core.environment:checking '/home/sam/wsg50/install/wsg_50_interface/lib/pkgconfig/wsg_50_interface.pc'
[20.698s] Level 1:colcon.colcon_core.environment:checking '/home/sam/wsg50/install/wsg_50_interface/lib/python3.10/site-packages'
[20.698s] Level 1:colcon.colcon_core.environment:checking '/home/sam/wsg50/install/wsg_50_interface/bin'
[20.699s] INFO:colcon.colcon_core.shell:Creating package script '/home/sam/wsg50/install/wsg_50_interface/share/wsg_50_interface/package.ps1'
[20.703s] INFO:colcon.colcon_core.shell:Creating package descriptor '/home/sam/wsg50/install/wsg_50_interface/share/wsg_50_interface/package.dsv'
[20.704s] INFO:colcon.colcon_core.shell:Creating package script '/home/sam/wsg50/install/wsg_50_interface/share/wsg_50_interface/package.sh'
[20.704s] INFO:colcon.colcon_core.shell:Creating package script '/home/sam/wsg50/install/wsg_50_interface/share/wsg_50_interface/package.bash'
[20.705s] INFO:colcon.colcon_core.shell:Creating package script '/home/sam/wsg50/install/wsg_50_interface/share/wsg_50_interface/package.zsh'
[20.706s] Level 1:colcon.colcon_core.environment:create_file_with_runtime_dependencies(/home/sam/wsg50/install/wsg_50_interface/share/colcon-core/packages/wsg_50_interface)
[20.707s] DEBUG:colcon.colcon_parallel_executor.executor.parallel:closing loop
[20.708s] DEBUG:colcon.colcon_parallel_executor.executor.parallel:loop closed
[20.709s] DEBUG:colcon.colcon_parallel_executor.executor.parallel:run_until_complete finished with '0'
[20.710s] DEBUG:colcon.colcon_core.event_reactor:joining thread
[20.837s] INFO:colcon.colcon_core.plugin_system:Skipping extension 'colcon_notification.desktop_notification.notify_send': Could not find 'notify-send'
[20.838s] INFO:colcon.colcon_core.plugin_system:Skipping extension 'colcon_notification.desktop_notification.terminal_notifier': Not used on non-Darwin systems
[20.838s] INFO:colcon.colcon_core.plugin_system:Skipping extension 'colcon_notification.desktop_notification.win32': Not used on non-Windows systems
[20.838s] INFO:colcon.colcon_notification.desktop_notification:Sending desktop notification using 'notify2'
[20.840s] DEBUG:colcon.colcon_notification.desktop_notification.notify2:Failed to initialize notify2: org.freedesktop.DBus.Error.ServiceUnknown: The name org.freedesktop.Notifications was not provided by any .service files
[20.841s] DEBUG:colcon.colcon_core.event_reactor:joined thread
[20.841s] INFO:colcon.colcon_core.shell:Creating prefix script '/home/sam/wsg50/install/local_setup.ps1'
[20.844s] INFO:colcon.colcon_core.shell:Creating prefix util module '/home/sam/wsg50/install/_local_setup_util_ps1.py'
[20.849s] INFO:colcon.colcon_core.shell:Creating prefix chain script '/home/sam/wsg50/install/setup.ps1'
[20.861s] INFO:colcon.colcon_core.shell:Creating prefix script '/home/sam/wsg50/install/local_setup.sh'
[20.863s] INFO:colcon.colcon_core.shell:Creating prefix util module '/home/sam/wsg50/install/_local_setup_util_sh.py'
[20.864s] INFO:colcon.colcon_core.shell:Creating prefix chain script '/home/sam/wsg50/install/setup.sh'
[20.873s] INFO:colcon.colcon_core.shell:Creating prefix script '/home/sam/wsg50/install/local_setup.bash'
[20.875s] INFO:colcon.colcon_core.shell:Creating prefix chain script '/home/sam/wsg50/install/setup.bash'
[20.883s] INFO:colcon.colcon_core.shell:Creating prefix script '/home/sam/wsg50/install/local_setup.zsh'
[20.884s] INFO:colcon.colcon_core.shell:Creating prefix chain script '/home/sam/wsg50/install/setup.zsh'
