[0.069s] Invoking command in '/home/sam/wsg50/build/wsg_50_common': CMAKE_PREFIX_PATH=${CMAKE_PREFIX_PATH}:/home/sam/moveit2/install/moveit_configs_utils:/opt/ros/humble /usr/bin/cmake --build /home/sam/wsg50/build/wsg_50_common -- -j8 -l8
[0.317s] [  1%] Built target wsg_50_common__cpp
[0.325s] [ 12%] Built target wsg_50_common__rosidl_generator_c
[0.390s] [ 12%] Built target ament_cmake_python_copy_wsg_50_common
[0.481s] [ 23%] Built target wsg_50_common__rosidl_typesupport_c
[0.490s] [ 35%] Built target wsg_50_common__rosidl_typesupport_introspection_c
[0.512s] [ 46%] Built target wsg_50_common__rosidl_typesupport_introspection_cpp
[0.516s] [ 57%] Built target wsg_50_common__rosidl_typesupport_cpp
[0.531s] [ 69%] Built target wsg_50_common__rosidl_typesupport_fastrtps_cpp
[0.555s] [ 80%] Built target wsg_50_common__rosidl_typesupport_fastrtps_c
[0.649s] [ 80%] Built target wsg_50_common
[0.864s] [ 81%] Built target wsg_50_common__py
[1.030s] [ 91%] Built target wsg_50_common__rosidl_generator_py
[1.161s] [ 94%] Built target wsg_50_common__rosidl_typesupport_fastrtps_c__pyext
[1.161s] [ 97%] Built target wsg_50_common__rosidl_typesupport_c__pyext
[1.162s] [100%] Built target wsg_50_common__rosidl_typesupport_introspection_c__pyext
[1.410s] running egg_info
[1.412s] writing wsg_50_common.egg-info/PKG-INFO
[1.412s] writing dependency_links to wsg_50_common.egg-info/dependency_links.txt
[1.413s] writing top-level names to wsg_50_common.egg-info/top_level.txt
[1.417s] reading manifest file 'wsg_50_common.egg-info/SOURCES.txt'
[1.419s] writing manifest file 'wsg_50_common.egg-info/SOURCES.txt'
[1.503s] [100%] Built target ament_cmake_python_build_wsg_50_common_egg
[1.556s] Invoked command in '/home/sam/wsg50/build/wsg_50_common' returned '0': CMAKE_PREFIX_PATH=${CMAKE_PREFIX_PATH}:/home/sam/moveit2/install/moveit_configs_utils:/opt/ros/humble /usr/bin/cmake --build /home/sam/wsg50/build/wsg_50_common -- -j8 -l8
[1.561s] Invoking command in '/home/sam/wsg50/build/wsg_50_common': CMAKE_PREFIX_PATH=${CMAKE_PREFIX_PATH}:/home/sam/moveit2/install/moveit_configs_utils:/opt/ros/humble /usr/bin/cmake --install /home/sam/wsg50/build/wsg_50_common
[1.593s] -- Install configuration: ""
[1.594s] -- Up-to-date: /home/sam/wsg50/install/wsg_50_common/share/ament_index/resource_index/rosidl_interfaces/wsg_50_common
[1.594s] -- Up-to-date: /home/sam/wsg50/install/wsg_50_common/include/wsg_50_common/wsg_50_common
[1.594s] -- Up-to-date: /home/sam/wsg50/install/wsg_50_common/include/wsg_50_common/wsg_50_common/msg
[1.594s] -- Up-to-date: /home/sam/wsg50/install/wsg_50_common/include/wsg_50_common/wsg_50_common/msg/status.h
[1.595s] -- Up-to-date: /home/sam/wsg50/install/wsg_50_common/include/wsg_50_common/wsg_50_common/msg/detail
[1.596s] -- Up-to-date: /home/sam/wsg50/install/wsg_50_common/include/wsg_50_common/wsg_50_common/msg/detail/cmd__functions.c
[1.596s] -- Up-to-date: /home/sam/wsg50/install/wsg_50_common/include/wsg_50_common/wsg_50_common/msg/detail/status__struct.h
[1.597s] -- Up-to-date: /home/sam/wsg50/install/wsg_50_common/include/wsg_50_common/wsg_50_common/msg/detail/cmd__struct.h
[1.597s] -- Up-to-date: /home/sam/wsg50/install/wsg_50_common/include/wsg_50_common/wsg_50_common/msg/detail/cmd__type_support.h
[1.597s] -- Up-to-date: /home/sam/wsg50/install/wsg_50_common/include/wsg_50_common/wsg_50_common/msg/detail/status__type_support.h
[1.598s] -- Up-to-date: /home/sam/wsg50/install/wsg_50_common/include/wsg_50_common/wsg_50_common/msg/detail/status__functions.c
[1.598s] -- Up-to-date: /home/sam/wsg50/install/wsg_50_common/include/wsg_50_common/wsg_50_common/msg/detail/status__functions.h
[1.599s] -- Up-to-date: /home/sam/wsg50/install/wsg_50_common/include/wsg_50_common/wsg_50_common/msg/detail/cmd__functions.h
[1.599s] -- Up-to-date: /home/sam/wsg50/install/wsg_50_common/include/wsg_50_common/wsg_50_common/msg/rosidl_generator_c__visibility_control.h
[1.600s] -- Up-to-date: /home/sam/wsg50/install/wsg_50_common/include/wsg_50_common/wsg_50_common/msg/cmd.h
[1.600s] -- Up-to-date: /home/sam/wsg50/install/wsg_50_common/include/wsg_50_common/wsg_50_common/srv
[1.600s] -- Up-to-date: /home/sam/wsg50/install/wsg_50_common/include/wsg_50_common/wsg_50_common/srv/conf.h
[1.601s] -- Up-to-date: /home/sam/wsg50/install/wsg_50_common/include/wsg_50_common/wsg_50_common/srv/incr.h
[1.601s] -- Up-to-date: /home/sam/wsg50/install/wsg_50_common/include/wsg_50_common/wsg_50_common/srv/move.h
[1.601s] -- Up-to-date: /home/sam/wsg50/install/wsg_50_common/include/wsg_50_common/wsg_50_common/srv/detail
[1.601s] -- Up-to-date: /home/sam/wsg50/install/wsg_50_common/include/wsg_50_common/wsg_50_common/srv/detail/conf__functions.h
[1.602s] -- Up-to-date: /home/sam/wsg50/install/wsg_50_common/include/wsg_50_common/wsg_50_common/srv/detail/incr__functions.h
[1.602s] -- Up-to-date: /home/sam/wsg50/install/wsg_50_common/include/wsg_50_common/wsg_50_common/srv/detail/incr__type_support.h
[1.602s] -- Up-to-date: /home/sam/wsg50/install/wsg_50_common/include/wsg_50_common/wsg_50_common/srv/detail/incr__functions.c
[1.602s] -- Up-to-date: /home/sam/wsg50/install/wsg_50_common/include/wsg_50_common/wsg_50_common/srv/detail/move__functions.c
[1.603s] -- Up-to-date: /home/sam/wsg50/install/wsg_50_common/include/wsg_50_common/wsg_50_common/srv/detail/move__type_support.h
[1.603s] -- Up-to-date: /home/sam/wsg50/install/wsg_50_common/include/wsg_50_common/wsg_50_common/srv/detail/move__struct.h
[1.603s] -- Up-to-date: /home/sam/wsg50/install/wsg_50_common/include/wsg_50_common/wsg_50_common/srv/detail/incr__struct.h
[1.604s] -- Up-to-date: /home/sam/wsg50/install/wsg_50_common/include/wsg_50_common/wsg_50_common/srv/detail/conf__type_support.h
[1.605s] -- Up-to-date: /home/sam/wsg50/install/wsg_50_common/include/wsg_50_common/wsg_50_common/srv/detail/conf__functions.c
[1.605s] -- Up-to-date: /home/sam/wsg50/install/wsg_50_common/include/wsg_50_common/wsg_50_common/srv/detail/move__functions.h
[1.606s] -- Up-to-date: /home/sam/wsg50/install/wsg_50_common/include/wsg_50_common/wsg_50_common/srv/detail/conf__struct.h
[1.606s] -- Up-to-date: /home/sam/wsg50/install/wsg_50_common/include/wsg_50_common/wsg_50_common/action
[1.607s] -- Up-to-date: /home/sam/wsg50/install/wsg_50_common/include/wsg_50_common/wsg_50_common/action/detail
[1.607s] -- Up-to-date: /home/sam/wsg50/install/wsg_50_common/include/wsg_50_common/wsg_50_common/action/detail/cmd__functions.c
[1.608s] -- Up-to-date: /home/sam/wsg50/install/wsg_50_common/include/wsg_50_common/wsg_50_common/action/detail/cmd__struct.h
[1.608s] -- Up-to-date: /home/sam/wsg50/install/wsg_50_common/include/wsg_50_common/wsg_50_common/action/detail/cmd__type_support.h
[1.609s] -- Up-to-date: /home/sam/wsg50/install/wsg_50_common/include/wsg_50_common/wsg_50_common/action/detail/cmd__functions.h
[1.609s] -- Up-to-date: /home/sam/wsg50/install/wsg_50_common/include/wsg_50_common/wsg_50_common/action/cmd.h
[1.610s] -- Up-to-date: /home/sam/wsg50/install/wsg_50_common/share/wsg_50_common/environment/library_path.sh
[1.611s] -- Up-to-date: /home/sam/wsg50/install/wsg_50_common/share/wsg_50_common/environment/library_path.dsv
[1.612s] -- Up-to-date: /home/sam/wsg50/install/wsg_50_common/lib/libwsg_50_common__rosidl_generator_c.so
[1.612s] -- Up-to-date: /home/sam/wsg50/install/wsg_50_common/include/wsg_50_common/wsg_50_common
[1.612s] -- Up-to-date: /home/sam/wsg50/install/wsg_50_common/include/wsg_50_common/wsg_50_common/msg
[1.612s] -- Up-to-date: /home/sam/wsg50/install/wsg_50_common/include/wsg_50_common/wsg_50_common/msg/rosidl_typesupport_fastrtps_c__visibility_control.h
[1.613s] -- Up-to-date: /home/sam/wsg50/install/wsg_50_common/include/wsg_50_common/wsg_50_common/msg/detail
[1.613s] -- Up-to-date: /home/sam/wsg50/install/wsg_50_common/include/wsg_50_common/wsg_50_common/msg/detail/status__rosidl_typesupport_fastrtps_c.h
[1.613s] -- Up-to-date: /home/sam/wsg50/install/wsg_50_common/include/wsg_50_common/wsg_50_common/msg/detail/cmd__rosidl_typesupport_fastrtps_c.h
[1.614s] -- Up-to-date: /home/sam/wsg50/install/wsg_50_common/include/wsg_50_common/wsg_50_common/srv
[1.614s] -- Up-to-date: /home/sam/wsg50/install/wsg_50_common/include/wsg_50_common/wsg_50_common/srv/detail
[1.614s] -- Up-to-date: /home/sam/wsg50/install/wsg_50_common/include/wsg_50_common/wsg_50_common/srv/detail/conf__rosidl_typesupport_fastrtps_c.h
[1.614s] -- Up-to-date: /home/sam/wsg50/install/wsg_50_common/include/wsg_50_common/wsg_50_common/srv/detail/move__rosidl_typesupport_fastrtps_c.h
[1.614s] -- Up-to-date: /home/sam/wsg50/install/wsg_50_common/include/wsg_50_common/wsg_50_common/srv/detail/incr__rosidl_typesupport_fastrtps_c.h
[1.615s] -- Up-to-date: /home/sam/wsg50/install/wsg_50_common/include/wsg_50_common/wsg_50_common/action
[1.615s] -- Up-to-date: /home/sam/wsg50/install/wsg_50_common/include/wsg_50_common/wsg_50_common/action/detail
[1.616s] -- Up-to-date: /home/sam/wsg50/install/wsg_50_common/include/wsg_50_common/wsg_50_common/action/detail/cmd__rosidl_typesupport_fastrtps_c.h
[1.616s] -- Up-to-date: /home/sam/wsg50/install/wsg_50_common/lib/libwsg_50_common__rosidl_typesupport_fastrtps_c.so
[1.616s] -- Up-to-date: /home/sam/wsg50/install/wsg_50_common/include/wsg_50_common/wsg_50_common
[1.617s] -- Up-to-date: /home/sam/wsg50/install/wsg_50_common/include/wsg_50_common/wsg_50_common/msg
[1.617s] -- Up-to-date: /home/sam/wsg50/install/wsg_50_common/include/wsg_50_common/wsg_50_common/msg/cmd.hpp
[1.618s] -- Up-to-date: /home/sam/wsg50/install/wsg_50_common/include/wsg_50_common/wsg_50_common/msg/status.hpp
[1.618s] -- Up-to-date: /home/sam/wsg50/install/wsg_50_common/include/wsg_50_common/wsg_50_common/msg/detail
[1.619s] -- Up-to-date: /home/sam/wsg50/install/wsg_50_common/include/wsg_50_common/wsg_50_common/msg/detail/status__traits.hpp
[1.619s] -- Up-to-date: /home/sam/wsg50/install/wsg_50_common/include/wsg_50_common/wsg_50_common/msg/detail/status__type_support.hpp
[1.619s] -- Up-to-date: /home/sam/wsg50/install/wsg_50_common/include/wsg_50_common/wsg_50_common/msg/detail/status__builder.hpp
[1.620s] -- Up-to-date: /home/sam/wsg50/install/wsg_50_common/include/wsg_50_common/wsg_50_common/msg/detail/cmd__traits.hpp
[1.620s] -- Up-to-date: /home/sam/wsg50/install/wsg_50_common/include/wsg_50_common/wsg_50_common/msg/detail/status__struct.hpp
[1.620s] -- Up-to-date: /home/sam/wsg50/install/wsg_50_common/include/wsg_50_common/wsg_50_common/msg/detail/cmd__struct.hpp
[1.621s] -- Up-to-date: /home/sam/wsg50/install/wsg_50_common/include/wsg_50_common/wsg_50_common/msg/detail/cmd__builder.hpp
[1.621s] -- Up-to-date: /home/sam/wsg50/install/wsg_50_common/include/wsg_50_common/wsg_50_common/msg/detail/cmd__type_support.hpp
[1.621s] -- Up-to-date: /home/sam/wsg50/install/wsg_50_common/include/wsg_50_common/wsg_50_common/msg/rosidl_generator_cpp__visibility_control.hpp
[1.621s] -- Up-to-date: /home/sam/wsg50/install/wsg_50_common/include/wsg_50_common/wsg_50_common/srv
[1.622s] -- Up-to-date: /home/sam/wsg50/install/wsg_50_common/include/wsg_50_common/wsg_50_common/srv/incr.hpp
[1.622s] -- Up-to-date: /home/sam/wsg50/install/wsg_50_common/include/wsg_50_common/wsg_50_common/srv/move.hpp
[1.622s] -- Up-to-date: /home/sam/wsg50/install/wsg_50_common/include/wsg_50_common/wsg_50_common/srv/detail
[1.622s] -- Up-to-date: /home/sam/wsg50/install/wsg_50_common/include/wsg_50_common/wsg_50_common/srv/detail/conf__traits.hpp
[1.623s] -- Up-to-date: /home/sam/wsg50/install/wsg_50_common/include/wsg_50_common/wsg_50_common/srv/detail/move__builder.hpp
[1.623s] -- Up-to-date: /home/sam/wsg50/install/wsg_50_common/include/wsg_50_common/wsg_50_common/srv/detail/move__struct.hpp
[1.623s] -- Up-to-date: /home/sam/wsg50/install/wsg_50_common/include/wsg_50_common/wsg_50_common/srv/detail/conf__struct.hpp
[1.624s] -- Up-to-date: /home/sam/wsg50/install/wsg_50_common/include/wsg_50_common/wsg_50_common/srv/detail/move__type_support.hpp
[1.624s] -- Up-to-date: /home/sam/wsg50/install/wsg_50_common/include/wsg_50_common/wsg_50_common/srv/detail/incr__builder.hpp
[1.624s] -- Up-to-date: /home/sam/wsg50/install/wsg_50_common/include/wsg_50_common/wsg_50_common/srv/detail/move__traits.hpp
[1.624s] -- Up-to-date: /home/sam/wsg50/install/wsg_50_common/include/wsg_50_common/wsg_50_common/srv/detail/conf__type_support.hpp
[1.625s] -- Up-to-date: /home/sam/wsg50/install/wsg_50_common/include/wsg_50_common/wsg_50_common/srv/detail/conf__builder.hpp
[1.625s] -- Up-to-date: /home/sam/wsg50/install/wsg_50_common/include/wsg_50_common/wsg_50_common/srv/detail/incr__traits.hpp
[1.625s] -- Up-to-date: /home/sam/wsg50/install/wsg_50_common/include/wsg_50_common/wsg_50_common/srv/detail/incr__type_support.hpp
[1.626s] -- Up-to-date: /home/sam/wsg50/install/wsg_50_common/include/wsg_50_common/wsg_50_common/srv/detail/incr__struct.hpp
[1.626s] -- Up-to-date: /home/sam/wsg50/install/wsg_50_common/include/wsg_50_common/wsg_50_common/srv/conf.hpp
[1.626s] -- Up-to-date: /home/sam/wsg50/install/wsg_50_common/include/wsg_50_common/wsg_50_common/action
[1.627s] -- Up-to-date: /home/sam/wsg50/install/wsg_50_common/include/wsg_50_common/wsg_50_common/action/cmd.hpp
[1.627s] -- Up-to-date: /home/sam/wsg50/install/wsg_50_common/include/wsg_50_common/wsg_50_common/action/detail
[1.628s] -- Up-to-date: /home/sam/wsg50/install/wsg_50_common/include/wsg_50_common/wsg_50_common/action/detail/cmd__traits.hpp
[1.628s] -- Up-to-date: /home/sam/wsg50/install/wsg_50_common/include/wsg_50_common/wsg_50_common/action/detail/cmd__struct.hpp
[1.628s] -- Up-to-date: /home/sam/wsg50/install/wsg_50_common/include/wsg_50_common/wsg_50_common/action/detail/cmd__builder.hpp
[1.629s] -- Up-to-date: /home/sam/wsg50/install/wsg_50_common/include/wsg_50_common/wsg_50_common/action/detail/cmd__type_support.hpp
[1.630s] -- Up-to-date: /home/sam/wsg50/install/wsg_50_common/include/wsg_50_common/wsg_50_common
[1.631s] -- Up-to-date: /home/sam/wsg50/install/wsg_50_common/include/wsg_50_common/wsg_50_common/msg
[1.631s] -- Up-to-date: /home/sam/wsg50/install/wsg_50_common/include/wsg_50_common/wsg_50_common/msg/rosidl_typesupport_fastrtps_cpp__visibility_control.h
[1.632s] -- Up-to-date: /home/sam/wsg50/install/wsg_50_common/include/wsg_50_common/wsg_50_common/msg/detail
[1.632s] -- Up-to-date: /home/sam/wsg50/install/wsg_50_common/include/wsg_50_common/wsg_50_common/msg/detail/cmd__rosidl_typesupport_fastrtps_cpp.hpp
[1.632s] -- Up-to-date: /home/sam/wsg50/install/wsg_50_common/include/wsg_50_common/wsg_50_common/msg/detail/dds_fastrtps
[1.632s] -- Up-to-date: /home/sam/wsg50/install/wsg_50_common/include/wsg_50_common/wsg_50_common/msg/detail/status__rosidl_typesupport_fastrtps_cpp.hpp
[1.633s] -- Up-to-date: /home/sam/wsg50/install/wsg_50_common/include/wsg_50_common/wsg_50_common/srv
[1.633s] -- Up-to-date: /home/sam/wsg50/install/wsg_50_common/include/wsg_50_common/wsg_50_common/srv/detail
[1.633s] -- Up-to-date: /home/sam/wsg50/install/wsg_50_common/include/wsg_50_common/wsg_50_common/srv/detail/move__rosidl_typesupport_fastrtps_cpp.hpp
[1.633s] -- Up-to-date: /home/sam/wsg50/install/wsg_50_common/include/wsg_50_common/wsg_50_common/srv/detail/incr__rosidl_typesupport_fastrtps_cpp.hpp
[1.634s] -- Up-to-date: /home/sam/wsg50/install/wsg_50_common/include/wsg_50_common/wsg_50_common/srv/detail/dds_fastrtps
[1.634s] -- Up-to-date: /home/sam/wsg50/install/wsg_50_common/include/wsg_50_common/wsg_50_common/srv/detail/conf__rosidl_typesupport_fastrtps_cpp.hpp
[1.634s] -- Up-to-date: /home/sam/wsg50/install/wsg_50_common/include/wsg_50_common/wsg_50_common/action
[1.634s] -- Up-to-date: /home/sam/wsg50/install/wsg_50_common/include/wsg_50_common/wsg_50_common/action/detail
[1.635s] -- Up-to-date: /home/sam/wsg50/install/wsg_50_common/include/wsg_50_common/wsg_50_common/action/detail/cmd__rosidl_typesupport_fastrtps_cpp.hpp
[1.635s] -- Up-to-date: /home/sam/wsg50/install/wsg_50_common/include/wsg_50_common/wsg_50_common/action/detail/dds_fastrtps
[1.635s] -- Up-to-date: /home/sam/wsg50/install/wsg_50_common/lib/libwsg_50_common__rosidl_typesupport_fastrtps_cpp.so
[1.635s] -- Up-to-date: /home/sam/wsg50/install/wsg_50_common/include/wsg_50_common/wsg_50_common
[1.636s] -- Up-to-date: /home/sam/wsg50/install/wsg_50_common/include/wsg_50_common/wsg_50_common/msg
[1.636s] -- Up-to-date: /home/sam/wsg50/install/wsg_50_common/include/wsg_50_common/wsg_50_common/msg/rosidl_typesupport_introspection_c__visibility_control.h
[1.636s] -- Up-to-date: /home/sam/wsg50/install/wsg_50_common/include/wsg_50_common/wsg_50_common/msg/detail
[1.636s] -- Up-to-date: /home/sam/wsg50/install/wsg_50_common/include/wsg_50_common/wsg_50_common/msg/detail/status__type_support.c
[1.637s] -- Up-to-date: /home/sam/wsg50/install/wsg_50_common/include/wsg_50_common/wsg_50_common/msg/detail/cmd__type_support.c
[1.637s] -- Up-to-date: /home/sam/wsg50/install/wsg_50_common/include/wsg_50_common/wsg_50_common/msg/detail/status__rosidl_typesupport_introspection_c.h
[1.637s] -- Up-to-date: /home/sam/wsg50/install/wsg_50_common/include/wsg_50_common/wsg_50_common/msg/detail/cmd__rosidl_typesupport_introspection_c.h
[1.638s] -- Up-to-date: /home/sam/wsg50/install/wsg_50_common/include/wsg_50_common/wsg_50_common/srv
[1.638s] -- Up-to-date: /home/sam/wsg50/install/wsg_50_common/include/wsg_50_common/wsg_50_common/srv/detail
[1.638s] -- Up-to-date: /home/sam/wsg50/install/wsg_50_common/include/wsg_50_common/wsg_50_common/srv/detail/conf__rosidl_typesupport_introspection_c.h
[1.638s] -- Up-to-date: /home/sam/wsg50/install/wsg_50_common/include/wsg_50_common/wsg_50_common/srv/detail/incr__rosidl_typesupport_introspection_c.h
[1.638s] -- Up-to-date: /home/sam/wsg50/install/wsg_50_common/include/wsg_50_common/wsg_50_common/srv/detail/move__rosidl_typesupport_introspection_c.h
[1.639s] -- Up-to-date: /home/sam/wsg50/install/wsg_50_common/include/wsg_50_common/wsg_50_common/srv/detail/move__type_support.c
[1.640s] -- Up-to-date: /home/sam/wsg50/install/wsg_50_common/include/wsg_50_common/wsg_50_common/srv/detail/conf__type_support.c
[1.640s] -- Up-to-date: /home/sam/wsg50/install/wsg_50_common/include/wsg_50_common/wsg_50_common/srv/detail/incr__type_support.c
[1.641s] -- Up-to-date: /home/sam/wsg50/install/wsg_50_common/include/wsg_50_common/wsg_50_common/action
[1.641s] -- Up-to-date: /home/sam/wsg50/install/wsg_50_common/include/wsg_50_common/wsg_50_common/action/detail
[1.641s] -- Up-to-date: /home/sam/wsg50/install/wsg_50_common/include/wsg_50_common/wsg_50_common/action/detail/cmd__type_support.c
[1.641s] -- Up-to-date: /home/sam/wsg50/install/wsg_50_common/include/wsg_50_common/wsg_50_common/action/detail/cmd__rosidl_typesupport_introspection_c.h
[1.642s] -- Up-to-date: /home/sam/wsg50/install/wsg_50_common/lib/libwsg_50_common__rosidl_typesupport_introspection_c.so
[1.642s] -- Up-to-date: /home/sam/wsg50/install/wsg_50_common/lib/libwsg_50_common__rosidl_typesupport_c.so
[1.642s] -- Up-to-date: /home/sam/wsg50/install/wsg_50_common/include/wsg_50_common/wsg_50_common
[1.642s] -- Up-to-date: /home/sam/wsg50/install/wsg_50_common/include/wsg_50_common/wsg_50_common/msg
[1.642s] -- Up-to-date: /home/sam/wsg50/install/wsg_50_common/include/wsg_50_common/wsg_50_common/msg/detail
[1.642s] -- Up-to-date: /home/sam/wsg50/install/wsg_50_common/include/wsg_50_common/wsg_50_common/msg/detail/cmd__type_support.cpp
[1.643s] -- Up-to-date: /home/sam/wsg50/install/wsg_50_common/include/wsg_50_common/wsg_50_common/msg/detail/status__rosidl_typesupport_introspection_cpp.hpp
[1.643s] -- Up-to-date: /home/sam/wsg50/install/wsg_50_common/include/wsg_50_common/wsg_50_common/msg/detail/status__type_support.cpp
[1.643s] -- Up-to-date: /home/sam/wsg50/install/wsg_50_common/include/wsg_50_common/wsg_50_common/msg/detail/cmd__rosidl_typesupport_introspection_cpp.hpp
[1.643s] -- Up-to-date: /home/sam/wsg50/install/wsg_50_common/include/wsg_50_common/wsg_50_common/srv
[1.644s] -- Up-to-date: /home/sam/wsg50/install/wsg_50_common/include/wsg_50_common/wsg_50_common/srv/detail
[1.644s] -- Up-to-date: /home/sam/wsg50/install/wsg_50_common/include/wsg_50_common/wsg_50_common/srv/detail/move__type_support.cpp
[1.644s] -- Up-to-date: /home/sam/wsg50/install/wsg_50_common/include/wsg_50_common/wsg_50_common/srv/detail/move__rosidl_typesupport_introspection_cpp.hpp
[1.644s] -- Up-to-date: /home/sam/wsg50/install/wsg_50_common/include/wsg_50_common/wsg_50_common/srv/detail/conf__type_support.cpp
[1.645s] -- Up-to-date: /home/sam/wsg50/install/wsg_50_common/include/wsg_50_common/wsg_50_common/srv/detail/incr__type_support.cpp
[1.645s] -- Up-to-date: /home/sam/wsg50/install/wsg_50_common/include/wsg_50_common/wsg_50_common/srv/detail/incr__rosidl_typesupport_introspection_cpp.hpp
[1.645s] -- Up-to-date: /home/sam/wsg50/install/wsg_50_common/include/wsg_50_common/wsg_50_common/srv/detail/conf__rosidl_typesupport_introspection_cpp.hpp
[1.645s] -- Up-to-date: /home/sam/wsg50/install/wsg_50_common/include/wsg_50_common/wsg_50_common/action
[1.645s] -- Up-to-date: /home/sam/wsg50/install/wsg_50_common/include/wsg_50_common/wsg_50_common/action/detail
[1.646s] -- Up-to-date: /home/sam/wsg50/install/wsg_50_common/include/wsg_50_common/wsg_50_common/action/detail/cmd__type_support.cpp
[1.646s] -- Up-to-date: /home/sam/wsg50/install/wsg_50_common/include/wsg_50_common/wsg_50_common/action/detail/cmd__rosidl_typesupport_introspection_cpp.hpp
[1.646s] -- Up-to-date: /home/sam/wsg50/install/wsg_50_common/lib/libwsg_50_common__rosidl_typesupport_introspection_cpp.so
[1.646s] -- Up-to-date: /home/sam/wsg50/install/wsg_50_common/lib/libwsg_50_common__rosidl_typesupport_cpp.so
[1.647s] -- Up-to-date: /home/sam/wsg50/install/wsg_50_common/share/wsg_50_common/environment/pythonpath.sh
[1.647s] -- Up-to-date: /home/sam/wsg50/install/wsg_50_common/share/wsg_50_common/environment/pythonpath.dsv
[1.647s] -- Up-to-date: /home/sam/wsg50/install/wsg_50_common/local/lib/python3.10/dist-packages/wsg_50_common-0.0.0-py3.10.egg-info
[1.648s] -- Installing: /home/sam/wsg50/install/wsg_50_common/local/lib/python3.10/dist-packages/wsg_50_common-0.0.0-py3.10.egg-info/dependency_links.txt
[1.648s] -- Installing: /home/sam/wsg50/install/wsg_50_common/local/lib/python3.10/dist-packages/wsg_50_common-0.0.0-py3.10.egg-info/PKG-INFO
[1.648s] -- Installing: /home/sam/wsg50/install/wsg_50_common/local/lib/python3.10/dist-packages/wsg_50_common-0.0.0-py3.10.egg-info/SOURCES.txt
[1.648s] -- Installing: /home/sam/wsg50/install/wsg_50_common/local/lib/python3.10/dist-packages/wsg_50_common-0.0.0-py3.10.egg-info/top_level.txt
[1.649s] -- Up-to-date: /home/sam/wsg50/install/wsg_50_common/local/lib/python3.10/dist-packages/wsg_50_common
[1.649s] -- Up-to-date: /home/sam/wsg50/install/wsg_50_common/local/lib/python3.10/dist-packages/wsg_50_common/_wsg_50_common_s.ep.rosidl_typesupport_c.c
[1.649s] -- Up-to-date: /home/sam/wsg50/install/wsg_50_common/local/lib/python3.10/dist-packages/wsg_50_common/wsg_50_common_s__rosidl_typesupport_fastrtps_c.cpython-310-x86_64-linux-gnu.so
[1.649s] -- Up-to-date: /home/sam/wsg50/install/wsg_50_common/local/lib/python3.10/dist-packages/wsg_50_common/_wsg_50_common_s.ep.rosidl_typesupport_introspection_c.c
[1.649s] -- Up-to-date: /home/sam/wsg50/install/wsg_50_common/local/lib/python3.10/dist-packages/wsg_50_common/msg
[1.649s] -- Up-to-date: /home/sam/wsg50/install/wsg_50_common/local/lib/python3.10/dist-packages/wsg_50_common/msg/_status.py
[1.650s] -- Up-to-date: /home/sam/wsg50/install/wsg_50_common/local/lib/python3.10/dist-packages/wsg_50_common/msg/__init__.py
[1.650s] -- Up-to-date: /home/sam/wsg50/install/wsg_50_common/local/lib/python3.10/dist-packages/wsg_50_common/msg/_cmd_s.c
[1.650s] -- Up-to-date: /home/sam/wsg50/install/wsg_50_common/local/lib/python3.10/dist-packages/wsg_50_common/msg/_cmd.py
[1.650s] -- Up-to-date: /home/sam/wsg50/install/wsg_50_common/local/lib/python3.10/dist-packages/wsg_50_common/msg/_status_s.c
[1.650s] -- Up-to-date: /home/sam/wsg50/install/wsg_50_common/local/lib/python3.10/dist-packages/wsg_50_common/__init__.py
[1.651s] -- Up-to-date: /home/sam/wsg50/install/wsg_50_common/local/lib/python3.10/dist-packages/wsg_50_common/srv
[1.651s] -- Up-to-date: /home/sam/wsg50/install/wsg_50_common/local/lib/python3.10/dist-packages/wsg_50_common/srv/_incr.py
[1.651s] -- Up-to-date: /home/sam/wsg50/install/wsg_50_common/local/lib/python3.10/dist-packages/wsg_50_common/srv/_conf_s.c
[1.651s] -- Up-to-date: /home/sam/wsg50/install/wsg_50_common/local/lib/python3.10/dist-packages/wsg_50_common/srv/_conf.py
[1.652s] -- Up-to-date: /home/sam/wsg50/install/wsg_50_common/local/lib/python3.10/dist-packages/wsg_50_common/srv/_move.py
[1.652s] -- Up-to-date: /home/sam/wsg50/install/wsg_50_common/local/lib/python3.10/dist-packages/wsg_50_common/srv/_move_s.c
[1.652s] -- Up-to-date: /home/sam/wsg50/install/wsg_50_common/local/lib/python3.10/dist-packages/wsg_50_common/srv/__init__.py
[1.652s] -- Up-to-date: /home/sam/wsg50/install/wsg_50_common/local/lib/python3.10/dist-packages/wsg_50_common/srv/_incr_s.c
[1.652s] -- Up-to-date: /home/sam/wsg50/install/wsg_50_common/local/lib/python3.10/dist-packages/wsg_50_common/_wsg_50_common_s.ep.rosidl_typesupport_fastrtps_c.c
[1.653s] -- Up-to-date: /home/sam/wsg50/install/wsg_50_common/local/lib/python3.10/dist-packages/wsg_50_common/libwsg_50_common__rosidl_generator_py.so
[1.653s] -- Up-to-date: /home/sam/wsg50/install/wsg_50_common/local/lib/python3.10/dist-packages/wsg_50_common/wsg_50_common_s__rosidl_typesupport_introspection_c.cpython-310-x86_64-linux-gnu.so
[1.653s] -- Up-to-date: /home/sam/wsg50/install/wsg_50_common/local/lib/python3.10/dist-packages/wsg_50_common/action
[1.653s] -- Up-to-date: /home/sam/wsg50/install/wsg_50_common/local/lib/python3.10/dist-packages/wsg_50_common/action/__init__.py
[1.653s] -- Up-to-date: /home/sam/wsg50/install/wsg_50_common/local/lib/python3.10/dist-packages/wsg_50_common/action/_cmd_s.c
[1.654s] -- Up-to-date: /home/sam/wsg50/install/wsg_50_common/local/lib/python3.10/dist-packages/wsg_50_common/action/_cmd.py
[1.654s] -- Up-to-date: /home/sam/wsg50/install/wsg_50_common/local/lib/python3.10/dist-packages/wsg_50_common/wsg_50_common_s__rosidl_typesupport_c.cpython-310-x86_64-linux-gnu.so
[1.727s] Listing '/home/sam/wsg50/install/wsg_50_common/local/lib/python3.10/dist-packages/wsg_50_common'...
[1.727s] Listing '/home/sam/wsg50/install/wsg_50_common/local/lib/python3.10/dist-packages/wsg_50_common/action'...
[1.727s] Listing '/home/sam/wsg50/install/wsg_50_common/local/lib/python3.10/dist-packages/wsg_50_common/msg'...
[1.727s] Listing '/home/sam/wsg50/install/wsg_50_common/local/lib/python3.10/dist-packages/wsg_50_common/srv'...
[1.734s] -- Up-to-date: /home/sam/wsg50/install/wsg_50_common/local/lib/python3.10/dist-packages/wsg_50_common/wsg_50_common_s__rosidl_typesupport_fastrtps_c.cpython-310-x86_64-linux-gnu.so
[1.736s] -- Up-to-date: /home/sam/wsg50/install/wsg_50_common/local/lib/python3.10/dist-packages/wsg_50_common/wsg_50_common_s__rosidl_typesupport_introspection_c.cpython-310-x86_64-linux-gnu.so
[1.737s] -- Up-to-date: /home/sam/wsg50/install/wsg_50_common/local/lib/python3.10/dist-packages/wsg_50_common/wsg_50_common_s__rosidl_typesupport_c.cpython-310-x86_64-linux-gnu.so
[1.738s] -- Up-to-date: /home/sam/wsg50/install/wsg_50_common/lib/libwsg_50_common__rosidl_generator_py.so
[1.739s] -- Up-to-date: /home/sam/wsg50/install/wsg_50_common/share/wsg_50_common/msg/Cmd.idl
[1.739s] -- Up-to-date: /home/sam/wsg50/install/wsg_50_common/share/wsg_50_common/msg/Status.idl
[1.739s] -- Up-to-date: /home/sam/wsg50/install/wsg_50_common/share/wsg_50_common/srv/Conf.idl
[1.740s] -- Up-to-date: /home/sam/wsg50/install/wsg_50_common/share/wsg_50_common/srv/Incr.idl
[1.740s] -- Up-to-date: /home/sam/wsg50/install/wsg_50_common/share/wsg_50_common/srv/Move.idl
[1.740s] -- Up-to-date: /home/sam/wsg50/install/wsg_50_common/share/wsg_50_common/action/Cmd.idl
[1.741s] -- Up-to-date: /home/sam/wsg50/install/wsg_50_common/share/wsg_50_common/msg/Cmd.msg
[1.741s] -- Up-to-date: /home/sam/wsg50/install/wsg_50_common/share/wsg_50_common/msg/Status.msg
[1.741s] -- Up-to-date: /home/sam/wsg50/install/wsg_50_common/share/wsg_50_common/srv/Conf.srv
[1.742s] -- Up-to-date: /home/sam/wsg50/install/wsg_50_common/share/wsg_50_common/srv/Conf_Request.msg
[1.742s] -- Up-to-date: /home/sam/wsg50/install/wsg_50_common/share/wsg_50_common/srv/Conf_Response.msg
[1.742s] -- Up-to-date: /home/sam/wsg50/install/wsg_50_common/share/wsg_50_common/srv/Incr.srv
[1.743s] -- Up-to-date: /home/sam/wsg50/install/wsg_50_common/share/wsg_50_common/srv/Incr_Request.msg
[1.743s] -- Up-to-date: /home/sam/wsg50/install/wsg_50_common/share/wsg_50_common/srv/Incr_Response.msg
[1.743s] -- Up-to-date: /home/sam/wsg50/install/wsg_50_common/share/wsg_50_common/srv/Move.srv
[1.744s] -- Up-to-date: /home/sam/wsg50/install/wsg_50_common/share/wsg_50_common/srv/Move_Request.msg
[1.744s] -- Up-to-date: /home/sam/wsg50/install/wsg_50_common/share/wsg_50_common/srv/Move_Response.msg
[1.744s] -- Up-to-date: /home/sam/wsg50/install/wsg_50_common/share/wsg_50_common/action/Cmd.action
[1.745s] -- Up-to-date: /home/sam/wsg50/install/wsg_50_common/share/ament_index/resource_index/package_run_dependencies/wsg_50_common
[1.745s] -- Up-to-date: /home/sam/wsg50/install/wsg_50_common/share/ament_index/resource_index/parent_prefix_path/wsg_50_common
[1.745s] -- Up-to-date: /home/sam/wsg50/install/wsg_50_common/share/wsg_50_common/environment/ament_prefix_path.sh
[1.746s] -- Up-to-date: /home/sam/wsg50/install/wsg_50_common/share/wsg_50_common/environment/ament_prefix_path.dsv
[1.746s] -- Up-to-date: /home/sam/wsg50/install/wsg_50_common/share/wsg_50_common/environment/path.sh
[1.746s] -- Up-to-date: /home/sam/wsg50/install/wsg_50_common/share/wsg_50_common/environment/path.dsv
[1.746s] -- Up-to-date: /home/sam/wsg50/install/wsg_50_common/share/wsg_50_common/local_setup.bash
[1.747s] -- Up-to-date: /home/sam/wsg50/install/wsg_50_common/share/wsg_50_common/local_setup.sh
[1.747s] -- Up-to-date: /home/sam/wsg50/install/wsg_50_common/share/wsg_50_common/local_setup.zsh
[1.747s] -- Up-to-date: /home/sam/wsg50/install/wsg_50_common/share/wsg_50_common/local_setup.dsv
[1.748s] -- Installing: /home/sam/wsg50/install/wsg_50_common/share/wsg_50_common/package.dsv
[1.748s] -- Up-to-date: /home/sam/wsg50/install/wsg_50_common/share/ament_index/resource_index/packages/wsg_50_common
[1.748s] -- Up-to-date: /home/sam/wsg50/install/wsg_50_common/share/wsg_50_common/cmake/export_wsg_50_common__rosidl_generator_cExport.cmake
[1.748s] -- Up-to-date: /home/sam/wsg50/install/wsg_50_common/share/wsg_50_common/cmake/export_wsg_50_common__rosidl_generator_cExport-noconfig.cmake
[1.748s] -- Up-to-date: /home/sam/wsg50/install/wsg_50_common/share/wsg_50_common/cmake/export_wsg_50_common__rosidl_typesupport_fastrtps_cExport.cmake
[1.748s] -- Up-to-date: /home/sam/wsg50/install/wsg_50_common/share/wsg_50_common/cmake/export_wsg_50_common__rosidl_typesupport_fastrtps_cExport-noconfig.cmake
[1.748s] -- Up-to-date: /home/sam/wsg50/install/wsg_50_common/share/wsg_50_common/cmake/export_wsg_50_common__rosidl_generator_cppExport.cmake
[1.748s] -- Up-to-date: /home/sam/wsg50/install/wsg_50_common/share/wsg_50_common/cmake/export_wsg_50_common__rosidl_typesupport_fastrtps_cppExport.cmake
[1.748s] -- Up-to-date: /home/sam/wsg50/install/wsg_50_common/share/wsg_50_common/cmake/export_wsg_50_common__rosidl_typesupport_fastrtps_cppExport-noconfig.cmake
[1.749s] -- Up-to-date: /home/sam/wsg50/install/wsg_50_common/share/wsg_50_common/cmake/wsg_50_common__rosidl_typesupport_introspection_cExport.cmake
[1.749s] -- Up-to-date: /home/sam/wsg50/install/wsg_50_common/share/wsg_50_common/cmake/wsg_50_common__rosidl_typesupport_introspection_cExport-noconfig.cmake
[1.749s] -- Up-to-date: /home/sam/wsg50/install/wsg_50_common/share/wsg_50_common/cmake/wsg_50_common__rosidl_typesupport_cExport.cmake
[1.749s] -- Up-to-date: /home/sam/wsg50/install/wsg_50_common/share/wsg_50_common/cmake/wsg_50_common__rosidl_typesupport_cExport-noconfig.cmake
[1.749s] -- Up-to-date: /home/sam/wsg50/install/wsg_50_common/share/wsg_50_common/cmake/wsg_50_common__rosidl_typesupport_introspection_cppExport.cmake
[1.749s] -- Up-to-date: /home/sam/wsg50/install/wsg_50_common/share/wsg_50_common/cmake/wsg_50_common__rosidl_typesupport_introspection_cppExport-noconfig.cmake
[1.749s] -- Up-to-date: /home/sam/wsg50/install/wsg_50_common/share/wsg_50_common/cmake/wsg_50_common__rosidl_typesupport_cppExport.cmake
[1.749s] -- Up-to-date: /home/sam/wsg50/install/wsg_50_common/share/wsg_50_common/cmake/wsg_50_common__rosidl_typesupport_cppExport-noconfig.cmake
[1.749s] -- Up-to-date: /home/sam/wsg50/install/wsg_50_common/share/wsg_50_common/cmake/export_wsg_50_common__rosidl_generator_pyExport.cmake
[1.749s] -- Up-to-date: /home/sam/wsg50/install/wsg_50_common/share/wsg_50_common/cmake/export_wsg_50_common__rosidl_generator_pyExport-noconfig.cmake
[1.750s] -- Up-to-date: /home/sam/wsg50/install/wsg_50_common/share/wsg_50_common/cmake/rosidl_cmake-extras.cmake
[1.750s] -- Up-to-date: /home/sam/wsg50/install/wsg_50_common/share/wsg_50_common/cmake/ament_cmake_export_dependencies-extras.cmake
[1.750s] -- Up-to-date: /home/sam/wsg50/install/wsg_50_common/share/wsg_50_common/cmake/ament_cmake_export_include_directories-extras.cmake
[1.750s] -- Up-to-date: /home/sam/wsg50/install/wsg_50_common/share/wsg_50_common/cmake/ament_cmake_export_libraries-extras.cmake
[1.750s] -- Up-to-date: /home/sam/wsg50/install/wsg_50_common/share/wsg_50_common/cmake/ament_cmake_export_targets-extras.cmake
[1.750s] -- Up-to-date: /home/sam/wsg50/install/wsg_50_common/share/wsg_50_common/cmake/rosidl_cmake_export_typesupport_targets-extras.cmake
[1.750s] -- Up-to-date: /home/sam/wsg50/install/wsg_50_common/share/wsg_50_common/cmake/rosidl_cmake_export_typesupport_libraries-extras.cmake
[1.751s] -- Up-to-date: /home/sam/wsg50/install/wsg_50_common/share/wsg_50_common/cmake/wsg_50_commonConfig.cmake
[1.751s] -- Up-to-date: /home/sam/wsg50/install/wsg_50_common/share/wsg_50_common/cmake/wsg_50_commonConfig-version.cmake
[1.751s] -- Up-to-date: /home/sam/wsg50/install/wsg_50_common/share/wsg_50_common/package.xml
[1.755s] Invoked command in '/home/sam/wsg50/build/wsg_50_common' returned '0': CMAKE_PREFIX_PATH=${CMAKE_PREFIX_PATH}:/home/sam/moveit2/install/moveit_configs_utils:/opt/ros/humble /usr/bin/cmake --install /home/sam/wsg50/build/wsg_50_common
