[0.703s] DEBUG:colcon:Command line arguments: ['/usr/bin/colcon', 'build']
[0.704s] DEBUG:colcon:Parsed command line arguments: Namespace(log_base=None, log_level=None, verb_name='build', build_base='build', install_base='install', merge_install=False, symlink_install=False, test_result_base=None, continue_on_error=False, executor='parallel', parallel_workers=8, event_handlers=None, ignore_user_meta=False, metas=['./colcon.meta'], base_paths=['.'], packages_ignore=None, packages_ignore_regex=None, paths=None, packages_up_to=None, packages_up_to_regex=None, packages_above=None, packages_above_and_dependencies=None, packages_above_depth=None, packages_select_by_dep=None, packages_skip_by_dep=None, packages_skip_up_to=None, packages_select_build_failed=False, packages_skip_build_finished=False, packages_select_test_failures=False, packages_skip_test_passed=False, packages_select=None, packages_skip=None, packages_select_regex=None, packages_skip_regex=None, packages_start=None, packages_end=None, allow_overriding=[], cmake_args=None, cmake_target=None, cmake_target_skip_unavailable=False, cmake_clean_cache=False, cmake_clean_first=False, cmake_force_configure=False, ament_cmake_args=None, catkin_cmake_args=None, catkin_skip_building_tests=False, mixin_files=None, mixin=None, verb_parser=<colcon_mixin.mixin.mixin_argument.MixinArgumentDecorator object at 0x79eeb9762860>, verb_extension=<colcon_core.verb.build.BuildVerb object at 0x79eeb9878610>, main=<bound method BuildVerb.main of <colcon_core.verb.build.BuildVerb object at 0x79eeb9878610>>, mixin_verb=('build',))
[1.196s] Level 1:colcon.colcon_core.package_discovery:discover_packages(colcon_meta) check parameters
[1.197s] Level 1:colcon.colcon_core.package_discovery:discover_packages(recursive) check parameters
[1.197s] Level 1:colcon.colcon_core.package_discovery:discover_packages(ignore) check parameters
[1.197s] Level 1:colcon.colcon_core.package_discovery:discover_packages(path) check parameters
[1.197s] Level 1:colcon.colcon_core.package_discovery:discover_packages(colcon_meta) discover
[1.197s] Level 1:colcon.colcon_core.package_discovery:discover_packages(recursive) discover
[1.197s] INFO:colcon.colcon_core.package_discovery:Crawling recursively for packages in '/home/sam/wsg50'
[1.198s] Level 1:colcon.colcon_core.package_identification:_identify(.) by extensions ['ignore', 'ignore_ament_install']
[1.198s] Level 1:colcon.colcon_core.package_identification:_identify(.) by extension 'ignore'
[1.198s] Level 1:colcon.colcon_core.package_identification:_identify(.) by extension 'ignore_ament_install'
[1.199s] Level 1:colcon.colcon_core.package_identification:_identify(.) by extensions ['colcon_pkg']
[1.199s] Level 1:colcon.colcon_core.package_identification:_identify(.) by extension 'colcon_pkg'
[1.199s] Level 1:colcon.colcon_core.package_identification:_identify(.) by extensions ['colcon_meta']
[1.199s] Level 1:colcon.colcon_core.package_identification:_identify(.) by extension 'colcon_meta'
[1.199s] Level 1:colcon.colcon_core.package_identification:_identify(.) by extensions ['ros']
[1.199s] Level 1:colcon.colcon_core.package_identification:_identify(.) by extension 'ros'
[1.219s] Level 1:colcon.colcon_core.package_identification:_identify(.) by extensions ['cmake', 'python']
[1.219s] Level 1:colcon.colcon_core.package_identification:_identify(.) by extension 'cmake'
[1.219s] Level 1:colcon.colcon_core.package_identification:_identify(.) by extension 'python'
[1.219s] Level 1:colcon.colcon_core.package_identification:_identify(.) by extensions ['python_setup_py']
[1.220s] Level 1:colcon.colcon_core.package_identification:_identify(.) by extension 'python_setup_py'
[1.220s] Level 1:colcon.colcon_core.package_identification:_identify(build) by extensions ['ignore', 'ignore_ament_install']
[1.220s] Level 1:colcon.colcon_core.package_identification:_identify(build) by extension 'ignore'
[1.220s] Level 1:colcon.colcon_core.package_identification:_identify(build) ignored
[1.220s] Level 1:colcon.colcon_core.package_identification:_identify(install) by extensions ['ignore', 'ignore_ament_install']
[1.220s] Level 1:colcon.colcon_core.package_identification:_identify(install) by extension 'ignore'
[1.221s] Level 1:colcon.colcon_core.package_identification:_identify(install) ignored
[1.221s] Level 1:colcon.colcon_core.package_identification:_identify(log) by extensions ['ignore', 'ignore_ament_install']
[1.221s] Level 1:colcon.colcon_core.package_identification:_identify(log) by extension 'ignore'
[1.221s] Level 1:colcon.colcon_core.package_identification:_identify(log) ignored
[1.221s] Level 1:colcon.colcon_core.package_identification:_identify(src) by extensions ['ignore', 'ignore_ament_install']
[1.221s] Level 1:colcon.colcon_core.package_identification:_identify(src) by extension 'ignore'
[1.222s] Level 1:colcon.colcon_core.package_identification:_identify(src) by extension 'ignore_ament_install'
[1.222s] Level 1:colcon.colcon_core.package_identification:_identify(src) by extensions ['colcon_pkg']
[1.222s] Level 1:colcon.colcon_core.package_identification:_identify(src) by extension 'colcon_pkg'
[1.222s] Level 1:colcon.colcon_core.package_identification:_identify(src) by extensions ['colcon_meta']
[1.222s] Level 1:colcon.colcon_core.package_identification:_identify(src) by extension 'colcon_meta'
[1.222s] Level 1:colcon.colcon_core.package_identification:_identify(src) by extensions ['ros']
[1.222s] Level 1:colcon.colcon_core.package_identification:_identify(src) by extension 'ros'
[1.222s] Level 1:colcon.colcon_core.package_identification:_identify(src) by extensions ['cmake', 'python']
[1.222s] Level 1:colcon.colcon_core.package_identification:_identify(src) by extension 'cmake'
[1.222s] Level 1:colcon.colcon_core.package_identification:_identify(src) by extension 'python'
[1.223s] Level 1:colcon.colcon_core.package_identification:_identify(src) by extensions ['python_setup_py']
[1.223s] Level 1:colcon.colcon_core.package_identification:_identify(src) by extension 'python_setup_py'
[1.223s] Level 1:colcon.colcon_core.package_identification:_identify(src/doc) by extensions ['ignore', 'ignore_ament_install']
[1.223s] Level 1:colcon.colcon_core.package_identification:_identify(src/doc) by extension 'ignore'
[1.223s] Level 1:colcon.colcon_core.package_identification:_identify(src/doc) by extension 'ignore_ament_install'
[1.223s] Level 1:colcon.colcon_core.package_identification:_identify(src/doc) by extensions ['colcon_pkg']
[1.223s] Level 1:colcon.colcon_core.package_identification:_identify(src/doc) by extension 'colcon_pkg'
[1.223s] Level 1:colcon.colcon_core.package_identification:_identify(src/doc) by extensions ['colcon_meta']
[1.224s] Level 1:colcon.colcon_core.package_identification:_identify(src/doc) by extension 'colcon_meta'
[1.224s] Level 1:colcon.colcon_core.package_identification:_identify(src/doc) by extensions ['ros']
[1.224s] Level 1:colcon.colcon_core.package_identification:_identify(src/doc) by extension 'ros'
[1.224s] Level 1:colcon.colcon_core.package_identification:_identify(src/doc) by extensions ['cmake', 'python']
[1.224s] Level 1:colcon.colcon_core.package_identification:_identify(src/doc) by extension 'cmake'
[1.224s] Level 1:colcon.colcon_core.package_identification:_identify(src/doc) by extension 'python'
[1.224s] Level 1:colcon.colcon_core.package_identification:_identify(src/doc) by extensions ['python_setup_py']
[1.224s] Level 1:colcon.colcon_core.package_identification:_identify(src/doc) by extension 'python_setup_py'
[1.224s] Level 1:colcon.colcon_core.package_identification:_identify(src/wsg_50_common) by extensions ['ignore', 'ignore_ament_install']
[1.224s] Level 1:colcon.colcon_core.package_identification:_identify(src/wsg_50_common) by extension 'ignore'
[1.225s] Level 1:colcon.colcon_core.package_identification:_identify(src/wsg_50_common) by extension 'ignore_ament_install'
[1.225s] Level 1:colcon.colcon_core.package_identification:_identify(src/wsg_50_common) by extensions ['colcon_pkg']
[1.225s] Level 1:colcon.colcon_core.package_identification:_identify(src/wsg_50_common) by extension 'colcon_pkg'
[1.225s] Level 1:colcon.colcon_core.package_identification:_identify(src/wsg_50_common) by extensions ['colcon_meta']
[1.225s] Level 1:colcon.colcon_core.package_identification:_identify(src/wsg_50_common) by extension 'colcon_meta'
[1.225s] Level 1:colcon.colcon_core.package_identification:_identify(src/wsg_50_common) by extensions ['ros']
[1.225s] Level 1:colcon.colcon_core.package_identification:_identify(src/wsg_50_common) by extension 'ros'
[1.229s] DEBUG:colcon.colcon_core.package_identification:Package 'src/wsg_50_common' with type 'ros.ament_cmake' and name 'wsg_50_common'
[1.230s] Level 1:colcon.colcon_core.package_identification:_identify(src/wsg_50_driver) by extensions ['ignore', 'ignore_ament_install']
[1.230s] Level 1:colcon.colcon_core.package_identification:_identify(src/wsg_50_driver) by extension 'ignore'
[1.230s] Level 1:colcon.colcon_core.package_identification:_identify(src/wsg_50_driver) by extension 'ignore_ament_install'
[1.230s] Level 1:colcon.colcon_core.package_identification:_identify(src/wsg_50_driver) by extensions ['colcon_pkg']
[1.230s] Level 1:colcon.colcon_core.package_identification:_identify(src/wsg_50_driver) by extension 'colcon_pkg'
[1.231s] Level 1:colcon.colcon_core.package_identification:_identify(src/wsg_50_driver) by extensions ['colcon_meta']
[1.231s] Level 1:colcon.colcon_core.package_identification:_identify(src/wsg_50_driver) by extension 'colcon_meta'
[1.231s] Level 1:colcon.colcon_core.package_identification:_identify(src/wsg_50_driver) by extensions ['ros']
[1.231s] Level 1:colcon.colcon_core.package_identification:_identify(src/wsg_50_driver) by extension 'ros'
[1.233s] DEBUG:colcon.colcon_core.package_identification:Package 'src/wsg_50_driver' with type 'ros.ament_cmake' and name 'wsg_50_driver'
[1.233s] Level 1:colcon.colcon_core.package_identification:_identify(src/wsg_50_interface) by extensions ['ignore', 'ignore_ament_install']
[1.233s] Level 1:colcon.colcon_core.package_identification:_identify(src/wsg_50_interface) by extension 'ignore'
[1.233s] Level 1:colcon.colcon_core.package_identification:_identify(src/wsg_50_interface) by extension 'ignore_ament_install'
[1.234s] Level 1:colcon.colcon_core.package_identification:_identify(src/wsg_50_interface) by extensions ['colcon_pkg']
[1.234s] Level 1:colcon.colcon_core.package_identification:_identify(src/wsg_50_interface) by extension 'colcon_pkg'
[1.234s] Level 1:colcon.colcon_core.package_identification:_identify(src/wsg_50_interface) by extensions ['colcon_meta']
[1.234s] Level 1:colcon.colcon_core.package_identification:_identify(src/wsg_50_interface) by extension 'colcon_meta'
[1.234s] Level 1:colcon.colcon_core.package_identification:_identify(src/wsg_50_interface) by extensions ['ros']
[1.234s] Level 1:colcon.colcon_core.package_identification:_identify(src/wsg_50_interface) by extension 'ros'
[1.235s] DEBUG:colcon.colcon_core.package_identification:Package 'src/wsg_50_interface' with type 'ros.ament_cmake' and name 'wsg_50_interface'
[1.235s] Level 1:colcon.colcon_core.package_identification:_identify(src/wsg_50_simulation) by extensions ['ignore', 'ignore_ament_install']
[1.236s] Level 1:colcon.colcon_core.package_identification:_identify(src/wsg_50_simulation) by extension 'ignore'
[1.236s] Level 1:colcon.colcon_core.package_identification:_identify(src/wsg_50_simulation) by extension 'ignore_ament_install'
[1.236s] Level 1:colcon.colcon_core.package_identification:_identify(src/wsg_50_simulation) by extensions ['colcon_pkg']
[1.236s] Level 1:colcon.colcon_core.package_identification:_identify(src/wsg_50_simulation) by extension 'colcon_pkg'
[1.236s] Level 1:colcon.colcon_core.package_identification:_identify(src/wsg_50_simulation) by extensions ['colcon_meta']
[1.236s] Level 1:colcon.colcon_core.package_identification:_identify(src/wsg_50_simulation) by extension 'colcon_meta'
[1.236s] Level 1:colcon.colcon_core.package_identification:_identify(src/wsg_50_simulation) by extensions ['ros']
[1.236s] Level 1:colcon.colcon_core.package_identification:_identify(src/wsg_50_simulation) by extension 'ros'
[1.237s] DEBUG:colcon.colcon_core.package_identification:Package 'src/wsg_50_simulation' with type 'ros.ament_cmake' and name 'wsg_50_simulation'
[1.237s] Level 1:colcon.colcon_core.package_discovery:discover_packages(recursive) using defaults
[1.237s] Level 1:colcon.colcon_core.package_discovery:discover_packages(ignore) discover
[1.238s] Level 1:colcon.colcon_core.package_discovery:discover_packages(ignore) using defaults
[1.238s] Level 1:colcon.colcon_core.package_discovery:discover_packages(path) discover
[1.238s] Level 1:colcon.colcon_core.package_discovery:discover_packages(path) using defaults
[1.339s] Level 1:colcon.colcon_core.package_discovery:discover_packages(prefix_path) check parameters
[1.340s] Level 1:colcon.colcon_core.package_discovery:discover_packages(prefix_path) discover
[1.361s] DEBUG:colcon.colcon_installed_package_information.package_discovery:Found 4 installed packages in /home/sam/wsg50/install
[1.374s] DEBUG:colcon.colcon_installed_package_information.package_discovery:Found 49 installed packages in /home/sam/moveit2/install
[1.378s] DEBUG:colcon.colcon_installed_package_information.package_discovery:Found 14 installed packages in /home/sam/ros2_ws/install
[1.386s] DEBUG:colcon.colcon_installed_package_information.package_discovery:Found 357 installed packages in /opt/ros/humble
[1.400s] Level 1:colcon.colcon_core.package_discovery:discover_packages(prefix_path) using defaults
[1.654s] Level 5:colcon.colcon_core.verb:set package 'wsg_50_common' build argument 'cmake_args' from command line to 'None'
[1.654s] Level 5:colcon.colcon_core.verb:set package 'wsg_50_common' build argument 'cmake_target' from command line to 'None'
[1.654s] Level 5:colcon.colcon_core.verb:set package 'wsg_50_common' build argument 'cmake_target_skip_unavailable' from command line to 'False'
[1.654s] Level 5:colcon.colcon_core.verb:set package 'wsg_50_common' build argument 'cmake_clean_cache' from command line to 'False'
[1.654s] Level 5:colcon.colcon_core.verb:set package 'wsg_50_common' build argument 'cmake_clean_first' from command line to 'False'
[1.654s] Level 5:colcon.colcon_core.verb:set package 'wsg_50_common' build argument 'cmake_force_configure' from command line to 'False'
[1.654s] Level 5:colcon.colcon_core.verb:set package 'wsg_50_common' build argument 'ament_cmake_args' from command line to 'None'
[1.654s] Level 5:colcon.colcon_core.verb:set package 'wsg_50_common' build argument 'catkin_cmake_args' from command line to 'None'
[1.654s] Level 5:colcon.colcon_core.verb:set package 'wsg_50_common' build argument 'catkin_skip_building_tests' from command line to 'False'
[1.654s] DEBUG:colcon.colcon_core.verb:Building package 'wsg_50_common' with the following arguments: {'ament_cmake_args': None, 'build_base': '/home/sam/wsg50/build/wsg_50_common', 'catkin_cmake_args': None, 'catkin_skip_building_tests': False, 'cmake_args': None, 'cmake_clean_cache': False, 'cmake_clean_first': False, 'cmake_force_configure': False, 'cmake_target': None, 'cmake_target_skip_unavailable': False, 'install_base': '/home/sam/wsg50/install/wsg_50_common', 'merge_install': False, 'path': '/home/sam/wsg50/src/wsg_50_common', 'symlink_install': False, 'test_result_base': None}
[1.655s] Level 5:colcon.colcon_core.verb:set package 'wsg_50_simulation' build argument 'cmake_args' from command line to 'None'
[1.655s] Level 5:colcon.colcon_core.verb:set package 'wsg_50_simulation' build argument 'cmake_target' from command line to 'None'
[1.655s] Level 5:colcon.colcon_core.verb:set package 'wsg_50_simulation' build argument 'cmake_target_skip_unavailable' from command line to 'False'
[1.655s] Level 5:colcon.colcon_core.verb:set package 'wsg_50_simulation' build argument 'cmake_clean_cache' from command line to 'False'
[1.655s] Level 5:colcon.colcon_core.verb:set package 'wsg_50_simulation' build argument 'cmake_clean_first' from command line to 'False'
[1.655s] Level 5:colcon.colcon_core.verb:set package 'wsg_50_simulation' build argument 'cmake_force_configure' from command line to 'False'
[1.655s] Level 5:colcon.colcon_core.verb:set package 'wsg_50_simulation' build argument 'ament_cmake_args' from command line to 'None'
[1.655s] Level 5:colcon.colcon_core.verb:set package 'wsg_50_simulation' build argument 'catkin_cmake_args' from command line to 'None'
[1.655s] Level 5:colcon.colcon_core.verb:set package 'wsg_50_simulation' build argument 'catkin_skip_building_tests' from command line to 'False'
[1.655s] DEBUG:colcon.colcon_core.verb:Building package 'wsg_50_simulation' with the following arguments: {'ament_cmake_args': None, 'build_base': '/home/sam/wsg50/build/wsg_50_simulation', 'catkin_cmake_args': None, 'catkin_skip_building_tests': False, 'cmake_args': None, 'cmake_clean_cache': False, 'cmake_clean_first': False, 'cmake_force_configure': False, 'cmake_target': None, 'cmake_target_skip_unavailable': False, 'install_base': '/home/sam/wsg50/install/wsg_50_simulation', 'merge_install': False, 'path': '/home/sam/wsg50/src/wsg_50_simulation', 'symlink_install': False, 'test_result_base': None}
[1.656s] Level 5:colcon.colcon_core.verb:set package 'wsg_50_driver' build argument 'cmake_args' from command line to 'None'
[1.656s] Level 5:colcon.colcon_core.verb:set package 'wsg_50_driver' build argument 'cmake_target' from command line to 'None'
[1.656s] Level 5:colcon.colcon_core.verb:set package 'wsg_50_driver' build argument 'cmake_target_skip_unavailable' from command line to 'False'
[1.656s] Level 5:colcon.colcon_core.verb:set package 'wsg_50_driver' build argument 'cmake_clean_cache' from command line to 'False'
[1.656s] Level 5:colcon.colcon_core.verb:set package 'wsg_50_driver' build argument 'cmake_clean_first' from command line to 'False'
[1.656s] Level 5:colcon.colcon_core.verb:set package 'wsg_50_driver' build argument 'cmake_force_configure' from command line to 'False'
[1.657s] Level 5:colcon.colcon_core.verb:set package 'wsg_50_driver' build argument 'ament_cmake_args' from command line to 'None'
[1.657s] Level 5:colcon.colcon_core.verb:set package 'wsg_50_driver' build argument 'catkin_cmake_args' from command line to 'None'
[1.657s] Level 5:colcon.colcon_core.verb:set package 'wsg_50_driver' build argument 'catkin_skip_building_tests' from command line to 'False'
[1.657s] DEBUG:colcon.colcon_core.verb:Building package 'wsg_50_driver' with the following arguments: {'ament_cmake_args': None, 'build_base': '/home/sam/wsg50/build/wsg_50_driver', 'catkin_cmake_args': None, 'catkin_skip_building_tests': False, 'cmake_args': None, 'cmake_clean_cache': False, 'cmake_clean_first': False, 'cmake_force_configure': False, 'cmake_target': None, 'cmake_target_skip_unavailable': False, 'install_base': '/home/sam/wsg50/install/wsg_50_driver', 'merge_install': False, 'path': '/home/sam/wsg50/src/wsg_50_driver', 'symlink_install': False, 'test_result_base': None}
[1.657s] Level 5:colcon.colcon_core.verb:set package 'wsg_50_interface' build argument 'cmake_args' from command line to 'None'
[1.658s] Level 5:colcon.colcon_core.verb:set package 'wsg_50_interface' build argument 'cmake_target' from command line to 'None'
[1.658s] Level 5:colcon.colcon_core.verb:set package 'wsg_50_interface' build argument 'cmake_target_skip_unavailable' from command line to 'False'
[1.658s] Level 5:colcon.colcon_core.verb:set package 'wsg_50_interface' build argument 'cmake_clean_cache' from command line to 'False'
[1.658s] Level 5:colcon.colcon_core.verb:set package 'wsg_50_interface' build argument 'cmake_clean_first' from command line to 'False'
[1.658s] Level 5:colcon.colcon_core.verb:set package 'wsg_50_interface' build argument 'cmake_force_configure' from command line to 'False'
[1.658s] Level 5:colcon.colcon_core.verb:set package 'wsg_50_interface' build argument 'ament_cmake_args' from command line to 'None'
[1.658s] Level 5:colcon.colcon_core.verb:set package 'wsg_50_interface' build argument 'catkin_cmake_args' from command line to 'None'
[1.658s] Level 5:colcon.colcon_core.verb:set package 'wsg_50_interface' build argument 'catkin_skip_building_tests' from command line to 'False'
[1.658s] DEBUG:colcon.colcon_core.verb:Building package 'wsg_50_interface' with the following arguments: {'ament_cmake_args': None, 'build_base': '/home/sam/wsg50/build/wsg_50_interface', 'catkin_cmake_args': None, 'catkin_skip_building_tests': False, 'cmake_args': None, 'cmake_clean_cache': False, 'cmake_clean_first': False, 'cmake_force_configure': False, 'cmake_target': None, 'cmake_target_skip_unavailable': False, 'install_base': '/home/sam/wsg50/install/wsg_50_interface', 'merge_install': False, 'path': '/home/sam/wsg50/src/wsg_50_interface', 'symlink_install': False, 'test_result_base': None}
[1.659s] INFO:colcon.colcon_core.executor:Executing jobs using 'parallel' executor
[1.661s] DEBUG:colcon.colcon_parallel_executor.executor.parallel:run_until_complete
[1.662s] INFO:colcon.colcon_ros.task.ament_cmake.build:Building ROS package in '/home/sam/wsg50/src/wsg_50_common' with build type 'ament_cmake'
[1.663s] INFO:colcon.colcon_cmake.task.cmake.build:Building CMake package in '/home/sam/wsg50/src/wsg_50_common'
[1.670s] INFO:colcon.colcon_core.plugin_system:Skipping extension 'colcon_core.shell.bat': Not used on non-Windows systems
[1.671s] INFO:colcon.colcon_core.shell:Skip shell extension 'powershell' for command environment: Not usable outside of PowerShell
[1.671s] DEBUG:colcon.colcon_core.shell:Skip shell extension 'dsv' for command environment
[1.691s] INFO:colcon.colcon_ros.task.ament_cmake.build:Building ROS package in '/home/sam/wsg50/src/wsg_50_simulation' with build type 'ament_cmake'
[1.691s] INFO:colcon.colcon_cmake.task.cmake.build:Building CMake package in '/home/sam/wsg50/src/wsg_50_simulation'
[1.692s] INFO:colcon.colcon_core.shell:Skip shell extension 'powershell' for command environment: Not usable outside of PowerShell
[1.692s] DEBUG:colcon.colcon_core.shell:Skip shell extension 'dsv' for command environment
[1.741s] DEBUG:colcon.colcon_core.event_handler.log_command:Invoking command in '/home/sam/wsg50/build/wsg_50_common': CMAKE_PREFIX_PATH=${CMAKE_PREFIX_PATH}:/home/sam/moveit2/install/moveit_configs_utils:/opt/ros/humble /usr/bin/cmake --build /home/sam/wsg50/build/wsg_50_common -- -j8 -l8
[1.751s] DEBUG:colcon.colcon_core.event_handler.log_command:Invoking command in '/home/sam/wsg50/build/wsg_50_simulation': CMAKE_PREFIX_PATH=${CMAKE_PREFIX_PATH}:/home/sam/moveit2/install/moveit_configs_utils:/opt/ros/humble /usr/bin/cmake --build /home/sam/wsg50/build/wsg_50_simulation -- -j8 -l8
[2.022s] DEBUG:colcon.colcon_core.event_handler.log_command:Invoked command in '/home/sam/wsg50/build/wsg_50_simulation' returned '0': CMAKE_PREFIX_PATH=${CMAKE_PREFIX_PATH}:/home/sam/moveit2/install/moveit_configs_utils:/opt/ros/humble /usr/bin/cmake --build /home/sam/wsg50/build/wsg_50_simulation -- -j8 -l8
[2.146s] DEBUG:colcon.colcon_core.event_handler.log_command:Invoking command in '/home/sam/wsg50/build/wsg_50_simulation': CMAKE_PREFIX_PATH=${CMAKE_PREFIX_PATH}:/home/sam/moveit2/install/moveit_configs_utils:/opt/ros/humble /usr/bin/cmake --install /home/sam/wsg50/build/wsg_50_simulation
[2.272s] Level 1:colcon.colcon_core.environment:create_environment_scripts_only(wsg_50_simulation)
[2.287s] DEBUG:colcon.colcon_core.event_handler.log_command:Invoked command in '/home/sam/wsg50/build/wsg_50_simulation' returned '0': CMAKE_PREFIX_PATH=${CMAKE_PREFIX_PATH}:/home/sam/moveit2/install/moveit_configs_utils:/opt/ros/humble /usr/bin/cmake --install /home/sam/wsg50/build/wsg_50_simulation
[2.308s] Level 1:colcon.colcon_core.environment:checking '/home/sam/wsg50/install/wsg_50_simulation' for CMake module files
[2.311s] Level 1:colcon.colcon_core.environment:checking '/home/sam/wsg50/install/wsg_50_simulation' for CMake config files
[2.315s] Level 1:colcon.colcon_core.shell:create_environment_hook('wsg_50_simulation', 'cmake_prefix_path')
[2.316s] INFO:colcon.colcon_core.shell:Creating environment hook '/home/sam/wsg50/install/wsg_50_simulation/share/wsg_50_simulation/hook/cmake_prefix_path.ps1'
[2.318s] INFO:colcon.colcon_core.shell:Creating environment descriptor '/home/sam/wsg50/install/wsg_50_simulation/share/wsg_50_simulation/hook/cmake_prefix_path.dsv'
[2.321s] INFO:colcon.colcon_core.shell:Creating environment hook '/home/sam/wsg50/install/wsg_50_simulation/share/wsg_50_simulation/hook/cmake_prefix_path.sh'
[2.324s] Level 1:colcon.colcon_core.environment:checking '/home/sam/wsg50/install/wsg_50_simulation/bin'
[2.324s] Level 1:colcon.colcon_core.environment:checking '/home/sam/wsg50/install/wsg_50_simulation/lib/pkgconfig/wsg_50_simulation.pc'
[2.325s] Level 1:colcon.colcon_core.environment:checking '/home/sam/wsg50/install/wsg_50_simulation/lib/python3.10/site-packages'
[2.326s] Level 1:colcon.colcon_core.environment:checking '/home/sam/wsg50/install/wsg_50_simulation/bin'
[2.330s] INFO:colcon.colcon_core.shell:Creating package script '/home/sam/wsg50/install/wsg_50_simulation/share/wsg_50_simulation/package.ps1'
[2.337s] INFO:colcon.colcon_core.shell:Creating package descriptor '/home/sam/wsg50/install/wsg_50_simulation/share/wsg_50_simulation/package.dsv'
[2.339s] INFO:colcon.colcon_core.shell:Creating package script '/home/sam/wsg50/install/wsg_50_simulation/share/wsg_50_simulation/package.sh'
[2.342s] INFO:colcon.colcon_core.shell:Creating package script '/home/sam/wsg50/install/wsg_50_simulation/share/wsg_50_simulation/package.bash'
[2.344s] INFO:colcon.colcon_core.shell:Creating package script '/home/sam/wsg50/install/wsg_50_simulation/share/wsg_50_simulation/package.zsh'
[2.347s] Level 1:colcon.colcon_core.environment:create_file_with_runtime_dependencies(/home/sam/wsg50/install/wsg_50_simulation/share/colcon-core/packages/wsg_50_simulation)
[2.352s] Level 1:colcon.colcon_core.environment:create_environment_scripts_only(wsg_50_simulation)
[2.353s] Level 1:colcon.colcon_core.environment:checking '/home/sam/wsg50/install/wsg_50_simulation' for CMake module files
[2.354s] Level 1:colcon.colcon_core.environment:checking '/home/sam/wsg50/install/wsg_50_simulation' for CMake config files
[2.355s] Level 1:colcon.colcon_core.shell:create_environment_hook('wsg_50_simulation', 'cmake_prefix_path')
[2.356s] INFO:colcon.colcon_core.shell:Creating environment hook '/home/sam/wsg50/install/wsg_50_simulation/share/wsg_50_simulation/hook/cmake_prefix_path.ps1'
[2.359s] INFO:colcon.colcon_core.shell:Creating environment descriptor '/home/sam/wsg50/install/wsg_50_simulation/share/wsg_50_simulation/hook/cmake_prefix_path.dsv'
[2.360s] INFO:colcon.colcon_core.shell:Creating environment hook '/home/sam/wsg50/install/wsg_50_simulation/share/wsg_50_simulation/hook/cmake_prefix_path.sh'
[2.362s] Level 1:colcon.colcon_core.environment:checking '/home/sam/wsg50/install/wsg_50_simulation/bin'
[2.362s] Level 1:colcon.colcon_core.environment:checking '/home/sam/wsg50/install/wsg_50_simulation/lib/pkgconfig/wsg_50_simulation.pc'
[2.363s] Level 1:colcon.colcon_core.environment:checking '/home/sam/wsg50/install/wsg_50_simulation/lib/python3.10/site-packages'
[2.363s] Level 1:colcon.colcon_core.environment:checking '/home/sam/wsg50/install/wsg_50_simulation/bin'
[2.365s] INFO:colcon.colcon_core.shell:Creating package script '/home/sam/wsg50/install/wsg_50_simulation/share/wsg_50_simulation/package.ps1'
[2.373s] INFO:colcon.colcon_core.shell:Creating package descriptor '/home/sam/wsg50/install/wsg_50_simulation/share/wsg_50_simulation/package.dsv'
[2.376s] INFO:colcon.colcon_core.shell:Creating package script '/home/sam/wsg50/install/wsg_50_simulation/share/wsg_50_simulation/package.sh'
[2.381s] INFO:colcon.colcon_core.shell:Creating package script '/home/sam/wsg50/install/wsg_50_simulation/share/wsg_50_simulation/package.bash'
[2.393s] INFO:colcon.colcon_core.shell:Creating package script '/home/sam/wsg50/install/wsg_50_simulation/share/wsg_50_simulation/package.zsh'
[2.394s] Level 1:colcon.colcon_core.environment:create_file_with_runtime_dependencies(/home/sam/wsg50/install/wsg_50_simulation/share/colcon-core/packages/wsg_50_simulation)
[3.473s] DEBUG:colcon.colcon_core.event_handler.log_command:Invoked command in '/home/sam/wsg50/build/wsg_50_common' returned '0': CMAKE_PREFIX_PATH=${CMAKE_PREFIX_PATH}:/home/sam/moveit2/install/moveit_configs_utils:/opt/ros/humble /usr/bin/cmake --build /home/sam/wsg50/build/wsg_50_common -- -j8 -l8
[3.478s] DEBUG:colcon.colcon_core.event_handler.log_command:Invoking command in '/home/sam/wsg50/build/wsg_50_common': CMAKE_PREFIX_PATH=${CMAKE_PREFIX_PATH}:/home/sam/moveit2/install/moveit_configs_utils:/opt/ros/humble /usr/bin/cmake --install /home/sam/wsg50/build/wsg_50_common
[3.686s] Level 1:colcon.colcon_core.environment:create_environment_scripts_only(wsg_50_common)
[3.687s] Level 1:colcon.colcon_core.environment:checking '/home/sam/wsg50/install/wsg_50_common' for CMake module files
[3.693s] DEBUG:colcon.colcon_core.event_handler.log_command:Invoked command in '/home/sam/wsg50/build/wsg_50_common' returned '0': CMAKE_PREFIX_PATH=${CMAKE_PREFIX_PATH}:/home/sam/moveit2/install/moveit_configs_utils:/opt/ros/humble /usr/bin/cmake --install /home/sam/wsg50/build/wsg_50_common
[3.694s] Level 1:colcon.colcon_core.environment:checking '/home/sam/wsg50/install/wsg_50_common' for CMake config files
[3.698s] Level 1:colcon.colcon_core.shell:create_environment_hook('wsg_50_common', 'cmake_prefix_path')
[3.699s] INFO:colcon.colcon_core.shell:Creating environment hook '/home/sam/wsg50/install/wsg_50_common/share/wsg_50_common/hook/cmake_prefix_path.ps1'
[3.700s] INFO:colcon.colcon_core.shell:Creating environment descriptor '/home/sam/wsg50/install/wsg_50_common/share/wsg_50_common/hook/cmake_prefix_path.dsv'
[3.701s] INFO:colcon.colcon_core.shell:Creating environment hook '/home/sam/wsg50/install/wsg_50_common/share/wsg_50_common/hook/cmake_prefix_path.sh'
[3.702s] Level 1:colcon.colcon_core.environment:checking '/home/sam/wsg50/install/wsg_50_common/lib'
[3.703s] Level 1:colcon.colcon_core.shell:create_environment_hook('wsg_50_common', 'ld_library_path_lib')
[3.703s] INFO:colcon.colcon_core.shell:Creating environment hook '/home/sam/wsg50/install/wsg_50_common/share/wsg_50_common/hook/ld_library_path_lib.ps1'
[3.704s] INFO:colcon.colcon_core.shell:Creating environment descriptor '/home/sam/wsg50/install/wsg_50_common/share/wsg_50_common/hook/ld_library_path_lib.dsv'
[3.705s] INFO:colcon.colcon_core.shell:Creating environment hook '/home/sam/wsg50/install/wsg_50_common/share/wsg_50_common/hook/ld_library_path_lib.sh'
[3.706s] Level 1:colcon.colcon_core.environment:checking '/home/sam/wsg50/install/wsg_50_common/bin'
[3.706s] Level 1:colcon.colcon_core.environment:checking '/home/sam/wsg50/install/wsg_50_common/lib/pkgconfig/wsg_50_common.pc'
[3.707s] Level 1:colcon.colcon_core.environment:checking '/home/sam/wsg50/install/wsg_50_common/lib/python3.10/site-packages'
[3.707s] Level 1:colcon.colcon_core.environment:checking '/home/sam/wsg50/install/wsg_50_common/bin'
[3.709s] INFO:colcon.colcon_core.shell:Creating package script '/home/sam/wsg50/install/wsg_50_common/share/wsg_50_common/package.ps1'
[3.710s] INFO:colcon.colcon_core.shell:Creating package descriptor '/home/sam/wsg50/install/wsg_50_common/share/wsg_50_common/package.dsv'
[3.711s] INFO:colcon.colcon_core.shell:Creating package script '/home/sam/wsg50/install/wsg_50_common/share/wsg_50_common/package.sh'
[3.713s] INFO:colcon.colcon_core.shell:Creating package script '/home/sam/wsg50/install/wsg_50_common/share/wsg_50_common/package.bash'
[3.715s] INFO:colcon.colcon_core.shell:Creating package script '/home/sam/wsg50/install/wsg_50_common/share/wsg_50_common/package.zsh'
[3.716s] Level 1:colcon.colcon_core.environment:create_file_with_runtime_dependencies(/home/sam/wsg50/install/wsg_50_common/share/colcon-core/packages/wsg_50_common)
[3.718s] Level 1:colcon.colcon_core.environment:create_environment_scripts_only(wsg_50_common)
[3.719s] Level 1:colcon.colcon_core.environment:checking '/home/sam/wsg50/install/wsg_50_common' for CMake module files
[3.721s] Level 1:colcon.colcon_core.environment:checking '/home/sam/wsg50/install/wsg_50_common' for CMake config files
[3.724s] Level 1:colcon.colcon_core.shell:create_environment_hook('wsg_50_common', 'cmake_prefix_path')
[3.725s] INFO:colcon.colcon_core.shell:Creating environment hook '/home/sam/wsg50/install/wsg_50_common/share/wsg_50_common/hook/cmake_prefix_path.ps1'
[3.726s] INFO:colcon.colcon_core.shell:Creating environment descriptor '/home/sam/wsg50/install/wsg_50_common/share/wsg_50_common/hook/cmake_prefix_path.dsv'
[3.727s] INFO:colcon.colcon_core.shell:Creating environment hook '/home/sam/wsg50/install/wsg_50_common/share/wsg_50_common/hook/cmake_prefix_path.sh'
[3.728s] Level 1:colcon.colcon_core.environment:checking '/home/sam/wsg50/install/wsg_50_common/lib'
[3.729s] Level 1:colcon.colcon_core.shell:create_environment_hook('wsg_50_common', 'ld_library_path_lib')
[3.730s] INFO:colcon.colcon_core.shell:Creating environment hook '/home/sam/wsg50/install/wsg_50_common/share/wsg_50_common/hook/ld_library_path_lib.ps1'
[3.732s] INFO:colcon.colcon_core.shell:Creating environment descriptor '/home/sam/wsg50/install/wsg_50_common/share/wsg_50_common/hook/ld_library_path_lib.dsv'
[3.733s] INFO:colcon.colcon_core.shell:Creating environment hook '/home/sam/wsg50/install/wsg_50_common/share/wsg_50_common/hook/ld_library_path_lib.sh'
[3.734s] Level 1:colcon.colcon_core.environment:checking '/home/sam/wsg50/install/wsg_50_common/bin'
[3.734s] Level 1:colcon.colcon_core.environment:checking '/home/sam/wsg50/install/wsg_50_common/lib/pkgconfig/wsg_50_common.pc'
[3.734s] Level 1:colcon.colcon_core.environment:checking '/home/sam/wsg50/install/wsg_50_common/lib/python3.10/site-packages'
[3.735s] Level 1:colcon.colcon_core.environment:checking '/home/sam/wsg50/install/wsg_50_common/bin'
[3.735s] INFO:colcon.colcon_core.shell:Creating package script '/home/sam/wsg50/install/wsg_50_common/share/wsg_50_common/package.ps1'
[3.736s] INFO:colcon.colcon_core.shell:Creating package descriptor '/home/sam/wsg50/install/wsg_50_common/share/wsg_50_common/package.dsv'
[3.738s] INFO:colcon.colcon_core.shell:Creating package script '/home/sam/wsg50/install/wsg_50_common/share/wsg_50_common/package.sh'
[3.739s] INFO:colcon.colcon_core.shell:Creating package script '/home/sam/wsg50/install/wsg_50_common/share/wsg_50_common/package.bash'
[3.741s] INFO:colcon.colcon_core.shell:Creating package script '/home/sam/wsg50/install/wsg_50_common/share/wsg_50_common/package.zsh'
[3.742s] Level 1:colcon.colcon_core.environment:create_file_with_runtime_dependencies(/home/sam/wsg50/install/wsg_50_common/share/colcon-core/packages/wsg_50_common)
[3.743s] INFO:colcon.colcon_ros.task.ament_cmake.build:Building ROS package in '/home/sam/wsg50/src/wsg_50_driver' with build type 'ament_cmake'
[3.743s] INFO:colcon.colcon_cmake.task.cmake.build:Building CMake package in '/home/sam/wsg50/src/wsg_50_driver'
[3.744s] INFO:colcon.colcon_core.shell:Skip shell extension 'powershell' for command environment: Not usable outside of PowerShell
[3.744s] DEBUG:colcon.colcon_core.shell:Skip shell extension 'dsv' for command environment
[4.028s] DEBUG:colcon.colcon_core.event_handler.log_command:Invoking command in '/home/sam/wsg50/build/wsg_50_driver': CMAKE_PREFIX_PATH=/home/sam/wsg50/install/wsg_50_common:/home/sam/wsg50/install/wsg_50_simulation:/home/sam/wsg50/install/wsg_50_interface:/home/sam/wsg50/install/wsg_50_driver:/home/sam/moveit2/install/pilz_industrial_motion_planner_testutils:/home/sam/moveit2/install/moveit_runtime:/home/sam/moveit2/install/moveit:/home/sam/moveit2/install/moveit_planners:/home/sam/moveit2/install/pilz_industrial_motion_planner:/home/sam/moveit2/install/moveit_ros_control_interface:/home/sam/moveit2/install/moveit_plugins:/home/sam/moveit2/install/moveit_simple_controller_manager:/home/sam/moveit2/install/moveit_setup_assistant:/home/sam/moveit2/install/moveit_setup_srdf_plugins:/home/sam/moveit2/install/moveit_setup_core_plugins:/home/sam/moveit2/install/moveit_setup_controllers:/home/sam/moveit2/install/moveit_setup_app_plugins:/home/sam/moveit2/install/moveit_setup_framework:/home/sam/moveit2/install/moveit_servo:/home/sam/moveit2/install/moveit_ros:/home/sam/moveit2/install/moveit_ros_visualization:/home/sam/moveit2/install/moveit_py:/home/sam/moveit2/install/moveit_hybrid_planning:/home/sam/moveit2/install/moveit_ros_planning_interface:/home/sam/moveit2/install/moveit_ros_benchmarks:/home/sam/moveit2/install/moveit_ros_warehouse:/home/sam/moveit2/install/moveit_ros_robot_interaction:/home/sam/moveit2/install/moveit_ros_perception:/home/sam/moveit2/install/moveit_resources_prbt_pg70_support:/home/sam/moveit2/install/moveit_resources_prbt_moveit_config:/home/sam/moveit2/install/moveit_ros_move_group:/home/sam/moveit2/install/moveit_planners_ompl:/home/sam/moveit2/install/moveit_kinematics:/home/sam/moveit2/install/moveit_ros_planning:/home/sam/moveit2/install/moveit_ros_occupancy_map_monitor:/home/sam/moveit2/install/moveit_resources_prbt_support:/home/sam/moveit2/install/moveit_resources_prbt_ikfast_manipulator_plugin:/home/sam/moveit2/install/moveit_resources:/home/sam/moveit2/install/moveit_resources_pr2_description:/home/sam/moveit2/install/moveit_resources_panda_moveit_config:/home/sam/moveit2/install/dual_arm_panda_moveit_config:/home/sam/moveit2/install/moveit_resources_panda_description:/home/sam/moveit2/install/moveit_resources_fanuc_moveit_config:/home/sam/moveit2/install/moveit_resources_fanuc_description:/home/sam/moveit2/install/moveit_planners_stomp:/home/sam/moveit2/install/moveit_planners_chomp:/home/sam/moveit2/install/chomp_motion_planner:/home/sam/moveit2/install/moveit_core:/home/sam/moveit2/install/moveit_msgs:/home/sam/moveit2/install/moveit_common:/home/sam/moveit2/install/geometric_shapes:/home/sam/ros2_ws/install/ros2_grasshopper:/home/sam/ros2_ws/install/ros2_file_server:/home/sam/ros2_ws/install/my_orbbec:/home/sam/ros2_ws/install/fanuc_srvs:/home/sam/ros2_ws/install/fanuc_srvs_msgs:/home/sam/ros2_ws/install/fanuc_control:/home/sam/ros2_ws/install/fanuc_rmi:/home/sam/ros2_ws/install/fanuc_eth_ip:/home/sam/ros2_ws/install/crx5ia_moveit_config:/home/sam/ros2_ws/install/crx25ia_l_moveit_config:/home/sam/ros2_ws/install/crx20ia_l_moveit_config:/home/sam/ros2_ws/install/crx10ia_moveit_config:/home/sam/ros2_ws/install/crx10ia_l_moveit_config:/home/sam/ros2_ws/install/crx_description:/home/sam/moveit2/install/moveit_configs_utils:/opt/ros/humble LD_LIBRARY_PATH=/home/sam/wsg50/install/wsg_50_common/lib:/home/sam/wsg50/install/wsg_50_interface/lib:/home/sam/wsg50/install/wsg_50_driver/lib:/home/sam/moveit2/install/pilz_industrial_motion_planner_testutils/lib:/home/sam/moveit2/install/pilz_industrial_motion_planner/lib:/home/sam/moveit2/install/moveit_ros_control_interface/lib:/home/sam/moveit2/install/moveit_simple_controller_manager/lib:/home/sam/moveit2/install/moveit_setup_assistant/lib:/home/sam/moveit2/install/moveit_setup_srdf_plugins/lib:/home/sam/moveit2/install/moveit_setup_core_plugins/lib:/home/sam/moveit2/install/moveit_setup_controllers/lib:/home/sam/moveit2/install/moveit_setup_app_plugins/lib:/home/sam/moveit2/install/moveit_setup_framework/lib:/home/sam/moveit2/install/moveit_servo/lib:/home/sam/moveit2/install/moveit_ros_visualization/lib:/home/sam/moveit2/install/moveit_py/lib:/home/sam/moveit2/install/moveit_hybrid_planning/lib:/home/sam/moveit2/install/moveit_ros_planning_interface/lib:/home/sam/moveit2/install/moveit_ros_benchmarks/lib:/home/sam/moveit2/install/moveit_ros_warehouse/lib:/home/sam/moveit2/install/moveit_ros_robot_interaction/lib:/home/sam/moveit2/install/moveit_ros_perception/lib:/home/sam/moveit2/install/moveit_ros_move_group/lib:/home/sam/moveit2/install/moveit_planners_ompl/lib:/home/sam/moveit2/install/moveit_kinematics/lib:/home/sam/moveit2/install/moveit_ros_planning/lib:/home/sam/moveit2/install/moveit_ros_occupancy_map_monitor/lib:/home/sam/moveit2/install/moveit_resources_prbt_ikfast_manipulator_plugin/lib:/home/sam/moveit2/install/moveit_planners_stomp/lib:/home/sam/moveit2/install/moveit_planners_chomp/lib:/home/sam/moveit2/install/chomp_motion_planner/lib:/home/sam/moveit2/install/moveit_core/lib:/home/sam/moveit2/install/moveit_msgs/lib:/home/sam/moveit2/install/geometric_shapes/lib:/home/sam/ros2_ws/install/ros2_grasshopper/lib:/home/sam/ros2_ws/install/ros2_file_server/lib:/home/sam/ros2_ws/install/fanuc_srvs_msgs/lib:/home/sam/ros2_ws/install/fanuc_control/lib:/home/sam/ros2_ws/install/fanuc_rmi/lib:/home/sam/ros2_ws/install/fanuc_eth_ip/lib:/usr/lib/x86_64-linux-gnu/gazebo-11/plugins:/opt/ros/humble/opt/rviz_ogre_vendor/lib:/opt/ros/humble/lib/x86_64-linux-gnu:/opt/ros/humble/lib /usr/bin/cmake --build /home/sam/wsg50/build/wsg_50_driver -- -j8 -l8
[35.992s] DEBUG:colcon.colcon_core.event_handler.log_command:Invoked command in '/home/sam/wsg50/build/wsg_50_driver' returned '0': CMAKE_PREFIX_PATH=/home/sam/wsg50/install/wsg_50_common:/home/sam/wsg50/install/wsg_50_simulation:/home/sam/wsg50/install/wsg_50_interface:/home/sam/wsg50/install/wsg_50_driver:/home/sam/moveit2/install/pilz_industrial_motion_planner_testutils:/home/sam/moveit2/install/moveit_runtime:/home/sam/moveit2/install/moveit:/home/sam/moveit2/install/moveit_planners:/home/sam/moveit2/install/pilz_industrial_motion_planner:/home/sam/moveit2/install/moveit_ros_control_interface:/home/sam/moveit2/install/moveit_plugins:/home/sam/moveit2/install/moveit_simple_controller_manager:/home/sam/moveit2/install/moveit_setup_assistant:/home/sam/moveit2/install/moveit_setup_srdf_plugins:/home/sam/moveit2/install/moveit_setup_core_plugins:/home/sam/moveit2/install/moveit_setup_controllers:/home/sam/moveit2/install/moveit_setup_app_plugins:/home/sam/moveit2/install/moveit_setup_framework:/home/sam/moveit2/install/moveit_servo:/home/sam/moveit2/install/moveit_ros:/home/sam/moveit2/install/moveit_ros_visualization:/home/sam/moveit2/install/moveit_py:/home/sam/moveit2/install/moveit_hybrid_planning:/home/sam/moveit2/install/moveit_ros_planning_interface:/home/sam/moveit2/install/moveit_ros_benchmarks:/home/sam/moveit2/install/moveit_ros_warehouse:/home/sam/moveit2/install/moveit_ros_robot_interaction:/home/sam/moveit2/install/moveit_ros_perception:/home/sam/moveit2/install/moveit_resources_prbt_pg70_support:/home/sam/moveit2/install/moveit_resources_prbt_moveit_config:/home/sam/moveit2/install/moveit_ros_move_group:/home/sam/moveit2/install/moveit_planners_ompl:/home/sam/moveit2/install/moveit_kinematics:/home/sam/moveit2/install/moveit_ros_planning:/home/sam/moveit2/install/moveit_ros_occupancy_map_monitor:/home/sam/moveit2/install/moveit_resources_prbt_support:/home/sam/moveit2/install/moveit_resources_prbt_ikfast_manipulator_plugin:/home/sam/moveit2/install/moveit_resources:/home/sam/moveit2/install/moveit_resources_pr2_description:/home/sam/moveit2/install/moveit_resources_panda_moveit_config:/home/sam/moveit2/install/dual_arm_panda_moveit_config:/home/sam/moveit2/install/moveit_resources_panda_description:/home/sam/moveit2/install/moveit_resources_fanuc_moveit_config:/home/sam/moveit2/install/moveit_resources_fanuc_description:/home/sam/moveit2/install/moveit_planners_stomp:/home/sam/moveit2/install/moveit_planners_chomp:/home/sam/moveit2/install/chomp_motion_planner:/home/sam/moveit2/install/moveit_core:/home/sam/moveit2/install/moveit_msgs:/home/sam/moveit2/install/moveit_common:/home/sam/moveit2/install/geometric_shapes:/home/sam/ros2_ws/install/ros2_grasshopper:/home/sam/ros2_ws/install/ros2_file_server:/home/sam/ros2_ws/install/my_orbbec:/home/sam/ros2_ws/install/fanuc_srvs:/home/sam/ros2_ws/install/fanuc_srvs_msgs:/home/sam/ros2_ws/install/fanuc_control:/home/sam/ros2_ws/install/fanuc_rmi:/home/sam/ros2_ws/install/fanuc_eth_ip:/home/sam/ros2_ws/install/crx5ia_moveit_config:/home/sam/ros2_ws/install/crx25ia_l_moveit_config:/home/sam/ros2_ws/install/crx20ia_l_moveit_config:/home/sam/ros2_ws/install/crx10ia_moveit_config:/home/sam/ros2_ws/install/crx10ia_l_moveit_config:/home/sam/ros2_ws/install/crx_description:/home/sam/moveit2/install/moveit_configs_utils:/opt/ros/humble LD_LIBRARY_PATH=/home/sam/wsg50/install/wsg_50_common/lib:/home/sam/wsg50/install/wsg_50_interface/lib:/home/sam/wsg50/install/wsg_50_driver/lib:/home/sam/moveit2/install/pilz_industrial_motion_planner_testutils/lib:/home/sam/moveit2/install/pilz_industrial_motion_planner/lib:/home/sam/moveit2/install/moveit_ros_control_interface/lib:/home/sam/moveit2/install/moveit_simple_controller_manager/lib:/home/sam/moveit2/install/moveit_setup_assistant/lib:/home/sam/moveit2/install/moveit_setup_srdf_plugins/lib:/home/sam/moveit2/install/moveit_setup_core_plugins/lib:/home/sam/moveit2/install/moveit_setup_controllers/lib:/home/sam/moveit2/install/moveit_setup_app_plugins/lib:/home/sam/moveit2/install/moveit_setup_framework/lib:/home/sam/moveit2/install/moveit_servo/lib:/home/sam/moveit2/install/moveit_ros_visualization/lib:/home/sam/moveit2/install/moveit_py/lib:/home/sam/moveit2/install/moveit_hybrid_planning/lib:/home/sam/moveit2/install/moveit_ros_planning_interface/lib:/home/sam/moveit2/install/moveit_ros_benchmarks/lib:/home/sam/moveit2/install/moveit_ros_warehouse/lib:/home/sam/moveit2/install/moveit_ros_robot_interaction/lib:/home/sam/moveit2/install/moveit_ros_perception/lib:/home/sam/moveit2/install/moveit_ros_move_group/lib:/home/sam/moveit2/install/moveit_planners_ompl/lib:/home/sam/moveit2/install/moveit_kinematics/lib:/home/sam/moveit2/install/moveit_ros_planning/lib:/home/sam/moveit2/install/moveit_ros_occupancy_map_monitor/lib:/home/sam/moveit2/install/moveit_resources_prbt_ikfast_manipulator_plugin/lib:/home/sam/moveit2/install/moveit_planners_stomp/lib:/home/sam/moveit2/install/moveit_planners_chomp/lib:/home/sam/moveit2/install/chomp_motion_planner/lib:/home/sam/moveit2/install/moveit_core/lib:/home/sam/moveit2/install/moveit_msgs/lib:/home/sam/moveit2/install/geometric_shapes/lib:/home/sam/ros2_ws/install/ros2_grasshopper/lib:/home/sam/ros2_ws/install/ros2_file_server/lib:/home/sam/ros2_ws/install/fanuc_srvs_msgs/lib:/home/sam/ros2_ws/install/fanuc_control/lib:/home/sam/ros2_ws/install/fanuc_rmi/lib:/home/sam/ros2_ws/install/fanuc_eth_ip/lib:/usr/lib/x86_64-linux-gnu/gazebo-11/plugins:/opt/ros/humble/opt/rviz_ogre_vendor/lib:/opt/ros/humble/lib/x86_64-linux-gnu:/opt/ros/humble/lib /usr/bin/cmake --build /home/sam/wsg50/build/wsg_50_driver -- -j8 -l8
[35.998s] DEBUG:colcon.colcon_core.event_handler.log_command:Invoking command in '/home/sam/wsg50/build/wsg_50_driver': CMAKE_PREFIX_PATH=/home/sam/wsg50/install/wsg_50_common:/home/sam/wsg50/install/wsg_50_simulation:/home/sam/wsg50/install/wsg_50_interface:/home/sam/wsg50/install/wsg_50_driver:/home/sam/moveit2/install/pilz_industrial_motion_planner_testutils:/home/sam/moveit2/install/moveit_runtime:/home/sam/moveit2/install/moveit:/home/sam/moveit2/install/moveit_planners:/home/sam/moveit2/install/pilz_industrial_motion_planner:/home/sam/moveit2/install/moveit_ros_control_interface:/home/sam/moveit2/install/moveit_plugins:/home/sam/moveit2/install/moveit_simple_controller_manager:/home/sam/moveit2/install/moveit_setup_assistant:/home/sam/moveit2/install/moveit_setup_srdf_plugins:/home/sam/moveit2/install/moveit_setup_core_plugins:/home/sam/moveit2/install/moveit_setup_controllers:/home/sam/moveit2/install/moveit_setup_app_plugins:/home/sam/moveit2/install/moveit_setup_framework:/home/sam/moveit2/install/moveit_servo:/home/sam/moveit2/install/moveit_ros:/home/sam/moveit2/install/moveit_ros_visualization:/home/sam/moveit2/install/moveit_py:/home/sam/moveit2/install/moveit_hybrid_planning:/home/sam/moveit2/install/moveit_ros_planning_interface:/home/sam/moveit2/install/moveit_ros_benchmarks:/home/sam/moveit2/install/moveit_ros_warehouse:/home/sam/moveit2/install/moveit_ros_robot_interaction:/home/sam/moveit2/install/moveit_ros_perception:/home/sam/moveit2/install/moveit_resources_prbt_pg70_support:/home/sam/moveit2/install/moveit_resources_prbt_moveit_config:/home/sam/moveit2/install/moveit_ros_move_group:/home/sam/moveit2/install/moveit_planners_ompl:/home/sam/moveit2/install/moveit_kinematics:/home/sam/moveit2/install/moveit_ros_planning:/home/sam/moveit2/install/moveit_ros_occupancy_map_monitor:/home/sam/moveit2/install/moveit_resources_prbt_support:/home/sam/moveit2/install/moveit_resources_prbt_ikfast_manipulator_plugin:/home/sam/moveit2/install/moveit_resources:/home/sam/moveit2/install/moveit_resources_pr2_description:/home/sam/moveit2/install/moveit_resources_panda_moveit_config:/home/sam/moveit2/install/dual_arm_panda_moveit_config:/home/sam/moveit2/install/moveit_resources_panda_description:/home/sam/moveit2/install/moveit_resources_fanuc_moveit_config:/home/sam/moveit2/install/moveit_resources_fanuc_description:/home/sam/moveit2/install/moveit_planners_stomp:/home/sam/moveit2/install/moveit_planners_chomp:/home/sam/moveit2/install/chomp_motion_planner:/home/sam/moveit2/install/moveit_core:/home/sam/moveit2/install/moveit_msgs:/home/sam/moveit2/install/moveit_common:/home/sam/moveit2/install/geometric_shapes:/home/sam/ros2_ws/install/ros2_grasshopper:/home/sam/ros2_ws/install/ros2_file_server:/home/sam/ros2_ws/install/my_orbbec:/home/sam/ros2_ws/install/fanuc_srvs:/home/sam/ros2_ws/install/fanuc_srvs_msgs:/home/sam/ros2_ws/install/fanuc_control:/home/sam/ros2_ws/install/fanuc_rmi:/home/sam/ros2_ws/install/fanuc_eth_ip:/home/sam/ros2_ws/install/crx5ia_moveit_config:/home/sam/ros2_ws/install/crx25ia_l_moveit_config:/home/sam/ros2_ws/install/crx20ia_l_moveit_config:/home/sam/ros2_ws/install/crx10ia_moveit_config:/home/sam/ros2_ws/install/crx10ia_l_moveit_config:/home/sam/ros2_ws/install/crx_description:/home/sam/moveit2/install/moveit_configs_utils:/opt/ros/humble LD_LIBRARY_PATH=/home/sam/wsg50/install/wsg_50_common/lib:/home/sam/wsg50/install/wsg_50_interface/lib:/home/sam/wsg50/install/wsg_50_driver/lib:/home/sam/moveit2/install/pilz_industrial_motion_planner_testutils/lib:/home/sam/moveit2/install/pilz_industrial_motion_planner/lib:/home/sam/moveit2/install/moveit_ros_control_interface/lib:/home/sam/moveit2/install/moveit_simple_controller_manager/lib:/home/sam/moveit2/install/moveit_setup_assistant/lib:/home/sam/moveit2/install/moveit_setup_srdf_plugins/lib:/home/sam/moveit2/install/moveit_setup_core_plugins/lib:/home/sam/moveit2/install/moveit_setup_controllers/lib:/home/sam/moveit2/install/moveit_setup_app_plugins/lib:/home/sam/moveit2/install/moveit_setup_framework/lib:/home/sam/moveit2/install/moveit_servo/lib:/home/sam/moveit2/install/moveit_ros_visualization/lib:/home/sam/moveit2/install/moveit_py/lib:/home/sam/moveit2/install/moveit_hybrid_planning/lib:/home/sam/moveit2/install/moveit_ros_planning_interface/lib:/home/sam/moveit2/install/moveit_ros_benchmarks/lib:/home/sam/moveit2/install/moveit_ros_warehouse/lib:/home/sam/moveit2/install/moveit_ros_robot_interaction/lib:/home/sam/moveit2/install/moveit_ros_perception/lib:/home/sam/moveit2/install/moveit_ros_move_group/lib:/home/sam/moveit2/install/moveit_planners_ompl/lib:/home/sam/moveit2/install/moveit_kinematics/lib:/home/sam/moveit2/install/moveit_ros_planning/lib:/home/sam/moveit2/install/moveit_ros_occupancy_map_monitor/lib:/home/sam/moveit2/install/moveit_resources_prbt_ikfast_manipulator_plugin/lib:/home/sam/moveit2/install/moveit_planners_stomp/lib:/home/sam/moveit2/install/moveit_planners_chomp/lib:/home/sam/moveit2/install/chomp_motion_planner/lib:/home/sam/moveit2/install/moveit_core/lib:/home/sam/moveit2/install/moveit_msgs/lib:/home/sam/moveit2/install/geometric_shapes/lib:/home/sam/ros2_ws/install/ros2_grasshopper/lib:/home/sam/ros2_ws/install/ros2_file_server/lib:/home/sam/ros2_ws/install/fanuc_srvs_msgs/lib:/home/sam/ros2_ws/install/fanuc_control/lib:/home/sam/ros2_ws/install/fanuc_rmi/lib:/home/sam/ros2_ws/install/fanuc_eth_ip/lib:/usr/lib/x86_64-linux-gnu/gazebo-11/plugins:/opt/ros/humble/opt/rviz_ogre_vendor/lib:/opt/ros/humble/lib/x86_64-linux-gnu:/opt/ros/humble/lib /usr/bin/cmake --install /home/sam/wsg50/build/wsg_50_driver
[36.053s] Level 1:colcon.colcon_core.environment:create_environment_scripts_only(wsg_50_driver)
[36.054s] Level 1:colcon.colcon_core.environment:checking '/home/sam/wsg50/install/wsg_50_driver' for CMake module files
[36.055s] DEBUG:colcon.colcon_core.event_handler.log_command:Invoked command in '/home/sam/wsg50/build/wsg_50_driver' returned '0': CMAKE_PREFIX_PATH=/home/sam/wsg50/install/wsg_50_common:/home/sam/wsg50/install/wsg_50_simulation:/home/sam/wsg50/install/wsg_50_interface:/home/sam/wsg50/install/wsg_50_driver:/home/sam/moveit2/install/pilz_industrial_motion_planner_testutils:/home/sam/moveit2/install/moveit_runtime:/home/sam/moveit2/install/moveit:/home/sam/moveit2/install/moveit_planners:/home/sam/moveit2/install/pilz_industrial_motion_planner:/home/sam/moveit2/install/moveit_ros_control_interface:/home/sam/moveit2/install/moveit_plugins:/home/sam/moveit2/install/moveit_simple_controller_manager:/home/sam/moveit2/install/moveit_setup_assistant:/home/sam/moveit2/install/moveit_setup_srdf_plugins:/home/sam/moveit2/install/moveit_setup_core_plugins:/home/sam/moveit2/install/moveit_setup_controllers:/home/sam/moveit2/install/moveit_setup_app_plugins:/home/sam/moveit2/install/moveit_setup_framework:/home/sam/moveit2/install/moveit_servo:/home/sam/moveit2/install/moveit_ros:/home/sam/moveit2/install/moveit_ros_visualization:/home/sam/moveit2/install/moveit_py:/home/sam/moveit2/install/moveit_hybrid_planning:/home/sam/moveit2/install/moveit_ros_planning_interface:/home/sam/moveit2/install/moveit_ros_benchmarks:/home/sam/moveit2/install/moveit_ros_warehouse:/home/sam/moveit2/install/moveit_ros_robot_interaction:/home/sam/moveit2/install/moveit_ros_perception:/home/sam/moveit2/install/moveit_resources_prbt_pg70_support:/home/sam/moveit2/install/moveit_resources_prbt_moveit_config:/home/sam/moveit2/install/moveit_ros_move_group:/home/sam/moveit2/install/moveit_planners_ompl:/home/sam/moveit2/install/moveit_kinematics:/home/sam/moveit2/install/moveit_ros_planning:/home/sam/moveit2/install/moveit_ros_occupancy_map_monitor:/home/sam/moveit2/install/moveit_resources_prbt_support:/home/sam/moveit2/install/moveit_resources_prbt_ikfast_manipulator_plugin:/home/sam/moveit2/install/moveit_resources:/home/sam/moveit2/install/moveit_resources_pr2_description:/home/sam/moveit2/install/moveit_resources_panda_moveit_config:/home/sam/moveit2/install/dual_arm_panda_moveit_config:/home/sam/moveit2/install/moveit_resources_panda_description:/home/sam/moveit2/install/moveit_resources_fanuc_moveit_config:/home/sam/moveit2/install/moveit_resources_fanuc_description:/home/sam/moveit2/install/moveit_planners_stomp:/home/sam/moveit2/install/moveit_planners_chomp:/home/sam/moveit2/install/chomp_motion_planner:/home/sam/moveit2/install/moveit_core:/home/sam/moveit2/install/moveit_msgs:/home/sam/moveit2/install/moveit_common:/home/sam/moveit2/install/geometric_shapes:/home/sam/ros2_ws/install/ros2_grasshopper:/home/sam/ros2_ws/install/ros2_file_server:/home/sam/ros2_ws/install/my_orbbec:/home/sam/ros2_ws/install/fanuc_srvs:/home/sam/ros2_ws/install/fanuc_srvs_msgs:/home/sam/ros2_ws/install/fanuc_control:/home/sam/ros2_ws/install/fanuc_rmi:/home/sam/ros2_ws/install/fanuc_eth_ip:/home/sam/ros2_ws/install/crx5ia_moveit_config:/home/sam/ros2_ws/install/crx25ia_l_moveit_config:/home/sam/ros2_ws/install/crx20ia_l_moveit_config:/home/sam/ros2_ws/install/crx10ia_moveit_config:/home/sam/ros2_ws/install/crx10ia_l_moveit_config:/home/sam/ros2_ws/install/crx_description:/home/sam/moveit2/install/moveit_configs_utils:/opt/ros/humble LD_LIBRARY_PATH=/home/sam/wsg50/install/wsg_50_common/lib:/home/sam/wsg50/install/wsg_50_interface/lib:/home/sam/wsg50/install/wsg_50_driver/lib:/home/sam/moveit2/install/pilz_industrial_motion_planner_testutils/lib:/home/sam/moveit2/install/pilz_industrial_motion_planner/lib:/home/sam/moveit2/install/moveit_ros_control_interface/lib:/home/sam/moveit2/install/moveit_simple_controller_manager/lib:/home/sam/moveit2/install/moveit_setup_assistant/lib:/home/sam/moveit2/install/moveit_setup_srdf_plugins/lib:/home/sam/moveit2/install/moveit_setup_core_plugins/lib:/home/sam/moveit2/install/moveit_setup_controllers/lib:/home/sam/moveit2/install/moveit_setup_app_plugins/lib:/home/sam/moveit2/install/moveit_setup_framework/lib:/home/sam/moveit2/install/moveit_servo/lib:/home/sam/moveit2/install/moveit_ros_visualization/lib:/home/sam/moveit2/install/moveit_py/lib:/home/sam/moveit2/install/moveit_hybrid_planning/lib:/home/sam/moveit2/install/moveit_ros_planning_interface/lib:/home/sam/moveit2/install/moveit_ros_benchmarks/lib:/home/sam/moveit2/install/moveit_ros_warehouse/lib:/home/sam/moveit2/install/moveit_ros_robot_interaction/lib:/home/sam/moveit2/install/moveit_ros_perception/lib:/home/sam/moveit2/install/moveit_ros_move_group/lib:/home/sam/moveit2/install/moveit_planners_ompl/lib:/home/sam/moveit2/install/moveit_kinematics/lib:/home/sam/moveit2/install/moveit_ros_planning/lib:/home/sam/moveit2/install/moveit_ros_occupancy_map_monitor/lib:/home/sam/moveit2/install/moveit_resources_prbt_ikfast_manipulator_plugin/lib:/home/sam/moveit2/install/moveit_planners_stomp/lib:/home/sam/moveit2/install/moveit_planners_chomp/lib:/home/sam/moveit2/install/chomp_motion_planner/lib:/home/sam/moveit2/install/moveit_core/lib:/home/sam/moveit2/install/moveit_msgs/lib:/home/sam/moveit2/install/geometric_shapes/lib:/home/sam/ros2_ws/install/ros2_grasshopper/lib:/home/sam/ros2_ws/install/ros2_file_server/lib:/home/sam/ros2_ws/install/fanuc_srvs_msgs/lib:/home/sam/ros2_ws/install/fanuc_control/lib:/home/sam/ros2_ws/install/fanuc_rmi/lib:/home/sam/ros2_ws/install/fanuc_eth_ip/lib:/usr/lib/x86_64-linux-gnu/gazebo-11/plugins:/opt/ros/humble/opt/rviz_ogre_vendor/lib:/opt/ros/humble/lib/x86_64-linux-gnu:/opt/ros/humble/lib /usr/bin/cmake --install /home/sam/wsg50/build/wsg_50_driver
[36.056s] Level 1:colcon.colcon_core.environment:checking '/home/sam/wsg50/install/wsg_50_driver' for CMake config files
[36.056s] Level 1:colcon.colcon_core.shell:create_environment_hook('wsg_50_driver', 'cmake_prefix_path')
[36.056s] INFO:colcon.colcon_core.shell:Creating environment hook '/home/sam/wsg50/install/wsg_50_driver/share/wsg_50_driver/hook/cmake_prefix_path.ps1'
[36.057s] INFO:colcon.colcon_core.shell:Creating environment descriptor '/home/sam/wsg50/install/wsg_50_driver/share/wsg_50_driver/hook/cmake_prefix_path.dsv'
[36.058s] INFO:colcon.colcon_core.shell:Creating environment hook '/home/sam/wsg50/install/wsg_50_driver/share/wsg_50_driver/hook/cmake_prefix_path.sh'
[36.059s] Level 1:colcon.colcon_core.environment:checking '/home/sam/wsg50/install/wsg_50_driver/lib'
[36.059s] Level 1:colcon.colcon_core.environment:checking '/home/sam/wsg50/install/wsg_50_driver/bin'
[36.059s] Level 1:colcon.colcon_core.environment:checking '/home/sam/wsg50/install/wsg_50_driver/lib/pkgconfig/wsg_50_driver.pc'
[36.060s] Level 1:colcon.colcon_core.environment:checking '/home/sam/wsg50/install/wsg_50_driver/lib/python3.10/site-packages'
[36.060s] Level 1:colcon.colcon_core.environment:checking '/home/sam/wsg50/install/wsg_50_driver/bin'
[36.061s] INFO:colcon.colcon_core.shell:Creating package script '/home/sam/wsg50/install/wsg_50_driver/share/wsg_50_driver/package.ps1'
[36.062s] INFO:colcon.colcon_core.shell:Creating package descriptor '/home/sam/wsg50/install/wsg_50_driver/share/wsg_50_driver/package.dsv'
[36.063s] INFO:colcon.colcon_core.shell:Creating package script '/home/sam/wsg50/install/wsg_50_driver/share/wsg_50_driver/package.sh'
[36.063s] INFO:colcon.colcon_core.shell:Creating package script '/home/sam/wsg50/install/wsg_50_driver/share/wsg_50_driver/package.bash'
[36.064s] INFO:colcon.colcon_core.shell:Creating package script '/home/sam/wsg50/install/wsg_50_driver/share/wsg_50_driver/package.zsh'
[36.065s] Level 1:colcon.colcon_core.environment:create_file_with_runtime_dependencies(/home/sam/wsg50/install/wsg_50_driver/share/colcon-core/packages/wsg_50_driver)
[36.066s] Level 1:colcon.colcon_core.environment:create_environment_scripts_only(wsg_50_driver)
[36.066s] Level 1:colcon.colcon_core.environment:checking '/home/sam/wsg50/install/wsg_50_driver' for CMake module files
[36.068s] Level 1:colcon.colcon_core.environment:checking '/home/sam/wsg50/install/wsg_50_driver' for CMake config files
[36.069s] Level 1:colcon.colcon_core.shell:create_environment_hook('wsg_50_driver', 'cmake_prefix_path')
[36.069s] INFO:colcon.colcon_core.shell:Creating environment hook '/home/sam/wsg50/install/wsg_50_driver/share/wsg_50_driver/hook/cmake_prefix_path.ps1'
[36.070s] INFO:colcon.colcon_core.shell:Creating environment descriptor '/home/sam/wsg50/install/wsg_50_driver/share/wsg_50_driver/hook/cmake_prefix_path.dsv'
[36.071s] INFO:colcon.colcon_core.shell:Creating environment hook '/home/sam/wsg50/install/wsg_50_driver/share/wsg_50_driver/hook/cmake_prefix_path.sh'
[36.072s] Level 1:colcon.colcon_core.environment:checking '/home/sam/wsg50/install/wsg_50_driver/lib'
[36.072s] Level 1:colcon.colcon_core.environment:checking '/home/sam/wsg50/install/wsg_50_driver/bin'
[36.072s] Level 1:colcon.colcon_core.environment:checking '/home/sam/wsg50/install/wsg_50_driver/lib/pkgconfig/wsg_50_driver.pc'
[36.073s] Level 1:colcon.colcon_core.environment:checking '/home/sam/wsg50/install/wsg_50_driver/lib/python3.10/site-packages'
[36.074s] Level 1:colcon.colcon_core.environment:checking '/home/sam/wsg50/install/wsg_50_driver/bin'
[36.074s] INFO:colcon.colcon_core.shell:Creating package script '/home/sam/wsg50/install/wsg_50_driver/share/wsg_50_driver/package.ps1'
[36.075s] INFO:colcon.colcon_core.shell:Creating package descriptor '/home/sam/wsg50/install/wsg_50_driver/share/wsg_50_driver/package.dsv'
[36.076s] INFO:colcon.colcon_core.shell:Creating package script '/home/sam/wsg50/install/wsg_50_driver/share/wsg_50_driver/package.sh'
[36.078s] INFO:colcon.colcon_core.shell:Creating package script '/home/sam/wsg50/install/wsg_50_driver/share/wsg_50_driver/package.bash'
[36.079s] INFO:colcon.colcon_core.shell:Creating package script '/home/sam/wsg50/install/wsg_50_driver/share/wsg_50_driver/package.zsh'
[36.081s] Level 1:colcon.colcon_core.environment:create_file_with_runtime_dependencies(/home/sam/wsg50/install/wsg_50_driver/share/colcon-core/packages/wsg_50_driver)
[36.082s] INFO:colcon.colcon_ros.task.ament_cmake.build:Building ROS package in '/home/sam/wsg50/src/wsg_50_interface' with build type 'ament_cmake'
[36.082s] INFO:colcon.colcon_cmake.task.cmake.build:Building CMake package in '/home/sam/wsg50/src/wsg_50_interface'
[36.084s] INFO:colcon.colcon_core.shell:Skip shell extension 'powershell' for command environment: Not usable outside of PowerShell
[36.084s] DEBUG:colcon.colcon_core.shell:Skip shell extension 'dsv' for command environment
[36.529s] DEBUG:colcon.colcon_core.event_handler.log_command:Invoking command in '/home/sam/wsg50/build/wsg_50_interface': CMAKE_PREFIX_PATH=/home/sam/wsg50/install/wsg_50_driver:/home/sam/wsg50/install/wsg_50_common:/home/sam/wsg50/install/wsg_50_simulation:/home/sam/wsg50/install/wsg_50_interface:/home/sam/moveit2/install/pilz_industrial_motion_planner_testutils:/home/sam/moveit2/install/moveit_runtime:/home/sam/moveit2/install/moveit:/home/sam/moveit2/install/moveit_planners:/home/sam/moveit2/install/pilz_industrial_motion_planner:/home/sam/moveit2/install/moveit_ros_control_interface:/home/sam/moveit2/install/moveit_plugins:/home/sam/moveit2/install/moveit_simple_controller_manager:/home/sam/moveit2/install/moveit_setup_assistant:/home/sam/moveit2/install/moveit_setup_srdf_plugins:/home/sam/moveit2/install/moveit_setup_core_plugins:/home/sam/moveit2/install/moveit_setup_controllers:/home/sam/moveit2/install/moveit_setup_app_plugins:/home/sam/moveit2/install/moveit_setup_framework:/home/sam/moveit2/install/moveit_servo:/home/sam/moveit2/install/moveit_ros:/home/sam/moveit2/install/moveit_ros_visualization:/home/sam/moveit2/install/moveit_py:/home/sam/moveit2/install/moveit_hybrid_planning:/home/sam/moveit2/install/moveit_ros_planning_interface:/home/sam/moveit2/install/moveit_ros_benchmarks:/home/sam/moveit2/install/moveit_ros_warehouse:/home/sam/moveit2/install/moveit_ros_robot_interaction:/home/sam/moveit2/install/moveit_ros_perception:/home/sam/moveit2/install/moveit_resources_prbt_pg70_support:/home/sam/moveit2/install/moveit_resources_prbt_moveit_config:/home/sam/moveit2/install/moveit_ros_move_group:/home/sam/moveit2/install/moveit_planners_ompl:/home/sam/moveit2/install/moveit_kinematics:/home/sam/moveit2/install/moveit_ros_planning:/home/sam/moveit2/install/moveit_ros_occupancy_map_monitor:/home/sam/moveit2/install/moveit_resources_prbt_support:/home/sam/moveit2/install/moveit_resources_prbt_ikfast_manipulator_plugin:/home/sam/moveit2/install/moveit_resources:/home/sam/moveit2/install/moveit_resources_pr2_description:/home/sam/moveit2/install/moveit_resources_panda_moveit_config:/home/sam/moveit2/install/dual_arm_panda_moveit_config:/home/sam/moveit2/install/moveit_resources_panda_description:/home/sam/moveit2/install/moveit_resources_fanuc_moveit_config:/home/sam/moveit2/install/moveit_resources_fanuc_description:/home/sam/moveit2/install/moveit_planners_stomp:/home/sam/moveit2/install/moveit_planners_chomp:/home/sam/moveit2/install/chomp_motion_planner:/home/sam/moveit2/install/moveit_core:/home/sam/moveit2/install/moveit_msgs:/home/sam/moveit2/install/moveit_common:/home/sam/moveit2/install/geometric_shapes:/home/sam/ros2_ws/install/ros2_grasshopper:/home/sam/ros2_ws/install/ros2_file_server:/home/sam/ros2_ws/install/my_orbbec:/home/sam/ros2_ws/install/fanuc_srvs:/home/sam/ros2_ws/install/fanuc_srvs_msgs:/home/sam/ros2_ws/install/fanuc_control:/home/sam/ros2_ws/install/fanuc_rmi:/home/sam/ros2_ws/install/fanuc_eth_ip:/home/sam/ros2_ws/install/crx5ia_moveit_config:/home/sam/ros2_ws/install/crx25ia_l_moveit_config:/home/sam/ros2_ws/install/crx20ia_l_moveit_config:/home/sam/ros2_ws/install/crx10ia_moveit_config:/home/sam/ros2_ws/install/crx10ia_l_moveit_config:/home/sam/ros2_ws/install/crx_description:/home/sam/moveit2/install/moveit_configs_utils:/opt/ros/humble LD_LIBRARY_PATH=/home/sam/wsg50/install/wsg_50_common/lib:/home/sam/wsg50/install/wsg_50_interface/lib:/home/sam/wsg50/install/wsg_50_driver/lib:/home/sam/moveit2/install/pilz_industrial_motion_planner_testutils/lib:/home/sam/moveit2/install/pilz_industrial_motion_planner/lib:/home/sam/moveit2/install/moveit_ros_control_interface/lib:/home/sam/moveit2/install/moveit_simple_controller_manager/lib:/home/sam/moveit2/install/moveit_setup_assistant/lib:/home/sam/moveit2/install/moveit_setup_srdf_plugins/lib:/home/sam/moveit2/install/moveit_setup_core_plugins/lib:/home/sam/moveit2/install/moveit_setup_controllers/lib:/home/sam/moveit2/install/moveit_setup_app_plugins/lib:/home/sam/moveit2/install/moveit_setup_framework/lib:/home/sam/moveit2/install/moveit_servo/lib:/home/sam/moveit2/install/moveit_ros_visualization/lib:/home/sam/moveit2/install/moveit_py/lib:/home/sam/moveit2/install/moveit_hybrid_planning/lib:/home/sam/moveit2/install/moveit_ros_planning_interface/lib:/home/sam/moveit2/install/moveit_ros_benchmarks/lib:/home/sam/moveit2/install/moveit_ros_warehouse/lib:/home/sam/moveit2/install/moveit_ros_robot_interaction/lib:/home/sam/moveit2/install/moveit_ros_perception/lib:/home/sam/moveit2/install/moveit_ros_move_group/lib:/home/sam/moveit2/install/moveit_planners_ompl/lib:/home/sam/moveit2/install/moveit_kinematics/lib:/home/sam/moveit2/install/moveit_ros_planning/lib:/home/sam/moveit2/install/moveit_ros_occupancy_map_monitor/lib:/home/sam/moveit2/install/moveit_resources_prbt_ikfast_manipulator_plugin/lib:/home/sam/moveit2/install/moveit_planners_stomp/lib:/home/sam/moveit2/install/moveit_planners_chomp/lib:/home/sam/moveit2/install/chomp_motion_planner/lib:/home/sam/moveit2/install/moveit_core/lib:/home/sam/moveit2/install/moveit_msgs/lib:/home/sam/moveit2/install/geometric_shapes/lib:/home/sam/ros2_ws/install/ros2_grasshopper/lib:/home/sam/ros2_ws/install/ros2_file_server/lib:/home/sam/ros2_ws/install/fanuc_srvs_msgs/lib:/home/sam/ros2_ws/install/fanuc_control/lib:/home/sam/ros2_ws/install/fanuc_rmi/lib:/home/sam/ros2_ws/install/fanuc_eth_ip/lib:/usr/lib/x86_64-linux-gnu/gazebo-11/plugins:/opt/ros/humble/opt/rviz_ogre_vendor/lib:/opt/ros/humble/lib/x86_64-linux-gnu:/opt/ros/humble/lib /usr/bin/cmake --build /home/sam/wsg50/build/wsg_50_interface -- -j8 -l8
[36.792s] DEBUG:colcon.colcon_core.event_handler.log_command:Invoked command in '/home/sam/wsg50/build/wsg_50_interface' returned '0': CMAKE_PREFIX_PATH=/home/sam/wsg50/install/wsg_50_driver:/home/sam/wsg50/install/wsg_50_common:/home/sam/wsg50/install/wsg_50_simulation:/home/sam/wsg50/install/wsg_50_interface:/home/sam/moveit2/install/pilz_industrial_motion_planner_testutils:/home/sam/moveit2/install/moveit_runtime:/home/sam/moveit2/install/moveit:/home/sam/moveit2/install/moveit_planners:/home/sam/moveit2/install/pilz_industrial_motion_planner:/home/sam/moveit2/install/moveit_ros_control_interface:/home/sam/moveit2/install/moveit_plugins:/home/sam/moveit2/install/moveit_simple_controller_manager:/home/sam/moveit2/install/moveit_setup_assistant:/home/sam/moveit2/install/moveit_setup_srdf_plugins:/home/sam/moveit2/install/moveit_setup_core_plugins:/home/sam/moveit2/install/moveit_setup_controllers:/home/sam/moveit2/install/moveit_setup_app_plugins:/home/sam/moveit2/install/moveit_setup_framework:/home/sam/moveit2/install/moveit_servo:/home/sam/moveit2/install/moveit_ros:/home/sam/moveit2/install/moveit_ros_visualization:/home/sam/moveit2/install/moveit_py:/home/sam/moveit2/install/moveit_hybrid_planning:/home/sam/moveit2/install/moveit_ros_planning_interface:/home/sam/moveit2/install/moveit_ros_benchmarks:/home/sam/moveit2/install/moveit_ros_warehouse:/home/sam/moveit2/install/moveit_ros_robot_interaction:/home/sam/moveit2/install/moveit_ros_perception:/home/sam/moveit2/install/moveit_resources_prbt_pg70_support:/home/sam/moveit2/install/moveit_resources_prbt_moveit_config:/home/sam/moveit2/install/moveit_ros_move_group:/home/sam/moveit2/install/moveit_planners_ompl:/home/sam/moveit2/install/moveit_kinematics:/home/sam/moveit2/install/moveit_ros_planning:/home/sam/moveit2/install/moveit_ros_occupancy_map_monitor:/home/sam/moveit2/install/moveit_resources_prbt_support:/home/sam/moveit2/install/moveit_resources_prbt_ikfast_manipulator_plugin:/home/sam/moveit2/install/moveit_resources:/home/sam/moveit2/install/moveit_resources_pr2_description:/home/sam/moveit2/install/moveit_resources_panda_moveit_config:/home/sam/moveit2/install/dual_arm_panda_moveit_config:/home/sam/moveit2/install/moveit_resources_panda_description:/home/sam/moveit2/install/moveit_resources_fanuc_moveit_config:/home/sam/moveit2/install/moveit_resources_fanuc_description:/home/sam/moveit2/install/moveit_planners_stomp:/home/sam/moveit2/install/moveit_planners_chomp:/home/sam/moveit2/install/chomp_motion_planner:/home/sam/moveit2/install/moveit_core:/home/sam/moveit2/install/moveit_msgs:/home/sam/moveit2/install/moveit_common:/home/sam/moveit2/install/geometric_shapes:/home/sam/ros2_ws/install/ros2_grasshopper:/home/sam/ros2_ws/install/ros2_file_server:/home/sam/ros2_ws/install/my_orbbec:/home/sam/ros2_ws/install/fanuc_srvs:/home/sam/ros2_ws/install/fanuc_srvs_msgs:/home/sam/ros2_ws/install/fanuc_control:/home/sam/ros2_ws/install/fanuc_rmi:/home/sam/ros2_ws/install/fanuc_eth_ip:/home/sam/ros2_ws/install/crx5ia_moveit_config:/home/sam/ros2_ws/install/crx25ia_l_moveit_config:/home/sam/ros2_ws/install/crx20ia_l_moveit_config:/home/sam/ros2_ws/install/crx10ia_moveit_config:/home/sam/ros2_ws/install/crx10ia_l_moveit_config:/home/sam/ros2_ws/install/crx_description:/home/sam/moveit2/install/moveit_configs_utils:/opt/ros/humble LD_LIBRARY_PATH=/home/sam/wsg50/install/wsg_50_common/lib:/home/sam/wsg50/install/wsg_50_interface/lib:/home/sam/wsg50/install/wsg_50_driver/lib:/home/sam/moveit2/install/pilz_industrial_motion_planner_testutils/lib:/home/sam/moveit2/install/pilz_industrial_motion_planner/lib:/home/sam/moveit2/install/moveit_ros_control_interface/lib:/home/sam/moveit2/install/moveit_simple_controller_manager/lib:/home/sam/moveit2/install/moveit_setup_assistant/lib:/home/sam/moveit2/install/moveit_setup_srdf_plugins/lib:/home/sam/moveit2/install/moveit_setup_core_plugins/lib:/home/sam/moveit2/install/moveit_setup_controllers/lib:/home/sam/moveit2/install/moveit_setup_app_plugins/lib:/home/sam/moveit2/install/moveit_setup_framework/lib:/home/sam/moveit2/install/moveit_servo/lib:/home/sam/moveit2/install/moveit_ros_visualization/lib:/home/sam/moveit2/install/moveit_py/lib:/home/sam/moveit2/install/moveit_hybrid_planning/lib:/home/sam/moveit2/install/moveit_ros_planning_interface/lib:/home/sam/moveit2/install/moveit_ros_benchmarks/lib:/home/sam/moveit2/install/moveit_ros_warehouse/lib:/home/sam/moveit2/install/moveit_ros_robot_interaction/lib:/home/sam/moveit2/install/moveit_ros_perception/lib:/home/sam/moveit2/install/moveit_ros_move_group/lib:/home/sam/moveit2/install/moveit_planners_ompl/lib:/home/sam/moveit2/install/moveit_kinematics/lib:/home/sam/moveit2/install/moveit_ros_planning/lib:/home/sam/moveit2/install/moveit_ros_occupancy_map_monitor/lib:/home/sam/moveit2/install/moveit_resources_prbt_ikfast_manipulator_plugin/lib:/home/sam/moveit2/install/moveit_planners_stomp/lib:/home/sam/moveit2/install/moveit_planners_chomp/lib:/home/sam/moveit2/install/chomp_motion_planner/lib:/home/sam/moveit2/install/moveit_core/lib:/home/sam/moveit2/install/moveit_msgs/lib:/home/sam/moveit2/install/geometric_shapes/lib:/home/sam/ros2_ws/install/ros2_grasshopper/lib:/home/sam/ros2_ws/install/ros2_file_server/lib:/home/sam/ros2_ws/install/fanuc_srvs_msgs/lib:/home/sam/ros2_ws/install/fanuc_control/lib:/home/sam/ros2_ws/install/fanuc_rmi/lib:/home/sam/ros2_ws/install/fanuc_eth_ip/lib:/usr/lib/x86_64-linux-gnu/gazebo-11/plugins:/opt/ros/humble/opt/rviz_ogre_vendor/lib:/opt/ros/humble/lib/x86_64-linux-gnu:/opt/ros/humble/lib /usr/bin/cmake --build /home/sam/wsg50/build/wsg_50_interface -- -j8 -l8
[36.796s] DEBUG:colcon.colcon_core.event_handler.log_command:Invoking command in '/home/sam/wsg50/build/wsg_50_interface': CMAKE_PREFIX_PATH=/home/sam/wsg50/install/wsg_50_driver:/home/sam/wsg50/install/wsg_50_common:/home/sam/wsg50/install/wsg_50_simulation:/home/sam/wsg50/install/wsg_50_interface:/home/sam/moveit2/install/pilz_industrial_motion_planner_testutils:/home/sam/moveit2/install/moveit_runtime:/home/sam/moveit2/install/moveit:/home/sam/moveit2/install/moveit_planners:/home/sam/moveit2/install/pilz_industrial_motion_planner:/home/sam/moveit2/install/moveit_ros_control_interface:/home/sam/moveit2/install/moveit_plugins:/home/sam/moveit2/install/moveit_simple_controller_manager:/home/sam/moveit2/install/moveit_setup_assistant:/home/sam/moveit2/install/moveit_setup_srdf_plugins:/home/sam/moveit2/install/moveit_setup_core_plugins:/home/sam/moveit2/install/moveit_setup_controllers:/home/sam/moveit2/install/moveit_setup_app_plugins:/home/sam/moveit2/install/moveit_setup_framework:/home/sam/moveit2/install/moveit_servo:/home/sam/moveit2/install/moveit_ros:/home/sam/moveit2/install/moveit_ros_visualization:/home/sam/moveit2/install/moveit_py:/home/sam/moveit2/install/moveit_hybrid_planning:/home/sam/moveit2/install/moveit_ros_planning_interface:/home/sam/moveit2/install/moveit_ros_benchmarks:/home/sam/moveit2/install/moveit_ros_warehouse:/home/sam/moveit2/install/moveit_ros_robot_interaction:/home/sam/moveit2/install/moveit_ros_perception:/home/sam/moveit2/install/moveit_resources_prbt_pg70_support:/home/sam/moveit2/install/moveit_resources_prbt_moveit_config:/home/sam/moveit2/install/moveit_ros_move_group:/home/sam/moveit2/install/moveit_planners_ompl:/home/sam/moveit2/install/moveit_kinematics:/home/sam/moveit2/install/moveit_ros_planning:/home/sam/moveit2/install/moveit_ros_occupancy_map_monitor:/home/sam/moveit2/install/moveit_resources_prbt_support:/home/sam/moveit2/install/moveit_resources_prbt_ikfast_manipulator_plugin:/home/sam/moveit2/install/moveit_resources:/home/sam/moveit2/install/moveit_resources_pr2_description:/home/sam/moveit2/install/moveit_resources_panda_moveit_config:/home/sam/moveit2/install/dual_arm_panda_moveit_config:/home/sam/moveit2/install/moveit_resources_panda_description:/home/sam/moveit2/install/moveit_resources_fanuc_moveit_config:/home/sam/moveit2/install/moveit_resources_fanuc_description:/home/sam/moveit2/install/moveit_planners_stomp:/home/sam/moveit2/install/moveit_planners_chomp:/home/sam/moveit2/install/chomp_motion_planner:/home/sam/moveit2/install/moveit_core:/home/sam/moveit2/install/moveit_msgs:/home/sam/moveit2/install/moveit_common:/home/sam/moveit2/install/geometric_shapes:/home/sam/ros2_ws/install/ros2_grasshopper:/home/sam/ros2_ws/install/ros2_file_server:/home/sam/ros2_ws/install/my_orbbec:/home/sam/ros2_ws/install/fanuc_srvs:/home/sam/ros2_ws/install/fanuc_srvs_msgs:/home/sam/ros2_ws/install/fanuc_control:/home/sam/ros2_ws/install/fanuc_rmi:/home/sam/ros2_ws/install/fanuc_eth_ip:/home/sam/ros2_ws/install/crx5ia_moveit_config:/home/sam/ros2_ws/install/crx25ia_l_moveit_config:/home/sam/ros2_ws/install/crx20ia_l_moveit_config:/home/sam/ros2_ws/install/crx10ia_moveit_config:/home/sam/ros2_ws/install/crx10ia_l_moveit_config:/home/sam/ros2_ws/install/crx_description:/home/sam/moveit2/install/moveit_configs_utils:/opt/ros/humble LD_LIBRARY_PATH=/home/sam/wsg50/install/wsg_50_common/lib:/home/sam/wsg50/install/wsg_50_interface/lib:/home/sam/wsg50/install/wsg_50_driver/lib:/home/sam/moveit2/install/pilz_industrial_motion_planner_testutils/lib:/home/sam/moveit2/install/pilz_industrial_motion_planner/lib:/home/sam/moveit2/install/moveit_ros_control_interface/lib:/home/sam/moveit2/install/moveit_simple_controller_manager/lib:/home/sam/moveit2/install/moveit_setup_assistant/lib:/home/sam/moveit2/install/moveit_setup_srdf_plugins/lib:/home/sam/moveit2/install/moveit_setup_core_plugins/lib:/home/sam/moveit2/install/moveit_setup_controllers/lib:/home/sam/moveit2/install/moveit_setup_app_plugins/lib:/home/sam/moveit2/install/moveit_setup_framework/lib:/home/sam/moveit2/install/moveit_servo/lib:/home/sam/moveit2/install/moveit_ros_visualization/lib:/home/sam/moveit2/install/moveit_py/lib:/home/sam/moveit2/install/moveit_hybrid_planning/lib:/home/sam/moveit2/install/moveit_ros_planning_interface/lib:/home/sam/moveit2/install/moveit_ros_benchmarks/lib:/home/sam/moveit2/install/moveit_ros_warehouse/lib:/home/sam/moveit2/install/moveit_ros_robot_interaction/lib:/home/sam/moveit2/install/moveit_ros_perception/lib:/home/sam/moveit2/install/moveit_ros_move_group/lib:/home/sam/moveit2/install/moveit_planners_ompl/lib:/home/sam/moveit2/install/moveit_kinematics/lib:/home/sam/moveit2/install/moveit_ros_planning/lib:/home/sam/moveit2/install/moveit_ros_occupancy_map_monitor/lib:/home/sam/moveit2/install/moveit_resources_prbt_ikfast_manipulator_plugin/lib:/home/sam/moveit2/install/moveit_planners_stomp/lib:/home/sam/moveit2/install/moveit_planners_chomp/lib:/home/sam/moveit2/install/chomp_motion_planner/lib:/home/sam/moveit2/install/moveit_core/lib:/home/sam/moveit2/install/moveit_msgs/lib:/home/sam/moveit2/install/geometric_shapes/lib:/home/sam/ros2_ws/install/ros2_grasshopper/lib:/home/sam/ros2_ws/install/ros2_file_server/lib:/home/sam/ros2_ws/install/fanuc_srvs_msgs/lib:/home/sam/ros2_ws/install/fanuc_control/lib:/home/sam/ros2_ws/install/fanuc_rmi/lib:/home/sam/ros2_ws/install/fanuc_eth_ip/lib:/usr/lib/x86_64-linux-gnu/gazebo-11/plugins:/opt/ros/humble/opt/rviz_ogre_vendor/lib:/opt/ros/humble/lib/x86_64-linux-gnu:/opt/ros/humble/lib /usr/bin/cmake --install /home/sam/wsg50/build/wsg_50_interface
[36.836s] Level 1:colcon.colcon_core.environment:create_environment_scripts_only(wsg_50_interface)
[36.838s] Level 1:colcon.colcon_core.environment:checking '/home/sam/wsg50/install/wsg_50_interface' for CMake module files
[36.838s] DEBUG:colcon.colcon_core.event_handler.log_command:Invoked command in '/home/sam/wsg50/build/wsg_50_interface' returned '0': CMAKE_PREFIX_PATH=/home/sam/wsg50/install/wsg_50_driver:/home/sam/wsg50/install/wsg_50_common:/home/sam/wsg50/install/wsg_50_simulation:/home/sam/wsg50/install/wsg_50_interface:/home/sam/moveit2/install/pilz_industrial_motion_planner_testutils:/home/sam/moveit2/install/moveit_runtime:/home/sam/moveit2/install/moveit:/home/sam/moveit2/install/moveit_planners:/home/sam/moveit2/install/pilz_industrial_motion_planner:/home/sam/moveit2/install/moveit_ros_control_interface:/home/sam/moveit2/install/moveit_plugins:/home/sam/moveit2/install/moveit_simple_controller_manager:/home/sam/moveit2/install/moveit_setup_assistant:/home/sam/moveit2/install/moveit_setup_srdf_plugins:/home/sam/moveit2/install/moveit_setup_core_plugins:/home/sam/moveit2/install/moveit_setup_controllers:/home/sam/moveit2/install/moveit_setup_app_plugins:/home/sam/moveit2/install/moveit_setup_framework:/home/sam/moveit2/install/moveit_servo:/home/sam/moveit2/install/moveit_ros:/home/sam/moveit2/install/moveit_ros_visualization:/home/sam/moveit2/install/moveit_py:/home/sam/moveit2/install/moveit_hybrid_planning:/home/sam/moveit2/install/moveit_ros_planning_interface:/home/sam/moveit2/install/moveit_ros_benchmarks:/home/sam/moveit2/install/moveit_ros_warehouse:/home/sam/moveit2/install/moveit_ros_robot_interaction:/home/sam/moveit2/install/moveit_ros_perception:/home/sam/moveit2/install/moveit_resources_prbt_pg70_support:/home/sam/moveit2/install/moveit_resources_prbt_moveit_config:/home/sam/moveit2/install/moveit_ros_move_group:/home/sam/moveit2/install/moveit_planners_ompl:/home/sam/moveit2/install/moveit_kinematics:/home/sam/moveit2/install/moveit_ros_planning:/home/sam/moveit2/install/moveit_ros_occupancy_map_monitor:/home/sam/moveit2/install/moveit_resources_prbt_support:/home/sam/moveit2/install/moveit_resources_prbt_ikfast_manipulator_plugin:/home/sam/moveit2/install/moveit_resources:/home/sam/moveit2/install/moveit_resources_pr2_description:/home/sam/moveit2/install/moveit_resources_panda_moveit_config:/home/sam/moveit2/install/dual_arm_panda_moveit_config:/home/sam/moveit2/install/moveit_resources_panda_description:/home/sam/moveit2/install/moveit_resources_fanuc_moveit_config:/home/sam/moveit2/install/moveit_resources_fanuc_description:/home/sam/moveit2/install/moveit_planners_stomp:/home/sam/moveit2/install/moveit_planners_chomp:/home/sam/moveit2/install/chomp_motion_planner:/home/sam/moveit2/install/moveit_core:/home/sam/moveit2/install/moveit_msgs:/home/sam/moveit2/install/moveit_common:/home/sam/moveit2/install/geometric_shapes:/home/sam/ros2_ws/install/ros2_grasshopper:/home/sam/ros2_ws/install/ros2_file_server:/home/sam/ros2_ws/install/my_orbbec:/home/sam/ros2_ws/install/fanuc_srvs:/home/sam/ros2_ws/install/fanuc_srvs_msgs:/home/sam/ros2_ws/install/fanuc_control:/home/sam/ros2_ws/install/fanuc_rmi:/home/sam/ros2_ws/install/fanuc_eth_ip:/home/sam/ros2_ws/install/crx5ia_moveit_config:/home/sam/ros2_ws/install/crx25ia_l_moveit_config:/home/sam/ros2_ws/install/crx20ia_l_moveit_config:/home/sam/ros2_ws/install/crx10ia_moveit_config:/home/sam/ros2_ws/install/crx10ia_l_moveit_config:/home/sam/ros2_ws/install/crx_description:/home/sam/moveit2/install/moveit_configs_utils:/opt/ros/humble LD_LIBRARY_PATH=/home/sam/wsg50/install/wsg_50_common/lib:/home/sam/wsg50/install/wsg_50_interface/lib:/home/sam/wsg50/install/wsg_50_driver/lib:/home/sam/moveit2/install/pilz_industrial_motion_planner_testutils/lib:/home/sam/moveit2/install/pilz_industrial_motion_planner/lib:/home/sam/moveit2/install/moveit_ros_control_interface/lib:/home/sam/moveit2/install/moveit_simple_controller_manager/lib:/home/sam/moveit2/install/moveit_setup_assistant/lib:/home/sam/moveit2/install/moveit_setup_srdf_plugins/lib:/home/sam/moveit2/install/moveit_setup_core_plugins/lib:/home/sam/moveit2/install/moveit_setup_controllers/lib:/home/sam/moveit2/install/moveit_setup_app_plugins/lib:/home/sam/moveit2/install/moveit_setup_framework/lib:/home/sam/moveit2/install/moveit_servo/lib:/home/sam/moveit2/install/moveit_ros_visualization/lib:/home/sam/moveit2/install/moveit_py/lib:/home/sam/moveit2/install/moveit_hybrid_planning/lib:/home/sam/moveit2/install/moveit_ros_planning_interface/lib:/home/sam/moveit2/install/moveit_ros_benchmarks/lib:/home/sam/moveit2/install/moveit_ros_warehouse/lib:/home/sam/moveit2/install/moveit_ros_robot_interaction/lib:/home/sam/moveit2/install/moveit_ros_perception/lib:/home/sam/moveit2/install/moveit_ros_move_group/lib:/home/sam/moveit2/install/moveit_planners_ompl/lib:/home/sam/moveit2/install/moveit_kinematics/lib:/home/sam/moveit2/install/moveit_ros_planning/lib:/home/sam/moveit2/install/moveit_ros_occupancy_map_monitor/lib:/home/sam/moveit2/install/moveit_resources_prbt_ikfast_manipulator_plugin/lib:/home/sam/moveit2/install/moveit_planners_stomp/lib:/home/sam/moveit2/install/moveit_planners_chomp/lib:/home/sam/moveit2/install/chomp_motion_planner/lib:/home/sam/moveit2/install/moveit_core/lib:/home/sam/moveit2/install/moveit_msgs/lib:/home/sam/moveit2/install/geometric_shapes/lib:/home/sam/ros2_ws/install/ros2_grasshopper/lib:/home/sam/ros2_ws/install/ros2_file_server/lib:/home/sam/ros2_ws/install/fanuc_srvs_msgs/lib:/home/sam/ros2_ws/install/fanuc_control/lib:/home/sam/ros2_ws/install/fanuc_rmi/lib:/home/sam/ros2_ws/install/fanuc_eth_ip/lib:/usr/lib/x86_64-linux-gnu/gazebo-11/plugins:/opt/ros/humble/opt/rviz_ogre_vendor/lib:/opt/ros/humble/lib/x86_64-linux-gnu:/opt/ros/humble/lib /usr/bin/cmake --install /home/sam/wsg50/build/wsg_50_interface
[36.840s] Level 1:colcon.colcon_core.environment:checking '/home/sam/wsg50/install/wsg_50_interface' for CMake config files
[36.840s] Level 1:colcon.colcon_core.shell:create_environment_hook('wsg_50_interface', 'cmake_prefix_path')
[36.840s] INFO:colcon.colcon_core.shell:Creating environment hook '/home/sam/wsg50/install/wsg_50_interface/share/wsg_50_interface/hook/cmake_prefix_path.ps1'
[36.841s] INFO:colcon.colcon_core.shell:Creating environment descriptor '/home/sam/wsg50/install/wsg_50_interface/share/wsg_50_interface/hook/cmake_prefix_path.dsv'
[36.842s] INFO:colcon.colcon_core.shell:Creating environment hook '/home/sam/wsg50/install/wsg_50_interface/share/wsg_50_interface/hook/cmake_prefix_path.sh'
[36.843s] Level 1:colcon.colcon_core.environment:checking '/home/sam/wsg50/install/wsg_50_interface/lib'
[36.843s] Level 1:colcon.colcon_core.shell:create_environment_hook('wsg_50_interface', 'ld_library_path_lib')
[36.844s] INFO:colcon.colcon_core.shell:Creating environment hook '/home/sam/wsg50/install/wsg_50_interface/share/wsg_50_interface/hook/ld_library_path_lib.ps1'
[36.844s] INFO:colcon.colcon_core.shell:Creating environment descriptor '/home/sam/wsg50/install/wsg_50_interface/share/wsg_50_interface/hook/ld_library_path_lib.dsv'
[36.845s] INFO:colcon.colcon_core.shell:Creating environment hook '/home/sam/wsg50/install/wsg_50_interface/share/wsg_50_interface/hook/ld_library_path_lib.sh'
[36.846s] Level 1:colcon.colcon_core.environment:checking '/home/sam/wsg50/install/wsg_50_interface/bin'
[36.846s] Level 1:colcon.colcon_core.environment:checking '/home/sam/wsg50/install/wsg_50_interface/lib/pkgconfig/wsg_50_interface.pc'
[36.846s] Level 1:colcon.colcon_core.environment:checking '/home/sam/wsg50/install/wsg_50_interface/lib/python3.10/site-packages'
[36.847s] Level 1:colcon.colcon_core.environment:checking '/home/sam/wsg50/install/wsg_50_interface/bin'
[36.847s] INFO:colcon.colcon_core.shell:Creating package script '/home/sam/wsg50/install/wsg_50_interface/share/wsg_50_interface/package.ps1'
[36.848s] INFO:colcon.colcon_core.shell:Creating package descriptor '/home/sam/wsg50/install/wsg_50_interface/share/wsg_50_interface/package.dsv'
[36.849s] INFO:colcon.colcon_core.shell:Creating package script '/home/sam/wsg50/install/wsg_50_interface/share/wsg_50_interface/package.sh'
[36.850s] INFO:colcon.colcon_core.shell:Creating package script '/home/sam/wsg50/install/wsg_50_interface/share/wsg_50_interface/package.bash'
[36.852s] INFO:colcon.colcon_core.shell:Creating package script '/home/sam/wsg50/install/wsg_50_interface/share/wsg_50_interface/package.zsh'
[36.853s] Level 1:colcon.colcon_core.environment:create_file_with_runtime_dependencies(/home/sam/wsg50/install/wsg_50_interface/share/colcon-core/packages/wsg_50_interface)
[36.855s] Level 1:colcon.colcon_core.environment:create_environment_scripts_only(wsg_50_interface)
[36.856s] Level 1:colcon.colcon_core.environment:checking '/home/sam/wsg50/install/wsg_50_interface' for CMake module files
[36.857s] Level 1:colcon.colcon_core.environment:checking '/home/sam/wsg50/install/wsg_50_interface' for CMake config files
[36.858s] Level 1:colcon.colcon_core.shell:create_environment_hook('wsg_50_interface', 'cmake_prefix_path')
[36.859s] INFO:colcon.colcon_core.shell:Creating environment hook '/home/sam/wsg50/install/wsg_50_interface/share/wsg_50_interface/hook/cmake_prefix_path.ps1'
[36.860s] INFO:colcon.colcon_core.shell:Creating environment descriptor '/home/sam/wsg50/install/wsg_50_interface/share/wsg_50_interface/hook/cmake_prefix_path.dsv'
[36.861s] INFO:colcon.colcon_core.shell:Creating environment hook '/home/sam/wsg50/install/wsg_50_interface/share/wsg_50_interface/hook/cmake_prefix_path.sh'
[36.862s] Level 1:colcon.colcon_core.environment:checking '/home/sam/wsg50/install/wsg_50_interface/lib'
[36.862s] Level 1:colcon.colcon_core.shell:create_environment_hook('wsg_50_interface', 'ld_library_path_lib')
[36.863s] INFO:colcon.colcon_core.shell:Creating environment hook '/home/sam/wsg50/install/wsg_50_interface/share/wsg_50_interface/hook/ld_library_path_lib.ps1'
[36.864s] INFO:colcon.colcon_core.shell:Creating environment descriptor '/home/sam/wsg50/install/wsg_50_interface/share/wsg_50_interface/hook/ld_library_path_lib.dsv'
[36.865s] INFO:colcon.colcon_core.shell:Creating environment hook '/home/sam/wsg50/install/wsg_50_interface/share/wsg_50_interface/hook/ld_library_path_lib.sh'
[36.866s] Level 1:colcon.colcon_core.environment:checking '/home/sam/wsg50/install/wsg_50_interface/bin'
[36.867s] Level 1:colcon.colcon_core.environment:checking '/home/sam/wsg50/install/wsg_50_interface/lib/pkgconfig/wsg_50_interface.pc'
[36.867s] Level 1:colcon.colcon_core.environment:checking '/home/sam/wsg50/install/wsg_50_interface/lib/python3.10/site-packages'
[36.868s] Level 1:colcon.colcon_core.environment:checking '/home/sam/wsg50/install/wsg_50_interface/bin'
[36.869s] INFO:colcon.colcon_core.shell:Creating package script '/home/sam/wsg50/install/wsg_50_interface/share/wsg_50_interface/package.ps1'
[36.871s] INFO:colcon.colcon_core.shell:Creating package descriptor '/home/sam/wsg50/install/wsg_50_interface/share/wsg_50_interface/package.dsv'
[36.873s] INFO:colcon.colcon_core.shell:Creating package script '/home/sam/wsg50/install/wsg_50_interface/share/wsg_50_interface/package.sh'
[36.874s] INFO:colcon.colcon_core.shell:Creating package script '/home/sam/wsg50/install/wsg_50_interface/share/wsg_50_interface/package.bash'
[36.875s] INFO:colcon.colcon_core.shell:Creating package script '/home/sam/wsg50/install/wsg_50_interface/share/wsg_50_interface/package.zsh'
[36.876s] Level 1:colcon.colcon_core.environment:create_file_with_runtime_dependencies(/home/sam/wsg50/install/wsg_50_interface/share/colcon-core/packages/wsg_50_interface)
[36.876s] DEBUG:colcon.colcon_parallel_executor.executor.parallel:closing loop
[36.877s] DEBUG:colcon.colcon_parallel_executor.executor.parallel:loop closed
[36.878s] DEBUG:colcon.colcon_parallel_executor.executor.parallel:run_until_complete finished with '0'
[36.878s] DEBUG:colcon.colcon_core.event_reactor:joining thread
[36.999s] INFO:colcon.colcon_core.plugin_system:Skipping extension 'colcon_notification.desktop_notification.notify_send': Could not find 'notify-send'
[37.000s] INFO:colcon.colcon_core.plugin_system:Skipping extension 'colcon_notification.desktop_notification.terminal_notifier': Not used on non-Darwin systems
[37.000s] INFO:colcon.colcon_core.plugin_system:Skipping extension 'colcon_notification.desktop_notification.win32': Not used on non-Windows systems
[37.000s] INFO:colcon.colcon_notification.desktop_notification:Sending desktop notification using 'notify2'
[37.003s] DEBUG:colcon.colcon_notification.desktop_notification.notify2:Failed to initialize notify2: org.freedesktop.DBus.Error.ServiceUnknown: The name org.freedesktop.Notifications was not provided by any .service files
[37.003s] DEBUG:colcon.colcon_core.event_reactor:joined thread
[37.004s] INFO:colcon.colcon_core.shell:Creating prefix script '/home/sam/wsg50/install/local_setup.ps1'
[37.005s] INFO:colcon.colcon_core.shell:Creating prefix util module '/home/sam/wsg50/install/_local_setup_util_ps1.py'
[37.008s] INFO:colcon.colcon_core.shell:Creating prefix chain script '/home/sam/wsg50/install/setup.ps1'
[37.016s] INFO:colcon.colcon_core.shell:Creating prefix script '/home/sam/wsg50/install/local_setup.sh'
[37.018s] INFO:colcon.colcon_core.shell:Creating prefix util module '/home/sam/wsg50/install/_local_setup_util_sh.py'
[37.020s] INFO:colcon.colcon_core.shell:Creating prefix chain script '/home/sam/wsg50/install/setup.sh'
[37.033s] INFO:colcon.colcon_core.shell:Creating prefix script '/home/sam/wsg50/install/local_setup.bash'
[37.035s] INFO:colcon.colcon_core.shell:Creating prefix chain script '/home/sam/wsg50/install/setup.bash'
[37.048s] INFO:colcon.colcon_core.shell:Creating prefix script '/home/sam/wsg50/install/local_setup.zsh'
[37.049s] INFO:colcon.colcon_core.shell:Creating prefix chain script '/home/sam/wsg50/install/setup.zsh'
