[0.462s] DEBUG:colcon:Command line arguments: ['/usr/bin/colcon', 'build']
[0.463s] DEBUG:colcon:Parsed command line arguments: Namespace(log_base=None, log_level=None, verb_name='build', build_base='build', install_base='install', merge_install=False, symlink_install=False, test_result_base=None, continue_on_error=False, executor='parallel', parallel_workers=8, event_handlers=None, ignore_user_meta=False, metas=['./colcon.meta'], base_paths=['.'], packages_ignore=None, packages_ignore_regex=None, paths=None, packages_up_to=None, packages_up_to_regex=None, packages_above=None, packages_above_and_dependencies=None, packages_above_depth=None, packages_select_by_dep=None, packages_skip_by_dep=None, packages_skip_up_to=None, packages_select_build_failed=False, packages_skip_build_finished=False, packages_select_test_failures=False, packages_skip_test_passed=False, packages_select=None, packages_skip=None, packages_select_regex=None, packages_skip_regex=None, packages_start=None, packages_end=None, allow_overriding=[], cmake_args=None, cmake_target=None, cmake_target_skip_unavailable=False, cmake_clean_cache=False, cmake_clean_first=False, cmake_force_configure=False, ament_cmake_args=None, catkin_cmake_args=None, catkin_skip_building_tests=False, mixin_files=None, mixin=None, verb_parser=<colcon_mixin.mixin.mixin_argument.MixinArgumentDecorator object at 0x708d0065e860>, verb_extension=<colcon_core.verb.build.BuildVerb object at 0x708d00774610>, main=<bound method BuildVerb.main of <colcon_core.verb.build.BuildVerb object at 0x708d00774610>>, mixin_verb=('build',))
[0.809s] Level 1:colcon.colcon_core.package_discovery:discover_packages(colcon_meta) check parameters
[0.809s] Level 1:colcon.colcon_core.package_discovery:discover_packages(recursive) check parameters
[0.809s] Level 1:colcon.colcon_core.package_discovery:discover_packages(ignore) check parameters
[0.809s] Level 1:colcon.colcon_core.package_discovery:discover_packages(path) check parameters
[0.809s] Level 1:colcon.colcon_core.package_discovery:discover_packages(colcon_meta) discover
[0.809s] Level 1:colcon.colcon_core.package_discovery:discover_packages(recursive) discover
[0.810s] INFO:colcon.colcon_core.package_discovery:Crawling recursively for packages in '/home/sam/wsg50'
[0.810s] Level 1:colcon.colcon_core.package_identification:_identify(.) by extensions ['ignore', 'ignore_ament_install']
[0.810s] Level 1:colcon.colcon_core.package_identification:_identify(.) by extension 'ignore'
[0.810s] Level 1:colcon.colcon_core.package_identification:_identify(.) by extension 'ignore_ament_install'
[0.811s] Level 1:colcon.colcon_core.package_identification:_identify(.) by extensions ['colcon_pkg']
[0.811s] Level 1:colcon.colcon_core.package_identification:_identify(.) by extension 'colcon_pkg'
[0.811s] Level 1:colcon.colcon_core.package_identification:_identify(.) by extensions ['colcon_meta']
[0.811s] Level 1:colcon.colcon_core.package_identification:_identify(.) by extension 'colcon_meta'
[0.811s] Level 1:colcon.colcon_core.package_identification:_identify(.) by extensions ['ros']
[0.811s] Level 1:colcon.colcon_core.package_identification:_identify(.) by extension 'ros'
[0.841s] Level 1:colcon.colcon_core.package_identification:_identify(.) by extensions ['cmake', 'python']
[0.841s] Level 1:colcon.colcon_core.package_identification:_identify(.) by extension 'cmake'
[0.841s] Level 1:colcon.colcon_core.package_identification:_identify(.) by extension 'python'
[0.841s] Level 1:colcon.colcon_core.package_identification:_identify(.) by extensions ['python_setup_py']
[0.841s] Level 1:colcon.colcon_core.package_identification:_identify(.) by extension 'python_setup_py'
[0.842s] Level 1:colcon.colcon_core.package_identification:_identify(build) by extensions ['ignore', 'ignore_ament_install']
[0.842s] Level 1:colcon.colcon_core.package_identification:_identify(build) by extension 'ignore'
[0.842s] Level 1:colcon.colcon_core.package_identification:_identify(build) ignored
[0.843s] Level 1:colcon.colcon_core.package_identification:_identify(install) by extensions ['ignore', 'ignore_ament_install']
[0.843s] Level 1:colcon.colcon_core.package_identification:_identify(install) by extension 'ignore'
[0.843s] Level 1:colcon.colcon_core.package_identification:_identify(install) ignored
[0.844s] Level 1:colcon.colcon_core.package_identification:_identify(log) by extensions ['ignore', 'ignore_ament_install']
[0.844s] Level 1:colcon.colcon_core.package_identification:_identify(log) by extension 'ignore'
[0.844s] Level 1:colcon.colcon_core.package_identification:_identify(log) ignored
[0.845s] Level 1:colcon.colcon_core.package_identification:_identify(src) by extensions ['ignore', 'ignore_ament_install']
[0.845s] Level 1:colcon.colcon_core.package_identification:_identify(src) by extension 'ignore'
[0.845s] Level 1:colcon.colcon_core.package_identification:_identify(src) by extension 'ignore_ament_install'
[0.845s] Level 1:colcon.colcon_core.package_identification:_identify(src) by extensions ['colcon_pkg']
[0.845s] Level 1:colcon.colcon_core.package_identification:_identify(src) by extension 'colcon_pkg'
[0.845s] Level 1:colcon.colcon_core.package_identification:_identify(src) by extensions ['colcon_meta']
[0.846s] Level 1:colcon.colcon_core.package_identification:_identify(src) by extension 'colcon_meta'
[0.846s] Level 1:colcon.colcon_core.package_identification:_identify(src) by extensions ['ros']
[0.846s] Level 1:colcon.colcon_core.package_identification:_identify(src) by extension 'ros'
[0.846s] Level 1:colcon.colcon_core.package_identification:_identify(src) by extensions ['cmake', 'python']
[0.847s] Level 1:colcon.colcon_core.package_identification:_identify(src) by extension 'cmake'
[0.847s] Level 1:colcon.colcon_core.package_identification:_identify(src) by extension 'python'
[0.847s] Level 1:colcon.colcon_core.package_identification:_identify(src) by extensions ['python_setup_py']
[0.847s] Level 1:colcon.colcon_core.package_identification:_identify(src) by extension 'python_setup_py'
[0.848s] Level 1:colcon.colcon_core.package_identification:_identify(src/doc) by extensions ['ignore', 'ignore_ament_install']
[0.848s] Level 1:colcon.colcon_core.package_identification:_identify(src/doc) by extension 'ignore'
[0.848s] Level 1:colcon.colcon_core.package_identification:_identify(src/doc) by extension 'ignore_ament_install'
[0.848s] Level 1:colcon.colcon_core.package_identification:_identify(src/doc) by extensions ['colcon_pkg']
[0.849s] Level 1:colcon.colcon_core.package_identification:_identify(src/doc) by extension 'colcon_pkg'
[0.849s] Level 1:colcon.colcon_core.package_identification:_identify(src/doc) by extensions ['colcon_meta']
[0.849s] Level 1:colcon.colcon_core.package_identification:_identify(src/doc) by extension 'colcon_meta'
[0.849s] Level 1:colcon.colcon_core.package_identification:_identify(src/doc) by extensions ['ros']
[0.849s] Level 1:colcon.colcon_core.package_identification:_identify(src/doc) by extension 'ros'
[0.850s] Level 1:colcon.colcon_core.package_identification:_identify(src/doc) by extensions ['cmake', 'python']
[0.850s] Level 1:colcon.colcon_core.package_identification:_identify(src/doc) by extension 'cmake'
[0.850s] Level 1:colcon.colcon_core.package_identification:_identify(src/doc) by extension 'python'
[0.850s] Level 1:colcon.colcon_core.package_identification:_identify(src/doc) by extensions ['python_setup_py']
[0.850s] Level 1:colcon.colcon_core.package_identification:_identify(src/doc) by extension 'python_setup_py'
[0.851s] Level 1:colcon.colcon_core.package_identification:_identify(src/wsg_50_common) by extensions ['ignore', 'ignore_ament_install']
[0.851s] Level 1:colcon.colcon_core.package_identification:_identify(src/wsg_50_common) by extension 'ignore'
[0.851s] Level 1:colcon.colcon_core.package_identification:_identify(src/wsg_50_common) by extension 'ignore_ament_install'
[0.851s] Level 1:colcon.colcon_core.package_identification:_identify(src/wsg_50_common) by extensions ['colcon_pkg']
[0.852s] Level 1:colcon.colcon_core.package_identification:_identify(src/wsg_50_common) by extension 'colcon_pkg'
[0.852s] Level 1:colcon.colcon_core.package_identification:_identify(src/wsg_50_common) by extensions ['colcon_meta']
[0.852s] Level 1:colcon.colcon_core.package_identification:_identify(src/wsg_50_common) by extension 'colcon_meta'
[0.852s] Level 1:colcon.colcon_core.package_identification:_identify(src/wsg_50_common) by extensions ['ros']
[0.852s] Level 1:colcon.colcon_core.package_identification:_identify(src/wsg_50_common) by extension 'ros'
[0.860s] DEBUG:colcon.colcon_core.package_identification:Package 'src/wsg_50_common' with type 'ros.ament_cmake' and name 'wsg_50_common'
[0.860s] Level 1:colcon.colcon_core.package_identification:_identify(src/wsg_50_driver) by extensions ['ignore', 'ignore_ament_install']
[0.860s] Level 1:colcon.colcon_core.package_identification:_identify(src/wsg_50_driver) by extension 'ignore'
[0.861s] Level 1:colcon.colcon_core.package_identification:_identify(src/wsg_50_driver) by extension 'ignore_ament_install'
[0.861s] Level 1:colcon.colcon_core.package_identification:_identify(src/wsg_50_driver) by extensions ['colcon_pkg']
[0.861s] Level 1:colcon.colcon_core.package_identification:_identify(src/wsg_50_driver) by extension 'colcon_pkg'
[0.861s] Level 1:colcon.colcon_core.package_identification:_identify(src/wsg_50_driver) by extensions ['colcon_meta']
[0.861s] Level 1:colcon.colcon_core.package_identification:_identify(src/wsg_50_driver) by extension 'colcon_meta'
[0.861s] Level 1:colcon.colcon_core.package_identification:_identify(src/wsg_50_driver) by extensions ['ros']
[0.861s] Level 1:colcon.colcon_core.package_identification:_identify(src/wsg_50_driver) by extension 'ros'
[0.864s] DEBUG:colcon.colcon_core.package_identification:Package 'src/wsg_50_driver' with type 'ros.ament_cmake' and name 'wsg_50_driver'
[0.865s] Level 1:colcon.colcon_core.package_identification:_identify(src/wsg_50_interface) by extensions ['ignore', 'ignore_ament_install']
[0.865s] Level 1:colcon.colcon_core.package_identification:_identify(src/wsg_50_interface) by extension 'ignore'
[0.865s] Level 1:colcon.colcon_core.package_identification:_identify(src/wsg_50_interface) by extension 'ignore_ament_install'
[0.865s] Level 1:colcon.colcon_core.package_identification:_identify(src/wsg_50_interface) by extensions ['colcon_pkg']
[0.866s] Level 1:colcon.colcon_core.package_identification:_identify(src/wsg_50_interface) by extension 'colcon_pkg'
[0.866s] Level 1:colcon.colcon_core.package_identification:_identify(src/wsg_50_interface) by extensions ['colcon_meta']
[0.866s] Level 1:colcon.colcon_core.package_identification:_identify(src/wsg_50_interface) by extension 'colcon_meta'
[0.866s] Level 1:colcon.colcon_core.package_identification:_identify(src/wsg_50_interface) by extensions ['ros']
[0.866s] Level 1:colcon.colcon_core.package_identification:_identify(src/wsg_50_interface) by extension 'ros'
[0.868s] DEBUG:colcon.colcon_core.package_identification:Package 'src/wsg_50_interface' with type 'ros.ament_cmake' and name 'wsg_50_interface'
[0.868s] Level 1:colcon.colcon_core.package_identification:_identify(src/wsg_50_simulation) by extensions ['ignore', 'ignore_ament_install']
[0.869s] Level 1:colcon.colcon_core.package_identification:_identify(src/wsg_50_simulation) by extension 'ignore'
[0.869s] Level 1:colcon.colcon_core.package_identification:_identify(src/wsg_50_simulation) by extension 'ignore_ament_install'
[0.869s] Level 1:colcon.colcon_core.package_identification:_identify(src/wsg_50_simulation) by extensions ['colcon_pkg']
[0.869s] Level 1:colcon.colcon_core.package_identification:_identify(src/wsg_50_simulation) by extension 'colcon_pkg'
[0.869s] Level 1:colcon.colcon_core.package_identification:_identify(src/wsg_50_simulation) by extensions ['colcon_meta']
[0.869s] Level 1:colcon.colcon_core.package_identification:_identify(src/wsg_50_simulation) by extension 'colcon_meta'
[0.870s] Level 1:colcon.colcon_core.package_identification:_identify(src/wsg_50_simulation) by extensions ['ros']
[0.870s] Level 1:colcon.colcon_core.package_identification:_identify(src/wsg_50_simulation) by extension 'ros'
[0.871s] DEBUG:colcon.colcon_core.package_identification:Package 'src/wsg_50_simulation' with type 'ros.ament_cmake' and name 'wsg_50_simulation'
[0.871s] Level 1:colcon.colcon_core.package_discovery:discover_packages(recursive) using defaults
[0.871s] Level 1:colcon.colcon_core.package_discovery:discover_packages(ignore) discover
[0.871s] Level 1:colcon.colcon_core.package_discovery:discover_packages(ignore) using defaults
[0.871s] Level 1:colcon.colcon_core.package_discovery:discover_packages(path) discover
[0.871s] Level 1:colcon.colcon_core.package_discovery:discover_packages(path) using defaults
[0.931s] Level 1:colcon.colcon_core.package_discovery:discover_packages(prefix_path) check parameters
[0.931s] Level 1:colcon.colcon_core.package_discovery:discover_packages(prefix_path) discover
[0.946s] DEBUG:colcon.colcon_installed_package_information.package_discovery:Found 4 installed packages in /home/sam/wsg50/install
[0.949s] DEBUG:colcon.colcon_installed_package_information.package_discovery:Found 49 installed packages in /home/sam/moveit2/install
[0.951s] DEBUG:colcon.colcon_installed_package_information.package_discovery:Found 14 installed packages in /home/sam/ros2_ws/install
[0.955s] DEBUG:colcon.colcon_installed_package_information.package_discovery:Found 357 installed packages in /opt/ros/humble
[0.959s] Level 1:colcon.colcon_core.package_discovery:discover_packages(prefix_path) using defaults
[1.072s] Level 5:colcon.colcon_core.verb:set package 'wsg_50_common' build argument 'cmake_args' from command line to 'None'
[1.072s] Level 5:colcon.colcon_core.verb:set package 'wsg_50_common' build argument 'cmake_target' from command line to 'None'
[1.072s] Level 5:colcon.colcon_core.verb:set package 'wsg_50_common' build argument 'cmake_target_skip_unavailable' from command line to 'False'
[1.072s] Level 5:colcon.colcon_core.verb:set package 'wsg_50_common' build argument 'cmake_clean_cache' from command line to 'False'
[1.072s] Level 5:colcon.colcon_core.verb:set package 'wsg_50_common' build argument 'cmake_clean_first' from command line to 'False'
[1.073s] Level 5:colcon.colcon_core.verb:set package 'wsg_50_common' build argument 'cmake_force_configure' from command line to 'False'
[1.073s] Level 5:colcon.colcon_core.verb:set package 'wsg_50_common' build argument 'ament_cmake_args' from command line to 'None'
[1.073s] Level 5:colcon.colcon_core.verb:set package 'wsg_50_common' build argument 'catkin_cmake_args' from command line to 'None'
[1.073s] Level 5:colcon.colcon_core.verb:set package 'wsg_50_common' build argument 'catkin_skip_building_tests' from command line to 'False'
[1.073s] DEBUG:colcon.colcon_core.verb:Building package 'wsg_50_common' with the following arguments: {'ament_cmake_args': None, 'build_base': '/home/sam/wsg50/build/wsg_50_common', 'catkin_cmake_args': None, 'catkin_skip_building_tests': False, 'cmake_args': None, 'cmake_clean_cache': False, 'cmake_clean_first': False, 'cmake_force_configure': False, 'cmake_target': None, 'cmake_target_skip_unavailable': False, 'install_base': '/home/sam/wsg50/install/wsg_50_common', 'merge_install': False, 'path': '/home/sam/wsg50/src/wsg_50_common', 'symlink_install': False, 'test_result_base': None}
[1.073s] Level 5:colcon.colcon_core.verb:set package 'wsg_50_simulation' build argument 'cmake_args' from command line to 'None'
[1.073s] Level 5:colcon.colcon_core.verb:set package 'wsg_50_simulation' build argument 'cmake_target' from command line to 'None'
[1.073s] Level 5:colcon.colcon_core.verb:set package 'wsg_50_simulation' build argument 'cmake_target_skip_unavailable' from command line to 'False'
[1.073s] Level 5:colcon.colcon_core.verb:set package 'wsg_50_simulation' build argument 'cmake_clean_cache' from command line to 'False'
[1.074s] Level 5:colcon.colcon_core.verb:set package 'wsg_50_simulation' build argument 'cmake_clean_first' from command line to 'False'
[1.074s] Level 5:colcon.colcon_core.verb:set package 'wsg_50_simulation' build argument 'cmake_force_configure' from command line to 'False'
[1.074s] Level 5:colcon.colcon_core.verb:set package 'wsg_50_simulation' build argument 'ament_cmake_args' from command line to 'None'
[1.074s] Level 5:colcon.colcon_core.verb:set package 'wsg_50_simulation' build argument 'catkin_cmake_args' from command line to 'None'
[1.074s] Level 5:colcon.colcon_core.verb:set package 'wsg_50_simulation' build argument 'catkin_skip_building_tests' from command line to 'False'
[1.074s] DEBUG:colcon.colcon_core.verb:Building package 'wsg_50_simulation' with the following arguments: {'ament_cmake_args': None, 'build_base': '/home/sam/wsg50/build/wsg_50_simulation', 'catkin_cmake_args': None, 'catkin_skip_building_tests': False, 'cmake_args': None, 'cmake_clean_cache': False, 'cmake_clean_first': False, 'cmake_force_configure': False, 'cmake_target': None, 'cmake_target_skip_unavailable': False, 'install_base': '/home/sam/wsg50/install/wsg_50_simulation', 'merge_install': False, 'path': '/home/sam/wsg50/src/wsg_50_simulation', 'symlink_install': False, 'test_result_base': None}
[1.075s] Level 5:colcon.colcon_core.verb:set package 'wsg_50_driver' build argument 'cmake_args' from command line to 'None'
[1.075s] Level 5:colcon.colcon_core.verb:set package 'wsg_50_driver' build argument 'cmake_target' from command line to 'None'
[1.075s] Level 5:colcon.colcon_core.verb:set package 'wsg_50_driver' build argument 'cmake_target_skip_unavailable' from command line to 'False'
[1.075s] Level 5:colcon.colcon_core.verb:set package 'wsg_50_driver' build argument 'cmake_clean_cache' from command line to 'False'
[1.075s] Level 5:colcon.colcon_core.verb:set package 'wsg_50_driver' build argument 'cmake_clean_first' from command line to 'False'
[1.075s] Level 5:colcon.colcon_core.verb:set package 'wsg_50_driver' build argument 'cmake_force_configure' from command line to 'False'
[1.075s] Level 5:colcon.colcon_core.verb:set package 'wsg_50_driver' build argument 'ament_cmake_args' from command line to 'None'
[1.075s] Level 5:colcon.colcon_core.verb:set package 'wsg_50_driver' build argument 'catkin_cmake_args' from command line to 'None'
[1.075s] Level 5:colcon.colcon_core.verb:set package 'wsg_50_driver' build argument 'catkin_skip_building_tests' from command line to 'False'
[1.075s] DEBUG:colcon.colcon_core.verb:Building package 'wsg_50_driver' with the following arguments: {'ament_cmake_args': None, 'build_base': '/home/sam/wsg50/build/wsg_50_driver', 'catkin_cmake_args': None, 'catkin_skip_building_tests': False, 'cmake_args': None, 'cmake_clean_cache': False, 'cmake_clean_first': False, 'cmake_force_configure': False, 'cmake_target': None, 'cmake_target_skip_unavailable': False, 'install_base': '/home/sam/wsg50/install/wsg_50_driver', 'merge_install': False, 'path': '/home/sam/wsg50/src/wsg_50_driver', 'symlink_install': False, 'test_result_base': None}
[1.076s] Level 5:colcon.colcon_core.verb:set package 'wsg_50_interface' build argument 'cmake_args' from command line to 'None'
[1.077s] Level 5:colcon.colcon_core.verb:set package 'wsg_50_interface' build argument 'cmake_target' from command line to 'None'
[1.077s] Level 5:colcon.colcon_core.verb:set package 'wsg_50_interface' build argument 'cmake_target_skip_unavailable' from command line to 'False'
[1.077s] Level 5:colcon.colcon_core.verb:set package 'wsg_50_interface' build argument 'cmake_clean_cache' from command line to 'False'
[1.077s] Level 5:colcon.colcon_core.verb:set package 'wsg_50_interface' build argument 'cmake_clean_first' from command line to 'False'
[1.077s] Level 5:colcon.colcon_core.verb:set package 'wsg_50_interface' build argument 'cmake_force_configure' from command line to 'False'
[1.077s] Level 5:colcon.colcon_core.verb:set package 'wsg_50_interface' build argument 'ament_cmake_args' from command line to 'None'
[1.077s] Level 5:colcon.colcon_core.verb:set package 'wsg_50_interface' build argument 'catkin_cmake_args' from command line to 'None'
[1.077s] Level 5:colcon.colcon_core.verb:set package 'wsg_50_interface' build argument 'catkin_skip_building_tests' from command line to 'False'
[1.077s] DEBUG:colcon.colcon_core.verb:Building package 'wsg_50_interface' with the following arguments: {'ament_cmake_args': None, 'build_base': '/home/sam/wsg50/build/wsg_50_interface', 'catkin_cmake_args': None, 'catkin_skip_building_tests': False, 'cmake_args': None, 'cmake_clean_cache': False, 'cmake_clean_first': False, 'cmake_force_configure': False, 'cmake_target': None, 'cmake_target_skip_unavailable': False, 'install_base': '/home/sam/wsg50/install/wsg_50_interface', 'merge_install': False, 'path': '/home/sam/wsg50/src/wsg_50_interface', 'symlink_install': False, 'test_result_base': None}
[1.078s] INFO:colcon.colcon_core.executor:Executing jobs using 'parallel' executor
[1.081s] DEBUG:colcon.colcon_parallel_executor.executor.parallel:run_until_complete
[1.082s] INFO:colcon.colcon_ros.task.ament_cmake.build:Building ROS package in '/home/sam/wsg50/src/wsg_50_common' with build type 'ament_cmake'
[1.083s] INFO:colcon.colcon_cmake.task.cmake.build:Building CMake package in '/home/sam/wsg50/src/wsg_50_common'
[1.089s] INFO:colcon.colcon_core.plugin_system:Skipping extension 'colcon_core.shell.bat': Not used on non-Windows systems
[1.090s] INFO:colcon.colcon_core.shell:Skip shell extension 'powershell' for command environment: Not usable outside of PowerShell
[1.090s] DEBUG:colcon.colcon_core.shell:Skip shell extension 'dsv' for command environment
[1.116s] INFO:colcon.colcon_ros.task.ament_cmake.build:Building ROS package in '/home/sam/wsg50/src/wsg_50_simulation' with build type 'ament_cmake'
[1.117s] INFO:colcon.colcon_cmake.task.cmake.build:Building CMake package in '/home/sam/wsg50/src/wsg_50_simulation'
[1.118s] INFO:colcon.colcon_core.shell:Skip shell extension 'powershell' for command environment: Not usable outside of PowerShell
[1.118s] DEBUG:colcon.colcon_core.shell:Skip shell extension 'dsv' for command environment
[1.158s] DEBUG:colcon.colcon_core.event_handler.log_command:Invoking command in '/home/sam/wsg50/build/wsg_50_common': CMAKE_PREFIX_PATH=${CMAKE_PREFIX_PATH}:/home/sam/moveit2/install/moveit_configs_utils:/opt/ros/humble /usr/bin/cmake --build /home/sam/wsg50/build/wsg_50_common -- -j8 -l8
[1.169s] DEBUG:colcon.colcon_core.event_handler.log_command:Invoking command in '/home/sam/wsg50/build/wsg_50_simulation': CMAKE_PREFIX_PATH=${CMAKE_PREFIX_PATH}:/home/sam/moveit2/install/moveit_configs_utils:/opt/ros/humble /usr/bin/cmake --build /home/sam/wsg50/build/wsg_50_simulation -- -j8 -l8
[1.349s] DEBUG:colcon.colcon_core.event_handler.log_command:Invoked command in '/home/sam/wsg50/build/wsg_50_simulation' returned '0': CMAKE_PREFIX_PATH=${CMAKE_PREFIX_PATH}:/home/sam/moveit2/install/moveit_configs_utils:/opt/ros/humble /usr/bin/cmake --build /home/sam/wsg50/build/wsg_50_simulation -- -j8 -l8
[1.397s] DEBUG:colcon.colcon_core.event_handler.log_command:Invoking command in '/home/sam/wsg50/build/wsg_50_simulation': CMAKE_PREFIX_PATH=${CMAKE_PREFIX_PATH}:/home/sam/moveit2/install/moveit_configs_utils:/opt/ros/humble /usr/bin/cmake --install /home/sam/wsg50/build/wsg_50_simulation
[1.448s] Level 1:colcon.colcon_core.environment:create_environment_scripts_only(wsg_50_simulation)
[1.454s] DEBUG:colcon.colcon_core.event_handler.log_command:Invoked command in '/home/sam/wsg50/build/wsg_50_simulation' returned '0': CMAKE_PREFIX_PATH=${CMAKE_PREFIX_PATH}:/home/sam/moveit2/install/moveit_configs_utils:/opt/ros/humble /usr/bin/cmake --install /home/sam/wsg50/build/wsg_50_simulation
[1.458s] Level 1:colcon.colcon_core.environment:checking '/home/sam/wsg50/install/wsg_50_simulation' for CMake module files
[1.461s] Level 1:colcon.colcon_core.environment:checking '/home/sam/wsg50/install/wsg_50_simulation' for CMake config files
[1.462s] Level 1:colcon.colcon_core.shell:create_environment_hook('wsg_50_simulation', 'cmake_prefix_path')
[1.463s] INFO:colcon.colcon_core.shell:Creating environment hook '/home/sam/wsg50/install/wsg_50_simulation/share/wsg_50_simulation/hook/cmake_prefix_path.ps1'
[1.465s] INFO:colcon.colcon_core.shell:Creating environment descriptor '/home/sam/wsg50/install/wsg_50_simulation/share/wsg_50_simulation/hook/cmake_prefix_path.dsv'
[1.466s] INFO:colcon.colcon_core.shell:Creating environment hook '/home/sam/wsg50/install/wsg_50_simulation/share/wsg_50_simulation/hook/cmake_prefix_path.sh'
[1.469s] Level 1:colcon.colcon_core.environment:checking '/home/sam/wsg50/install/wsg_50_simulation/bin'
[1.469s] Level 1:colcon.colcon_core.environment:checking '/home/sam/wsg50/install/wsg_50_simulation/lib/pkgconfig/wsg_50_simulation.pc'
[1.470s] Level 1:colcon.colcon_core.environment:checking '/home/sam/wsg50/install/wsg_50_simulation/lib/python3.10/site-packages'
[1.471s] Level 1:colcon.colcon_core.environment:checking '/home/sam/wsg50/install/wsg_50_simulation/bin'
[1.472s] INFO:colcon.colcon_core.shell:Creating package script '/home/sam/wsg50/install/wsg_50_simulation/share/wsg_50_simulation/package.ps1'
[1.474s] INFO:colcon.colcon_core.shell:Creating package descriptor '/home/sam/wsg50/install/wsg_50_simulation/share/wsg_50_simulation/package.dsv'
[1.478s] INFO:colcon.colcon_core.shell:Creating package script '/home/sam/wsg50/install/wsg_50_simulation/share/wsg_50_simulation/package.sh'
[1.481s] INFO:colcon.colcon_core.shell:Creating package script '/home/sam/wsg50/install/wsg_50_simulation/share/wsg_50_simulation/package.bash'
[1.484s] INFO:colcon.colcon_core.shell:Creating package script '/home/sam/wsg50/install/wsg_50_simulation/share/wsg_50_simulation/package.zsh'
[1.489s] Level 1:colcon.colcon_core.environment:create_file_with_runtime_dependencies(/home/sam/wsg50/install/wsg_50_simulation/share/colcon-core/packages/wsg_50_simulation)
[1.490s] Level 1:colcon.colcon_core.environment:create_environment_scripts_only(wsg_50_simulation)
[1.491s] Level 1:colcon.colcon_core.environment:checking '/home/sam/wsg50/install/wsg_50_simulation' for CMake module files
[1.494s] Level 1:colcon.colcon_core.environment:checking '/home/sam/wsg50/install/wsg_50_simulation' for CMake config files
[1.496s] Level 1:colcon.colcon_core.shell:create_environment_hook('wsg_50_simulation', 'cmake_prefix_path')
[1.496s] INFO:colcon.colcon_core.shell:Creating environment hook '/home/sam/wsg50/install/wsg_50_simulation/share/wsg_50_simulation/hook/cmake_prefix_path.ps1'
[1.498s] INFO:colcon.colcon_core.shell:Creating environment descriptor '/home/sam/wsg50/install/wsg_50_simulation/share/wsg_50_simulation/hook/cmake_prefix_path.dsv'
[1.499s] INFO:colcon.colcon_core.shell:Creating environment hook '/home/sam/wsg50/install/wsg_50_simulation/share/wsg_50_simulation/hook/cmake_prefix_path.sh'
[1.501s] Level 1:colcon.colcon_core.environment:checking '/home/sam/wsg50/install/wsg_50_simulation/bin'
[1.501s] Level 1:colcon.colcon_core.environment:checking '/home/sam/wsg50/install/wsg_50_simulation/lib/pkgconfig/wsg_50_simulation.pc'
[1.502s] Level 1:colcon.colcon_core.environment:checking '/home/sam/wsg50/install/wsg_50_simulation/lib/python3.10/site-packages'
[1.502s] Level 1:colcon.colcon_core.environment:checking '/home/sam/wsg50/install/wsg_50_simulation/bin'
[1.503s] INFO:colcon.colcon_core.shell:Creating package script '/home/sam/wsg50/install/wsg_50_simulation/share/wsg_50_simulation/package.ps1'
[1.505s] INFO:colcon.colcon_core.shell:Creating package descriptor '/home/sam/wsg50/install/wsg_50_simulation/share/wsg_50_simulation/package.dsv'
[1.506s] INFO:colcon.colcon_core.shell:Creating package script '/home/sam/wsg50/install/wsg_50_simulation/share/wsg_50_simulation/package.sh'
[1.507s] INFO:colcon.colcon_core.shell:Creating package script '/home/sam/wsg50/install/wsg_50_simulation/share/wsg_50_simulation/package.bash'
[1.509s] INFO:colcon.colcon_core.shell:Creating package script '/home/sam/wsg50/install/wsg_50_simulation/share/wsg_50_simulation/package.zsh'
[1.513s] Level 1:colcon.colcon_core.environment:create_file_with_runtime_dependencies(/home/sam/wsg50/install/wsg_50_simulation/share/colcon-core/packages/wsg_50_simulation)
[2.335s] DEBUG:colcon.colcon_core.event_handler.log_command:Invoked command in '/home/sam/wsg50/build/wsg_50_common' returned '0': CMAKE_PREFIX_PATH=${CMAKE_PREFIX_PATH}:/home/sam/moveit2/install/moveit_configs_utils:/opt/ros/humble /usr/bin/cmake --build /home/sam/wsg50/build/wsg_50_common -- -j8 -l8
[2.338s] DEBUG:colcon.colcon_core.event_handler.log_command:Invoking command in '/home/sam/wsg50/build/wsg_50_common': CMAKE_PREFIX_PATH=${CMAKE_PREFIX_PATH}:/home/sam/moveit2/install/moveit_configs_utils:/opt/ros/humble /usr/bin/cmake --install /home/sam/wsg50/build/wsg_50_common
[2.514s] Level 1:colcon.colcon_core.environment:create_environment_scripts_only(wsg_50_common)
[2.515s] DEBUG:colcon.colcon_core.event_handler.log_command:Invoked command in '/home/sam/wsg50/build/wsg_50_common' returned '0': CMAKE_PREFIX_PATH=${CMAKE_PREFIX_PATH}:/home/sam/moveit2/install/moveit_configs_utils:/opt/ros/humble /usr/bin/cmake --install /home/sam/wsg50/build/wsg_50_common
[2.515s] Level 1:colcon.colcon_core.environment:checking '/home/sam/wsg50/install/wsg_50_common' for CMake module files
[2.517s] Level 1:colcon.colcon_core.environment:checking '/home/sam/wsg50/install/wsg_50_common' for CMake config files
[2.520s] Level 1:colcon.colcon_core.shell:create_environment_hook('wsg_50_common', 'cmake_prefix_path')
[2.521s] INFO:colcon.colcon_core.shell:Creating environment hook '/home/sam/wsg50/install/wsg_50_common/share/wsg_50_common/hook/cmake_prefix_path.ps1'
[2.522s] INFO:colcon.colcon_core.shell:Creating environment descriptor '/home/sam/wsg50/install/wsg_50_common/share/wsg_50_common/hook/cmake_prefix_path.dsv'
[2.522s] INFO:colcon.colcon_core.shell:Creating environment hook '/home/sam/wsg50/install/wsg_50_common/share/wsg_50_common/hook/cmake_prefix_path.sh'
[2.524s] Level 1:colcon.colcon_core.environment:checking '/home/sam/wsg50/install/wsg_50_common/lib'
[2.524s] Level 1:colcon.colcon_core.shell:create_environment_hook('wsg_50_common', 'ld_library_path_lib')
[2.525s] INFO:colcon.colcon_core.shell:Creating environment hook '/home/sam/wsg50/install/wsg_50_common/share/wsg_50_common/hook/ld_library_path_lib.ps1'
[2.526s] INFO:colcon.colcon_core.shell:Creating environment descriptor '/home/sam/wsg50/install/wsg_50_common/share/wsg_50_common/hook/ld_library_path_lib.dsv'
[2.527s] INFO:colcon.colcon_core.shell:Creating environment hook '/home/sam/wsg50/install/wsg_50_common/share/wsg_50_common/hook/ld_library_path_lib.sh'
[2.529s] Level 1:colcon.colcon_core.environment:checking '/home/sam/wsg50/install/wsg_50_common/bin'
[2.529s] Level 1:colcon.colcon_core.environment:checking '/home/sam/wsg50/install/wsg_50_common/lib/pkgconfig/wsg_50_common.pc'
[2.529s] Level 1:colcon.colcon_core.environment:checking '/home/sam/wsg50/install/wsg_50_common/lib/python3.10/site-packages'
[2.530s] Level 1:colcon.colcon_core.environment:checking '/home/sam/wsg50/install/wsg_50_common/bin'
[2.530s] INFO:colcon.colcon_core.shell:Creating package script '/home/sam/wsg50/install/wsg_50_common/share/wsg_50_common/package.ps1'
[2.531s] INFO:colcon.colcon_core.shell:Creating package descriptor '/home/sam/wsg50/install/wsg_50_common/share/wsg_50_common/package.dsv'
[2.532s] INFO:colcon.colcon_core.shell:Creating package script '/home/sam/wsg50/install/wsg_50_common/share/wsg_50_common/package.sh'
[2.533s] INFO:colcon.colcon_core.shell:Creating package script '/home/sam/wsg50/install/wsg_50_common/share/wsg_50_common/package.bash'
[2.533s] INFO:colcon.colcon_core.shell:Creating package script '/home/sam/wsg50/install/wsg_50_common/share/wsg_50_common/package.zsh'
[2.534s] Level 1:colcon.colcon_core.environment:create_file_with_runtime_dependencies(/home/sam/wsg50/install/wsg_50_common/share/colcon-core/packages/wsg_50_common)
[2.535s] Level 1:colcon.colcon_core.environment:create_environment_scripts_only(wsg_50_common)
[2.535s] Level 1:colcon.colcon_core.environment:checking '/home/sam/wsg50/install/wsg_50_common' for CMake module files
[2.536s] Level 1:colcon.colcon_core.environment:checking '/home/sam/wsg50/install/wsg_50_common' for CMake config files
[2.538s] Level 1:colcon.colcon_core.shell:create_environment_hook('wsg_50_common', 'cmake_prefix_path')
[2.538s] INFO:colcon.colcon_core.shell:Creating environment hook '/home/sam/wsg50/install/wsg_50_common/share/wsg_50_common/hook/cmake_prefix_path.ps1'
[2.539s] INFO:colcon.colcon_core.shell:Creating environment descriptor '/home/sam/wsg50/install/wsg_50_common/share/wsg_50_common/hook/cmake_prefix_path.dsv'
[2.540s] INFO:colcon.colcon_core.shell:Creating environment hook '/home/sam/wsg50/install/wsg_50_common/share/wsg_50_common/hook/cmake_prefix_path.sh'
[2.541s] Level 1:colcon.colcon_core.environment:checking '/home/sam/wsg50/install/wsg_50_common/lib'
[2.541s] Level 1:colcon.colcon_core.shell:create_environment_hook('wsg_50_common', 'ld_library_path_lib')
[2.542s] INFO:colcon.colcon_core.shell:Creating environment hook '/home/sam/wsg50/install/wsg_50_common/share/wsg_50_common/hook/ld_library_path_lib.ps1'
[2.542s] INFO:colcon.colcon_core.shell:Creating environment descriptor '/home/sam/wsg50/install/wsg_50_common/share/wsg_50_common/hook/ld_library_path_lib.dsv'
[2.543s] INFO:colcon.colcon_core.shell:Creating environment hook '/home/sam/wsg50/install/wsg_50_common/share/wsg_50_common/hook/ld_library_path_lib.sh'
[2.545s] Level 1:colcon.colcon_core.environment:checking '/home/sam/wsg50/install/wsg_50_common/bin'
[2.545s] Level 1:colcon.colcon_core.environment:checking '/home/sam/wsg50/install/wsg_50_common/lib/pkgconfig/wsg_50_common.pc'
[2.545s] Level 1:colcon.colcon_core.environment:checking '/home/sam/wsg50/install/wsg_50_common/lib/python3.10/site-packages'
[2.546s] Level 1:colcon.colcon_core.environment:checking '/home/sam/wsg50/install/wsg_50_common/bin'
[2.546s] INFO:colcon.colcon_core.shell:Creating package script '/home/sam/wsg50/install/wsg_50_common/share/wsg_50_common/package.ps1'
[2.547s] INFO:colcon.colcon_core.shell:Creating package descriptor '/home/sam/wsg50/install/wsg_50_common/share/wsg_50_common/package.dsv'
[2.548s] INFO:colcon.colcon_core.shell:Creating package script '/home/sam/wsg50/install/wsg_50_common/share/wsg_50_common/package.sh'
[2.549s] INFO:colcon.colcon_core.shell:Creating package script '/home/sam/wsg50/install/wsg_50_common/share/wsg_50_common/package.bash'
[2.551s] INFO:colcon.colcon_core.shell:Creating package script '/home/sam/wsg50/install/wsg_50_common/share/wsg_50_common/package.zsh'
[2.552s] Level 1:colcon.colcon_core.environment:create_file_with_runtime_dependencies(/home/sam/wsg50/install/wsg_50_common/share/colcon-core/packages/wsg_50_common)
[2.553s] INFO:colcon.colcon_ros.task.ament_cmake.build:Building ROS package in '/home/sam/wsg50/src/wsg_50_driver' with build type 'ament_cmake'
[2.553s] INFO:colcon.colcon_cmake.task.cmake.build:Building CMake package in '/home/sam/wsg50/src/wsg_50_driver'
[2.554s] INFO:colcon.colcon_core.shell:Skip shell extension 'powershell' for command environment: Not usable outside of PowerShell
[2.554s] DEBUG:colcon.colcon_core.shell:Skip shell extension 'dsv' for command environment
[2.870s] DEBUG:colcon.colcon_core.event_handler.log_command:Invoking command in '/home/sam/wsg50/build/wsg_50_driver': CMAKE_PREFIX_PATH=/home/sam/wsg50/install/wsg_50_common:/home/sam/wsg50/install/wsg_50_simulation:/home/sam/wsg50/install/wsg_50_interface:/home/sam/wsg50/install/wsg_50_driver:/home/sam/moveit2/install/pilz_industrial_motion_planner_testutils:/home/sam/moveit2/install/moveit_runtime:/home/sam/moveit2/install/moveit:/home/sam/moveit2/install/moveit_planners:/home/sam/moveit2/install/pilz_industrial_motion_planner:/home/sam/moveit2/install/moveit_ros_control_interface:/home/sam/moveit2/install/moveit_plugins:/home/sam/moveit2/install/moveit_simple_controller_manager:/home/sam/moveit2/install/moveit_setup_assistant:/home/sam/moveit2/install/moveit_setup_srdf_plugins:/home/sam/moveit2/install/moveit_setup_core_plugins:/home/sam/moveit2/install/moveit_setup_controllers:/home/sam/moveit2/install/moveit_setup_app_plugins:/home/sam/moveit2/install/moveit_setup_framework:/home/sam/moveit2/install/moveit_servo:/home/sam/moveit2/install/moveit_ros:/home/sam/moveit2/install/moveit_ros_visualization:/home/sam/moveit2/install/moveit_py:/home/sam/moveit2/install/moveit_hybrid_planning:/home/sam/moveit2/install/moveit_ros_planning_interface:/home/sam/moveit2/install/moveit_ros_benchmarks:/home/sam/moveit2/install/moveit_ros_warehouse:/home/sam/moveit2/install/moveit_ros_robot_interaction:/home/sam/moveit2/install/moveit_ros_perception:/home/sam/moveit2/install/moveit_resources_prbt_pg70_support:/home/sam/moveit2/install/moveit_resources_prbt_moveit_config:/home/sam/moveit2/install/moveit_ros_move_group:/home/sam/moveit2/install/moveit_planners_ompl:/home/sam/moveit2/install/moveit_kinematics:/home/sam/moveit2/install/moveit_ros_planning:/home/sam/moveit2/install/moveit_ros_occupancy_map_monitor:/home/sam/moveit2/install/moveit_resources_prbt_support:/home/sam/moveit2/install/moveit_resources_prbt_ikfast_manipulator_plugin:/home/sam/moveit2/install/moveit_resources:/home/sam/moveit2/install/moveit_resources_pr2_description:/home/sam/moveit2/install/moveit_resources_panda_moveit_config:/home/sam/moveit2/install/dual_arm_panda_moveit_config:/home/sam/moveit2/install/moveit_resources_panda_description:/home/sam/moveit2/install/moveit_resources_fanuc_moveit_config:/home/sam/moveit2/install/moveit_resources_fanuc_description:/home/sam/moveit2/install/moveit_planners_stomp:/home/sam/moveit2/install/moveit_planners_chomp:/home/sam/moveit2/install/chomp_motion_planner:/home/sam/moveit2/install/moveit_core:/home/sam/moveit2/install/moveit_msgs:/home/sam/moveit2/install/moveit_common:/home/sam/moveit2/install/geometric_shapes:/home/sam/ros2_ws/install/ros2_grasshopper:/home/sam/ros2_ws/install/ros2_file_server:/home/sam/ros2_ws/install/my_orbbec:/home/sam/ros2_ws/install/fanuc_srvs:/home/sam/ros2_ws/install/fanuc_srvs_msgs:/home/sam/ros2_ws/install/fanuc_control:/home/sam/ros2_ws/install/fanuc_rmi:/home/sam/ros2_ws/install/fanuc_eth_ip:/home/sam/ros2_ws/install/crx5ia_moveit_config:/home/sam/ros2_ws/install/crx25ia_l_moveit_config:/home/sam/ros2_ws/install/crx20ia_l_moveit_config:/home/sam/ros2_ws/install/crx10ia_moveit_config:/home/sam/ros2_ws/install/crx10ia_l_moveit_config:/home/sam/ros2_ws/install/crx_description:/home/sam/moveit2/install/moveit_configs_utils:/opt/ros/humble LD_LIBRARY_PATH=/home/sam/wsg50/install/wsg_50_common/lib:/home/sam/wsg50/install/wsg_50_interface/lib:/home/sam/wsg50/install/wsg_50_driver/lib:/home/sam/moveit2/install/pilz_industrial_motion_planner_testutils/lib:/home/sam/moveit2/install/pilz_industrial_motion_planner/lib:/home/sam/moveit2/install/moveit_ros_control_interface/lib:/home/sam/moveit2/install/moveit_simple_controller_manager/lib:/home/sam/moveit2/install/moveit_setup_assistant/lib:/home/sam/moveit2/install/moveit_setup_srdf_plugins/lib:/home/sam/moveit2/install/moveit_setup_core_plugins/lib:/home/sam/moveit2/install/moveit_setup_controllers/lib:/home/sam/moveit2/install/moveit_setup_app_plugins/lib:/home/sam/moveit2/install/moveit_setup_framework/lib:/home/sam/moveit2/install/moveit_servo/lib:/home/sam/moveit2/install/moveit_ros_visualization/lib:/home/sam/moveit2/install/moveit_py/lib:/home/sam/moveit2/install/moveit_hybrid_planning/lib:/home/sam/moveit2/install/moveit_ros_planning_interface/lib:/home/sam/moveit2/install/moveit_ros_benchmarks/lib:/home/sam/moveit2/install/moveit_ros_warehouse/lib:/home/sam/moveit2/install/moveit_ros_robot_interaction/lib:/home/sam/moveit2/install/moveit_ros_perception/lib:/home/sam/moveit2/install/moveit_ros_move_group/lib:/home/sam/moveit2/install/moveit_planners_ompl/lib:/home/sam/moveit2/install/moveit_kinematics/lib:/home/sam/moveit2/install/moveit_ros_planning/lib:/home/sam/moveit2/install/moveit_ros_occupancy_map_monitor/lib:/home/sam/moveit2/install/moveit_resources_prbt_ikfast_manipulator_plugin/lib:/home/sam/moveit2/install/moveit_planners_stomp/lib:/home/sam/moveit2/install/moveit_planners_chomp/lib:/home/sam/moveit2/install/chomp_motion_planner/lib:/home/sam/moveit2/install/moveit_core/lib:/home/sam/moveit2/install/moveit_msgs/lib:/home/sam/moveit2/install/geometric_shapes/lib:/home/sam/ros2_ws/install/ros2_grasshopper/lib:/home/sam/ros2_ws/install/ros2_file_server/lib:/home/sam/ros2_ws/install/fanuc_srvs_msgs/lib:/home/sam/ros2_ws/install/fanuc_control/lib:/home/sam/ros2_ws/install/fanuc_rmi/lib:/home/sam/ros2_ws/install/fanuc_eth_ip/lib:/usr/lib/x86_64-linux-gnu/gazebo-11/plugins:/opt/ros/humble/opt/rviz_ogre_vendor/lib:/opt/ros/humble/lib/x86_64-linux-gnu:/opt/ros/humble/lib /usr/bin/cmake --build /home/sam/wsg50/build/wsg_50_driver -- -j8 -l8
[18.760s] DEBUG:colcon.colcon_core.event_handler.log_command:Invoked command in '/home/sam/wsg50/build/wsg_50_driver' returned '0': CMAKE_PREFIX_PATH=/home/sam/wsg50/install/wsg_50_common:/home/sam/wsg50/install/wsg_50_simulation:/home/sam/wsg50/install/wsg_50_interface:/home/sam/wsg50/install/wsg_50_driver:/home/sam/moveit2/install/pilz_industrial_motion_planner_testutils:/home/sam/moveit2/install/moveit_runtime:/home/sam/moveit2/install/moveit:/home/sam/moveit2/install/moveit_planners:/home/sam/moveit2/install/pilz_industrial_motion_planner:/home/sam/moveit2/install/moveit_ros_control_interface:/home/sam/moveit2/install/moveit_plugins:/home/sam/moveit2/install/moveit_simple_controller_manager:/home/sam/moveit2/install/moveit_setup_assistant:/home/sam/moveit2/install/moveit_setup_srdf_plugins:/home/sam/moveit2/install/moveit_setup_core_plugins:/home/sam/moveit2/install/moveit_setup_controllers:/home/sam/moveit2/install/moveit_setup_app_plugins:/home/sam/moveit2/install/moveit_setup_framework:/home/sam/moveit2/install/moveit_servo:/home/sam/moveit2/install/moveit_ros:/home/sam/moveit2/install/moveit_ros_visualization:/home/sam/moveit2/install/moveit_py:/home/sam/moveit2/install/moveit_hybrid_planning:/home/sam/moveit2/install/moveit_ros_planning_interface:/home/sam/moveit2/install/moveit_ros_benchmarks:/home/sam/moveit2/install/moveit_ros_warehouse:/home/sam/moveit2/install/moveit_ros_robot_interaction:/home/sam/moveit2/install/moveit_ros_perception:/home/sam/moveit2/install/moveit_resources_prbt_pg70_support:/home/sam/moveit2/install/moveit_resources_prbt_moveit_config:/home/sam/moveit2/install/moveit_ros_move_group:/home/sam/moveit2/install/moveit_planners_ompl:/home/sam/moveit2/install/moveit_kinematics:/home/sam/moveit2/install/moveit_ros_planning:/home/sam/moveit2/install/moveit_ros_occupancy_map_monitor:/home/sam/moveit2/install/moveit_resources_prbt_support:/home/sam/moveit2/install/moveit_resources_prbt_ikfast_manipulator_plugin:/home/sam/moveit2/install/moveit_resources:/home/sam/moveit2/install/moveit_resources_pr2_description:/home/sam/moveit2/install/moveit_resources_panda_moveit_config:/home/sam/moveit2/install/dual_arm_panda_moveit_config:/home/sam/moveit2/install/moveit_resources_panda_description:/home/sam/moveit2/install/moveit_resources_fanuc_moveit_config:/home/sam/moveit2/install/moveit_resources_fanuc_description:/home/sam/moveit2/install/moveit_planners_stomp:/home/sam/moveit2/install/moveit_planners_chomp:/home/sam/moveit2/install/chomp_motion_planner:/home/sam/moveit2/install/moveit_core:/home/sam/moveit2/install/moveit_msgs:/home/sam/moveit2/install/moveit_common:/home/sam/moveit2/install/geometric_shapes:/home/sam/ros2_ws/install/ros2_grasshopper:/home/sam/ros2_ws/install/ros2_file_server:/home/sam/ros2_ws/install/my_orbbec:/home/sam/ros2_ws/install/fanuc_srvs:/home/sam/ros2_ws/install/fanuc_srvs_msgs:/home/sam/ros2_ws/install/fanuc_control:/home/sam/ros2_ws/install/fanuc_rmi:/home/sam/ros2_ws/install/fanuc_eth_ip:/home/sam/ros2_ws/install/crx5ia_moveit_config:/home/sam/ros2_ws/install/crx25ia_l_moveit_config:/home/sam/ros2_ws/install/crx20ia_l_moveit_config:/home/sam/ros2_ws/install/crx10ia_moveit_config:/home/sam/ros2_ws/install/crx10ia_l_moveit_config:/home/sam/ros2_ws/install/crx_description:/home/sam/moveit2/install/moveit_configs_utils:/opt/ros/humble LD_LIBRARY_PATH=/home/sam/wsg50/install/wsg_50_common/lib:/home/sam/wsg50/install/wsg_50_interface/lib:/home/sam/wsg50/install/wsg_50_driver/lib:/home/sam/moveit2/install/pilz_industrial_motion_planner_testutils/lib:/home/sam/moveit2/install/pilz_industrial_motion_planner/lib:/home/sam/moveit2/install/moveit_ros_control_interface/lib:/home/sam/moveit2/install/moveit_simple_controller_manager/lib:/home/sam/moveit2/install/moveit_setup_assistant/lib:/home/sam/moveit2/install/moveit_setup_srdf_plugins/lib:/home/sam/moveit2/install/moveit_setup_core_plugins/lib:/home/sam/moveit2/install/moveit_setup_controllers/lib:/home/sam/moveit2/install/moveit_setup_app_plugins/lib:/home/sam/moveit2/install/moveit_setup_framework/lib:/home/sam/moveit2/install/moveit_servo/lib:/home/sam/moveit2/install/moveit_ros_visualization/lib:/home/sam/moveit2/install/moveit_py/lib:/home/sam/moveit2/install/moveit_hybrid_planning/lib:/home/sam/moveit2/install/moveit_ros_planning_interface/lib:/home/sam/moveit2/install/moveit_ros_benchmarks/lib:/home/sam/moveit2/install/moveit_ros_warehouse/lib:/home/sam/moveit2/install/moveit_ros_robot_interaction/lib:/home/sam/moveit2/install/moveit_ros_perception/lib:/home/sam/moveit2/install/moveit_ros_move_group/lib:/home/sam/moveit2/install/moveit_planners_ompl/lib:/home/sam/moveit2/install/moveit_kinematics/lib:/home/sam/moveit2/install/moveit_ros_planning/lib:/home/sam/moveit2/install/moveit_ros_occupancy_map_monitor/lib:/home/sam/moveit2/install/moveit_resources_prbt_ikfast_manipulator_plugin/lib:/home/sam/moveit2/install/moveit_planners_stomp/lib:/home/sam/moveit2/install/moveit_planners_chomp/lib:/home/sam/moveit2/install/chomp_motion_planner/lib:/home/sam/moveit2/install/moveit_core/lib:/home/sam/moveit2/install/moveit_msgs/lib:/home/sam/moveit2/install/geometric_shapes/lib:/home/sam/ros2_ws/install/ros2_grasshopper/lib:/home/sam/ros2_ws/install/ros2_file_server/lib:/home/sam/ros2_ws/install/fanuc_srvs_msgs/lib:/home/sam/ros2_ws/install/fanuc_control/lib:/home/sam/ros2_ws/install/fanuc_rmi/lib:/home/sam/ros2_ws/install/fanuc_eth_ip/lib:/usr/lib/x86_64-linux-gnu/gazebo-11/plugins:/opt/ros/humble/opt/rviz_ogre_vendor/lib:/opt/ros/humble/lib/x86_64-linux-gnu:/opt/ros/humble/lib /usr/bin/cmake --build /home/sam/wsg50/build/wsg_50_driver -- -j8 -l8
[18.763s] DEBUG:colcon.colcon_core.event_handler.log_command:Invoking command in '/home/sam/wsg50/build/wsg_50_driver': CMAKE_PREFIX_PATH=/home/sam/wsg50/install/wsg_50_common:/home/sam/wsg50/install/wsg_50_simulation:/home/sam/wsg50/install/wsg_50_interface:/home/sam/wsg50/install/wsg_50_driver:/home/sam/moveit2/install/pilz_industrial_motion_planner_testutils:/home/sam/moveit2/install/moveit_runtime:/home/sam/moveit2/install/moveit:/home/sam/moveit2/install/moveit_planners:/home/sam/moveit2/install/pilz_industrial_motion_planner:/home/sam/moveit2/install/moveit_ros_control_interface:/home/sam/moveit2/install/moveit_plugins:/home/sam/moveit2/install/moveit_simple_controller_manager:/home/sam/moveit2/install/moveit_setup_assistant:/home/sam/moveit2/install/moveit_setup_srdf_plugins:/home/sam/moveit2/install/moveit_setup_core_plugins:/home/sam/moveit2/install/moveit_setup_controllers:/home/sam/moveit2/install/moveit_setup_app_plugins:/home/sam/moveit2/install/moveit_setup_framework:/home/sam/moveit2/install/moveit_servo:/home/sam/moveit2/install/moveit_ros:/home/sam/moveit2/install/moveit_ros_visualization:/home/sam/moveit2/install/moveit_py:/home/sam/moveit2/install/moveit_hybrid_planning:/home/sam/moveit2/install/moveit_ros_planning_interface:/home/sam/moveit2/install/moveit_ros_benchmarks:/home/sam/moveit2/install/moveit_ros_warehouse:/home/sam/moveit2/install/moveit_ros_robot_interaction:/home/sam/moveit2/install/moveit_ros_perception:/home/sam/moveit2/install/moveit_resources_prbt_pg70_support:/home/sam/moveit2/install/moveit_resources_prbt_moveit_config:/home/sam/moveit2/install/moveit_ros_move_group:/home/sam/moveit2/install/moveit_planners_ompl:/home/sam/moveit2/install/moveit_kinematics:/home/sam/moveit2/install/moveit_ros_planning:/home/sam/moveit2/install/moveit_ros_occupancy_map_monitor:/home/sam/moveit2/install/moveit_resources_prbt_support:/home/sam/moveit2/install/moveit_resources_prbt_ikfast_manipulator_plugin:/home/sam/moveit2/install/moveit_resources:/home/sam/moveit2/install/moveit_resources_pr2_description:/home/sam/moveit2/install/moveit_resources_panda_moveit_config:/home/sam/moveit2/install/dual_arm_panda_moveit_config:/home/sam/moveit2/install/moveit_resources_panda_description:/home/sam/moveit2/install/moveit_resources_fanuc_moveit_config:/home/sam/moveit2/install/moveit_resources_fanuc_description:/home/sam/moveit2/install/moveit_planners_stomp:/home/sam/moveit2/install/moveit_planners_chomp:/home/sam/moveit2/install/chomp_motion_planner:/home/sam/moveit2/install/moveit_core:/home/sam/moveit2/install/moveit_msgs:/home/sam/moveit2/install/moveit_common:/home/sam/moveit2/install/geometric_shapes:/home/sam/ros2_ws/install/ros2_grasshopper:/home/sam/ros2_ws/install/ros2_file_server:/home/sam/ros2_ws/install/my_orbbec:/home/sam/ros2_ws/install/fanuc_srvs:/home/sam/ros2_ws/install/fanuc_srvs_msgs:/home/sam/ros2_ws/install/fanuc_control:/home/sam/ros2_ws/install/fanuc_rmi:/home/sam/ros2_ws/install/fanuc_eth_ip:/home/sam/ros2_ws/install/crx5ia_moveit_config:/home/sam/ros2_ws/install/crx25ia_l_moveit_config:/home/sam/ros2_ws/install/crx20ia_l_moveit_config:/home/sam/ros2_ws/install/crx10ia_moveit_config:/home/sam/ros2_ws/install/crx10ia_l_moveit_config:/home/sam/ros2_ws/install/crx_description:/home/sam/moveit2/install/moveit_configs_utils:/opt/ros/humble LD_LIBRARY_PATH=/home/sam/wsg50/install/wsg_50_common/lib:/home/sam/wsg50/install/wsg_50_interface/lib:/home/sam/wsg50/install/wsg_50_driver/lib:/home/sam/moveit2/install/pilz_industrial_motion_planner_testutils/lib:/home/sam/moveit2/install/pilz_industrial_motion_planner/lib:/home/sam/moveit2/install/moveit_ros_control_interface/lib:/home/sam/moveit2/install/moveit_simple_controller_manager/lib:/home/sam/moveit2/install/moveit_setup_assistant/lib:/home/sam/moveit2/install/moveit_setup_srdf_plugins/lib:/home/sam/moveit2/install/moveit_setup_core_plugins/lib:/home/sam/moveit2/install/moveit_setup_controllers/lib:/home/sam/moveit2/install/moveit_setup_app_plugins/lib:/home/sam/moveit2/install/moveit_setup_framework/lib:/home/sam/moveit2/install/moveit_servo/lib:/home/sam/moveit2/install/moveit_ros_visualization/lib:/home/sam/moveit2/install/moveit_py/lib:/home/sam/moveit2/install/moveit_hybrid_planning/lib:/home/sam/moveit2/install/moveit_ros_planning_interface/lib:/home/sam/moveit2/install/moveit_ros_benchmarks/lib:/home/sam/moveit2/install/moveit_ros_warehouse/lib:/home/sam/moveit2/install/moveit_ros_robot_interaction/lib:/home/sam/moveit2/install/moveit_ros_perception/lib:/home/sam/moveit2/install/moveit_ros_move_group/lib:/home/sam/moveit2/install/moveit_planners_ompl/lib:/home/sam/moveit2/install/moveit_kinematics/lib:/home/sam/moveit2/install/moveit_ros_planning/lib:/home/sam/moveit2/install/moveit_ros_occupancy_map_monitor/lib:/home/sam/moveit2/install/moveit_resources_prbt_ikfast_manipulator_plugin/lib:/home/sam/moveit2/install/moveit_planners_stomp/lib:/home/sam/moveit2/install/moveit_planners_chomp/lib:/home/sam/moveit2/install/chomp_motion_planner/lib:/home/sam/moveit2/install/moveit_core/lib:/home/sam/moveit2/install/moveit_msgs/lib:/home/sam/moveit2/install/geometric_shapes/lib:/home/sam/ros2_ws/install/ros2_grasshopper/lib:/home/sam/ros2_ws/install/ros2_file_server/lib:/home/sam/ros2_ws/install/fanuc_srvs_msgs/lib:/home/sam/ros2_ws/install/fanuc_control/lib:/home/sam/ros2_ws/install/fanuc_rmi/lib:/home/sam/ros2_ws/install/fanuc_eth_ip/lib:/usr/lib/x86_64-linux-gnu/gazebo-11/plugins:/opt/ros/humble/opt/rviz_ogre_vendor/lib:/opt/ros/humble/lib/x86_64-linux-gnu:/opt/ros/humble/lib /usr/bin/cmake --install /home/sam/wsg50/build/wsg_50_driver
[18.812s] Level 1:colcon.colcon_core.environment:create_environment_scripts_only(wsg_50_driver)
[18.813s] Level 1:colcon.colcon_core.environment:checking '/home/sam/wsg50/install/wsg_50_driver' for CMake module files
[18.815s] DEBUG:colcon.colcon_core.event_handler.log_command:Invoked command in '/home/sam/wsg50/build/wsg_50_driver' returned '0': CMAKE_PREFIX_PATH=/home/sam/wsg50/install/wsg_50_common:/home/sam/wsg50/install/wsg_50_simulation:/home/sam/wsg50/install/wsg_50_interface:/home/sam/wsg50/install/wsg_50_driver:/home/sam/moveit2/install/pilz_industrial_motion_planner_testutils:/home/sam/moveit2/install/moveit_runtime:/home/sam/moveit2/install/moveit:/home/sam/moveit2/install/moveit_planners:/home/sam/moveit2/install/pilz_industrial_motion_planner:/home/sam/moveit2/install/moveit_ros_control_interface:/home/sam/moveit2/install/moveit_plugins:/home/sam/moveit2/install/moveit_simple_controller_manager:/home/sam/moveit2/install/moveit_setup_assistant:/home/sam/moveit2/install/moveit_setup_srdf_plugins:/home/sam/moveit2/install/moveit_setup_core_plugins:/home/sam/moveit2/install/moveit_setup_controllers:/home/sam/moveit2/install/moveit_setup_app_plugins:/home/sam/moveit2/install/moveit_setup_framework:/home/sam/moveit2/install/moveit_servo:/home/sam/moveit2/install/moveit_ros:/home/sam/moveit2/install/moveit_ros_visualization:/home/sam/moveit2/install/moveit_py:/home/sam/moveit2/install/moveit_hybrid_planning:/home/sam/moveit2/install/moveit_ros_planning_interface:/home/sam/moveit2/install/moveit_ros_benchmarks:/home/sam/moveit2/install/moveit_ros_warehouse:/home/sam/moveit2/install/moveit_ros_robot_interaction:/home/sam/moveit2/install/moveit_ros_perception:/home/sam/moveit2/install/moveit_resources_prbt_pg70_support:/home/sam/moveit2/install/moveit_resources_prbt_moveit_config:/home/sam/moveit2/install/moveit_ros_move_group:/home/sam/moveit2/install/moveit_planners_ompl:/home/sam/moveit2/install/moveit_kinematics:/home/sam/moveit2/install/moveit_ros_planning:/home/sam/moveit2/install/moveit_ros_occupancy_map_monitor:/home/sam/moveit2/install/moveit_resources_prbt_support:/home/sam/moveit2/install/moveit_resources_prbt_ikfast_manipulator_plugin:/home/sam/moveit2/install/moveit_resources:/home/sam/moveit2/install/moveit_resources_pr2_description:/home/sam/moveit2/install/moveit_resources_panda_moveit_config:/home/sam/moveit2/install/dual_arm_panda_moveit_config:/home/sam/moveit2/install/moveit_resources_panda_description:/home/sam/moveit2/install/moveit_resources_fanuc_moveit_config:/home/sam/moveit2/install/moveit_resources_fanuc_description:/home/sam/moveit2/install/moveit_planners_stomp:/home/sam/moveit2/install/moveit_planners_chomp:/home/sam/moveit2/install/chomp_motion_planner:/home/sam/moveit2/install/moveit_core:/home/sam/moveit2/install/moveit_msgs:/home/sam/moveit2/install/moveit_common:/home/sam/moveit2/install/geometric_shapes:/home/sam/ros2_ws/install/ros2_grasshopper:/home/sam/ros2_ws/install/ros2_file_server:/home/sam/ros2_ws/install/my_orbbec:/home/sam/ros2_ws/install/fanuc_srvs:/home/sam/ros2_ws/install/fanuc_srvs_msgs:/home/sam/ros2_ws/install/fanuc_control:/home/sam/ros2_ws/install/fanuc_rmi:/home/sam/ros2_ws/install/fanuc_eth_ip:/home/sam/ros2_ws/install/crx5ia_moveit_config:/home/sam/ros2_ws/install/crx25ia_l_moveit_config:/home/sam/ros2_ws/install/crx20ia_l_moveit_config:/home/sam/ros2_ws/install/crx10ia_moveit_config:/home/sam/ros2_ws/install/crx10ia_l_moveit_config:/home/sam/ros2_ws/install/crx_description:/home/sam/moveit2/install/moveit_configs_utils:/opt/ros/humble LD_LIBRARY_PATH=/home/sam/wsg50/install/wsg_50_common/lib:/home/sam/wsg50/install/wsg_50_interface/lib:/home/sam/wsg50/install/wsg_50_driver/lib:/home/sam/moveit2/install/pilz_industrial_motion_planner_testutils/lib:/home/sam/moveit2/install/pilz_industrial_motion_planner/lib:/home/sam/moveit2/install/moveit_ros_control_interface/lib:/home/sam/moveit2/install/moveit_simple_controller_manager/lib:/home/sam/moveit2/install/moveit_setup_assistant/lib:/home/sam/moveit2/install/moveit_setup_srdf_plugins/lib:/home/sam/moveit2/install/moveit_setup_core_plugins/lib:/home/sam/moveit2/install/moveit_setup_controllers/lib:/home/sam/moveit2/install/moveit_setup_app_plugins/lib:/home/sam/moveit2/install/moveit_setup_framework/lib:/home/sam/moveit2/install/moveit_servo/lib:/home/sam/moveit2/install/moveit_ros_visualization/lib:/home/sam/moveit2/install/moveit_py/lib:/home/sam/moveit2/install/moveit_hybrid_planning/lib:/home/sam/moveit2/install/moveit_ros_planning_interface/lib:/home/sam/moveit2/install/moveit_ros_benchmarks/lib:/home/sam/moveit2/install/moveit_ros_warehouse/lib:/home/sam/moveit2/install/moveit_ros_robot_interaction/lib:/home/sam/moveit2/install/moveit_ros_perception/lib:/home/sam/moveit2/install/moveit_ros_move_group/lib:/home/sam/moveit2/install/moveit_planners_ompl/lib:/home/sam/moveit2/install/moveit_kinematics/lib:/home/sam/moveit2/install/moveit_ros_planning/lib:/home/sam/moveit2/install/moveit_ros_occupancy_map_monitor/lib:/home/sam/moveit2/install/moveit_resources_prbt_ikfast_manipulator_plugin/lib:/home/sam/moveit2/install/moveit_planners_stomp/lib:/home/sam/moveit2/install/moveit_planners_chomp/lib:/home/sam/moveit2/install/chomp_motion_planner/lib:/home/sam/moveit2/install/moveit_core/lib:/home/sam/moveit2/install/moveit_msgs/lib:/home/sam/moveit2/install/geometric_shapes/lib:/home/sam/ros2_ws/install/ros2_grasshopper/lib:/home/sam/ros2_ws/install/ros2_file_server/lib:/home/sam/ros2_ws/install/fanuc_srvs_msgs/lib:/home/sam/ros2_ws/install/fanuc_control/lib:/home/sam/ros2_ws/install/fanuc_rmi/lib:/home/sam/ros2_ws/install/fanuc_eth_ip/lib:/usr/lib/x86_64-linux-gnu/gazebo-11/plugins:/opt/ros/humble/opt/rviz_ogre_vendor/lib:/opt/ros/humble/lib/x86_64-linux-gnu:/opt/ros/humble/lib /usr/bin/cmake --install /home/sam/wsg50/build/wsg_50_driver
[18.816s] Level 1:colcon.colcon_core.environment:checking '/home/sam/wsg50/install/wsg_50_driver' for CMake config files
[18.816s] Level 1:colcon.colcon_core.shell:create_environment_hook('wsg_50_driver', 'cmake_prefix_path')
[18.816s] INFO:colcon.colcon_core.shell:Creating environment hook '/home/sam/wsg50/install/wsg_50_driver/share/wsg_50_driver/hook/cmake_prefix_path.ps1'
[18.817s] INFO:colcon.colcon_core.shell:Creating environment descriptor '/home/sam/wsg50/install/wsg_50_driver/share/wsg_50_driver/hook/cmake_prefix_path.dsv'
[18.818s] INFO:colcon.colcon_core.shell:Creating environment hook '/home/sam/wsg50/install/wsg_50_driver/share/wsg_50_driver/hook/cmake_prefix_path.sh'
[18.819s] Level 1:colcon.colcon_core.environment:checking '/home/sam/wsg50/install/wsg_50_driver/lib'
[18.819s] Level 1:colcon.colcon_core.environment:checking '/home/sam/wsg50/install/wsg_50_driver/bin'
[18.819s] Level 1:colcon.colcon_core.environment:checking '/home/sam/wsg50/install/wsg_50_driver/lib/pkgconfig/wsg_50_driver.pc'
[18.819s] Level 1:colcon.colcon_core.environment:checking '/home/sam/wsg50/install/wsg_50_driver/lib/python3.10/site-packages'
[18.820s] Level 1:colcon.colcon_core.environment:checking '/home/sam/wsg50/install/wsg_50_driver/bin'
[18.820s] INFO:colcon.colcon_core.shell:Creating package script '/home/sam/wsg50/install/wsg_50_driver/share/wsg_50_driver/package.ps1'
[18.821s] INFO:colcon.colcon_core.shell:Creating package descriptor '/home/sam/wsg50/install/wsg_50_driver/share/wsg_50_driver/package.dsv'
[18.822s] INFO:colcon.colcon_core.shell:Creating package script '/home/sam/wsg50/install/wsg_50_driver/share/wsg_50_driver/package.sh'
[18.823s] INFO:colcon.colcon_core.shell:Creating package script '/home/sam/wsg50/install/wsg_50_driver/share/wsg_50_driver/package.bash'
[18.824s] INFO:colcon.colcon_core.shell:Creating package script '/home/sam/wsg50/install/wsg_50_driver/share/wsg_50_driver/package.zsh'
[18.825s] Level 1:colcon.colcon_core.environment:create_file_with_runtime_dependencies(/home/sam/wsg50/install/wsg_50_driver/share/colcon-core/packages/wsg_50_driver)
[18.826s] Level 1:colcon.colcon_core.environment:create_environment_scripts_only(wsg_50_driver)
[18.826s] Level 1:colcon.colcon_core.environment:checking '/home/sam/wsg50/install/wsg_50_driver' for CMake module files
[18.827s] Level 1:colcon.colcon_core.environment:checking '/home/sam/wsg50/install/wsg_50_driver' for CMake config files
[18.828s] Level 1:colcon.colcon_core.shell:create_environment_hook('wsg_50_driver', 'cmake_prefix_path')
[18.828s] INFO:colcon.colcon_core.shell:Creating environment hook '/home/sam/wsg50/install/wsg_50_driver/share/wsg_50_driver/hook/cmake_prefix_path.ps1'
[18.829s] INFO:colcon.colcon_core.shell:Creating environment descriptor '/home/sam/wsg50/install/wsg_50_driver/share/wsg_50_driver/hook/cmake_prefix_path.dsv'
[18.829s] INFO:colcon.colcon_core.shell:Creating environment hook '/home/sam/wsg50/install/wsg_50_driver/share/wsg_50_driver/hook/cmake_prefix_path.sh'
[18.830s] Level 1:colcon.colcon_core.environment:checking '/home/sam/wsg50/install/wsg_50_driver/lib'
[18.830s] Level 1:colcon.colcon_core.environment:checking '/home/sam/wsg50/install/wsg_50_driver/bin'
[18.831s] Level 1:colcon.colcon_core.environment:checking '/home/sam/wsg50/install/wsg_50_driver/lib/pkgconfig/wsg_50_driver.pc'
[18.831s] Level 1:colcon.colcon_core.environment:checking '/home/sam/wsg50/install/wsg_50_driver/lib/python3.10/site-packages'
[18.831s] Level 1:colcon.colcon_core.environment:checking '/home/sam/wsg50/install/wsg_50_driver/bin'
[18.832s] INFO:colcon.colcon_core.shell:Creating package script '/home/sam/wsg50/install/wsg_50_driver/share/wsg_50_driver/package.ps1'
[18.833s] INFO:colcon.colcon_core.shell:Creating package descriptor '/home/sam/wsg50/install/wsg_50_driver/share/wsg_50_driver/package.dsv'
[18.833s] INFO:colcon.colcon_core.shell:Creating package script '/home/sam/wsg50/install/wsg_50_driver/share/wsg_50_driver/package.sh'
[18.834s] INFO:colcon.colcon_core.shell:Creating package script '/home/sam/wsg50/install/wsg_50_driver/share/wsg_50_driver/package.bash'
[18.835s] INFO:colcon.colcon_core.shell:Creating package script '/home/sam/wsg50/install/wsg_50_driver/share/wsg_50_driver/package.zsh'
[18.836s] Level 1:colcon.colcon_core.environment:create_file_with_runtime_dependencies(/home/sam/wsg50/install/wsg_50_driver/share/colcon-core/packages/wsg_50_driver)
[18.837s] INFO:colcon.colcon_ros.task.ament_cmake.build:Building ROS package in '/home/sam/wsg50/src/wsg_50_interface' with build type 'ament_cmake'
[18.840s] INFO:colcon.colcon_cmake.task.cmake.build:Building CMake package in '/home/sam/wsg50/src/wsg_50_interface'
[18.841s] INFO:colcon.colcon_core.shell:Skip shell extension 'powershell' for command environment: Not usable outside of PowerShell
[18.841s] DEBUG:colcon.colcon_core.shell:Skip shell extension 'dsv' for command environment
[19.249s] DEBUG:colcon.colcon_core.event_handler.log_command:Invoking command in '/home/sam/wsg50/build/wsg_50_interface': CMAKE_PREFIX_PATH=/home/sam/wsg50/install/wsg_50_driver:/home/sam/wsg50/install/wsg_50_common:/home/sam/wsg50/install/wsg_50_simulation:/home/sam/wsg50/install/wsg_50_interface:/home/sam/moveit2/install/pilz_industrial_motion_planner_testutils:/home/sam/moveit2/install/moveit_runtime:/home/sam/moveit2/install/moveit:/home/sam/moveit2/install/moveit_planners:/home/sam/moveit2/install/pilz_industrial_motion_planner:/home/sam/moveit2/install/moveit_ros_control_interface:/home/sam/moveit2/install/moveit_plugins:/home/sam/moveit2/install/moveit_simple_controller_manager:/home/sam/moveit2/install/moveit_setup_assistant:/home/sam/moveit2/install/moveit_setup_srdf_plugins:/home/sam/moveit2/install/moveit_setup_core_plugins:/home/sam/moveit2/install/moveit_setup_controllers:/home/sam/moveit2/install/moveit_setup_app_plugins:/home/sam/moveit2/install/moveit_setup_framework:/home/sam/moveit2/install/moveit_servo:/home/sam/moveit2/install/moveit_ros:/home/sam/moveit2/install/moveit_ros_visualization:/home/sam/moveit2/install/moveit_py:/home/sam/moveit2/install/moveit_hybrid_planning:/home/sam/moveit2/install/moveit_ros_planning_interface:/home/sam/moveit2/install/moveit_ros_benchmarks:/home/sam/moveit2/install/moveit_ros_warehouse:/home/sam/moveit2/install/moveit_ros_robot_interaction:/home/sam/moveit2/install/moveit_ros_perception:/home/sam/moveit2/install/moveit_resources_prbt_pg70_support:/home/sam/moveit2/install/moveit_resources_prbt_moveit_config:/home/sam/moveit2/install/moveit_ros_move_group:/home/sam/moveit2/install/moveit_planners_ompl:/home/sam/moveit2/install/moveit_kinematics:/home/sam/moveit2/install/moveit_ros_planning:/home/sam/moveit2/install/moveit_ros_occupancy_map_monitor:/home/sam/moveit2/install/moveit_resources_prbt_support:/home/sam/moveit2/install/moveit_resources_prbt_ikfast_manipulator_plugin:/home/sam/moveit2/install/moveit_resources:/home/sam/moveit2/install/moveit_resources_pr2_description:/home/sam/moveit2/install/moveit_resources_panda_moveit_config:/home/sam/moveit2/install/dual_arm_panda_moveit_config:/home/sam/moveit2/install/moveit_resources_panda_description:/home/sam/moveit2/install/moveit_resources_fanuc_moveit_config:/home/sam/moveit2/install/moveit_resources_fanuc_description:/home/sam/moveit2/install/moveit_planners_stomp:/home/sam/moveit2/install/moveit_planners_chomp:/home/sam/moveit2/install/chomp_motion_planner:/home/sam/moveit2/install/moveit_core:/home/sam/moveit2/install/moveit_msgs:/home/sam/moveit2/install/moveit_common:/home/sam/moveit2/install/geometric_shapes:/home/sam/ros2_ws/install/ros2_grasshopper:/home/sam/ros2_ws/install/ros2_file_server:/home/sam/ros2_ws/install/my_orbbec:/home/sam/ros2_ws/install/fanuc_srvs:/home/sam/ros2_ws/install/fanuc_srvs_msgs:/home/sam/ros2_ws/install/fanuc_control:/home/sam/ros2_ws/install/fanuc_rmi:/home/sam/ros2_ws/install/fanuc_eth_ip:/home/sam/ros2_ws/install/crx5ia_moveit_config:/home/sam/ros2_ws/install/crx25ia_l_moveit_config:/home/sam/ros2_ws/install/crx20ia_l_moveit_config:/home/sam/ros2_ws/install/crx10ia_moveit_config:/home/sam/ros2_ws/install/crx10ia_l_moveit_config:/home/sam/ros2_ws/install/crx_description:/home/sam/moveit2/install/moveit_configs_utils:/opt/ros/humble LD_LIBRARY_PATH=/home/sam/wsg50/install/wsg_50_common/lib:/home/sam/wsg50/install/wsg_50_interface/lib:/home/sam/wsg50/install/wsg_50_driver/lib:/home/sam/moveit2/install/pilz_industrial_motion_planner_testutils/lib:/home/sam/moveit2/install/pilz_industrial_motion_planner/lib:/home/sam/moveit2/install/moveit_ros_control_interface/lib:/home/sam/moveit2/install/moveit_simple_controller_manager/lib:/home/sam/moveit2/install/moveit_setup_assistant/lib:/home/sam/moveit2/install/moveit_setup_srdf_plugins/lib:/home/sam/moveit2/install/moveit_setup_core_plugins/lib:/home/sam/moveit2/install/moveit_setup_controllers/lib:/home/sam/moveit2/install/moveit_setup_app_plugins/lib:/home/sam/moveit2/install/moveit_setup_framework/lib:/home/sam/moveit2/install/moveit_servo/lib:/home/sam/moveit2/install/moveit_ros_visualization/lib:/home/sam/moveit2/install/moveit_py/lib:/home/sam/moveit2/install/moveit_hybrid_planning/lib:/home/sam/moveit2/install/moveit_ros_planning_interface/lib:/home/sam/moveit2/install/moveit_ros_benchmarks/lib:/home/sam/moveit2/install/moveit_ros_warehouse/lib:/home/sam/moveit2/install/moveit_ros_robot_interaction/lib:/home/sam/moveit2/install/moveit_ros_perception/lib:/home/sam/moveit2/install/moveit_ros_move_group/lib:/home/sam/moveit2/install/moveit_planners_ompl/lib:/home/sam/moveit2/install/moveit_kinematics/lib:/home/sam/moveit2/install/moveit_ros_planning/lib:/home/sam/moveit2/install/moveit_ros_occupancy_map_monitor/lib:/home/sam/moveit2/install/moveit_resources_prbt_ikfast_manipulator_plugin/lib:/home/sam/moveit2/install/moveit_planners_stomp/lib:/home/sam/moveit2/install/moveit_planners_chomp/lib:/home/sam/moveit2/install/chomp_motion_planner/lib:/home/sam/moveit2/install/moveit_core/lib:/home/sam/moveit2/install/moveit_msgs/lib:/home/sam/moveit2/install/geometric_shapes/lib:/home/sam/ros2_ws/install/ros2_grasshopper/lib:/home/sam/ros2_ws/install/ros2_file_server/lib:/home/sam/ros2_ws/install/fanuc_srvs_msgs/lib:/home/sam/ros2_ws/install/fanuc_control/lib:/home/sam/ros2_ws/install/fanuc_rmi/lib:/home/sam/ros2_ws/install/fanuc_eth_ip/lib:/usr/lib/x86_64-linux-gnu/gazebo-11/plugins:/opt/ros/humble/opt/rviz_ogre_vendor/lib:/opt/ros/humble/lib/x86_64-linux-gnu:/opt/ros/humble/lib /usr/bin/cmake --build /home/sam/wsg50/build/wsg_50_interface -- -j8 -l8
[19.511s] DEBUG:colcon.colcon_core.event_handler.log_command:Invoked command in '/home/sam/wsg50/build/wsg_50_interface' returned '0': CMAKE_PREFIX_PATH=/home/sam/wsg50/install/wsg_50_driver:/home/sam/wsg50/install/wsg_50_common:/home/sam/wsg50/install/wsg_50_simulation:/home/sam/wsg50/install/wsg_50_interface:/home/sam/moveit2/install/pilz_industrial_motion_planner_testutils:/home/sam/moveit2/install/moveit_runtime:/home/sam/moveit2/install/moveit:/home/sam/moveit2/install/moveit_planners:/home/sam/moveit2/install/pilz_industrial_motion_planner:/home/sam/moveit2/install/moveit_ros_control_interface:/home/sam/moveit2/install/moveit_plugins:/home/sam/moveit2/install/moveit_simple_controller_manager:/home/sam/moveit2/install/moveit_setup_assistant:/home/sam/moveit2/install/moveit_setup_srdf_plugins:/home/sam/moveit2/install/moveit_setup_core_plugins:/home/sam/moveit2/install/moveit_setup_controllers:/home/sam/moveit2/install/moveit_setup_app_plugins:/home/sam/moveit2/install/moveit_setup_framework:/home/sam/moveit2/install/moveit_servo:/home/sam/moveit2/install/moveit_ros:/home/sam/moveit2/install/moveit_ros_visualization:/home/sam/moveit2/install/moveit_py:/home/sam/moveit2/install/moveit_hybrid_planning:/home/sam/moveit2/install/moveit_ros_planning_interface:/home/sam/moveit2/install/moveit_ros_benchmarks:/home/sam/moveit2/install/moveit_ros_warehouse:/home/sam/moveit2/install/moveit_ros_robot_interaction:/home/sam/moveit2/install/moveit_ros_perception:/home/sam/moveit2/install/moveit_resources_prbt_pg70_support:/home/sam/moveit2/install/moveit_resources_prbt_moveit_config:/home/sam/moveit2/install/moveit_ros_move_group:/home/sam/moveit2/install/moveit_planners_ompl:/home/sam/moveit2/install/moveit_kinematics:/home/sam/moveit2/install/moveit_ros_planning:/home/sam/moveit2/install/moveit_ros_occupancy_map_monitor:/home/sam/moveit2/install/moveit_resources_prbt_support:/home/sam/moveit2/install/moveit_resources_prbt_ikfast_manipulator_plugin:/home/sam/moveit2/install/moveit_resources:/home/sam/moveit2/install/moveit_resources_pr2_description:/home/sam/moveit2/install/moveit_resources_panda_moveit_config:/home/sam/moveit2/install/dual_arm_panda_moveit_config:/home/sam/moveit2/install/moveit_resources_panda_description:/home/sam/moveit2/install/moveit_resources_fanuc_moveit_config:/home/sam/moveit2/install/moveit_resources_fanuc_description:/home/sam/moveit2/install/moveit_planners_stomp:/home/sam/moveit2/install/moveit_planners_chomp:/home/sam/moveit2/install/chomp_motion_planner:/home/sam/moveit2/install/moveit_core:/home/sam/moveit2/install/moveit_msgs:/home/sam/moveit2/install/moveit_common:/home/sam/moveit2/install/geometric_shapes:/home/sam/ros2_ws/install/ros2_grasshopper:/home/sam/ros2_ws/install/ros2_file_server:/home/sam/ros2_ws/install/my_orbbec:/home/sam/ros2_ws/install/fanuc_srvs:/home/sam/ros2_ws/install/fanuc_srvs_msgs:/home/sam/ros2_ws/install/fanuc_control:/home/sam/ros2_ws/install/fanuc_rmi:/home/sam/ros2_ws/install/fanuc_eth_ip:/home/sam/ros2_ws/install/crx5ia_moveit_config:/home/sam/ros2_ws/install/crx25ia_l_moveit_config:/home/sam/ros2_ws/install/crx20ia_l_moveit_config:/home/sam/ros2_ws/install/crx10ia_moveit_config:/home/sam/ros2_ws/install/crx10ia_l_moveit_config:/home/sam/ros2_ws/install/crx_description:/home/sam/moveit2/install/moveit_configs_utils:/opt/ros/humble LD_LIBRARY_PATH=/home/sam/wsg50/install/wsg_50_common/lib:/home/sam/wsg50/install/wsg_50_interface/lib:/home/sam/wsg50/install/wsg_50_driver/lib:/home/sam/moveit2/install/pilz_industrial_motion_planner_testutils/lib:/home/sam/moveit2/install/pilz_industrial_motion_planner/lib:/home/sam/moveit2/install/moveit_ros_control_interface/lib:/home/sam/moveit2/install/moveit_simple_controller_manager/lib:/home/sam/moveit2/install/moveit_setup_assistant/lib:/home/sam/moveit2/install/moveit_setup_srdf_plugins/lib:/home/sam/moveit2/install/moveit_setup_core_plugins/lib:/home/sam/moveit2/install/moveit_setup_controllers/lib:/home/sam/moveit2/install/moveit_setup_app_plugins/lib:/home/sam/moveit2/install/moveit_setup_framework/lib:/home/sam/moveit2/install/moveit_servo/lib:/home/sam/moveit2/install/moveit_ros_visualization/lib:/home/sam/moveit2/install/moveit_py/lib:/home/sam/moveit2/install/moveit_hybrid_planning/lib:/home/sam/moveit2/install/moveit_ros_planning_interface/lib:/home/sam/moveit2/install/moveit_ros_benchmarks/lib:/home/sam/moveit2/install/moveit_ros_warehouse/lib:/home/sam/moveit2/install/moveit_ros_robot_interaction/lib:/home/sam/moveit2/install/moveit_ros_perception/lib:/home/sam/moveit2/install/moveit_ros_move_group/lib:/home/sam/moveit2/install/moveit_planners_ompl/lib:/home/sam/moveit2/install/moveit_kinematics/lib:/home/sam/moveit2/install/moveit_ros_planning/lib:/home/sam/moveit2/install/moveit_ros_occupancy_map_monitor/lib:/home/sam/moveit2/install/moveit_resources_prbt_ikfast_manipulator_plugin/lib:/home/sam/moveit2/install/moveit_planners_stomp/lib:/home/sam/moveit2/install/moveit_planners_chomp/lib:/home/sam/moveit2/install/chomp_motion_planner/lib:/home/sam/moveit2/install/moveit_core/lib:/home/sam/moveit2/install/moveit_msgs/lib:/home/sam/moveit2/install/geometric_shapes/lib:/home/sam/ros2_ws/install/ros2_grasshopper/lib:/home/sam/ros2_ws/install/ros2_file_server/lib:/home/sam/ros2_ws/install/fanuc_srvs_msgs/lib:/home/sam/ros2_ws/install/fanuc_control/lib:/home/sam/ros2_ws/install/fanuc_rmi/lib:/home/sam/ros2_ws/install/fanuc_eth_ip/lib:/usr/lib/x86_64-linux-gnu/gazebo-11/plugins:/opt/ros/humble/opt/rviz_ogre_vendor/lib:/opt/ros/humble/lib/x86_64-linux-gnu:/opt/ros/humble/lib /usr/bin/cmake --build /home/sam/wsg50/build/wsg_50_interface -- -j8 -l8
[19.516s] DEBUG:colcon.colcon_core.event_handler.log_command:Invoking command in '/home/sam/wsg50/build/wsg_50_interface': CMAKE_PREFIX_PATH=/home/sam/wsg50/install/wsg_50_driver:/home/sam/wsg50/install/wsg_50_common:/home/sam/wsg50/install/wsg_50_simulation:/home/sam/wsg50/install/wsg_50_interface:/home/sam/moveit2/install/pilz_industrial_motion_planner_testutils:/home/sam/moveit2/install/moveit_runtime:/home/sam/moveit2/install/moveit:/home/sam/moveit2/install/moveit_planners:/home/sam/moveit2/install/pilz_industrial_motion_planner:/home/sam/moveit2/install/moveit_ros_control_interface:/home/sam/moveit2/install/moveit_plugins:/home/sam/moveit2/install/moveit_simple_controller_manager:/home/sam/moveit2/install/moveit_setup_assistant:/home/sam/moveit2/install/moveit_setup_srdf_plugins:/home/sam/moveit2/install/moveit_setup_core_plugins:/home/sam/moveit2/install/moveit_setup_controllers:/home/sam/moveit2/install/moveit_setup_app_plugins:/home/sam/moveit2/install/moveit_setup_framework:/home/sam/moveit2/install/moveit_servo:/home/sam/moveit2/install/moveit_ros:/home/sam/moveit2/install/moveit_ros_visualization:/home/sam/moveit2/install/moveit_py:/home/sam/moveit2/install/moveit_hybrid_planning:/home/sam/moveit2/install/moveit_ros_planning_interface:/home/sam/moveit2/install/moveit_ros_benchmarks:/home/sam/moveit2/install/moveit_ros_warehouse:/home/sam/moveit2/install/moveit_ros_robot_interaction:/home/sam/moveit2/install/moveit_ros_perception:/home/sam/moveit2/install/moveit_resources_prbt_pg70_support:/home/sam/moveit2/install/moveit_resources_prbt_moveit_config:/home/sam/moveit2/install/moveit_ros_move_group:/home/sam/moveit2/install/moveit_planners_ompl:/home/sam/moveit2/install/moveit_kinematics:/home/sam/moveit2/install/moveit_ros_planning:/home/sam/moveit2/install/moveit_ros_occupancy_map_monitor:/home/sam/moveit2/install/moveit_resources_prbt_support:/home/sam/moveit2/install/moveit_resources_prbt_ikfast_manipulator_plugin:/home/sam/moveit2/install/moveit_resources:/home/sam/moveit2/install/moveit_resources_pr2_description:/home/sam/moveit2/install/moveit_resources_panda_moveit_config:/home/sam/moveit2/install/dual_arm_panda_moveit_config:/home/sam/moveit2/install/moveit_resources_panda_description:/home/sam/moveit2/install/moveit_resources_fanuc_moveit_config:/home/sam/moveit2/install/moveit_resources_fanuc_description:/home/sam/moveit2/install/moveit_planners_stomp:/home/sam/moveit2/install/moveit_planners_chomp:/home/sam/moveit2/install/chomp_motion_planner:/home/sam/moveit2/install/moveit_core:/home/sam/moveit2/install/moveit_msgs:/home/sam/moveit2/install/moveit_common:/home/sam/moveit2/install/geometric_shapes:/home/sam/ros2_ws/install/ros2_grasshopper:/home/sam/ros2_ws/install/ros2_file_server:/home/sam/ros2_ws/install/my_orbbec:/home/sam/ros2_ws/install/fanuc_srvs:/home/sam/ros2_ws/install/fanuc_srvs_msgs:/home/sam/ros2_ws/install/fanuc_control:/home/sam/ros2_ws/install/fanuc_rmi:/home/sam/ros2_ws/install/fanuc_eth_ip:/home/sam/ros2_ws/install/crx5ia_moveit_config:/home/sam/ros2_ws/install/crx25ia_l_moveit_config:/home/sam/ros2_ws/install/crx20ia_l_moveit_config:/home/sam/ros2_ws/install/crx10ia_moveit_config:/home/sam/ros2_ws/install/crx10ia_l_moveit_config:/home/sam/ros2_ws/install/crx_description:/home/sam/moveit2/install/moveit_configs_utils:/opt/ros/humble LD_LIBRARY_PATH=/home/sam/wsg50/install/wsg_50_common/lib:/home/sam/wsg50/install/wsg_50_interface/lib:/home/sam/wsg50/install/wsg_50_driver/lib:/home/sam/moveit2/install/pilz_industrial_motion_planner_testutils/lib:/home/sam/moveit2/install/pilz_industrial_motion_planner/lib:/home/sam/moveit2/install/moveit_ros_control_interface/lib:/home/sam/moveit2/install/moveit_simple_controller_manager/lib:/home/sam/moveit2/install/moveit_setup_assistant/lib:/home/sam/moveit2/install/moveit_setup_srdf_plugins/lib:/home/sam/moveit2/install/moveit_setup_core_plugins/lib:/home/sam/moveit2/install/moveit_setup_controllers/lib:/home/sam/moveit2/install/moveit_setup_app_plugins/lib:/home/sam/moveit2/install/moveit_setup_framework/lib:/home/sam/moveit2/install/moveit_servo/lib:/home/sam/moveit2/install/moveit_ros_visualization/lib:/home/sam/moveit2/install/moveit_py/lib:/home/sam/moveit2/install/moveit_hybrid_planning/lib:/home/sam/moveit2/install/moveit_ros_planning_interface/lib:/home/sam/moveit2/install/moveit_ros_benchmarks/lib:/home/sam/moveit2/install/moveit_ros_warehouse/lib:/home/sam/moveit2/install/moveit_ros_robot_interaction/lib:/home/sam/moveit2/install/moveit_ros_perception/lib:/home/sam/moveit2/install/moveit_ros_move_group/lib:/home/sam/moveit2/install/moveit_planners_ompl/lib:/home/sam/moveit2/install/moveit_kinematics/lib:/home/sam/moveit2/install/moveit_ros_planning/lib:/home/sam/moveit2/install/moveit_ros_occupancy_map_monitor/lib:/home/sam/moveit2/install/moveit_resources_prbt_ikfast_manipulator_plugin/lib:/home/sam/moveit2/install/moveit_planners_stomp/lib:/home/sam/moveit2/install/moveit_planners_chomp/lib:/home/sam/moveit2/install/chomp_motion_planner/lib:/home/sam/moveit2/install/moveit_core/lib:/home/sam/moveit2/install/moveit_msgs/lib:/home/sam/moveit2/install/geometric_shapes/lib:/home/sam/ros2_ws/install/ros2_grasshopper/lib:/home/sam/ros2_ws/install/ros2_file_server/lib:/home/sam/ros2_ws/install/fanuc_srvs_msgs/lib:/home/sam/ros2_ws/install/fanuc_control/lib:/home/sam/ros2_ws/install/fanuc_rmi/lib:/home/sam/ros2_ws/install/fanuc_eth_ip/lib:/usr/lib/x86_64-linux-gnu/gazebo-11/plugins:/opt/ros/humble/opt/rviz_ogre_vendor/lib:/opt/ros/humble/lib/x86_64-linux-gnu:/opt/ros/humble/lib /usr/bin/cmake --install /home/sam/wsg50/build/wsg_50_interface
[19.551s] Level 1:colcon.colcon_core.environment:create_environment_scripts_only(wsg_50_interface)
[19.552s] Level 1:colcon.colcon_core.environment:checking '/home/sam/wsg50/install/wsg_50_interface' for CMake module files
[19.552s] DEBUG:colcon.colcon_core.event_handler.log_command:Invoked command in '/home/sam/wsg50/build/wsg_50_interface' returned '0': CMAKE_PREFIX_PATH=/home/sam/wsg50/install/wsg_50_driver:/home/sam/wsg50/install/wsg_50_common:/home/sam/wsg50/install/wsg_50_simulation:/home/sam/wsg50/install/wsg_50_interface:/home/sam/moveit2/install/pilz_industrial_motion_planner_testutils:/home/sam/moveit2/install/moveit_runtime:/home/sam/moveit2/install/moveit:/home/sam/moveit2/install/moveit_planners:/home/sam/moveit2/install/pilz_industrial_motion_planner:/home/sam/moveit2/install/moveit_ros_control_interface:/home/sam/moveit2/install/moveit_plugins:/home/sam/moveit2/install/moveit_simple_controller_manager:/home/sam/moveit2/install/moveit_setup_assistant:/home/sam/moveit2/install/moveit_setup_srdf_plugins:/home/sam/moveit2/install/moveit_setup_core_plugins:/home/sam/moveit2/install/moveit_setup_controllers:/home/sam/moveit2/install/moveit_setup_app_plugins:/home/sam/moveit2/install/moveit_setup_framework:/home/sam/moveit2/install/moveit_servo:/home/sam/moveit2/install/moveit_ros:/home/sam/moveit2/install/moveit_ros_visualization:/home/sam/moveit2/install/moveit_py:/home/sam/moveit2/install/moveit_hybrid_planning:/home/sam/moveit2/install/moveit_ros_planning_interface:/home/sam/moveit2/install/moveit_ros_benchmarks:/home/sam/moveit2/install/moveit_ros_warehouse:/home/sam/moveit2/install/moveit_ros_robot_interaction:/home/sam/moveit2/install/moveit_ros_perception:/home/sam/moveit2/install/moveit_resources_prbt_pg70_support:/home/sam/moveit2/install/moveit_resources_prbt_moveit_config:/home/sam/moveit2/install/moveit_ros_move_group:/home/sam/moveit2/install/moveit_planners_ompl:/home/sam/moveit2/install/moveit_kinematics:/home/sam/moveit2/install/moveit_ros_planning:/home/sam/moveit2/install/moveit_ros_occupancy_map_monitor:/home/sam/moveit2/install/moveit_resources_prbt_support:/home/sam/moveit2/install/moveit_resources_prbt_ikfast_manipulator_plugin:/home/sam/moveit2/install/moveit_resources:/home/sam/moveit2/install/moveit_resources_pr2_description:/home/sam/moveit2/install/moveit_resources_panda_moveit_config:/home/sam/moveit2/install/dual_arm_panda_moveit_config:/home/sam/moveit2/install/moveit_resources_panda_description:/home/sam/moveit2/install/moveit_resources_fanuc_moveit_config:/home/sam/moveit2/install/moveit_resources_fanuc_description:/home/sam/moveit2/install/moveit_planners_stomp:/home/sam/moveit2/install/moveit_planners_chomp:/home/sam/moveit2/install/chomp_motion_planner:/home/sam/moveit2/install/moveit_core:/home/sam/moveit2/install/moveit_msgs:/home/sam/moveit2/install/moveit_common:/home/sam/moveit2/install/geometric_shapes:/home/sam/ros2_ws/install/ros2_grasshopper:/home/sam/ros2_ws/install/ros2_file_server:/home/sam/ros2_ws/install/my_orbbec:/home/sam/ros2_ws/install/fanuc_srvs:/home/sam/ros2_ws/install/fanuc_srvs_msgs:/home/sam/ros2_ws/install/fanuc_control:/home/sam/ros2_ws/install/fanuc_rmi:/home/sam/ros2_ws/install/fanuc_eth_ip:/home/sam/ros2_ws/install/crx5ia_moveit_config:/home/sam/ros2_ws/install/crx25ia_l_moveit_config:/home/sam/ros2_ws/install/crx20ia_l_moveit_config:/home/sam/ros2_ws/install/crx10ia_moveit_config:/home/sam/ros2_ws/install/crx10ia_l_moveit_config:/home/sam/ros2_ws/install/crx_description:/home/sam/moveit2/install/moveit_configs_utils:/opt/ros/humble LD_LIBRARY_PATH=/home/sam/wsg50/install/wsg_50_common/lib:/home/sam/wsg50/install/wsg_50_interface/lib:/home/sam/wsg50/install/wsg_50_driver/lib:/home/sam/moveit2/install/pilz_industrial_motion_planner_testutils/lib:/home/sam/moveit2/install/pilz_industrial_motion_planner/lib:/home/sam/moveit2/install/moveit_ros_control_interface/lib:/home/sam/moveit2/install/moveit_simple_controller_manager/lib:/home/sam/moveit2/install/moveit_setup_assistant/lib:/home/sam/moveit2/install/moveit_setup_srdf_plugins/lib:/home/sam/moveit2/install/moveit_setup_core_plugins/lib:/home/sam/moveit2/install/moveit_setup_controllers/lib:/home/sam/moveit2/install/moveit_setup_app_plugins/lib:/home/sam/moveit2/install/moveit_setup_framework/lib:/home/sam/moveit2/install/moveit_servo/lib:/home/sam/moveit2/install/moveit_ros_visualization/lib:/home/sam/moveit2/install/moveit_py/lib:/home/sam/moveit2/install/moveit_hybrid_planning/lib:/home/sam/moveit2/install/moveit_ros_planning_interface/lib:/home/sam/moveit2/install/moveit_ros_benchmarks/lib:/home/sam/moveit2/install/moveit_ros_warehouse/lib:/home/sam/moveit2/install/moveit_ros_robot_interaction/lib:/home/sam/moveit2/install/moveit_ros_perception/lib:/home/sam/moveit2/install/moveit_ros_move_group/lib:/home/sam/moveit2/install/moveit_planners_ompl/lib:/home/sam/moveit2/install/moveit_kinematics/lib:/home/sam/moveit2/install/moveit_ros_planning/lib:/home/sam/moveit2/install/moveit_ros_occupancy_map_monitor/lib:/home/sam/moveit2/install/moveit_resources_prbt_ikfast_manipulator_plugin/lib:/home/sam/moveit2/install/moveit_planners_stomp/lib:/home/sam/moveit2/install/moveit_planners_chomp/lib:/home/sam/moveit2/install/chomp_motion_planner/lib:/home/sam/moveit2/install/moveit_core/lib:/home/sam/moveit2/install/moveit_msgs/lib:/home/sam/moveit2/install/geometric_shapes/lib:/home/sam/ros2_ws/install/ros2_grasshopper/lib:/home/sam/ros2_ws/install/ros2_file_server/lib:/home/sam/ros2_ws/install/fanuc_srvs_msgs/lib:/home/sam/ros2_ws/install/fanuc_control/lib:/home/sam/ros2_ws/install/fanuc_rmi/lib:/home/sam/ros2_ws/install/fanuc_eth_ip/lib:/usr/lib/x86_64-linux-gnu/gazebo-11/plugins:/opt/ros/humble/opt/rviz_ogre_vendor/lib:/opt/ros/humble/lib/x86_64-linux-gnu:/opt/ros/humble/lib /usr/bin/cmake --install /home/sam/wsg50/build/wsg_50_interface
[19.553s] Level 1:colcon.colcon_core.environment:checking '/home/sam/wsg50/install/wsg_50_interface' for CMake config files
[19.553s] Level 1:colcon.colcon_core.shell:create_environment_hook('wsg_50_interface', 'cmake_prefix_path')
[19.554s] INFO:colcon.colcon_core.shell:Creating environment hook '/home/sam/wsg50/install/wsg_50_interface/share/wsg_50_interface/hook/cmake_prefix_path.ps1'
[19.555s] INFO:colcon.colcon_core.shell:Creating environment descriptor '/home/sam/wsg50/install/wsg_50_interface/share/wsg_50_interface/hook/cmake_prefix_path.dsv'
[19.556s] INFO:colcon.colcon_core.shell:Creating environment hook '/home/sam/wsg50/install/wsg_50_interface/share/wsg_50_interface/hook/cmake_prefix_path.sh'
[19.557s] Level 1:colcon.colcon_core.environment:checking '/home/sam/wsg50/install/wsg_50_interface/lib'
[19.557s] Level 1:colcon.colcon_core.shell:create_environment_hook('wsg_50_interface', 'ld_library_path_lib')
[19.558s] INFO:colcon.colcon_core.shell:Creating environment hook '/home/sam/wsg50/install/wsg_50_interface/share/wsg_50_interface/hook/ld_library_path_lib.ps1'
[19.558s] INFO:colcon.colcon_core.shell:Creating environment descriptor '/home/sam/wsg50/install/wsg_50_interface/share/wsg_50_interface/hook/ld_library_path_lib.dsv'
[19.559s] INFO:colcon.colcon_core.shell:Creating environment hook '/home/sam/wsg50/install/wsg_50_interface/share/wsg_50_interface/hook/ld_library_path_lib.sh'
[19.560s] Level 1:colcon.colcon_core.environment:checking '/home/sam/wsg50/install/wsg_50_interface/bin'
[19.560s] Level 1:colcon.colcon_core.environment:checking '/home/sam/wsg50/install/wsg_50_interface/lib/pkgconfig/wsg_50_interface.pc'
[19.561s] Level 1:colcon.colcon_core.environment:checking '/home/sam/wsg50/install/wsg_50_interface/lib/python3.10/site-packages'
[19.561s] Level 1:colcon.colcon_core.environment:checking '/home/sam/wsg50/install/wsg_50_interface/bin'
[19.562s] INFO:colcon.colcon_core.shell:Creating package script '/home/sam/wsg50/install/wsg_50_interface/share/wsg_50_interface/package.ps1'
[19.563s] INFO:colcon.colcon_core.shell:Creating package descriptor '/home/sam/wsg50/install/wsg_50_interface/share/wsg_50_interface/package.dsv'
[19.564s] INFO:colcon.colcon_core.shell:Creating package script '/home/sam/wsg50/install/wsg_50_interface/share/wsg_50_interface/package.sh'
[19.565s] INFO:colcon.colcon_core.shell:Creating package script '/home/sam/wsg50/install/wsg_50_interface/share/wsg_50_interface/package.bash'
[19.565s] INFO:colcon.colcon_core.shell:Creating package script '/home/sam/wsg50/install/wsg_50_interface/share/wsg_50_interface/package.zsh'
[19.566s] Level 1:colcon.colcon_core.environment:create_file_with_runtime_dependencies(/home/sam/wsg50/install/wsg_50_interface/share/colcon-core/packages/wsg_50_interface)
[19.567s] Level 1:colcon.colcon_core.environment:create_environment_scripts_only(wsg_50_interface)
[19.567s] Level 1:colcon.colcon_core.environment:checking '/home/sam/wsg50/install/wsg_50_interface' for CMake module files
[19.568s] Level 1:colcon.colcon_core.environment:checking '/home/sam/wsg50/install/wsg_50_interface' for CMake config files
[19.569s] Level 1:colcon.colcon_core.shell:create_environment_hook('wsg_50_interface', 'cmake_prefix_path')
[19.569s] INFO:colcon.colcon_core.shell:Creating environment hook '/home/sam/wsg50/install/wsg_50_interface/share/wsg_50_interface/hook/cmake_prefix_path.ps1'
[19.571s] INFO:colcon.colcon_core.shell:Creating environment descriptor '/home/sam/wsg50/install/wsg_50_interface/share/wsg_50_interface/hook/cmake_prefix_path.dsv'
[19.572s] INFO:colcon.colcon_core.shell:Creating environment hook '/home/sam/wsg50/install/wsg_50_interface/share/wsg_50_interface/hook/cmake_prefix_path.sh'
[19.573s] Level 1:colcon.colcon_core.environment:checking '/home/sam/wsg50/install/wsg_50_interface/lib'
[19.573s] Level 1:colcon.colcon_core.shell:create_environment_hook('wsg_50_interface', 'ld_library_path_lib')
[19.574s] INFO:colcon.colcon_core.shell:Creating environment hook '/home/sam/wsg50/install/wsg_50_interface/share/wsg_50_interface/hook/ld_library_path_lib.ps1'
[19.574s] INFO:colcon.colcon_core.shell:Creating environment descriptor '/home/sam/wsg50/install/wsg_50_interface/share/wsg_50_interface/hook/ld_library_path_lib.dsv'
[19.576s] INFO:colcon.colcon_core.shell:Creating environment hook '/home/sam/wsg50/install/wsg_50_interface/share/wsg_50_interface/hook/ld_library_path_lib.sh'
[19.577s] Level 1:colcon.colcon_core.environment:checking '/home/sam/wsg50/install/wsg_50_interface/bin'
[19.577s] Level 1:colcon.colcon_core.environment:checking '/home/sam/wsg50/install/wsg_50_interface/lib/pkgconfig/wsg_50_interface.pc'
[19.577s] Level 1:colcon.colcon_core.environment:checking '/home/sam/wsg50/install/wsg_50_interface/lib/python3.10/site-packages'
[19.577s] Level 1:colcon.colcon_core.environment:checking '/home/sam/wsg50/install/wsg_50_interface/bin'
[19.578s] INFO:colcon.colcon_core.shell:Creating package script '/home/sam/wsg50/install/wsg_50_interface/share/wsg_50_interface/package.ps1'
[19.579s] INFO:colcon.colcon_core.shell:Creating package descriptor '/home/sam/wsg50/install/wsg_50_interface/share/wsg_50_interface/package.dsv'
[19.580s] INFO:colcon.colcon_core.shell:Creating package script '/home/sam/wsg50/install/wsg_50_interface/share/wsg_50_interface/package.sh'
[19.581s] INFO:colcon.colcon_core.shell:Creating package script '/home/sam/wsg50/install/wsg_50_interface/share/wsg_50_interface/package.bash'
[19.582s] INFO:colcon.colcon_core.shell:Creating package script '/home/sam/wsg50/install/wsg_50_interface/share/wsg_50_interface/package.zsh'
[19.583s] Level 1:colcon.colcon_core.environment:create_file_with_runtime_dependencies(/home/sam/wsg50/install/wsg_50_interface/share/colcon-core/packages/wsg_50_interface)
[19.583s] DEBUG:colcon.colcon_parallel_executor.executor.parallel:closing loop
[19.585s] DEBUG:colcon.colcon_parallel_executor.executor.parallel:loop closed
[19.585s] DEBUG:colcon.colcon_parallel_executor.executor.parallel:run_until_complete finished with '0'
[19.585s] DEBUG:colcon.colcon_core.event_reactor:joining thread
[19.735s] INFO:colcon.colcon_core.plugin_system:Skipping extension 'colcon_notification.desktop_notification.notify_send': Could not find 'notify-send'
[19.735s] INFO:colcon.colcon_core.plugin_system:Skipping extension 'colcon_notification.desktop_notification.terminal_notifier': Not used on non-Darwin systems
[19.736s] INFO:colcon.colcon_core.plugin_system:Skipping extension 'colcon_notification.desktop_notification.win32': Not used on non-Windows systems
[19.736s] INFO:colcon.colcon_notification.desktop_notification:Sending desktop notification using 'notify2'
[19.738s] DEBUG:colcon.colcon_notification.desktop_notification.notify2:Failed to initialize notify2: org.freedesktop.DBus.Error.ServiceUnknown: The name org.freedesktop.Notifications was not provided by any .service files
[19.739s] DEBUG:colcon.colcon_core.event_reactor:joined thread
[19.740s] INFO:colcon.colcon_core.shell:Creating prefix script '/home/sam/wsg50/install/local_setup.ps1'
[19.741s] INFO:colcon.colcon_core.shell:Creating prefix util module '/home/sam/wsg50/install/_local_setup_util_ps1.py'
[19.744s] INFO:colcon.colcon_core.shell:Creating prefix chain script '/home/sam/wsg50/install/setup.ps1'
[19.754s] INFO:colcon.colcon_core.shell:Creating prefix script '/home/sam/wsg50/install/local_setup.sh'
[19.756s] INFO:colcon.colcon_core.shell:Creating prefix util module '/home/sam/wsg50/install/_local_setup_util_sh.py'
[19.757s] INFO:colcon.colcon_core.shell:Creating prefix chain script '/home/sam/wsg50/install/setup.sh'
[19.766s] INFO:colcon.colcon_core.shell:Creating prefix script '/home/sam/wsg50/install/local_setup.bash'
[19.767s] INFO:colcon.colcon_core.shell:Creating prefix chain script '/home/sam/wsg50/install/setup.bash'
[19.778s] INFO:colcon.colcon_core.shell:Creating prefix script '/home/sam/wsg50/install/local_setup.zsh'
[19.779s] INFO:colcon.colcon_core.shell:Creating prefix chain script '/home/sam/wsg50/install/setup.zsh'
