[0.057s] Invoking command in '/home/sam/wsg50/build/wsg_50_simulation': CMAKE_PREFIX_PATH=${CMAKE_PREFIX_PATH}:/home/sam/moveit2/install/moveit_configs_utils:/opt/ros/humble /usr/bin/cmake --build /home/sam/wsg50/build/wsg_50_simulation -- -j8 -l8
[0.226s] Invoked command in '/home/sam/wsg50/build/wsg_50_simulation' returned '0': CMAKE_PREFIX_PATH=${CMAKE_PREFIX_PATH}:/home/sam/moveit2/install/moveit_configs_utils:/opt/ros/humble /usr/bin/cmake --build /home/sam/wsg50/build/wsg_50_simulation -- -j8 -l8
[0.272s] Invoking command in '/home/sam/wsg50/build/wsg_50_simulation': CMAKE_PREFIX_PATH=${CMAKE_PREFIX_PATH}:/home/sam/moveit2/install/moveit_configs_utils:/opt/ros/humble /usr/bin/cmake --install /home/sam/wsg50/build/wsg_50_simulation
[0.315s] -- Install configuration: ""
[0.316s] -- Up-to-date: /home/sam/wsg50/install/wsg_50_simulation/share/wsg_50_simulation/launch
[0.316s] -- Up-to-date: /home/sam/wsg50/install/wsg_50_simulation/share/wsg_50_simulation/launch/wsg_50.launch.py
[0.316s] -- Up-to-date: /home/sam/wsg50/install/wsg_50_simulation/share/wsg_50_simulation/launch/wsg_50_controllers.launch.py
[0.316s] -- Up-to-date: /home/sam/wsg50/install/wsg_50_simulation/share/wsg_50_simulation/launch/view_wsg50.launch.py
[0.316s] -- Up-to-date: /home/sam/wsg50/install/wsg_50_simulation/share/wsg_50_simulation/urdf
[0.317s] -- Up-to-date: /home/sam/wsg50/install/wsg_50_simulation/share/wsg_50_simulation/urdf/wsg50.urdf.xacro
[0.317s] -- Up-to-date: /home/sam/wsg50/install/wsg_50_simulation/share/wsg_50_simulation/urdf/wsg_50.srdf.xacro
[0.317s] -- Up-to-date: /home/sam/wsg50/install/wsg_50_simulation/share/wsg_50_simulation/urdf/wsg_50.urdf.xacro
[0.317s] -- Up-to-date: /home/sam/wsg50/install/wsg_50_simulation/share/wsg_50_simulation/controllers
[0.317s] -- Up-to-date: /home/sam/wsg50/install/wsg_50_simulation/share/wsg_50_simulation/controllers/wsg_50_standalone.yaml
[0.317s] -- Up-to-date: /home/sam/wsg50/install/wsg_50_simulation/share/wsg_50_simulation/meshes
[0.318s] -- Up-to-date: /home/sam/wsg50/install/wsg_50_simulation/share/wsg_50_simulation/meshes/finger_body.stl
[0.318s] -- Up-to-date: /home/sam/wsg50/install/wsg_50_simulation/share/wsg_50_simulation/meshes/WSG50_110.stl
[0.318s] -- Up-to-date: /home/sam/wsg50/install/wsg_50_simulation/share/wsg_50_simulation/meshes/GUIDE_WSG50_110.stl
[0.318s] -- Up-to-date: /home/sam/wsg50/install/wsg_50_simulation/share/wsg_50_simulation/meshes/finger_base.stl
[0.319s] -- Up-to-date: /home/sam/wsg50/install/wsg_50_simulation/share/wsg_50_simulation/meshes/WSG-FMF.stl
[0.319s] -- Up-to-date: /home/sam/wsg50/install/wsg_50_simulation/share/wsg_50_simulation/meshes/FL_ISO50_WSG50.stl
[0.319s] -- Up-to-date: /home/sam/wsg50/install/wsg_50_simulation/share/wsg_50_simulation/rviz
[0.320s] -- Up-to-date: /home/sam/wsg50/install/wsg_50_simulation/share/wsg_50_simulation/rviz/wsg50.rviz
[0.320s] -- Up-to-date: /home/sam/wsg50/install/wsg_50_simulation/share/wsg_50_simulation/rviz/wsg.rviz
[0.320s] -- Up-to-date: /home/sam/wsg50/install/wsg_50_simulation/share/ament_index/resource_index/package_run_dependencies/wsg_50_simulation
[0.320s] -- Up-to-date: /home/sam/wsg50/install/wsg_50_simulation/share/ament_index/resource_index/parent_prefix_path/wsg_50_simulation
[0.320s] -- Up-to-date: /home/sam/wsg50/install/wsg_50_simulation/share/wsg_50_simulation/environment/ament_prefix_path.sh
[0.320s] -- Up-to-date: /home/sam/wsg50/install/wsg_50_simulation/share/wsg_50_simulation/environment/ament_prefix_path.dsv
[0.320s] -- Up-to-date: /home/sam/wsg50/install/wsg_50_simulation/share/wsg_50_simulation/environment/path.sh
[0.321s] -- Up-to-date: /home/sam/wsg50/install/wsg_50_simulation/share/wsg_50_simulation/environment/path.dsv
[0.321s] -- Up-to-date: /home/sam/wsg50/install/wsg_50_simulation/share/wsg_50_simulation/local_setup.bash
[0.321s] -- Up-to-date: /home/sam/wsg50/install/wsg_50_simulation/share/wsg_50_simulation/local_setup.sh
[0.321s] -- Up-to-date: /home/sam/wsg50/install/wsg_50_simulation/share/wsg_50_simulation/local_setup.zsh
[0.351s] -- Up-to-date: /home/sam/wsg50/install/wsg_50_simulation/share/wsg_50_simulation/local_setup.dsv
[0.351s] -- Installing: /home/sam/wsg50/install/wsg_50_simulation/share/wsg_50_simulation/package.dsv
[0.351s] -- Up-to-date: /home/sam/wsg50/install/wsg_50_simulation/share/ament_index/resource_index/packages/wsg_50_simulation
[0.352s] -- Up-to-date: /home/sam/wsg50/install/wsg_50_simulation/share/wsg_50_simulation/cmake/wsg_50_simulationConfig.cmake
[0.352s] -- Up-to-date: /home/sam/wsg50/install/wsg_50_simulation/share/wsg_50_simulation/cmake/wsg_50_simulationConfig-version.cmake
[0.352s] -- Up-to-date: /home/sam/wsg50/install/wsg_50_simulation/share/wsg_50_simulation/package.xml
[0.353s] Invoked command in '/home/sam/wsg50/build/wsg_50_simulation' returned '0': CMAKE_PREFIX_PATH=${CMAKE_PREFIX_PATH}:/home/sam/moveit2/install/moveit_configs_utils:/opt/ros/humble /usr/bin/cmake --install /home/sam/wsg50/build/wsg_50_simulation
