[  1%] Built target wsg_50_common__cpp
[ 12%] Built target wsg_50_common__rosidl_generator_c
[ 12%] Built target ament_cmake_python_copy_wsg_50_common
[ 23%] Built target wsg_50_common__rosidl_typesupport_introspection_c
[ 35%] Built target wsg_50_common__rosidl_typesupport_fastrtps_cpp
[ 46%] Built target wsg_50_common__rosidl_typesupport_cpp
[ 57%] Built target wsg_50_common__rosidl_typesupport_introspection_cpp
[ 69%] Built target wsg_50_common__rosidl_typesupport_fastrtps_c
[ 80%] Built target wsg_50_common__rosidl_typesupport_c
[ 80%] Built target wsg_50_common
[ 81%] Built target wsg_50_common__py
[ 91%] Built target wsg_50_common__rosidl_generator_py
[ 94%] Built target wsg_50_common__rosidl_typesupport_fastrtps_c__pyext
[ 97%] Built target wsg_50_common__rosidl_typesupport_introspection_c__pyext
[100%] Built target wsg_50_common__rosidl_typesupport_c__pyext
running egg_info
writing wsg_50_common.egg-info/PKG-INFO
writing dependency_links to wsg_50_common.egg-info/dependency_links.txt
writing top-level names to wsg_50_common.egg-info/top_level.txt
reading manifest file 'wsg_50_common.egg-info/SOURCES.txt'
writing manifest file 'wsg_50_common.egg-info/SOURCES.txt'
[100%] Built target ament_cmake_python_build_wsg_50_common_egg
-- Install configuration: ""
-- Up-to-date: /home/sam/wsg50/install/wsg_50_common/share/ament_index/resource_index/rosidl_interfaces/wsg_50_common
-- Up-to-date: /home/sam/wsg50/install/wsg_50_common/include/wsg_50_common/wsg_50_common
-- Up-to-date: /home/sam/wsg50/install/wsg_50_common/include/wsg_50_common/wsg_50_common/msg
-- Up-to-date: /home/sam/wsg50/install/wsg_50_common/include/wsg_50_common/wsg_50_common/msg/status.h
-- Up-to-date: /home/sam/wsg50/install/wsg_50_common/include/wsg_50_common/wsg_50_common/msg/detail
-- Up-to-date: /home/sam/wsg50/install/wsg_50_common/include/wsg_50_common/wsg_50_common/msg/detail/cmd__functions.c
-- Up-to-date: /home/sam/wsg50/install/wsg_50_common/include/wsg_50_common/wsg_50_common/msg/detail/status__struct.h
-- Up-to-date: /home/sam/wsg50/install/wsg_50_common/include/wsg_50_common/wsg_50_common/msg/detail/cmd__struct.h
-- Up-to-date: /home/sam/wsg50/install/wsg_50_common/include/wsg_50_common/wsg_50_common/msg/detail/cmd__type_support.h
-- Up-to-date: /home/sam/wsg50/install/wsg_50_common/include/wsg_50_common/wsg_50_common/msg/detail/status__type_support.h
-- Up-to-date: /home/sam/wsg50/install/wsg_50_common/include/wsg_50_common/wsg_50_common/msg/detail/status__functions.c
-- Up-to-date: /home/sam/wsg50/install/wsg_50_common/include/wsg_50_common/wsg_50_common/msg/detail/status__functions.h
-- Up-to-date: /home/sam/wsg50/install/wsg_50_common/include/wsg_50_common/wsg_50_common/msg/detail/cmd__functions.h
-- Up-to-date: /home/sam/wsg50/install/wsg_50_common/include/wsg_50_common/wsg_50_common/msg/rosidl_generator_c__visibility_control.h
-- Up-to-date: /home/sam/wsg50/install/wsg_50_common/include/wsg_50_common/wsg_50_common/msg/cmd.h
-- Up-to-date: /home/sam/wsg50/install/wsg_50_common/include/wsg_50_common/wsg_50_common/srv
-- Up-to-date: /home/sam/wsg50/install/wsg_50_common/include/wsg_50_common/wsg_50_common/srv/conf.h
-- Up-to-date: /home/sam/wsg50/install/wsg_50_common/include/wsg_50_common/wsg_50_common/srv/incr.h
-- Up-to-date: /home/sam/wsg50/install/wsg_50_common/include/wsg_50_common/wsg_50_common/srv/move.h
-- Up-to-date: /home/sam/wsg50/install/wsg_50_common/include/wsg_50_common/wsg_50_common/srv/detail
-- Up-to-date: /home/sam/wsg50/install/wsg_50_common/include/wsg_50_common/wsg_50_common/srv/detail/conf__functions.h
-- Up-to-date: /home/sam/wsg50/install/wsg_50_common/include/wsg_50_common/wsg_50_common/srv/detail/incr__functions.h
-- Up-to-date: /home/sam/wsg50/install/wsg_50_common/include/wsg_50_common/wsg_50_common/srv/detail/incr__type_support.h
-- Up-to-date: /home/sam/wsg50/install/wsg_50_common/include/wsg_50_common/wsg_50_common/srv/detail/incr__functions.c
-- Up-to-date: /home/sam/wsg50/install/wsg_50_common/include/wsg_50_common/wsg_50_common/srv/detail/move__functions.c
-- Up-to-date: /home/sam/wsg50/install/wsg_50_common/include/wsg_50_common/wsg_50_common/srv/detail/move__type_support.h
-- Up-to-date: /home/sam/wsg50/install/wsg_50_common/include/wsg_50_common/wsg_50_common/srv/detail/move__struct.h
-- Up-to-date: /home/sam/wsg50/install/wsg_50_common/include/wsg_50_common/wsg_50_common/srv/detail/incr__struct.h
-- Up-to-date: /home/sam/wsg50/install/wsg_50_common/include/wsg_50_common/wsg_50_common/srv/detail/conf__type_support.h
-- Up-to-date: /home/sam/wsg50/install/wsg_50_common/include/wsg_50_common/wsg_50_common/srv/detail/conf__functions.c
-- Up-to-date: /home/sam/wsg50/install/wsg_50_common/include/wsg_50_common/wsg_50_common/srv/detail/move__functions.h
-- Up-to-date: /home/sam/wsg50/install/wsg_50_common/include/wsg_50_common/wsg_50_common/srv/detail/conf__struct.h
-- Up-to-date: /home/sam/wsg50/install/wsg_50_common/include/wsg_50_common/wsg_50_common/action
-- Up-to-date: /home/sam/wsg50/install/wsg_50_common/include/wsg_50_common/wsg_50_common/action/detail
-- Up-to-date: /home/sam/wsg50/install/wsg_50_common/include/wsg_50_common/wsg_50_common/action/detail/cmd__functions.c
-- Up-to-date: /home/sam/wsg50/install/wsg_50_common/include/wsg_50_common/wsg_50_common/action/detail/cmd__struct.h
-- Up-to-date: /home/sam/wsg50/install/wsg_50_common/include/wsg_50_common/wsg_50_common/action/detail/cmd__type_support.h
-- Up-to-date: /home/sam/wsg50/install/wsg_50_common/include/wsg_50_common/wsg_50_common/action/detail/cmd__functions.h
-- Up-to-date: /home/sam/wsg50/install/wsg_50_common/include/wsg_50_common/wsg_50_common/action/cmd.h
-- Up-to-date: /home/sam/wsg50/install/wsg_50_common/share/wsg_50_common/environment/library_path.sh
-- Up-to-date: /home/sam/wsg50/install/wsg_50_common/share/wsg_50_common/environment/library_path.dsv
-- Up-to-date: /home/sam/wsg50/install/wsg_50_common/lib/libwsg_50_common__rosidl_generator_c.so
-- Up-to-date: /home/sam/wsg50/install/wsg_50_common/include/wsg_50_common/wsg_50_common
-- Up-to-date: /home/sam/wsg50/install/wsg_50_common/include/wsg_50_common/wsg_50_common/msg
-- Up-to-date: /home/sam/wsg50/install/wsg_50_common/include/wsg_50_common/wsg_50_common/msg/rosidl_typesupport_fastrtps_c__visibility_control.h
-- Up-to-date: /home/sam/wsg50/install/wsg_50_common/include/wsg_50_common/wsg_50_common/msg/detail
-- Up-to-date: /home/sam/wsg50/install/wsg_50_common/include/wsg_50_common/wsg_50_common/msg/detail/status__rosidl_typesupport_fastrtps_c.h
-- Up-to-date: /home/sam/wsg50/install/wsg_50_common/include/wsg_50_common/wsg_50_common/msg/detail/cmd__rosidl_typesupport_fastrtps_c.h
-- Up-to-date: /home/sam/wsg50/install/wsg_50_common/include/wsg_50_common/wsg_50_common/srv
-- Up-to-date: /home/sam/wsg50/install/wsg_50_common/include/wsg_50_common/wsg_50_common/srv/detail
-- Up-to-date: /home/sam/wsg50/install/wsg_50_common/include/wsg_50_common/wsg_50_common/srv/detail/conf__rosidl_typesupport_fastrtps_c.h
-- Up-to-date: /home/sam/wsg50/install/wsg_50_common/include/wsg_50_common/wsg_50_common/srv/detail/move__rosidl_typesupport_fastrtps_c.h
-- Up-to-date: /home/sam/wsg50/install/wsg_50_common/include/wsg_50_common/wsg_50_common/srv/detail/incr__rosidl_typesupport_fastrtps_c.h
-- Up-to-date: /home/sam/wsg50/install/wsg_50_common/include/wsg_50_common/wsg_50_common/action
-- Up-to-date: /home/sam/wsg50/install/wsg_50_common/include/wsg_50_common/wsg_50_common/action/detail
-- Up-to-date: /home/sam/wsg50/install/wsg_50_common/include/wsg_50_common/wsg_50_common/action/detail/cmd__rosidl_typesupport_fastrtps_c.h
-- Up-to-date: /home/sam/wsg50/install/wsg_50_common/lib/libwsg_50_common__rosidl_typesupport_fastrtps_c.so
-- Up-to-date: /home/sam/wsg50/install/wsg_50_common/include/wsg_50_common/wsg_50_common
-- Up-to-date: /home/sam/wsg50/install/wsg_50_common/include/wsg_50_common/wsg_50_common/msg
-- Up-to-date: /home/sam/wsg50/install/wsg_50_common/include/wsg_50_common/wsg_50_common/msg/cmd.hpp
-- Up-to-date: /home/sam/wsg50/install/wsg_50_common/include/wsg_50_common/wsg_50_common/msg/status.hpp
-- Up-to-date: /home/sam/wsg50/install/wsg_50_common/include/wsg_50_common/wsg_50_common/msg/detail
-- Up-to-date: /home/sam/wsg50/install/wsg_50_common/include/wsg_50_common/wsg_50_common/msg/detail/status__traits.hpp
-- Up-to-date: /home/sam/wsg50/install/wsg_50_common/include/wsg_50_common/wsg_50_common/msg/detail/status__type_support.hpp
-- Up-to-date: /home/sam/wsg50/install/wsg_50_common/include/wsg_50_common/wsg_50_common/msg/detail/status__builder.hpp
-- Up-to-date: /home/sam/wsg50/install/wsg_50_common/include/wsg_50_common/wsg_50_common/msg/detail/cmd__traits.hpp
-- Up-to-date: /home/sam/wsg50/install/wsg_50_common/include/wsg_50_common/wsg_50_common/msg/detail/status__struct.hpp
-- Up-to-date: /home/sam/wsg50/install/wsg_50_common/include/wsg_50_common/wsg_50_common/msg/detail/cmd__struct.hpp
-- Up-to-date: /home/sam/wsg50/install/wsg_50_common/include/wsg_50_common/wsg_50_common/msg/detail/cmd__builder.hpp
-- Up-to-date: /home/sam/wsg50/install/wsg_50_common/include/wsg_50_common/wsg_50_common/msg/detail/cmd__type_support.hpp
-- Up-to-date: /home/sam/wsg50/install/wsg_50_common/include/wsg_50_common/wsg_50_common/msg/rosidl_generator_cpp__visibility_control.hpp
-- Up-to-date: /home/sam/wsg50/install/wsg_50_common/include/wsg_50_common/wsg_50_common/srv
-- Up-to-date: /home/sam/wsg50/install/wsg_50_common/include/wsg_50_common/wsg_50_common/srv/incr.hpp
-- Up-to-date: /home/sam/wsg50/install/wsg_50_common/include/wsg_50_common/wsg_50_common/srv/move.hpp
-- Up-to-date: /home/sam/wsg50/install/wsg_50_common/include/wsg_50_common/wsg_50_common/srv/detail
-- Up-to-date: /home/sam/wsg50/install/wsg_50_common/include/wsg_50_common/wsg_50_common/srv/detail/conf__traits.hpp
-- Up-to-date: /home/sam/wsg50/install/wsg_50_common/include/wsg_50_common/wsg_50_common/srv/detail/move__builder.hpp
-- Up-to-date: /home/sam/wsg50/install/wsg_50_common/include/wsg_50_common/wsg_50_common/srv/detail/move__struct.hpp
-- Up-to-date: /home/sam/wsg50/install/wsg_50_common/include/wsg_50_common/wsg_50_common/srv/detail/conf__struct.hpp
-- Up-to-date: /home/sam/wsg50/install/wsg_50_common/include/wsg_50_common/wsg_50_common/srv/detail/move__type_support.hpp
-- Up-to-date: /home/sam/wsg50/install/wsg_50_common/include/wsg_50_common/wsg_50_common/srv/detail/incr__builder.hpp
-- Up-to-date: /home/sam/wsg50/install/wsg_50_common/include/wsg_50_common/wsg_50_common/srv/detail/move__traits.hpp
-- Up-to-date: /home/sam/wsg50/install/wsg_50_common/include/wsg_50_common/wsg_50_common/srv/detail/conf__type_support.hpp
-- Up-to-date: /home/sam/wsg50/install/wsg_50_common/include/wsg_50_common/wsg_50_common/srv/detail/conf__builder.hpp
-- Up-to-date: /home/sam/wsg50/install/wsg_50_common/include/wsg_50_common/wsg_50_common/srv/detail/incr__traits.hpp
-- Up-to-date: /home/sam/wsg50/install/wsg_50_common/include/wsg_50_common/wsg_50_common/srv/detail/incr__type_support.hpp
-- Up-to-date: /home/sam/wsg50/install/wsg_50_common/include/wsg_50_common/wsg_50_common/srv/detail/incr__struct.hpp
-- Up-to-date: /home/sam/wsg50/install/wsg_50_common/include/wsg_50_common/wsg_50_common/srv/conf.hpp
-- Up-to-date: /home/sam/wsg50/install/wsg_50_common/include/wsg_50_common/wsg_50_common/action
-- Up-to-date: /home/sam/wsg50/install/wsg_50_common/include/wsg_50_common/wsg_50_common/action/cmd.hpp
-- Up-to-date: /home/sam/wsg50/install/wsg_50_common/include/wsg_50_common/wsg_50_common/action/detail
-- Up-to-date: /home/sam/wsg50/install/wsg_50_common/include/wsg_50_common/wsg_50_common/action/detail/cmd__traits.hpp
-- Up-to-date: /home/sam/wsg50/install/wsg_50_common/include/wsg_50_common/wsg_50_common/action/detail/cmd__struct.hpp
-- Up-to-date: /home/sam/wsg50/install/wsg_50_common/include/wsg_50_common/wsg_50_common/action/detail/cmd__builder.hpp
-- Up-to-date: /home/sam/wsg50/install/wsg_50_common/include/wsg_50_common/wsg_50_common/action/detail/cmd__type_support.hpp
-- Up-to-date: /home/sam/wsg50/install/wsg_50_common/include/wsg_50_common/wsg_50_common
-- Up-to-date: /home/sam/wsg50/install/wsg_50_common/include/wsg_50_common/wsg_50_common/msg
-- Up-to-date: /home/sam/wsg50/install/wsg_50_common/include/wsg_50_common/wsg_50_common/msg/rosidl_typesupport_fastrtps_cpp__visibility_control.h
-- Up-to-date: /home/sam/wsg50/install/wsg_50_common/include/wsg_50_common/wsg_50_common/msg/detail
-- Up-to-date: /home/sam/wsg50/install/wsg_50_common/include/wsg_50_common/wsg_50_common/msg/detail/cmd__rosidl_typesupport_fastrtps_cpp.hpp
-- Up-to-date: /home/sam/wsg50/install/wsg_50_common/include/wsg_50_common/wsg_50_common/msg/detail/dds_fastrtps
-- Up-to-date: /home/sam/wsg50/install/wsg_50_common/include/wsg_50_common/wsg_50_common/msg/detail/status__rosidl_typesupport_fastrtps_cpp.hpp
-- Up-to-date: /home/sam/wsg50/install/wsg_50_common/include/wsg_50_common/wsg_50_common/srv
-- Up-to-date: /home/sam/wsg50/install/wsg_50_common/include/wsg_50_common/wsg_50_common/srv/detail
-- Up-to-date: /home/sam/wsg50/install/wsg_50_common/include/wsg_50_common/wsg_50_common/srv/detail/move__rosidl_typesupport_fastrtps_cpp.hpp
-- Up-to-date: /home/sam/wsg50/install/wsg_50_common/include/wsg_50_common/wsg_50_common/srv/detail/incr__rosidl_typesupport_fastrtps_cpp.hpp
-- Up-to-date: /home/sam/wsg50/install/wsg_50_common/include/wsg_50_common/wsg_50_common/srv/detail/dds_fastrtps
-- Up-to-date: /home/sam/wsg50/install/wsg_50_common/include/wsg_50_common/wsg_50_common/srv/detail/conf__rosidl_typesupport_fastrtps_cpp.hpp
-- Up-to-date: /home/sam/wsg50/install/wsg_50_common/include/wsg_50_common/wsg_50_common/action
-- Up-to-date: /home/sam/wsg50/install/wsg_50_common/include/wsg_50_common/wsg_50_common/action/detail
-- Up-to-date: /home/sam/wsg50/install/wsg_50_common/include/wsg_50_common/wsg_50_common/action/detail/cmd__rosidl_typesupport_fastrtps_cpp.hpp
-- Up-to-date: /home/sam/wsg50/install/wsg_50_common/include/wsg_50_common/wsg_50_common/action/detail/dds_fastrtps
-- Up-to-date: /home/sam/wsg50/install/wsg_50_common/lib/libwsg_50_common__rosidl_typesupport_fastrtps_cpp.so
-- Up-to-date: /home/sam/wsg50/install/wsg_50_common/include/wsg_50_common/wsg_50_common
-- Up-to-date: /home/sam/wsg50/install/wsg_50_common/include/wsg_50_common/wsg_50_common/msg
-- Up-to-date: /home/sam/wsg50/install/wsg_50_common/include/wsg_50_common/wsg_50_common/msg/rosidl_typesupport_introspection_c__visibility_control.h
-- Up-to-date: /home/sam/wsg50/install/wsg_50_common/include/wsg_50_common/wsg_50_common/msg/detail
-- Up-to-date: /home/sam/wsg50/install/wsg_50_common/include/wsg_50_common/wsg_50_common/msg/detail/status__type_support.c
-- Up-to-date: /home/sam/wsg50/install/wsg_50_common/include/wsg_50_common/wsg_50_common/msg/detail/cmd__type_support.c
-- Up-to-date: /home/sam/wsg50/install/wsg_50_common/include/wsg_50_common/wsg_50_common/msg/detail/status__rosidl_typesupport_introspection_c.h
-- Up-to-date: /home/sam/wsg50/install/wsg_50_common/include/wsg_50_common/wsg_50_common/msg/detail/cmd__rosidl_typesupport_introspection_c.h
-- Up-to-date: /home/sam/wsg50/install/wsg_50_common/include/wsg_50_common/wsg_50_common/srv
-- Up-to-date: /home/sam/wsg50/install/wsg_50_common/include/wsg_50_common/wsg_50_common/srv/detail
-- Up-to-date: /home/sam/wsg50/install/wsg_50_common/include/wsg_50_common/wsg_50_common/srv/detail/conf__rosidl_typesupport_introspection_c.h
-- Up-to-date: /home/sam/wsg50/install/wsg_50_common/include/wsg_50_common/wsg_50_common/srv/detail/incr__rosidl_typesupport_introspection_c.h
-- Up-to-date: /home/sam/wsg50/install/wsg_50_common/include/wsg_50_common/wsg_50_common/srv/detail/move__rosidl_typesupport_introspection_c.h
-- Up-to-date: /home/sam/wsg50/install/wsg_50_common/include/wsg_50_common/wsg_50_common/srv/detail/move__type_support.c
-- Up-to-date: /home/sam/wsg50/install/wsg_50_common/include/wsg_50_common/wsg_50_common/srv/detail/conf__type_support.c
-- Up-to-date: /home/sam/wsg50/install/wsg_50_common/include/wsg_50_common/wsg_50_common/srv/detail/incr__type_support.c
-- Up-to-date: /home/sam/wsg50/install/wsg_50_common/include/wsg_50_common/wsg_50_common/action
-- Up-to-date: /home/sam/wsg50/install/wsg_50_common/include/wsg_50_common/wsg_50_common/action/detail
-- Up-to-date: /home/sam/wsg50/install/wsg_50_common/include/wsg_50_common/wsg_50_common/action/detail/cmd__type_support.c
-- Up-to-date: /home/sam/wsg50/install/wsg_50_common/include/wsg_50_common/wsg_50_common/action/detail/cmd__rosidl_typesupport_introspection_c.h
-- Up-to-date: /home/sam/wsg50/install/wsg_50_common/lib/libwsg_50_common__rosidl_typesupport_introspection_c.so
-- Up-to-date: /home/sam/wsg50/install/wsg_50_common/lib/libwsg_50_common__rosidl_typesupport_c.so
-- Up-to-date: /home/sam/wsg50/install/wsg_50_common/include/wsg_50_common/wsg_50_common
-- Up-to-date: /home/sam/wsg50/install/wsg_50_common/include/wsg_50_common/wsg_50_common/msg
-- Up-to-date: /home/sam/wsg50/install/wsg_50_common/include/wsg_50_common/wsg_50_common/msg/detail
-- Up-to-date: /home/sam/wsg50/install/wsg_50_common/include/wsg_50_common/wsg_50_common/msg/detail/cmd__type_support.cpp
-- Up-to-date: /home/sam/wsg50/install/wsg_50_common/include/wsg_50_common/wsg_50_common/msg/detail/status__rosidl_typesupport_introspection_cpp.hpp
-- Up-to-date: /home/sam/wsg50/install/wsg_50_common/include/wsg_50_common/wsg_50_common/msg/detail/status__type_support.cpp
-- Up-to-date: /home/sam/wsg50/install/wsg_50_common/include/wsg_50_common/wsg_50_common/msg/detail/cmd__rosidl_typesupport_introspection_cpp.hpp
-- Up-to-date: /home/sam/wsg50/install/wsg_50_common/include/wsg_50_common/wsg_50_common/srv
-- Up-to-date: /home/sam/wsg50/install/wsg_50_common/include/wsg_50_common/wsg_50_common/srv/detail
-- Up-to-date: /home/sam/wsg50/install/wsg_50_common/include/wsg_50_common/wsg_50_common/srv/detail/move__type_support.cpp
-- Up-to-date: /home/sam/wsg50/install/wsg_50_common/include/wsg_50_common/wsg_50_common/srv/detail/move__rosidl_typesupport_introspection_cpp.hpp
-- Up-to-date: /home/sam/wsg50/install/wsg_50_common/include/wsg_50_common/wsg_50_common/srv/detail/conf__type_support.cpp
-- Up-to-date: /home/sam/wsg50/install/wsg_50_common/include/wsg_50_common/wsg_50_common/srv/detail/incr__type_support.cpp
-- Up-to-date: /home/sam/wsg50/install/wsg_50_common/include/wsg_50_common/wsg_50_common/srv/detail/incr__rosidl_typesupport_introspection_cpp.hpp
-- Up-to-date: /home/sam/wsg50/install/wsg_50_common/include/wsg_50_common/wsg_50_common/srv/detail/conf__rosidl_typesupport_introspection_cpp.hpp
-- Up-to-date: /home/sam/wsg50/install/wsg_50_common/include/wsg_50_common/wsg_50_common/action
-- Up-to-date: /home/sam/wsg50/install/wsg_50_common/include/wsg_50_common/wsg_50_common/action/detail
-- Up-to-date: /home/sam/wsg50/install/wsg_50_common/include/wsg_50_common/wsg_50_common/action/detail/cmd__type_support.cpp
-- Up-to-date: /home/sam/wsg50/install/wsg_50_common/include/wsg_50_common/wsg_50_common/action/detail/cmd__rosidl_typesupport_introspection_cpp.hpp
-- Up-to-date: /home/sam/wsg50/install/wsg_50_common/lib/libwsg_50_common__rosidl_typesupport_introspection_cpp.so
-- Up-to-date: /home/sam/wsg50/install/wsg_50_common/lib/libwsg_50_common__rosidl_typesupport_cpp.so
-- Up-to-date: /home/sam/wsg50/install/wsg_50_common/share/wsg_50_common/environment/pythonpath.sh
-- Up-to-date: /home/sam/wsg50/install/wsg_50_common/share/wsg_50_common/environment/pythonpath.dsv
-- Up-to-date: /home/sam/wsg50/install/wsg_50_common/local/lib/python3.10/dist-packages/wsg_50_common-0.0.0-py3.10.egg-info
-- Installing: /home/sam/wsg50/install/wsg_50_common/local/lib/python3.10/dist-packages/wsg_50_common-0.0.0-py3.10.egg-info/dependency_links.txt
-- Installing: /home/sam/wsg50/install/wsg_50_common/local/lib/python3.10/dist-packages/wsg_50_common-0.0.0-py3.10.egg-info/PKG-INFO
-- Installing: /home/sam/wsg50/install/wsg_50_common/local/lib/python3.10/dist-packages/wsg_50_common-0.0.0-py3.10.egg-info/SOURCES.txt
-- Installing: /home/sam/wsg50/install/wsg_50_common/local/lib/python3.10/dist-packages/wsg_50_common-0.0.0-py3.10.egg-info/top_level.txt
-- Up-to-date: /home/sam/wsg50/install/wsg_50_common/local/lib/python3.10/dist-packages/wsg_50_common
-- Up-to-date: /home/sam/wsg50/install/wsg_50_common/local/lib/python3.10/dist-packages/wsg_50_common/_wsg_50_common_s.ep.rosidl_typesupport_c.c
-- Up-to-date: /home/sam/wsg50/install/wsg_50_common/local/lib/python3.10/dist-packages/wsg_50_common/wsg_50_common_s__rosidl_typesupport_fastrtps_c.cpython-310-x86_64-linux-gnu.so
-- Up-to-date: /home/sam/wsg50/install/wsg_50_common/local/lib/python3.10/dist-packages/wsg_50_common/_wsg_50_common_s.ep.rosidl_typesupport_introspection_c.c
-- Up-to-date: /home/sam/wsg50/install/wsg_50_common/local/lib/python3.10/dist-packages/wsg_50_common/msg
-- Up-to-date: /home/sam/wsg50/install/wsg_50_common/local/lib/python3.10/dist-packages/wsg_50_common/msg/_status.py
-- Up-to-date: /home/sam/wsg50/install/wsg_50_common/local/lib/python3.10/dist-packages/wsg_50_common/msg/__init__.py
-- Up-to-date: /home/sam/wsg50/install/wsg_50_common/local/lib/python3.10/dist-packages/wsg_50_common/msg/_cmd_s.c
-- Up-to-date: /home/sam/wsg50/install/wsg_50_common/local/lib/python3.10/dist-packages/wsg_50_common/msg/_cmd.py
-- Up-to-date: /home/sam/wsg50/install/wsg_50_common/local/lib/python3.10/dist-packages/wsg_50_common/msg/_status_s.c
-- Up-to-date: /home/sam/wsg50/install/wsg_50_common/local/lib/python3.10/dist-packages/wsg_50_common/__init__.py
-- Up-to-date: /home/sam/wsg50/install/wsg_50_common/local/lib/python3.10/dist-packages/wsg_50_common/srv
-- Up-to-date: /home/sam/wsg50/install/wsg_50_common/local/lib/python3.10/dist-packages/wsg_50_common/srv/_incr.py
-- Up-to-date: /home/sam/wsg50/install/wsg_50_common/local/lib/python3.10/dist-packages/wsg_50_common/srv/_conf_s.c
-- Up-to-date: /home/sam/wsg50/install/wsg_50_common/local/lib/python3.10/dist-packages/wsg_50_common/srv/_conf.py
-- Up-to-date: /home/sam/wsg50/install/wsg_50_common/local/lib/python3.10/dist-packages/wsg_50_common/srv/_move.py
-- Up-to-date: /home/sam/wsg50/install/wsg_50_common/local/lib/python3.10/dist-packages/wsg_50_common/srv/_move_s.c
-- Up-to-date: /home/sam/wsg50/install/wsg_50_common/local/lib/python3.10/dist-packages/wsg_50_common/srv/__init__.py
-- Up-to-date: /home/sam/wsg50/install/wsg_50_common/local/lib/python3.10/dist-packages/wsg_50_common/srv/_incr_s.c
-- Up-to-date: /home/sam/wsg50/install/wsg_50_common/local/lib/python3.10/dist-packages/wsg_50_common/_wsg_50_common_s.ep.rosidl_typesupport_fastrtps_c.c
-- Up-to-date: /home/sam/wsg50/install/wsg_50_common/local/lib/python3.10/dist-packages/wsg_50_common/libwsg_50_common__rosidl_generator_py.so
-- Up-to-date: /home/sam/wsg50/install/wsg_50_common/local/lib/python3.10/dist-packages/wsg_50_common/wsg_50_common_s__rosidl_typesupport_introspection_c.cpython-310-x86_64-linux-gnu.so
-- Up-to-date: /home/sam/wsg50/install/wsg_50_common/local/lib/python3.10/dist-packages/wsg_50_common/action
-- Up-to-date: /home/sam/wsg50/install/wsg_50_common/local/lib/python3.10/dist-packages/wsg_50_common/action/__init__.py
-- Up-to-date: /home/sam/wsg50/install/wsg_50_common/local/lib/python3.10/dist-packages/wsg_50_common/action/_cmd_s.c
-- Up-to-date: /home/sam/wsg50/install/wsg_50_common/local/lib/python3.10/dist-packages/wsg_50_common/action/_cmd.py
-- Up-to-date: /home/sam/wsg50/install/wsg_50_common/local/lib/python3.10/dist-packages/wsg_50_common/wsg_50_common_s__rosidl_typesupport_c.cpython-310-x86_64-linux-gnu.so
Listing '/home/sam/wsg50/install/wsg_50_common/local/lib/python3.10/dist-packages/wsg_50_common'...
Listing '/home/sam/wsg50/install/wsg_50_common/local/lib/python3.10/dist-packages/wsg_50_common/action'...
Listing '/home/sam/wsg50/install/wsg_50_common/local/lib/python3.10/dist-packages/wsg_50_common/msg'...
Listing '/home/sam/wsg50/install/wsg_50_common/local/lib/python3.10/dist-packages/wsg_50_common/srv'...
-- Up-to-date: /home/sam/wsg50/install/wsg_50_common/local/lib/python3.10/dist-packages/wsg_50_common/wsg_50_common_s__rosidl_typesupport_fastrtps_c.cpython-310-x86_64-linux-gnu.so
-- Up-to-date: /home/sam/wsg50/install/wsg_50_common/local/lib/python3.10/dist-packages/wsg_50_common/wsg_50_common_s__rosidl_typesupport_introspection_c.cpython-310-x86_64-linux-gnu.so
-- Up-to-date: /home/sam/wsg50/install/wsg_50_common/local/lib/python3.10/dist-packages/wsg_50_common/wsg_50_common_s__rosidl_typesupport_c.cpython-310-x86_64-linux-gnu.so
-- Up-to-date: /home/sam/wsg50/install/wsg_50_common/lib/libwsg_50_common__rosidl_generator_py.so
-- Up-to-date: /home/sam/wsg50/install/wsg_50_common/share/wsg_50_common/msg/Cmd.idl
-- Up-to-date: /home/sam/wsg50/install/wsg_50_common/share/wsg_50_common/msg/Status.idl
-- Up-to-date: /home/sam/wsg50/install/wsg_50_common/share/wsg_50_common/srv/Conf.idl
-- Up-to-date: /home/sam/wsg50/install/wsg_50_common/share/wsg_50_common/srv/Incr.idl
-- Up-to-date: /home/sam/wsg50/install/wsg_50_common/share/wsg_50_common/srv/Move.idl
-- Up-to-date: /home/sam/wsg50/install/wsg_50_common/share/wsg_50_common/action/Cmd.idl
-- Up-to-date: /home/sam/wsg50/install/wsg_50_common/share/wsg_50_common/msg/Cmd.msg
-- Up-to-date: /home/sam/wsg50/install/wsg_50_common/share/wsg_50_common/msg/Status.msg
-- Up-to-date: /home/sam/wsg50/install/wsg_50_common/share/wsg_50_common/srv/Conf.srv
-- Up-to-date: /home/sam/wsg50/install/wsg_50_common/share/wsg_50_common/srv/Conf_Request.msg
-- Up-to-date: /home/sam/wsg50/install/wsg_50_common/share/wsg_50_common/srv/Conf_Response.msg
-- Up-to-date: /home/sam/wsg50/install/wsg_50_common/share/wsg_50_common/srv/Incr.srv
-- Up-to-date: /home/sam/wsg50/install/wsg_50_common/share/wsg_50_common/srv/Incr_Request.msg
-- Up-to-date: /home/sam/wsg50/install/wsg_50_common/share/wsg_50_common/srv/Incr_Response.msg
-- Up-to-date: /home/sam/wsg50/install/wsg_50_common/share/wsg_50_common/srv/Move.srv
-- Up-to-date: /home/sam/wsg50/install/wsg_50_common/share/wsg_50_common/srv/Move_Request.msg
-- Up-to-date: /home/sam/wsg50/install/wsg_50_common/share/wsg_50_common/srv/Move_Response.msg
-- Up-to-date: /home/sam/wsg50/install/wsg_50_common/share/wsg_50_common/action/Cmd.action
-- Up-to-date: /home/sam/wsg50/install/wsg_50_common/share/ament_index/resource_index/package_run_dependencies/wsg_50_common
-- Up-to-date: /home/sam/wsg50/install/wsg_50_common/share/ament_index/resource_index/parent_prefix_path/wsg_50_common
-- Up-to-date: /home/sam/wsg50/install/wsg_50_common/share/wsg_50_common/environment/ament_prefix_path.sh
-- Up-to-date: /home/sam/wsg50/install/wsg_50_common/share/wsg_50_common/environment/ament_prefix_path.dsv
-- Up-to-date: /home/sam/wsg50/install/wsg_50_common/share/wsg_50_common/environment/path.sh
-- Up-to-date: /home/sam/wsg50/install/wsg_50_common/share/wsg_50_common/environment/path.dsv
-- Up-to-date: /home/sam/wsg50/install/wsg_50_common/share/wsg_50_common/local_setup.bash
-- Up-to-date: /home/sam/wsg50/install/wsg_50_common/share/wsg_50_common/local_setup.sh
-- Up-to-date: /home/sam/wsg50/install/wsg_50_common/share/wsg_50_common/local_setup.zsh
-- Up-to-date: /home/sam/wsg50/install/wsg_50_common/share/wsg_50_common/local_setup.dsv
-- Installing: /home/sam/wsg50/install/wsg_50_common/share/wsg_50_common/package.dsv
-- Up-to-date: /home/sam/wsg50/install/wsg_50_common/share/ament_index/resource_index/packages/wsg_50_common
-- Up-to-date: /home/sam/wsg50/install/wsg_50_common/share/wsg_50_common/cmake/export_wsg_50_common__rosidl_generator_cExport.cmake
-- Up-to-date: /home/sam/wsg50/install/wsg_50_common/share/wsg_50_common/cmake/export_wsg_50_common__rosidl_generator_cExport-noconfig.cmake
-- Up-to-date: /home/sam/wsg50/install/wsg_50_common/share/wsg_50_common/cmake/export_wsg_50_common__rosidl_typesupport_fastrtps_cExport.cmake
-- Up-to-date: /home/sam/wsg50/install/wsg_50_common/share/wsg_50_common/cmake/export_wsg_50_common__rosidl_typesupport_fastrtps_cExport-noconfig.cmake
-- Up-to-date: /home/sam/wsg50/install/wsg_50_common/share/wsg_50_common/cmake/export_wsg_50_common__rosidl_generator_cppExport.cmake
-- Up-to-date: /home/sam/wsg50/install/wsg_50_common/share/wsg_50_common/cmake/export_wsg_50_common__rosidl_typesupport_fastrtps_cppExport.cmake
-- Up-to-date: /home/sam/wsg50/install/wsg_50_common/share/wsg_50_common/cmake/export_wsg_50_common__rosidl_typesupport_fastrtps_cppExport-noconfig.cmake
-- Up-to-date: /home/sam/wsg50/install/wsg_50_common/share/wsg_50_common/cmake/wsg_50_common__rosidl_typesupport_introspection_cExport.cmake
-- Up-to-date: /home/sam/wsg50/install/wsg_50_common/share/wsg_50_common/cmake/wsg_50_common__rosidl_typesupport_introspection_cExport-noconfig.cmake
-- Up-to-date: /home/sam/wsg50/install/wsg_50_common/share/wsg_50_common/cmake/wsg_50_common__rosidl_typesupport_cExport.cmake
-- Up-to-date: /home/sam/wsg50/install/wsg_50_common/share/wsg_50_common/cmake/wsg_50_common__rosidl_typesupport_cExport-noconfig.cmake
-- Up-to-date: /home/sam/wsg50/install/wsg_50_common/share/wsg_50_common/cmake/wsg_50_common__rosidl_typesupport_introspection_cppExport.cmake
-- Up-to-date: /home/sam/wsg50/install/wsg_50_common/share/wsg_50_common/cmake/wsg_50_common__rosidl_typesupport_introspection_cppExport-noconfig.cmake
-- Up-to-date: /home/sam/wsg50/install/wsg_50_common/share/wsg_50_common/cmake/wsg_50_common__rosidl_typesupport_cppExport.cmake
-- Up-to-date: /home/sam/wsg50/install/wsg_50_common/share/wsg_50_common/cmake/wsg_50_common__rosidl_typesupport_cppExport-noconfig.cmake
-- Up-to-date: /home/sam/wsg50/install/wsg_50_common/share/wsg_50_common/cmake/export_wsg_50_common__rosidl_generator_pyExport.cmake
-- Up-to-date: /home/sam/wsg50/install/wsg_50_common/share/wsg_50_common/cmake/export_wsg_50_common__rosidl_generator_pyExport-noconfig.cmake
-- Up-to-date: /home/sam/wsg50/install/wsg_50_common/share/wsg_50_common/cmake/rosidl_cmake-extras.cmake
-- Up-to-date: /home/sam/wsg50/install/wsg_50_common/share/wsg_50_common/cmake/ament_cmake_export_dependencies-extras.cmake
-- Up-to-date: /home/sam/wsg50/install/wsg_50_common/share/wsg_50_common/cmake/ament_cmake_export_include_directories-extras.cmake
-- Up-to-date: /home/sam/wsg50/install/wsg_50_common/share/wsg_50_common/cmake/ament_cmake_export_libraries-extras.cmake
-- Up-to-date: /home/sam/wsg50/install/wsg_50_common/share/wsg_50_common/cmake/ament_cmake_export_targets-extras.cmake
-- Up-to-date: /home/sam/wsg50/install/wsg_50_common/share/wsg_50_common/cmake/rosidl_cmake_export_typesupport_targets-extras.cmake
-- Up-to-date: /home/sam/wsg50/install/wsg_50_common/share/wsg_50_common/cmake/rosidl_cmake_export_typesupport_libraries-extras.cmake
-- Up-to-date: /home/sam/wsg50/install/wsg_50_common/share/wsg_50_common/cmake/wsg_50_commonConfig.cmake
-- Up-to-date: /home/sam/wsg50/install/wsg_50_common/share/wsg_50_common/cmake/wsg_50_commonConfig-version.cmake
-- Up-to-date: /home/sam/wsg50/install/wsg_50_common/share/wsg_50_common/package.xml
