-- Install configuration: ""
-- Up-to-date: /home/sam/wsg50/install/wsg_50_simulation/share/wsg_50_simulation/launch
-- Up-to-date: /home/sam/wsg50/install/wsg_50_simulation/share/wsg_50_simulation/launch/wsg_50.launch.py
-- Up-to-date: /home/sam/wsg50/install/wsg_50_simulation/share/wsg_50_simulation/launch/wsg_50_controllers.launch.py
-- Up-to-date: /home/sam/wsg50/install/wsg_50_simulation/share/wsg_50_simulation/launch/view_wsg50.launch.py
-- Up-to-date: /home/sam/wsg50/install/wsg_50_simulation/share/wsg_50_simulation/urdf
-- Up-to-date: /home/sam/wsg50/install/wsg_50_simulation/share/wsg_50_simulation/urdf/wsg50.urdf.xacro
-- Up-to-date: /home/sam/wsg50/install/wsg_50_simulation/share/wsg_50_simulation/urdf/wsg_50.srdf.xacro
-- Up-to-date: /home/sam/wsg50/install/wsg_50_simulation/share/wsg_50_simulation/urdf/wsg_50.urdf.xacro
-- Up-to-date: /home/sam/wsg50/install/wsg_50_simulation/share/wsg_50_simulation/controllers
-- Up-to-date: /home/sam/wsg50/install/wsg_50_simulation/share/wsg_50_simulation/controllers/wsg_50_standalone.yaml
-- Up-to-date: /home/sam/wsg50/install/wsg_50_simulation/share/wsg_50_simulation/meshes
-- Up-to-date: /home/sam/wsg50/install/wsg_50_simulation/share/wsg_50_simulation/meshes/finger_body.stl
-- Up-to-date: /home/sam/wsg50/install/wsg_50_simulation/share/wsg_50_simulation/meshes/WSG50_110.stl
-- Up-to-date: /home/sam/wsg50/install/wsg_50_simulation/share/wsg_50_simulation/meshes/GUIDE_WSG50_110.stl
-- Up-to-date: /home/sam/wsg50/install/wsg_50_simulation/share/wsg_50_simulation/meshes/finger_base.stl
-- Up-to-date: /home/sam/wsg50/install/wsg_50_simulation/share/wsg_50_simulation/meshes/WSG-FMF.stl
-- Up-to-date: /home/sam/wsg50/install/wsg_50_simulation/share/wsg_50_simulation/meshes/FL_ISO50_WSG50.stl
-- Up-to-date: /home/sam/wsg50/install/wsg_50_simulation/share/wsg_50_simulation/rviz
-- Up-to-date: /home/sam/wsg50/install/wsg_50_simulation/share/wsg_50_simulation/rviz/wsg50.rviz
-- Up-to-date: /home/sam/wsg50/install/wsg_50_simulation/share/wsg_50_simulation/rviz/wsg.rviz
-- Up-to-date: /home/sam/wsg50/install/wsg_50_simulation/share/ament_index/resource_index/package_run_dependencies/wsg_50_simulation
-- Up-to-date: /home/sam/wsg50/install/wsg_50_simulation/share/ament_index/resource_index/parent_prefix_path/wsg_50_simulation
-- Up-to-date: /home/sam/wsg50/install/wsg_50_simulation/share/wsg_50_simulation/environment/ament_prefix_path.sh
-- Up-to-date: /home/sam/wsg50/install/wsg_50_simulation/share/wsg_50_simulation/environment/ament_prefix_path.dsv
-- Up-to-date: /home/sam/wsg50/install/wsg_50_simulation/share/wsg_50_simulation/environment/path.sh
-- Up-to-date: /home/sam/wsg50/install/wsg_50_simulation/share/wsg_50_simulation/environment/path.dsv
-- Up-to-date: /home/sam/wsg50/install/wsg_50_simulation/share/wsg_50_simulation/local_setup.bash
-- Up-to-date: /home/sam/wsg50/install/wsg_50_simulation/share/wsg_50_simulation/local_setup.sh
-- Up-to-date: /home/sam/wsg50/install/wsg_50_simulation/share/wsg_50_simulation/local_setup.zsh
-- Up-to-date: /home/sam/wsg50/install/wsg_50_simulation/share/wsg_50_simulation/local_setup.dsv
-- Up-to-date: /home/sam/wsg50/install/wsg_50_simulation/share/wsg_50_simulation/package.dsv
-- Up-to-date: /home/sam/wsg50/install/wsg_50_simulation/share/ament_index/resource_index/packages/wsg_50_simulation
-- Up-to-date: /home/sam/wsg50/install/wsg_50_simulation/share/wsg_50_simulation/cmake/wsg_50_simulationConfig.cmake
-- Up-to-date: /home/sam/wsg50/install/wsg_50_simulation/share/wsg_50_simulation/cmake/wsg_50_simulationConfig-version.cmake
-- Up-to-date: /home/sam/wsg50/install/wsg_50_simulation/share/wsg_50_simulation/package.xml
