[0.072s] Invoking command in '/home/sam/wsg50/build/wsg_50_common': CMAKE_PREFIX_PATH=${CMAKE_PREFIX_PATH}:/home/sam/moveit2/install/moveit_configs_utils:/opt/ros/humble /usr/bin/cmake --build /home/sam/wsg50/build/wsg_50_common -- -j8 -l8
[0.336s] [  1%] Built target wsg_50_common__cpp
[0.340s] [ 12%] Built target wsg_50_common__rosidl_generator_c
[0.376s] [ 12%] Built target ament_cmake_python_copy_wsg_50_common
[0.485s] [ 23%] Built target wsg_50_common__rosidl_typesupport_fastrtps_cpp
[0.506s] [ 35%] Built target wsg_50_common__rosidl_typesupport_cpp
[0.507s] [ 46%] Built target wsg_50_common__rosidl_typesupport_introspection_cpp
[0.523s] [ 57%] Built target wsg_50_common__rosidl_typesupport_introspection_c
[0.524s] [ 69%] Built target wsg_50_common__rosidl_typesupport_c
[0.534s] [ 80%] Built target wsg_50_common__rosidl_typesupport_fastrtps_c
[0.641s] [ 80%] Built target wsg_50_common
[0.757s] [ 81%] Built target wsg_50_common__py
[0.856s] [ 91%] Built target wsg_50_common__rosidl_generator_py
[0.957s] [ 94%] Built target wsg_50_common__rosidl_typesupport_c__pyext
[0.964s] [ 97%] Built target wsg_50_common__rosidl_typesupport_fastrtps_c__pyext
[0.967s] [100%] Built target wsg_50_common__rosidl_typesupport_introspection_c__pyext
[1.138s] running egg_info
[1.140s] writing wsg_50_common.egg-info/PKG-INFO
[1.140s] writing dependency_links to wsg_50_common.egg-info/dependency_links.txt
[1.141s] writing top-level names to wsg_50_common.egg-info/top_level.txt
[1.148s] reading manifest file 'wsg_50_common.egg-info/SOURCES.txt'
[1.150s] writing manifest file 'wsg_50_common.egg-info/SOURCES.txt'
[1.211s] [100%] Built target ament_cmake_python_build_wsg_50_common_egg
[1.250s] Invoked command in '/home/sam/wsg50/build/wsg_50_common' returned '0': CMAKE_PREFIX_PATH=${CMAKE_PREFIX_PATH}:/home/sam/moveit2/install/moveit_configs_utils:/opt/ros/humble /usr/bin/cmake --build /home/sam/wsg50/build/wsg_50_common -- -j8 -l8
[1.254s] Invoking command in '/home/sam/wsg50/build/wsg_50_common': CMAKE_PREFIX_PATH=${CMAKE_PREFIX_PATH}:/home/sam/moveit2/install/moveit_configs_utils:/opt/ros/humble /usr/bin/cmake --install /home/sam/wsg50/build/wsg_50_common
[1.281s] -- Install configuration: ""
[1.282s] -- Up-to-date: /home/sam/wsg50/install/wsg_50_common/share/ament_index/resource_index/rosidl_interfaces/wsg_50_common
[1.282s] -- Up-to-date: /home/sam/wsg50/install/wsg_50_common/include/wsg_50_common/wsg_50_common
[1.283s] -- Up-to-date: /home/sam/wsg50/install/wsg_50_common/include/wsg_50_common/wsg_50_common/msg
[1.283s] -- Up-to-date: /home/sam/wsg50/install/wsg_50_common/include/wsg_50_common/wsg_50_common/msg/status.h
[1.284s] -- Up-to-date: /home/sam/wsg50/install/wsg_50_common/include/wsg_50_common/wsg_50_common/msg/detail
[1.284s] -- Up-to-date: /home/sam/wsg50/install/wsg_50_common/include/wsg_50_common/wsg_50_common/msg/detail/cmd__functions.c
[1.284s] -- Up-to-date: /home/sam/wsg50/install/wsg_50_common/include/wsg_50_common/wsg_50_common/msg/detail/status__struct.h
[1.285s] -- Up-to-date: /home/sam/wsg50/install/wsg_50_common/include/wsg_50_common/wsg_50_common/msg/detail/cmd__struct.h
[1.285s] -- Up-to-date: /home/sam/wsg50/install/wsg_50_common/include/wsg_50_common/wsg_50_common/msg/detail/cmd__type_support.h
[1.285s] -- Up-to-date: /home/sam/wsg50/install/wsg_50_common/include/wsg_50_common/wsg_50_common/msg/detail/status__type_support.h
[1.286s] -- Up-to-date: /home/sam/wsg50/install/wsg_50_common/include/wsg_50_common/wsg_50_common/msg/detail/status__functions.c
[1.286s] -- Up-to-date: /home/sam/wsg50/install/wsg_50_common/include/wsg_50_common/wsg_50_common/msg/detail/status__functions.h
[1.287s] -- Up-to-date: /home/sam/wsg50/install/wsg_50_common/include/wsg_50_common/wsg_50_common/msg/detail/cmd__functions.h
[1.287s] -- Up-to-date: /home/sam/wsg50/install/wsg_50_common/include/wsg_50_common/wsg_50_common/msg/rosidl_generator_c__visibility_control.h
[1.288s] -- Up-to-date: /home/sam/wsg50/install/wsg_50_common/include/wsg_50_common/wsg_50_common/msg/cmd.h
[1.288s] -- Up-to-date: /home/sam/wsg50/install/wsg_50_common/include/wsg_50_common/wsg_50_common/srv
[1.288s] -- Up-to-date: /home/sam/wsg50/install/wsg_50_common/include/wsg_50_common/wsg_50_common/srv/conf.h
[1.288s] -- Up-to-date: /home/sam/wsg50/install/wsg_50_common/include/wsg_50_common/wsg_50_common/srv/incr.h
[1.288s] -- Up-to-date: /home/sam/wsg50/install/wsg_50_common/include/wsg_50_common/wsg_50_common/srv/move.h
[1.289s] -- Up-to-date: /home/sam/wsg50/install/wsg_50_common/include/wsg_50_common/wsg_50_common/srv/detail
[1.289s] -- Up-to-date: /home/sam/wsg50/install/wsg_50_common/include/wsg_50_common/wsg_50_common/srv/detail/conf__functions.h
[1.290s] -- Up-to-date: /home/sam/wsg50/install/wsg_50_common/include/wsg_50_common/wsg_50_common/srv/detail/incr__functions.h
[1.290s] -- Up-to-date: /home/sam/wsg50/install/wsg_50_common/include/wsg_50_common/wsg_50_common/srv/detail/incr__type_support.h
[1.291s] -- Up-to-date: /home/sam/wsg50/install/wsg_50_common/include/wsg_50_common/wsg_50_common/srv/detail/incr__functions.c
[1.291s] -- Up-to-date: /home/sam/wsg50/install/wsg_50_common/include/wsg_50_common/wsg_50_common/srv/detail/move__functions.c
[1.292s] -- Up-to-date: /home/sam/wsg50/install/wsg_50_common/include/wsg_50_common/wsg_50_common/srv/detail/move__type_support.h
[1.292s] -- Up-to-date: /home/sam/wsg50/install/wsg_50_common/include/wsg_50_common/wsg_50_common/srv/detail/move__struct.h
[1.293s] -- Up-to-date: /home/sam/wsg50/install/wsg_50_common/include/wsg_50_common/wsg_50_common/srv/detail/incr__struct.h
[1.293s] -- Up-to-date: /home/sam/wsg50/install/wsg_50_common/include/wsg_50_common/wsg_50_common/srv/detail/conf__type_support.h
[1.294s] -- Up-to-date: /home/sam/wsg50/install/wsg_50_common/include/wsg_50_common/wsg_50_common/srv/detail/conf__functions.c
[1.294s] -- Up-to-date: /home/sam/wsg50/install/wsg_50_common/include/wsg_50_common/wsg_50_common/srv/detail/move__functions.h
[1.295s] -- Up-to-date: /home/sam/wsg50/install/wsg_50_common/include/wsg_50_common/wsg_50_common/srv/detail/conf__struct.h
[1.296s] -- Up-to-date: /home/sam/wsg50/install/wsg_50_common/include/wsg_50_common/wsg_50_common/action
[1.296s] -- Up-to-date: /home/sam/wsg50/install/wsg_50_common/include/wsg_50_common/wsg_50_common/action/detail
[1.296s] -- Up-to-date: /home/sam/wsg50/install/wsg_50_common/include/wsg_50_common/wsg_50_common/action/detail/cmd__functions.c
[1.296s] -- Up-to-date: /home/sam/wsg50/install/wsg_50_common/include/wsg_50_common/wsg_50_common/action/detail/cmd__struct.h
[1.296s] -- Up-to-date: /home/sam/wsg50/install/wsg_50_common/include/wsg_50_common/wsg_50_common/action/detail/cmd__type_support.h
[1.297s] -- Up-to-date: /home/sam/wsg50/install/wsg_50_common/include/wsg_50_common/wsg_50_common/action/detail/cmd__functions.h
[1.297s] -- Up-to-date: /home/sam/wsg50/install/wsg_50_common/include/wsg_50_common/wsg_50_common/action/cmd.h
[1.297s] -- Up-to-date: /home/sam/wsg50/install/wsg_50_common/share/wsg_50_common/environment/library_path.sh
[1.298s] -- Up-to-date: /home/sam/wsg50/install/wsg_50_common/share/wsg_50_common/environment/library_path.dsv
[1.298s] -- Up-to-date: /home/sam/wsg50/install/wsg_50_common/lib/libwsg_50_common__rosidl_generator_c.so
[1.298s] -- Up-to-date: /home/sam/wsg50/install/wsg_50_common/include/wsg_50_common/wsg_50_common
[1.299s] -- Up-to-date: /home/sam/wsg50/install/wsg_50_common/include/wsg_50_common/wsg_50_common/msg
[1.299s] -- Up-to-date: /home/sam/wsg50/install/wsg_50_common/include/wsg_50_common/wsg_50_common/msg/rosidl_typesupport_fastrtps_c__visibility_control.h
[1.299s] -- Up-to-date: /home/sam/wsg50/install/wsg_50_common/include/wsg_50_common/wsg_50_common/msg/detail
[1.300s] -- Up-to-date: /home/sam/wsg50/install/wsg_50_common/include/wsg_50_common/wsg_50_common/msg/detail/status__rosidl_typesupport_fastrtps_c.h
[1.300s] -- Up-to-date: /home/sam/wsg50/install/wsg_50_common/include/wsg_50_common/wsg_50_common/msg/detail/cmd__rosidl_typesupport_fastrtps_c.h
[1.300s] -- Up-to-date: /home/sam/wsg50/install/wsg_50_common/include/wsg_50_common/wsg_50_common/srv
[1.301s] -- Up-to-date: /home/sam/wsg50/install/wsg_50_common/include/wsg_50_common/wsg_50_common/srv/detail
[1.301s] -- Up-to-date: /home/sam/wsg50/install/wsg_50_common/include/wsg_50_common/wsg_50_common/srv/detail/conf__rosidl_typesupport_fastrtps_c.h
[1.301s] -- Up-to-date: /home/sam/wsg50/install/wsg_50_common/include/wsg_50_common/wsg_50_common/srv/detail/move__rosidl_typesupport_fastrtps_c.h
[1.301s] -- Up-to-date: /home/sam/wsg50/install/wsg_50_common/include/wsg_50_common/wsg_50_common/srv/detail/incr__rosidl_typesupport_fastrtps_c.h
[1.301s] -- Up-to-date: /home/sam/wsg50/install/wsg_50_common/include/wsg_50_common/wsg_50_common/action
[1.301s] -- Up-to-date: /home/sam/wsg50/install/wsg_50_common/include/wsg_50_common/wsg_50_common/action/detail
[1.302s] -- Up-to-date: /home/sam/wsg50/install/wsg_50_common/include/wsg_50_common/wsg_50_common/action/detail/cmd__rosidl_typesupport_fastrtps_c.h
[1.302s] -- Up-to-date: /home/sam/wsg50/install/wsg_50_common/lib/libwsg_50_common__rosidl_typesupport_fastrtps_c.so
[1.303s] -- Up-to-date: /home/sam/wsg50/install/wsg_50_common/include/wsg_50_common/wsg_50_common
[1.303s] -- Up-to-date: /home/sam/wsg50/install/wsg_50_common/include/wsg_50_common/wsg_50_common/msg
[1.303s] -- Up-to-date: /home/sam/wsg50/install/wsg_50_common/include/wsg_50_common/wsg_50_common/msg/cmd.hpp
[1.304s] -- Up-to-date: /home/sam/wsg50/install/wsg_50_common/include/wsg_50_common/wsg_50_common/msg/status.hpp
[1.304s] -- Up-to-date: /home/sam/wsg50/install/wsg_50_common/include/wsg_50_common/wsg_50_common/msg/detail
[1.304s] -- Up-to-date: /home/sam/wsg50/install/wsg_50_common/include/wsg_50_common/wsg_50_common/msg/detail/status__traits.hpp
[1.304s] -- Up-to-date: /home/sam/wsg50/install/wsg_50_common/include/wsg_50_common/wsg_50_common/msg/detail/status__type_support.hpp
[1.305s] -- Up-to-date: /home/sam/wsg50/install/wsg_50_common/include/wsg_50_common/wsg_50_common/msg/detail/status__builder.hpp
[1.305s] -- Up-to-date: /home/sam/wsg50/install/wsg_50_common/include/wsg_50_common/wsg_50_common/msg/detail/cmd__traits.hpp
[1.305s] -- Up-to-date: /home/sam/wsg50/install/wsg_50_common/include/wsg_50_common/wsg_50_common/msg/detail/status__struct.hpp
[1.305s] -- Up-to-date: /home/sam/wsg50/install/wsg_50_common/include/wsg_50_common/wsg_50_common/msg/detail/cmd__struct.hpp
[1.306s] -- Up-to-date: /home/sam/wsg50/install/wsg_50_common/include/wsg_50_common/wsg_50_common/msg/detail/cmd__builder.hpp
[1.306s] -- Up-to-date: /home/sam/wsg50/install/wsg_50_common/include/wsg_50_common/wsg_50_common/msg/detail/cmd__type_support.hpp
[1.306s] -- Up-to-date: /home/sam/wsg50/install/wsg_50_common/include/wsg_50_common/wsg_50_common/msg/rosidl_generator_cpp__visibility_control.hpp
[1.306s] -- Up-to-date: /home/sam/wsg50/install/wsg_50_common/include/wsg_50_common/wsg_50_common/srv
[1.307s] -- Up-to-date: /home/sam/wsg50/install/wsg_50_common/include/wsg_50_common/wsg_50_common/srv/incr.hpp
[1.307s] -- Up-to-date: /home/sam/wsg50/install/wsg_50_common/include/wsg_50_common/wsg_50_common/srv/move.hpp
[1.307s] -- Up-to-date: /home/sam/wsg50/install/wsg_50_common/include/wsg_50_common/wsg_50_common/srv/detail
[1.307s] -- Up-to-date: /home/sam/wsg50/install/wsg_50_common/include/wsg_50_common/wsg_50_common/srv/detail/conf__traits.hpp
[1.308s] -- Up-to-date: /home/sam/wsg50/install/wsg_50_common/include/wsg_50_common/wsg_50_common/srv/detail/move__builder.hpp
[1.308s] -- Up-to-date: /home/sam/wsg50/install/wsg_50_common/include/wsg_50_common/wsg_50_common/srv/detail/move__struct.hpp
[1.308s] -- Up-to-date: /home/sam/wsg50/install/wsg_50_common/include/wsg_50_common/wsg_50_common/srv/detail/conf__struct.hpp
[1.308s] -- Up-to-date: /home/sam/wsg50/install/wsg_50_common/include/wsg_50_common/wsg_50_common/srv/detail/move__type_support.hpp
[1.309s] -- Up-to-date: /home/sam/wsg50/install/wsg_50_common/include/wsg_50_common/wsg_50_common/srv/detail/incr__builder.hpp
[1.309s] -- Up-to-date: /home/sam/wsg50/install/wsg_50_common/include/wsg_50_common/wsg_50_common/srv/detail/move__traits.hpp
[1.310s] -- Up-to-date: /home/sam/wsg50/install/wsg_50_common/include/wsg_50_common/wsg_50_common/srv/detail/conf__type_support.hpp
[1.310s] -- Up-to-date: /home/sam/wsg50/install/wsg_50_common/include/wsg_50_common/wsg_50_common/srv/detail/conf__builder.hpp
[1.310s] -- Up-to-date: /home/sam/wsg50/install/wsg_50_common/include/wsg_50_common/wsg_50_common/srv/detail/incr__traits.hpp
[1.311s] -- Up-to-date: /home/sam/wsg50/install/wsg_50_common/include/wsg_50_common/wsg_50_common/srv/detail/incr__type_support.hpp
[1.311s] -- Up-to-date: /home/sam/wsg50/install/wsg_50_common/include/wsg_50_common/wsg_50_common/srv/detail/incr__struct.hpp
[1.312s] -- Up-to-date: /home/sam/wsg50/install/wsg_50_common/include/wsg_50_common/wsg_50_common/srv/conf.hpp
[1.312s] -- Up-to-date: /home/sam/wsg50/install/wsg_50_common/include/wsg_50_common/wsg_50_common/action
[1.312s] -- Up-to-date: /home/sam/wsg50/install/wsg_50_common/include/wsg_50_common/wsg_50_common/action/cmd.hpp
[1.313s] -- Up-to-date: /home/sam/wsg50/install/wsg_50_common/include/wsg_50_common/wsg_50_common/action/detail
[1.313s] -- Up-to-date: /home/sam/wsg50/install/wsg_50_common/include/wsg_50_common/wsg_50_common/action/detail/cmd__traits.hpp
[1.313s] -- Up-to-date: /home/sam/wsg50/install/wsg_50_common/include/wsg_50_common/wsg_50_common/action/detail/cmd__struct.hpp
[1.313s] -- Up-to-date: /home/sam/wsg50/install/wsg_50_common/include/wsg_50_common/wsg_50_common/action/detail/cmd__builder.hpp
[1.314s] -- Up-to-date: /home/sam/wsg50/install/wsg_50_common/include/wsg_50_common/wsg_50_common/action/detail/cmd__type_support.hpp
[1.314s] -- Up-to-date: /home/sam/wsg50/install/wsg_50_common/include/wsg_50_common/wsg_50_common
[1.314s] -- Up-to-date: /home/sam/wsg50/install/wsg_50_common/include/wsg_50_common/wsg_50_common/msg
[1.315s] -- Up-to-date: /home/sam/wsg50/install/wsg_50_common/include/wsg_50_common/wsg_50_common/msg/rosidl_typesupport_fastrtps_cpp__visibility_control.h
[1.315s] -- Up-to-date: /home/sam/wsg50/install/wsg_50_common/include/wsg_50_common/wsg_50_common/msg/detail
[1.315s] -- Up-to-date: /home/sam/wsg50/install/wsg_50_common/include/wsg_50_common/wsg_50_common/msg/detail/cmd__rosidl_typesupport_fastrtps_cpp.hpp
[1.315s] -- Up-to-date: /home/sam/wsg50/install/wsg_50_common/include/wsg_50_common/wsg_50_common/msg/detail/dds_fastrtps
[1.315s] -- Up-to-date: /home/sam/wsg50/install/wsg_50_common/include/wsg_50_common/wsg_50_common/msg/detail/status__rosidl_typesupport_fastrtps_cpp.hpp
[1.315s] -- Up-to-date: /home/sam/wsg50/install/wsg_50_common/include/wsg_50_common/wsg_50_common/srv
[1.315s] -- Up-to-date: /home/sam/wsg50/install/wsg_50_common/include/wsg_50_common/wsg_50_common/srv/detail
[1.315s] -- Up-to-date: /home/sam/wsg50/install/wsg_50_common/include/wsg_50_common/wsg_50_common/srv/detail/move__rosidl_typesupport_fastrtps_cpp.hpp
[1.315s] -- Up-to-date: /home/sam/wsg50/install/wsg_50_common/include/wsg_50_common/wsg_50_common/srv/detail/incr__rosidl_typesupport_fastrtps_cpp.hpp
[1.315s] -- Up-to-date: /home/sam/wsg50/install/wsg_50_common/include/wsg_50_common/wsg_50_common/srv/detail/dds_fastrtps
[1.315s] -- Up-to-date: /home/sam/wsg50/install/wsg_50_common/include/wsg_50_common/wsg_50_common/srv/detail/conf__rosidl_typesupport_fastrtps_cpp.hpp
[1.316s] -- Up-to-date: /home/sam/wsg50/install/wsg_50_common/include/wsg_50_common/wsg_50_common/action
[1.316s] -- Up-to-date: /home/sam/wsg50/install/wsg_50_common/include/wsg_50_common/wsg_50_common/action/detail
[1.316s] -- Up-to-date: /home/sam/wsg50/install/wsg_50_common/include/wsg_50_common/wsg_50_common/action/detail/cmd__rosidl_typesupport_fastrtps_cpp.hpp
[1.316s] -- Up-to-date: /home/sam/wsg50/install/wsg_50_common/include/wsg_50_common/wsg_50_common/action/detail/dds_fastrtps
[1.316s] -- Up-to-date: /home/sam/wsg50/install/wsg_50_common/lib/libwsg_50_common__rosidl_typesupport_fastrtps_cpp.so
[1.316s] -- Up-to-date: /home/sam/wsg50/install/wsg_50_common/include/wsg_50_common/wsg_50_common
[1.316s] -- Up-to-date: /home/sam/wsg50/install/wsg_50_common/include/wsg_50_common/wsg_50_common/msg
[1.317s] -- Up-to-date: /home/sam/wsg50/install/wsg_50_common/include/wsg_50_common/wsg_50_common/msg/rosidl_typesupport_introspection_c__visibility_control.h
[1.317s] -- Up-to-date: /home/sam/wsg50/install/wsg_50_common/include/wsg_50_common/wsg_50_common/msg/detail
[1.317s] -- Up-to-date: /home/sam/wsg50/install/wsg_50_common/include/wsg_50_common/wsg_50_common/msg/detail/status__type_support.c
[1.317s] -- Up-to-date: /home/sam/wsg50/install/wsg_50_common/include/wsg_50_common/wsg_50_common/msg/detail/cmd__type_support.c
[1.317s] -- Up-to-date: /home/sam/wsg50/install/wsg_50_common/include/wsg_50_common/wsg_50_common/msg/detail/status__rosidl_typesupport_introspection_c.h
[1.317s] -- Up-to-date: /home/sam/wsg50/install/wsg_50_common/include/wsg_50_common/wsg_50_common/msg/detail/cmd__rosidl_typesupport_introspection_c.h
[1.317s] -- Up-to-date: /home/sam/wsg50/install/wsg_50_common/include/wsg_50_common/wsg_50_common/srv
[1.317s] -- Up-to-date: /home/sam/wsg50/install/wsg_50_common/include/wsg_50_common/wsg_50_common/srv/detail
[1.317s] -- Up-to-date: /home/sam/wsg50/install/wsg_50_common/include/wsg_50_common/wsg_50_common/srv/detail/conf__rosidl_typesupport_introspection_c.h
[1.317s] -- Up-to-date: /home/sam/wsg50/install/wsg_50_common/include/wsg_50_common/wsg_50_common/srv/detail/incr__rosidl_typesupport_introspection_c.h
[1.318s] -- Up-to-date: /home/sam/wsg50/install/wsg_50_common/include/wsg_50_common/wsg_50_common/srv/detail/move__rosidl_typesupport_introspection_c.h
[1.318s] -- Up-to-date: /home/sam/wsg50/install/wsg_50_common/include/wsg_50_common/wsg_50_common/srv/detail/move__type_support.c
[1.318s] -- Up-to-date: /home/sam/wsg50/install/wsg_50_common/include/wsg_50_common/wsg_50_common/srv/detail/conf__type_support.c
[1.318s] -- Up-to-date: /home/sam/wsg50/install/wsg_50_common/include/wsg_50_common/wsg_50_common/srv/detail/incr__type_support.c
[1.318s] -- Up-to-date: /home/sam/wsg50/install/wsg_50_common/include/wsg_50_common/wsg_50_common/action
[1.318s] -- Up-to-date: /home/sam/wsg50/install/wsg_50_common/include/wsg_50_common/wsg_50_common/action/detail
[1.318s] -- Up-to-date: /home/sam/wsg50/install/wsg_50_common/include/wsg_50_common/wsg_50_common/action/detail/cmd__type_support.c
[1.318s] -- Up-to-date: /home/sam/wsg50/install/wsg_50_common/include/wsg_50_common/wsg_50_common/action/detail/cmd__rosidl_typesupport_introspection_c.h
[1.319s] -- Up-to-date: /home/sam/wsg50/install/wsg_50_common/lib/libwsg_50_common__rosidl_typesupport_introspection_c.so
[1.319s] -- Up-to-date: /home/sam/wsg50/install/wsg_50_common/lib/libwsg_50_common__rosidl_typesupport_c.so
[1.319s] -- Up-to-date: /home/sam/wsg50/install/wsg_50_common/include/wsg_50_common/wsg_50_common
[1.319s] -- Up-to-date: /home/sam/wsg50/install/wsg_50_common/include/wsg_50_common/wsg_50_common/msg
[1.319s] -- Up-to-date: /home/sam/wsg50/install/wsg_50_common/include/wsg_50_common/wsg_50_common/msg/detail
[1.319s] -- Up-to-date: /home/sam/wsg50/install/wsg_50_common/include/wsg_50_common/wsg_50_common/msg/detail/cmd__type_support.cpp
[1.319s] -- Up-to-date: /home/sam/wsg50/install/wsg_50_common/include/wsg_50_common/wsg_50_common/msg/detail/status__rosidl_typesupport_introspection_cpp.hpp
[1.319s] -- Up-to-date: /home/sam/wsg50/install/wsg_50_common/include/wsg_50_common/wsg_50_common/msg/detail/status__type_support.cpp
[1.319s] -- Up-to-date: /home/sam/wsg50/install/wsg_50_common/include/wsg_50_common/wsg_50_common/msg/detail/cmd__rosidl_typesupport_introspection_cpp.hpp
[1.319s] -- Up-to-date: /home/sam/wsg50/install/wsg_50_common/include/wsg_50_common/wsg_50_common/srv
[1.320s] -- Up-to-date: /home/sam/wsg50/install/wsg_50_common/include/wsg_50_common/wsg_50_common/srv/detail
[1.320s] -- Up-to-date: /home/sam/wsg50/install/wsg_50_common/include/wsg_50_common/wsg_50_common/srv/detail/move__type_support.cpp
[1.320s] -- Up-to-date: /home/sam/wsg50/install/wsg_50_common/include/wsg_50_common/wsg_50_common/srv/detail/move__rosidl_typesupport_introspection_cpp.hpp
[1.320s] -- Up-to-date: /home/sam/wsg50/install/wsg_50_common/include/wsg_50_common/wsg_50_common/srv/detail/conf__type_support.cpp
[1.320s] -- Up-to-date: /home/sam/wsg50/install/wsg_50_common/include/wsg_50_common/wsg_50_common/srv/detail/incr__type_support.cpp
[1.320s] -- Up-to-date: /home/sam/wsg50/install/wsg_50_common/include/wsg_50_common/wsg_50_common/srv/detail/incr__rosidl_typesupport_introspection_cpp.hpp
[1.320s] -- Up-to-date: /home/sam/wsg50/install/wsg_50_common/include/wsg_50_common/wsg_50_common/srv/detail/conf__rosidl_typesupport_introspection_cpp.hpp
[1.320s] -- Up-to-date: /home/sam/wsg50/install/wsg_50_common/include/wsg_50_common/wsg_50_common/action
[1.320s] -- Up-to-date: /home/sam/wsg50/install/wsg_50_common/include/wsg_50_common/wsg_50_common/action/detail
[1.320s] -- Up-to-date: /home/sam/wsg50/install/wsg_50_common/include/wsg_50_common/wsg_50_common/action/detail/cmd__type_support.cpp
[1.320s] -- Up-to-date: /home/sam/wsg50/install/wsg_50_common/include/wsg_50_common/wsg_50_common/action/detail/cmd__rosidl_typesupport_introspection_cpp.hpp
[1.321s] -- Up-to-date: /home/sam/wsg50/install/wsg_50_common/lib/libwsg_50_common__rosidl_typesupport_introspection_cpp.so
[1.321s] -- Up-to-date: /home/sam/wsg50/install/wsg_50_common/lib/libwsg_50_common__rosidl_typesupport_cpp.so
[1.321s] -- Up-to-date: /home/sam/wsg50/install/wsg_50_common/share/wsg_50_common/environment/pythonpath.sh
[1.321s] -- Up-to-date: /home/sam/wsg50/install/wsg_50_common/share/wsg_50_common/environment/pythonpath.dsv
[1.321s] -- Up-to-date: /home/sam/wsg50/install/wsg_50_common/local/lib/python3.10/dist-packages/wsg_50_common-0.0.0-py3.10.egg-info
[1.321s] -- Installing: /home/sam/wsg50/install/wsg_50_common/local/lib/python3.10/dist-packages/wsg_50_common-0.0.0-py3.10.egg-info/dependency_links.txt
[1.321s] -- Installing: /home/sam/wsg50/install/wsg_50_common/local/lib/python3.10/dist-packages/wsg_50_common-0.0.0-py3.10.egg-info/PKG-INFO
[1.321s] -- Installing: /home/sam/wsg50/install/wsg_50_common/local/lib/python3.10/dist-packages/wsg_50_common-0.0.0-py3.10.egg-info/SOURCES.txt
[1.321s] -- Installing: /home/sam/wsg50/install/wsg_50_common/local/lib/python3.10/dist-packages/wsg_50_common-0.0.0-py3.10.egg-info/top_level.txt
[1.321s] -- Up-to-date: /home/sam/wsg50/install/wsg_50_common/local/lib/python3.10/dist-packages/wsg_50_common
[1.322s] -- Up-to-date: /home/sam/wsg50/install/wsg_50_common/local/lib/python3.10/dist-packages/wsg_50_common/_wsg_50_common_s.ep.rosidl_typesupport_c.c
[1.322s] -- Up-to-date: /home/sam/wsg50/install/wsg_50_common/local/lib/python3.10/dist-packages/wsg_50_common/wsg_50_common_s__rosidl_typesupport_fastrtps_c.cpython-310-x86_64-linux-gnu.so
[1.322s] -- Up-to-date: /home/sam/wsg50/install/wsg_50_common/local/lib/python3.10/dist-packages/wsg_50_common/_wsg_50_common_s.ep.rosidl_typesupport_introspection_c.c
[1.322s] -- Up-to-date: /home/sam/wsg50/install/wsg_50_common/local/lib/python3.10/dist-packages/wsg_50_common/msg
[1.322s] -- Up-to-date: /home/sam/wsg50/install/wsg_50_common/local/lib/python3.10/dist-packages/wsg_50_common/msg/_status.py
[1.322s] -- Up-to-date: /home/sam/wsg50/install/wsg_50_common/local/lib/python3.10/dist-packages/wsg_50_common/msg/__init__.py
[1.322s] -- Up-to-date: /home/sam/wsg50/install/wsg_50_common/local/lib/python3.10/dist-packages/wsg_50_common/msg/_cmd_s.c
[1.322s] -- Up-to-date: /home/sam/wsg50/install/wsg_50_common/local/lib/python3.10/dist-packages/wsg_50_common/msg/_cmd.py
[1.322s] -- Up-to-date: /home/sam/wsg50/install/wsg_50_common/local/lib/python3.10/dist-packages/wsg_50_common/msg/_status_s.c
[1.323s] -- Up-to-date: /home/sam/wsg50/install/wsg_50_common/local/lib/python3.10/dist-packages/wsg_50_common/__init__.py
[1.323s] -- Up-to-date: /home/sam/wsg50/install/wsg_50_common/local/lib/python3.10/dist-packages/wsg_50_common/srv
[1.323s] -- Up-to-date: /home/sam/wsg50/install/wsg_50_common/local/lib/python3.10/dist-packages/wsg_50_common/srv/_incr.py
[1.323s] -- Up-to-date: /home/sam/wsg50/install/wsg_50_common/local/lib/python3.10/dist-packages/wsg_50_common/srv/_conf_s.c
[1.323s] -- Up-to-date: /home/sam/wsg50/install/wsg_50_common/local/lib/python3.10/dist-packages/wsg_50_common/srv/_conf.py
[1.323s] -- Up-to-date: /home/sam/wsg50/install/wsg_50_common/local/lib/python3.10/dist-packages/wsg_50_common/srv/_move.py
[1.323s] -- Up-to-date: /home/sam/wsg50/install/wsg_50_common/local/lib/python3.10/dist-packages/wsg_50_common/srv/_move_s.c
[1.323s] -- Up-to-date: /home/sam/wsg50/install/wsg_50_common/local/lib/python3.10/dist-packages/wsg_50_common/srv/__init__.py
[1.323s] -- Up-to-date: /home/sam/wsg50/install/wsg_50_common/local/lib/python3.10/dist-packages/wsg_50_common/srv/_incr_s.c
[1.323s] -- Up-to-date: /home/sam/wsg50/install/wsg_50_common/local/lib/python3.10/dist-packages/wsg_50_common/_wsg_50_common_s.ep.rosidl_typesupport_fastrtps_c.c
[1.323s] -- Up-to-date: /home/sam/wsg50/install/wsg_50_common/local/lib/python3.10/dist-packages/wsg_50_common/libwsg_50_common__rosidl_generator_py.so
[1.324s] -- Up-to-date: /home/sam/wsg50/install/wsg_50_common/local/lib/python3.10/dist-packages/wsg_50_common/wsg_50_common_s__rosidl_typesupport_introspection_c.cpython-310-x86_64-linux-gnu.so
[1.324s] -- Up-to-date: /home/sam/wsg50/install/wsg_50_common/local/lib/python3.10/dist-packages/wsg_50_common/action
[1.324s] -- Up-to-date: /home/sam/wsg50/install/wsg_50_common/local/lib/python3.10/dist-packages/wsg_50_common/action/__init__.py
[1.324s] -- Up-to-date: /home/sam/wsg50/install/wsg_50_common/local/lib/python3.10/dist-packages/wsg_50_common/action/_cmd_s.c
[1.324s] -- Up-to-date: /home/sam/wsg50/install/wsg_50_common/local/lib/python3.10/dist-packages/wsg_50_common/action/_cmd.py
[1.324s] -- Up-to-date: /home/sam/wsg50/install/wsg_50_common/local/lib/python3.10/dist-packages/wsg_50_common/wsg_50_common_s__rosidl_typesupport_c.cpython-310-x86_64-linux-gnu.so
[1.391s] Listing '/home/sam/wsg50/install/wsg_50_common/local/lib/python3.10/dist-packages/wsg_50_common'...
[1.391s] Listing '/home/sam/wsg50/install/wsg_50_common/local/lib/python3.10/dist-packages/wsg_50_common/action'...
[1.391s] Listing '/home/sam/wsg50/install/wsg_50_common/local/lib/python3.10/dist-packages/wsg_50_common/msg'...
[1.392s] Listing '/home/sam/wsg50/install/wsg_50_common/local/lib/python3.10/dist-packages/wsg_50_common/srv'...
[1.401s] -- Up-to-date: /home/sam/wsg50/install/wsg_50_common/local/lib/python3.10/dist-packages/wsg_50_common/wsg_50_common_s__rosidl_typesupport_fastrtps_c.cpython-310-x86_64-linux-gnu.so
[1.402s] -- Up-to-date: /home/sam/wsg50/install/wsg_50_common/local/lib/python3.10/dist-packages/wsg_50_common/wsg_50_common_s__rosidl_typesupport_introspection_c.cpython-310-x86_64-linux-gnu.so
[1.402s] -- Up-to-date: /home/sam/wsg50/install/wsg_50_common/local/lib/python3.10/dist-packages/wsg_50_common/wsg_50_common_s__rosidl_typesupport_c.cpython-310-x86_64-linux-gnu.so
[1.403s] -- Up-to-date: /home/sam/wsg50/install/wsg_50_common/lib/libwsg_50_common__rosidl_generator_py.so
[1.404s] -- Up-to-date: /home/sam/wsg50/install/wsg_50_common/share/wsg_50_common/msg/Cmd.idl
[1.405s] -- Up-to-date: /home/sam/wsg50/install/wsg_50_common/share/wsg_50_common/msg/Status.idl
[1.405s] -- Up-to-date: /home/sam/wsg50/install/wsg_50_common/share/wsg_50_common/srv/Conf.idl
[1.406s] -- Up-to-date: /home/sam/wsg50/install/wsg_50_common/share/wsg_50_common/srv/Incr.idl
[1.406s] -- Up-to-date: /home/sam/wsg50/install/wsg_50_common/share/wsg_50_common/srv/Move.idl
[1.407s] -- Up-to-date: /home/sam/wsg50/install/wsg_50_common/share/wsg_50_common/action/Cmd.idl
[1.407s] -- Up-to-date: /home/sam/wsg50/install/wsg_50_common/share/wsg_50_common/msg/Cmd.msg
[1.408s] -- Up-to-date: /home/sam/wsg50/install/wsg_50_common/share/wsg_50_common/msg/Status.msg
[1.408s] -- Up-to-date: /home/sam/wsg50/install/wsg_50_common/share/wsg_50_common/srv/Conf.srv
[1.408s] -- Up-to-date: /home/sam/wsg50/install/wsg_50_common/share/wsg_50_common/srv/Conf_Request.msg
[1.409s] -- Up-to-date: /home/sam/wsg50/install/wsg_50_common/share/wsg_50_common/srv/Conf_Response.msg
[1.409s] -- Up-to-date: /home/sam/wsg50/install/wsg_50_common/share/wsg_50_common/srv/Incr.srv
[1.410s] -- Up-to-date: /home/sam/wsg50/install/wsg_50_common/share/wsg_50_common/srv/Incr_Request.msg
[1.410s] -- Up-to-date: /home/sam/wsg50/install/wsg_50_common/share/wsg_50_common/srv/Incr_Response.msg
[1.411s] -- Up-to-date: /home/sam/wsg50/install/wsg_50_common/share/wsg_50_common/srv/Move.srv
[1.411s] -- Up-to-date: /home/sam/wsg50/install/wsg_50_common/share/wsg_50_common/srv/Move_Request.msg
[1.412s] -- Up-to-date: /home/sam/wsg50/install/wsg_50_common/share/wsg_50_common/srv/Move_Response.msg
[1.412s] -- Up-to-date: /home/sam/wsg50/install/wsg_50_common/share/wsg_50_common/action/Cmd.action
[1.413s] -- Up-to-date: /home/sam/wsg50/install/wsg_50_common/share/ament_index/resource_index/package_run_dependencies/wsg_50_common
[1.413s] -- Up-to-date: /home/sam/wsg50/install/wsg_50_common/share/ament_index/resource_index/parent_prefix_path/wsg_50_common
[1.413s] -- Up-to-date: /home/sam/wsg50/install/wsg_50_common/share/wsg_50_common/environment/ament_prefix_path.sh
[1.414s] -- Up-to-date: /home/sam/wsg50/install/wsg_50_common/share/wsg_50_common/environment/ament_prefix_path.dsv
[1.414s] -- Up-to-date: /home/sam/wsg50/install/wsg_50_common/share/wsg_50_common/environment/path.sh
[1.414s] -- Up-to-date: /home/sam/wsg50/install/wsg_50_common/share/wsg_50_common/environment/path.dsv
[1.415s] -- Up-to-date: /home/sam/wsg50/install/wsg_50_common/share/wsg_50_common/local_setup.bash
[1.415s] -- Up-to-date: /home/sam/wsg50/install/wsg_50_common/share/wsg_50_common/local_setup.sh
[1.415s] -- Up-to-date: /home/sam/wsg50/install/wsg_50_common/share/wsg_50_common/local_setup.zsh
[1.415s] -- Up-to-date: /home/sam/wsg50/install/wsg_50_common/share/wsg_50_common/local_setup.dsv
[1.417s] -- Installing: /home/sam/wsg50/install/wsg_50_common/share/wsg_50_common/package.dsv
[1.417s] -- Up-to-date: /home/sam/wsg50/install/wsg_50_common/share/ament_index/resource_index/packages/wsg_50_common
[1.417s] -- Up-to-date: /home/sam/wsg50/install/wsg_50_common/share/wsg_50_common/cmake/export_wsg_50_common__rosidl_generator_cExport.cmake
[1.418s] -- Up-to-date: /home/sam/wsg50/install/wsg_50_common/share/wsg_50_common/cmake/export_wsg_50_common__rosidl_generator_cExport-noconfig.cmake
[1.418s] -- Up-to-date: /home/sam/wsg50/install/wsg_50_common/share/wsg_50_common/cmake/export_wsg_50_common__rosidl_typesupport_fastrtps_cExport.cmake
[1.419s] -- Up-to-date: /home/sam/wsg50/install/wsg_50_common/share/wsg_50_common/cmake/export_wsg_50_common__rosidl_typesupport_fastrtps_cExport-noconfig.cmake
[1.420s] -- Up-to-date: /home/sam/wsg50/install/wsg_50_common/share/wsg_50_common/cmake/export_wsg_50_common__rosidl_generator_cppExport.cmake
[1.420s] -- Up-to-date: /home/sam/wsg50/install/wsg_50_common/share/wsg_50_common/cmake/export_wsg_50_common__rosidl_typesupport_fastrtps_cppExport.cmake
[1.421s] -- Up-to-date: /home/sam/wsg50/install/wsg_50_common/share/wsg_50_common/cmake/export_wsg_50_common__rosidl_typesupport_fastrtps_cppExport-noconfig.cmake
[1.421s] -- Up-to-date: /home/sam/wsg50/install/wsg_50_common/share/wsg_50_common/cmake/wsg_50_common__rosidl_typesupport_introspection_cExport.cmake
[1.421s] -- Up-to-date: /home/sam/wsg50/install/wsg_50_common/share/wsg_50_common/cmake/wsg_50_common__rosidl_typesupport_introspection_cExport-noconfig.cmake
[1.421s] -- Up-to-date: /home/sam/wsg50/install/wsg_50_common/share/wsg_50_common/cmake/wsg_50_common__rosidl_typesupport_cExport.cmake
[1.422s] -- Up-to-date: /home/sam/wsg50/install/wsg_50_common/share/wsg_50_common/cmake/wsg_50_common__rosidl_typesupport_cExport-noconfig.cmake
[1.422s] -- Up-to-date: /home/sam/wsg50/install/wsg_50_common/share/wsg_50_common/cmake/wsg_50_common__rosidl_typesupport_introspection_cppExport.cmake
[1.422s] -- Up-to-date: /home/sam/wsg50/install/wsg_50_common/share/wsg_50_common/cmake/wsg_50_common__rosidl_typesupport_introspection_cppExport-noconfig.cmake
[1.422s] -- Up-to-date: /home/sam/wsg50/install/wsg_50_common/share/wsg_50_common/cmake/wsg_50_common__rosidl_typesupport_cppExport.cmake
[1.422s] -- Up-to-date: /home/sam/wsg50/install/wsg_50_common/share/wsg_50_common/cmake/wsg_50_common__rosidl_typesupport_cppExport-noconfig.cmake
[1.422s] -- Up-to-date: /home/sam/wsg50/install/wsg_50_common/share/wsg_50_common/cmake/export_wsg_50_common__rosidl_generator_pyExport.cmake
[1.423s] -- Up-to-date: /home/sam/wsg50/install/wsg_50_common/share/wsg_50_common/cmake/export_wsg_50_common__rosidl_generator_pyExport-noconfig.cmake
[1.423s] -- Up-to-date: /home/sam/wsg50/install/wsg_50_common/share/wsg_50_common/cmake/rosidl_cmake-extras.cmake
[1.423s] -- Up-to-date: /home/sam/wsg50/install/wsg_50_common/share/wsg_50_common/cmake/ament_cmake_export_dependencies-extras.cmake
[1.424s] -- Up-to-date: /home/sam/wsg50/install/wsg_50_common/share/wsg_50_common/cmake/ament_cmake_export_include_directories-extras.cmake
[1.425s] -- Up-to-date: /home/sam/wsg50/install/wsg_50_common/share/wsg_50_common/cmake/ament_cmake_export_libraries-extras.cmake
[1.425s] -- Up-to-date: /home/sam/wsg50/install/wsg_50_common/share/wsg_50_common/cmake/ament_cmake_export_targets-extras.cmake
[1.426s] -- Up-to-date: /home/sam/wsg50/install/wsg_50_common/share/wsg_50_common/cmake/rosidl_cmake_export_typesupport_targets-extras.cmake
[1.426s] -- Up-to-date: /home/sam/wsg50/install/wsg_50_common/share/wsg_50_common/cmake/rosidl_cmake_export_typesupport_libraries-extras.cmake
[1.427s] -- Up-to-date: /home/sam/wsg50/install/wsg_50_common/share/wsg_50_common/cmake/wsg_50_commonConfig.cmake
[1.427s] -- Up-to-date: /home/sam/wsg50/install/wsg_50_common/share/wsg_50_common/cmake/wsg_50_commonConfig-version.cmake
[1.428s] -- Up-to-date: /home/sam/wsg50/install/wsg_50_common/share/wsg_50_common/package.xml
[1.430s] Invoked command in '/home/sam/wsg50/build/wsg_50_common' returned '0': CMAKE_PREFIX_PATH=${CMAKE_PREFIX_PATH}:/home/sam/moveit2/install/moveit_configs_utils:/opt/ros/humble /usr/bin/cmake --install /home/sam/wsg50/build/wsg_50_common
