[0.558s] DEBUG:colcon:Command line arguments: ['/usr/bin/colcon', 'build']
[0.558s] DEBUG:colcon:Parsed command line arguments: Namespace(log_base=None, log_level=None, verb_name='build', build_base='build', install_base='install', merge_install=False, symlink_install=False, test_result_base=None, continue_on_error=False, executor='parallel', parallel_workers=8, event_handlers=None, ignore_user_meta=False, metas=['./colcon.meta'], base_paths=['.'], packages_ignore=None, packages_ignore_regex=None, paths=None, packages_up_to=None, packages_up_to_regex=None, packages_above=None, packages_above_and_dependencies=None, packages_above_depth=None, packages_select_by_dep=None, packages_skip_by_dep=None, packages_skip_up_to=None, packages_select_build_failed=False, packages_skip_build_finished=False, packages_select_test_failures=False, packages_skip_test_passed=False, packages_select=None, packages_skip=None, packages_select_regex=None, packages_skip_regex=None, packages_start=None, packages_end=None, allow_overriding=[], cmake_args=None, cmake_target=None, cmake_target_skip_unavailable=False, cmake_clean_cache=False, cmake_clean_first=False, cmake_force_configure=False, ament_cmake_args=None, catkin_cmake_args=None, catkin_skip_building_tests=False, mixin_files=None, mixin=None, verb_parser=<colcon_mixin.mixin.mixin_argument.MixinArgumentDecorator object at 0x79ddbd562e00>, verb_extension=<colcon_core.verb.build.BuildVerb object at 0x79ddbd66fd30>, main=<bound method BuildVerb.main of <colcon_core.verb.build.BuildVerb object at 0x79ddbd66fd30>>, mixin_verb=('build',))
[0.998s] Level 1:colcon.colcon_core.package_discovery:discover_packages(colcon_meta) check parameters
[0.998s] Level 1:colcon.colcon_core.package_discovery:discover_packages(recursive) check parameters
[0.999s] Level 1:colcon.colcon_core.package_discovery:discover_packages(ignore) check parameters
[0.999s] Level 1:colcon.colcon_core.package_discovery:discover_packages(path) check parameters
[0.999s] Level 1:colcon.colcon_core.package_discovery:discover_packages(colcon_meta) discover
[0.999s] Level 1:colcon.colcon_core.package_discovery:discover_packages(recursive) discover
[0.999s] INFO:colcon.colcon_core.package_discovery:Crawling recursively for packages in '/home/sam/wsg50'
[1.000s] Level 1:colcon.colcon_core.package_identification:_identify(.) by extensions ['ignore', 'ignore_ament_install']
[1.000s] Level 1:colcon.colcon_core.package_identification:_identify(.) by extension 'ignore'
[1.000s] Level 1:colcon.colcon_core.package_identification:_identify(.) by extension 'ignore_ament_install'
[1.000s] Level 1:colcon.colcon_core.package_identification:_identify(.) by extensions ['colcon_pkg']
[1.000s] Level 1:colcon.colcon_core.package_identification:_identify(.) by extension 'colcon_pkg'
[1.000s] Level 1:colcon.colcon_core.package_identification:_identify(.) by extensions ['colcon_meta']
[1.000s] Level 1:colcon.colcon_core.package_identification:_identify(.) by extension 'colcon_meta'
[1.000s] Level 1:colcon.colcon_core.package_identification:_identify(.) by extensions ['ros']
[1.000s] Level 1:colcon.colcon_core.package_identification:_identify(.) by extension 'ros'
[1.026s] Level 1:colcon.colcon_core.package_identification:_identify(.) by extensions ['cmake', 'python']
[1.026s] Level 1:colcon.colcon_core.package_identification:_identify(.) by extension 'cmake'
[1.026s] Level 1:colcon.colcon_core.package_identification:_identify(.) by extension 'python'
[1.026s] Level 1:colcon.colcon_core.package_identification:_identify(.) by extensions ['python_setup_py']
[1.026s] Level 1:colcon.colcon_core.package_identification:_identify(.) by extension 'python_setup_py'
[1.026s] Level 1:colcon.colcon_core.package_identification:_identify(build) by extensions ['ignore', 'ignore_ament_install']
[1.027s] Level 1:colcon.colcon_core.package_identification:_identify(build) by extension 'ignore'
[1.027s] Level 1:colcon.colcon_core.package_identification:_identify(build) ignored
[1.027s] Level 1:colcon.colcon_core.package_identification:_identify(install) by extensions ['ignore', 'ignore_ament_install']
[1.027s] Level 1:colcon.colcon_core.package_identification:_identify(install) by extension 'ignore'
[1.027s] Level 1:colcon.colcon_core.package_identification:_identify(install) ignored
[1.027s] Level 1:colcon.colcon_core.package_identification:_identify(log) by extensions ['ignore', 'ignore_ament_install']
[1.027s] Level 1:colcon.colcon_core.package_identification:_identify(log) by extension 'ignore'
[1.027s] Level 1:colcon.colcon_core.package_identification:_identify(log) ignored
[1.028s] Level 1:colcon.colcon_core.package_identification:_identify(src) by extensions ['ignore', 'ignore_ament_install']
[1.028s] Level 1:colcon.colcon_core.package_identification:_identify(src) by extension 'ignore'
[1.028s] Level 1:colcon.colcon_core.package_identification:_identify(src) by extension 'ignore_ament_install'
[1.028s] Level 1:colcon.colcon_core.package_identification:_identify(src) by extensions ['colcon_pkg']
[1.028s] Level 1:colcon.colcon_core.package_identification:_identify(src) by extension 'colcon_pkg'
[1.028s] Level 1:colcon.colcon_core.package_identification:_identify(src) by extensions ['colcon_meta']
[1.028s] Level 1:colcon.colcon_core.package_identification:_identify(src) by extension 'colcon_meta'
[1.028s] Level 1:colcon.colcon_core.package_identification:_identify(src) by extensions ['ros']
[1.028s] Level 1:colcon.colcon_core.package_identification:_identify(src) by extension 'ros'
[1.028s] Level 1:colcon.colcon_core.package_identification:_identify(src) by extensions ['cmake', 'python']
[1.028s] Level 1:colcon.colcon_core.package_identification:_identify(src) by extension 'cmake'
[1.028s] Level 1:colcon.colcon_core.package_identification:_identify(src) by extension 'python'
[1.029s] Level 1:colcon.colcon_core.package_identification:_identify(src) by extensions ['python_setup_py']
[1.029s] Level 1:colcon.colcon_core.package_identification:_identify(src) by extension 'python_setup_py'
[1.029s] Level 1:colcon.colcon_core.package_identification:_identify(src/doc) by extensions ['ignore', 'ignore_ament_install']
[1.029s] Level 1:colcon.colcon_core.package_identification:_identify(src/doc) by extension 'ignore'
[1.029s] Level 1:colcon.colcon_core.package_identification:_identify(src/doc) by extension 'ignore_ament_install'
[1.029s] Level 1:colcon.colcon_core.package_identification:_identify(src/doc) by extensions ['colcon_pkg']
[1.029s] Level 1:colcon.colcon_core.package_identification:_identify(src/doc) by extension 'colcon_pkg'
[1.029s] Level 1:colcon.colcon_core.package_identification:_identify(src/doc) by extensions ['colcon_meta']
[1.029s] Level 1:colcon.colcon_core.package_identification:_identify(src/doc) by extension 'colcon_meta'
[1.029s] Level 1:colcon.colcon_core.package_identification:_identify(src/doc) by extensions ['ros']
[1.029s] Level 1:colcon.colcon_core.package_identification:_identify(src/doc) by extension 'ros'
[1.029s] Level 1:colcon.colcon_core.package_identification:_identify(src/doc) by extensions ['cmake', 'python']
[1.030s] Level 1:colcon.colcon_core.package_identification:_identify(src/doc) by extension 'cmake'
[1.030s] Level 1:colcon.colcon_core.package_identification:_identify(src/doc) by extension 'python'
[1.030s] Level 1:colcon.colcon_core.package_identification:_identify(src/doc) by extensions ['python_setup_py']
[1.030s] Level 1:colcon.colcon_core.package_identification:_identify(src/doc) by extension 'python_setup_py'
[1.030s] Level 1:colcon.colcon_core.package_identification:_identify(src/wsg_50_common) by extensions ['ignore', 'ignore_ament_install']
[1.030s] Level 1:colcon.colcon_core.package_identification:_identify(src/wsg_50_common) by extension 'ignore'
[1.030s] Level 1:colcon.colcon_core.package_identification:_identify(src/wsg_50_common) by extension 'ignore_ament_install'
[1.030s] Level 1:colcon.colcon_core.package_identification:_identify(src/wsg_50_common) by extensions ['colcon_pkg']
[1.030s] Level 1:colcon.colcon_core.package_identification:_identify(src/wsg_50_common) by extension 'colcon_pkg'
[1.030s] Level 1:colcon.colcon_core.package_identification:_identify(src/wsg_50_common) by extensions ['colcon_meta']
[1.030s] Level 1:colcon.colcon_core.package_identification:_identify(src/wsg_50_common) by extension 'colcon_meta'
[1.030s] Level 1:colcon.colcon_core.package_identification:_identify(src/wsg_50_common) by extensions ['ros']
[1.031s] Level 1:colcon.colcon_core.package_identification:_identify(src/wsg_50_common) by extension 'ros'
[1.036s] DEBUG:colcon.colcon_core.package_identification:Package 'src/wsg_50_common' with type 'ros.ament_cmake' and name 'wsg_50_common'
[1.036s] Level 1:colcon.colcon_core.package_identification:_identify(src/wsg_50_driver) by extensions ['ignore', 'ignore_ament_install']
[1.037s] Level 1:colcon.colcon_core.package_identification:_identify(src/wsg_50_driver) by extension 'ignore'
[1.037s] Level 1:colcon.colcon_core.package_identification:_identify(src/wsg_50_driver) by extension 'ignore_ament_install'
[1.037s] Level 1:colcon.colcon_core.package_identification:_identify(src/wsg_50_driver) by extensions ['colcon_pkg']
[1.037s] Level 1:colcon.colcon_core.package_identification:_identify(src/wsg_50_driver) by extension 'colcon_pkg'
[1.037s] Level 1:colcon.colcon_core.package_identification:_identify(src/wsg_50_driver) by extensions ['colcon_meta']
[1.037s] Level 1:colcon.colcon_core.package_identification:_identify(src/wsg_50_driver) by extension 'colcon_meta'
[1.037s] Level 1:colcon.colcon_core.package_identification:_identify(src/wsg_50_driver) by extensions ['ros']
[1.037s] Level 1:colcon.colcon_core.package_identification:_identify(src/wsg_50_driver) by extension 'ros'
[1.038s] DEBUG:colcon.colcon_core.package_identification:Package 'src/wsg_50_driver' with type 'ros.ament_cmake' and name 'wsg_50_driver'
[1.038s] Level 1:colcon.colcon_core.package_identification:_identify(src/wsg_50_interface) by extensions ['ignore', 'ignore_ament_install']
[1.039s] Level 1:colcon.colcon_core.package_identification:_identify(src/wsg_50_interface) by extension 'ignore'
[1.039s] Level 1:colcon.colcon_core.package_identification:_identify(src/wsg_50_interface) by extension 'ignore_ament_install'
[1.039s] Level 1:colcon.colcon_core.package_identification:_identify(src/wsg_50_interface) by extensions ['colcon_pkg']
[1.039s] Level 1:colcon.colcon_core.package_identification:_identify(src/wsg_50_interface) by extension 'colcon_pkg'
[1.039s] Level 1:colcon.colcon_core.package_identification:_identify(src/wsg_50_interface) by extensions ['colcon_meta']
[1.039s] Level 1:colcon.colcon_core.package_identification:_identify(src/wsg_50_interface) by extension 'colcon_meta'
[1.039s] Level 1:colcon.colcon_core.package_identification:_identify(src/wsg_50_interface) by extensions ['ros']
[1.039s] Level 1:colcon.colcon_core.package_identification:_identify(src/wsg_50_interface) by extension 'ros'
[1.040s] DEBUG:colcon.colcon_core.package_identification:Package 'src/wsg_50_interface' with type 'ros.ament_cmake' and name 'wsg_50_interface'
[1.041s] Level 1:colcon.colcon_core.package_identification:_identify(src/wsg_50_simulation) by extensions ['ignore', 'ignore_ament_install']
[1.041s] Level 1:colcon.colcon_core.package_identification:_identify(src/wsg_50_simulation) by extension 'ignore'
[1.041s] Level 1:colcon.colcon_core.package_identification:_identify(src/wsg_50_simulation) by extension 'ignore_ament_install'
[1.041s] Level 1:colcon.colcon_core.package_identification:_identify(src/wsg_50_simulation) by extensions ['colcon_pkg']
[1.041s] Level 1:colcon.colcon_core.package_identification:_identify(src/wsg_50_simulation) by extension 'colcon_pkg'
[1.041s] Level 1:colcon.colcon_core.package_identification:_identify(src/wsg_50_simulation) by extensions ['colcon_meta']
[1.041s] Level 1:colcon.colcon_core.package_identification:_identify(src/wsg_50_simulation) by extension 'colcon_meta'
[1.041s] Level 1:colcon.colcon_core.package_identification:_identify(src/wsg_50_simulation) by extensions ['ros']
[1.041s] Level 1:colcon.colcon_core.package_identification:_identify(src/wsg_50_simulation) by extension 'ros'
[1.042s] DEBUG:colcon.colcon_core.package_identification:Package 'src/wsg_50_simulation' with type 'ros.ament_cmake' and name 'wsg_50_simulation'
[1.042s] Level 1:colcon.colcon_core.package_discovery:discover_packages(recursive) using defaults
[1.042s] Level 1:colcon.colcon_core.package_discovery:discover_packages(ignore) discover
[1.042s] Level 1:colcon.colcon_core.package_discovery:discover_packages(ignore) using defaults
[1.042s] Level 1:colcon.colcon_core.package_discovery:discover_packages(path) discover
[1.042s] Level 1:colcon.colcon_core.package_discovery:discover_packages(path) using defaults
[1.111s] Level 1:colcon.colcon_core.package_discovery:discover_packages(prefix_path) check parameters
[1.111s] Level 1:colcon.colcon_core.package_discovery:discover_packages(prefix_path) discover
[1.128s] DEBUG:colcon.colcon_installed_package_information.package_discovery:Found 2 installed packages in /home/sam/wsg_50/install
[1.132s] DEBUG:colcon.colcon_installed_package_information.package_discovery:Found 49 installed packages in /home/sam/moveit2/install
[1.135s] DEBUG:colcon.colcon_installed_package_information.package_discovery:Found 14 installed packages in /home/sam/ros2_ws/install
[1.139s] DEBUG:colcon.colcon_installed_package_information.package_discovery:Found 357 installed packages in /opt/ros/humble
[1.142s] Level 1:colcon.colcon_core.package_discovery:discover_packages(prefix_path) using defaults
[1.271s] Level 5:colcon.colcon_core.verb:set package 'wsg_50_common' build argument 'cmake_args' from command line to 'None'
[1.271s] Level 5:colcon.colcon_core.verb:set package 'wsg_50_common' build argument 'cmake_target' from command line to 'None'
[1.271s] Level 5:colcon.colcon_core.verb:set package 'wsg_50_common' build argument 'cmake_target_skip_unavailable' from command line to 'False'
[1.271s] Level 5:colcon.colcon_core.verb:set package 'wsg_50_common' build argument 'cmake_clean_cache' from command line to 'False'
[1.271s] Level 5:colcon.colcon_core.verb:set package 'wsg_50_common' build argument 'cmake_clean_first' from command line to 'False'
[1.271s] Level 5:colcon.colcon_core.verb:set package 'wsg_50_common' build argument 'cmake_force_configure' from command line to 'False'
[1.271s] Level 5:colcon.colcon_core.verb:set package 'wsg_50_common' build argument 'ament_cmake_args' from command line to 'None'
[1.271s] Level 5:colcon.colcon_core.verb:set package 'wsg_50_common' build argument 'catkin_cmake_args' from command line to 'None'
[1.271s] Level 5:colcon.colcon_core.verb:set package 'wsg_50_common' build argument 'catkin_skip_building_tests' from command line to 'False'
[1.272s] DEBUG:colcon.colcon_core.verb:Building package 'wsg_50_common' with the following arguments: {'ament_cmake_args': None, 'build_base': '/home/sam/wsg50/build/wsg_50_common', 'catkin_cmake_args': None, 'catkin_skip_building_tests': False, 'cmake_args': None, 'cmake_clean_cache': False, 'cmake_clean_first': False, 'cmake_force_configure': False, 'cmake_target': None, 'cmake_target_skip_unavailable': False, 'install_base': '/home/sam/wsg50/install/wsg_50_common', 'merge_install': False, 'path': '/home/sam/wsg50/src/wsg_50_common', 'symlink_install': False, 'test_result_base': None}
[1.272s] Level 5:colcon.colcon_core.verb:set package 'wsg_50_simulation' build argument 'cmake_args' from command line to 'None'
[1.272s] Level 5:colcon.colcon_core.verb:set package 'wsg_50_simulation' build argument 'cmake_target' from command line to 'None'
[1.272s] Level 5:colcon.colcon_core.verb:set package 'wsg_50_simulation' build argument 'cmake_target_skip_unavailable' from command line to 'False'
[1.272s] Level 5:colcon.colcon_core.verb:set package 'wsg_50_simulation' build argument 'cmake_clean_cache' from command line to 'False'
[1.272s] Level 5:colcon.colcon_core.verb:set package 'wsg_50_simulation' build argument 'cmake_clean_first' from command line to 'False'
[1.272s] Level 5:colcon.colcon_core.verb:set package 'wsg_50_simulation' build argument 'cmake_force_configure' from command line to 'False'
[1.272s] Level 5:colcon.colcon_core.verb:set package 'wsg_50_simulation' build argument 'ament_cmake_args' from command line to 'None'
[1.272s] Level 5:colcon.colcon_core.verb:set package 'wsg_50_simulation' build argument 'catkin_cmake_args' from command line to 'None'
[1.272s] Level 5:colcon.colcon_core.verb:set package 'wsg_50_simulation' build argument 'catkin_skip_building_tests' from command line to 'False'
[1.273s] DEBUG:colcon.colcon_core.verb:Building package 'wsg_50_simulation' with the following arguments: {'ament_cmake_args': None, 'build_base': '/home/sam/wsg50/build/wsg_50_simulation', 'catkin_cmake_args': None, 'catkin_skip_building_tests': False, 'cmake_args': None, 'cmake_clean_cache': False, 'cmake_clean_first': False, 'cmake_force_configure': False, 'cmake_target': None, 'cmake_target_skip_unavailable': False, 'install_base': '/home/sam/wsg50/install/wsg_50_simulation', 'merge_install': False, 'path': '/home/sam/wsg50/src/wsg_50_simulation', 'symlink_install': False, 'test_result_base': None}
[1.273s] Level 5:colcon.colcon_core.verb:set package 'wsg_50_driver' build argument 'cmake_args' from command line to 'None'
[1.273s] Level 5:colcon.colcon_core.verb:set package 'wsg_50_driver' build argument 'cmake_target' from command line to 'None'
[1.273s] Level 5:colcon.colcon_core.verb:set package 'wsg_50_driver' build argument 'cmake_target_skip_unavailable' from command line to 'False'
[1.273s] Level 5:colcon.colcon_core.verb:set package 'wsg_50_driver' build argument 'cmake_clean_cache' from command line to 'False'
[1.273s] Level 5:colcon.colcon_core.verb:set package 'wsg_50_driver' build argument 'cmake_clean_first' from command line to 'False'
[1.273s] Level 5:colcon.colcon_core.verb:set package 'wsg_50_driver' build argument 'cmake_force_configure' from command line to 'False'
[1.273s] Level 5:colcon.colcon_core.verb:set package 'wsg_50_driver' build argument 'ament_cmake_args' from command line to 'None'
[1.273s] Level 5:colcon.colcon_core.verb:set package 'wsg_50_driver' build argument 'catkin_cmake_args' from command line to 'None'
[1.273s] Level 5:colcon.colcon_core.verb:set package 'wsg_50_driver' build argument 'catkin_skip_building_tests' from command line to 'False'
[1.273s] DEBUG:colcon.colcon_core.verb:Building package 'wsg_50_driver' with the following arguments: {'ament_cmake_args': None, 'build_base': '/home/sam/wsg50/build/wsg_50_driver', 'catkin_cmake_args': None, 'catkin_skip_building_tests': False, 'cmake_args': None, 'cmake_clean_cache': False, 'cmake_clean_first': False, 'cmake_force_configure': False, 'cmake_target': None, 'cmake_target_skip_unavailable': False, 'install_base': '/home/sam/wsg50/install/wsg_50_driver', 'merge_install': False, 'path': '/home/sam/wsg50/src/wsg_50_driver', 'symlink_install': False, 'test_result_base': None}
[1.274s] Level 5:colcon.colcon_core.verb:set package 'wsg_50_interface' build argument 'cmake_args' from command line to 'None'
[1.274s] Level 5:colcon.colcon_core.verb:set package 'wsg_50_interface' build argument 'cmake_target' from command line to 'None'
[1.274s] Level 5:colcon.colcon_core.verb:set package 'wsg_50_interface' build argument 'cmake_target_skip_unavailable' from command line to 'False'
[1.274s] Level 5:colcon.colcon_core.verb:set package 'wsg_50_interface' build argument 'cmake_clean_cache' from command line to 'False'
[1.274s] Level 5:colcon.colcon_core.verb:set package 'wsg_50_interface' build argument 'cmake_clean_first' from command line to 'False'
[1.274s] Level 5:colcon.colcon_core.verb:set package 'wsg_50_interface' build argument 'cmake_force_configure' from command line to 'False'
[1.274s] Level 5:colcon.colcon_core.verb:set package 'wsg_50_interface' build argument 'ament_cmake_args' from command line to 'None'
[1.274s] Level 5:colcon.colcon_core.verb:set package 'wsg_50_interface' build argument 'catkin_cmake_args' from command line to 'None'
[1.274s] Level 5:colcon.colcon_core.verb:set package 'wsg_50_interface' build argument 'catkin_skip_building_tests' from command line to 'False'
[1.275s] DEBUG:colcon.colcon_core.verb:Building package 'wsg_50_interface' with the following arguments: {'ament_cmake_args': None, 'build_base': '/home/sam/wsg50/build/wsg_50_interface', 'catkin_cmake_args': None, 'catkin_skip_building_tests': False, 'cmake_args': None, 'cmake_clean_cache': False, 'cmake_clean_first': False, 'cmake_force_configure': False, 'cmake_target': None, 'cmake_target_skip_unavailable': False, 'install_base': '/home/sam/wsg50/install/wsg_50_interface', 'merge_install': False, 'path': '/home/sam/wsg50/src/wsg_50_interface', 'symlink_install': False, 'test_result_base': None}
[1.275s] INFO:colcon.colcon_core.executor:Executing jobs using 'parallel' executor
[1.276s] DEBUG:colcon.colcon_parallel_executor.executor.parallel:run_until_complete
[1.277s] INFO:colcon.colcon_ros.task.ament_cmake.build:Building ROS package in '/home/sam/wsg50/src/wsg_50_common' with build type 'ament_cmake'
[1.277s] INFO:colcon.colcon_cmake.task.cmake.build:Building CMake package in '/home/sam/wsg50/src/wsg_50_common'
[1.283s] INFO:colcon.colcon_core.plugin_system:Skipping extension 'colcon_core.shell.bat': Not used on non-Windows systems
[1.283s] INFO:colcon.colcon_core.shell:Skip shell extension 'powershell' for command environment: Not usable outside of PowerShell
[1.284s] DEBUG:colcon.colcon_core.shell:Skip shell extension 'dsv' for command environment
[1.303s] INFO:colcon.colcon_ros.task.ament_cmake.build:Building ROS package in '/home/sam/wsg50/src/wsg_50_simulation' with build type 'ament_cmake'
[1.304s] INFO:colcon.colcon_cmake.task.cmake.build:Building CMake package in '/home/sam/wsg50/src/wsg_50_simulation'
[1.304s] INFO:colcon.colcon_core.shell:Skip shell extension 'powershell' for command environment: Not usable outside of PowerShell
[1.304s] DEBUG:colcon.colcon_core.shell:Skip shell extension 'dsv' for command environment
[1.349s] DEBUG:colcon.colcon_core.event_handler.log_command:Invoking command in '/home/sam/wsg50/build/wsg_50_common': CMAKE_PREFIX_PATH=${CMAKE_PREFIX_PATH}:/home/sam/wsg_50/install/wsg_ctrl:/home/sam/moveit2/install/moveit_configs_utils:/opt/ros/humble /usr/bin/cmake /home/sam/wsg50/src/wsg_50_common -DCMAKE_INSTALL_PREFIX=/home/sam/wsg50/install/wsg_50_common
[1.361s] DEBUG:colcon.colcon_core.event_handler.log_command:Invoking command in '/home/sam/wsg50/build/wsg_50_simulation': CMAKE_PREFIX_PATH=${CMAKE_PREFIX_PATH}:/home/sam/wsg_50/install/wsg_ctrl:/home/sam/moveit2/install/moveit_configs_utils:/opt/ros/humble /usr/bin/cmake /home/sam/wsg50/src/wsg_50_simulation -DCMAKE_INSTALL_PREFIX=/home/sam/wsg50/install/wsg_50_simulation
[5.913s] DEBUG:colcon.colcon_core.event_handler.log_command:Invoked command in '/home/sam/wsg50/build/wsg_50_simulation' returned '0': CMAKE_PREFIX_PATH=${CMAKE_PREFIX_PATH}:/home/sam/wsg_50/install/wsg_ctrl:/home/sam/moveit2/install/moveit_configs_utils:/opt/ros/humble /usr/bin/cmake /home/sam/wsg50/src/wsg_50_simulation -DCMAKE_INSTALL_PREFIX=/home/sam/wsg50/install/wsg_50_simulation
[5.918s] DEBUG:colcon.colcon_core.event_handler.log_command:Invoking command in '/home/sam/wsg50/build/wsg_50_simulation': CMAKE_PREFIX_PATH=${CMAKE_PREFIX_PATH}:/home/sam/wsg_50/install/wsg_ctrl:/home/sam/moveit2/install/moveit_configs_utils:/opt/ros/humble /usr/bin/cmake --build /home/sam/wsg50/build/wsg_50_simulation -- -j8 -l8
[6.068s] DEBUG:colcon.colcon_core.event_handler.log_command:Invoked command in '/home/sam/wsg50/build/wsg_50_simulation' returned '0': CMAKE_PREFIX_PATH=${CMAKE_PREFIX_PATH}:/home/sam/wsg_50/install/wsg_ctrl:/home/sam/moveit2/install/moveit_configs_utils:/opt/ros/humble /usr/bin/cmake --build /home/sam/wsg50/build/wsg_50_simulation -- -j8 -l8
[6.100s] DEBUG:colcon.colcon_core.event_handler.log_command:Invoking command in '/home/sam/wsg50/build/wsg_50_simulation': CMAKE_PREFIX_PATH=${CMAKE_PREFIX_PATH}:/home/sam/wsg_50/install/wsg_ctrl:/home/sam/moveit2/install/moveit_configs_utils:/opt/ros/humble /usr/bin/cmake --install /home/sam/wsg50/build/wsg_50_simulation
[6.163s] Level 1:colcon.colcon_core.environment:create_environment_scripts_only(wsg_50_simulation)
[6.165s] DEBUG:colcon.colcon_core.event_handler.log_command:Invoked command in '/home/sam/wsg50/build/wsg_50_simulation' returned '0': CMAKE_PREFIX_PATH=${CMAKE_PREFIX_PATH}:/home/sam/wsg_50/install/wsg_ctrl:/home/sam/moveit2/install/moveit_configs_utils:/opt/ros/humble /usr/bin/cmake --install /home/sam/wsg50/build/wsg_50_simulation
[6.171s] Level 1:colcon.colcon_core.environment:checking '/home/sam/wsg50/install/wsg_50_simulation' for CMake module files
[6.172s] Level 1:colcon.colcon_core.environment:checking '/home/sam/wsg50/install/wsg_50_simulation' for CMake config files
[6.173s] Level 1:colcon.colcon_core.shell:create_environment_hook('wsg_50_simulation', 'cmake_prefix_path')
[6.173s] INFO:colcon.colcon_core.shell:Creating environment hook '/home/sam/wsg50/install/wsg_50_simulation/share/wsg_50_simulation/hook/cmake_prefix_path.ps1'
[6.175s] INFO:colcon.colcon_core.shell:Creating environment descriptor '/home/sam/wsg50/install/wsg_50_simulation/share/wsg_50_simulation/hook/cmake_prefix_path.dsv'
[6.176s] INFO:colcon.colcon_core.shell:Creating environment hook '/home/sam/wsg50/install/wsg_50_simulation/share/wsg_50_simulation/hook/cmake_prefix_path.sh'
[6.177s] Level 1:colcon.colcon_core.environment:checking '/home/sam/wsg50/install/wsg_50_simulation/bin'
[6.178s] Level 1:colcon.colcon_core.environment:checking '/home/sam/wsg50/install/wsg_50_simulation/lib/pkgconfig/wsg_50_simulation.pc'
[6.178s] Level 1:colcon.colcon_core.environment:checking '/home/sam/wsg50/install/wsg_50_simulation/lib/python3.10/site-packages'
[6.178s] Level 1:colcon.colcon_core.environment:checking '/home/sam/wsg50/install/wsg_50_simulation/bin'
[6.179s] INFO:colcon.colcon_core.shell:Creating package script '/home/sam/wsg50/install/wsg_50_simulation/share/wsg_50_simulation/package.ps1'
[6.180s] INFO:colcon.colcon_core.shell:Creating package descriptor '/home/sam/wsg50/install/wsg_50_simulation/share/wsg_50_simulation/package.dsv'
[6.181s] INFO:colcon.colcon_core.shell:Creating package script '/home/sam/wsg50/install/wsg_50_simulation/share/wsg_50_simulation/package.sh'
[6.182s] INFO:colcon.colcon_core.shell:Creating package script '/home/sam/wsg50/install/wsg_50_simulation/share/wsg_50_simulation/package.bash'
[6.183s] INFO:colcon.colcon_core.shell:Creating package script '/home/sam/wsg50/install/wsg_50_simulation/share/wsg_50_simulation/package.zsh'
[6.185s] Level 1:colcon.colcon_core.environment:create_file_with_runtime_dependencies(/home/sam/wsg50/install/wsg_50_simulation/share/colcon-core/packages/wsg_50_simulation)
[6.187s] Level 1:colcon.colcon_core.environment:create_environment_scripts_only(wsg_50_simulation)
[6.187s] Level 1:colcon.colcon_core.environment:checking '/home/sam/wsg50/install/wsg_50_simulation' for CMake module files
[6.188s] Level 1:colcon.colcon_core.environment:checking '/home/sam/wsg50/install/wsg_50_simulation' for CMake config files
[6.189s] Level 1:colcon.colcon_core.shell:create_environment_hook('wsg_50_simulation', 'cmake_prefix_path')
[6.190s] INFO:colcon.colcon_core.shell:Creating environment hook '/home/sam/wsg50/install/wsg_50_simulation/share/wsg_50_simulation/hook/cmake_prefix_path.ps1'
[6.191s] INFO:colcon.colcon_core.shell:Creating environment descriptor '/home/sam/wsg50/install/wsg_50_simulation/share/wsg_50_simulation/hook/cmake_prefix_path.dsv'
[6.192s] INFO:colcon.colcon_core.shell:Creating environment hook '/home/sam/wsg50/install/wsg_50_simulation/share/wsg_50_simulation/hook/cmake_prefix_path.sh'
[6.194s] Level 1:colcon.colcon_core.environment:checking '/home/sam/wsg50/install/wsg_50_simulation/bin'
[6.194s] Level 1:colcon.colcon_core.environment:checking '/home/sam/wsg50/install/wsg_50_simulation/lib/pkgconfig/wsg_50_simulation.pc'
[6.195s] Level 1:colcon.colcon_core.environment:checking '/home/sam/wsg50/install/wsg_50_simulation/lib/python3.10/site-packages'
[6.195s] Level 1:colcon.colcon_core.environment:checking '/home/sam/wsg50/install/wsg_50_simulation/bin'
[6.196s] INFO:colcon.colcon_core.shell:Creating package script '/home/sam/wsg50/install/wsg_50_simulation/share/wsg_50_simulation/package.ps1'
[6.197s] INFO:colcon.colcon_core.shell:Creating package descriptor '/home/sam/wsg50/install/wsg_50_simulation/share/wsg_50_simulation/package.dsv'
[6.197s] INFO:colcon.colcon_core.shell:Creating package script '/home/sam/wsg50/install/wsg_50_simulation/share/wsg_50_simulation/package.sh'
[6.199s] INFO:colcon.colcon_core.shell:Creating package script '/home/sam/wsg50/install/wsg_50_simulation/share/wsg_50_simulation/package.bash'
[6.199s] INFO:colcon.colcon_core.shell:Creating package script '/home/sam/wsg50/install/wsg_50_simulation/share/wsg_50_simulation/package.zsh'
[6.200s] Level 1:colcon.colcon_core.environment:create_file_with_runtime_dependencies(/home/sam/wsg50/install/wsg_50_simulation/share/colcon-core/packages/wsg_50_simulation)
[11.089s] DEBUG:colcon.colcon_core.event_handler.log_command:Invoked command in '/home/sam/wsg50/build/wsg_50_common' returned '0': CMAKE_PREFIX_PATH=${CMAKE_PREFIX_PATH}:/home/sam/wsg_50/install/wsg_ctrl:/home/sam/moveit2/install/moveit_configs_utils:/opt/ros/humble /usr/bin/cmake /home/sam/wsg50/src/wsg_50_common -DCMAKE_INSTALL_PREFIX=/home/sam/wsg50/install/wsg_50_common
[11.093s] DEBUG:colcon.colcon_core.event_handler.log_command:Invoking command in '/home/sam/wsg50/build/wsg_50_common': CMAKE_PREFIX_PATH=${CMAKE_PREFIX_PATH}:/home/sam/wsg_50/install/wsg_ctrl:/home/sam/moveit2/install/moveit_configs_utils:/opt/ros/humble /usr/bin/cmake --build /home/sam/wsg50/build/wsg_50_common -- -j8 -l8
[28.262s] DEBUG:colcon.colcon_core.event_handler.log_command:Invoked command in '/home/sam/wsg50/build/wsg_50_common' returned '0': CMAKE_PREFIX_PATH=${CMAKE_PREFIX_PATH}:/home/sam/wsg_50/install/wsg_ctrl:/home/sam/moveit2/install/moveit_configs_utils:/opt/ros/humble /usr/bin/cmake --build /home/sam/wsg50/build/wsg_50_common -- -j8 -l8
[28.268s] DEBUG:colcon.colcon_core.event_handler.log_command:Invoking command in '/home/sam/wsg50/build/wsg_50_common': CMAKE_PREFIX_PATH=${CMAKE_PREFIX_PATH}:/home/sam/wsg_50/install/wsg_ctrl:/home/sam/moveit2/install/moveit_configs_utils:/opt/ros/humble /usr/bin/cmake --install /home/sam/wsg50/build/wsg_50_common
[28.545s] Level 1:colcon.colcon_core.environment:create_environment_scripts_only(wsg_50_common)
[28.546s] Level 1:colcon.colcon_core.environment:checking '/home/sam/wsg50/install/wsg_50_common' for CMake module files
[28.546s] DEBUG:colcon.colcon_core.event_handler.log_command:Invoked command in '/home/sam/wsg50/build/wsg_50_common' returned '0': CMAKE_PREFIX_PATH=${CMAKE_PREFIX_PATH}:/home/sam/wsg_50/install/wsg_ctrl:/home/sam/moveit2/install/moveit_configs_utils:/opt/ros/humble /usr/bin/cmake --install /home/sam/wsg50/build/wsg_50_common
[28.547s] Level 1:colcon.colcon_core.environment:checking '/home/sam/wsg50/install/wsg_50_common' for CMake config files
[28.549s] Level 1:colcon.colcon_core.shell:create_environment_hook('wsg_50_common', 'cmake_prefix_path')
[28.549s] INFO:colcon.colcon_core.shell:Creating environment hook '/home/sam/wsg50/install/wsg_50_common/share/wsg_50_common/hook/cmake_prefix_path.ps1'
[28.551s] INFO:colcon.colcon_core.shell:Creating environment descriptor '/home/sam/wsg50/install/wsg_50_common/share/wsg_50_common/hook/cmake_prefix_path.dsv'
[28.551s] INFO:colcon.colcon_core.shell:Creating environment hook '/home/sam/wsg50/install/wsg_50_common/share/wsg_50_common/hook/cmake_prefix_path.sh'
[28.552s] Level 1:colcon.colcon_core.environment:checking '/home/sam/wsg50/install/wsg_50_common/lib'
[28.553s] Level 1:colcon.colcon_core.shell:create_environment_hook('wsg_50_common', 'ld_library_path_lib')
[28.553s] INFO:colcon.colcon_core.shell:Creating environment hook '/home/sam/wsg50/install/wsg_50_common/share/wsg_50_common/hook/ld_library_path_lib.ps1'
[28.553s] INFO:colcon.colcon_core.shell:Creating environment descriptor '/home/sam/wsg50/install/wsg_50_common/share/wsg_50_common/hook/ld_library_path_lib.dsv'
[28.554s] INFO:colcon.colcon_core.shell:Creating environment hook '/home/sam/wsg50/install/wsg_50_common/share/wsg_50_common/hook/ld_library_path_lib.sh'
[28.555s] Level 1:colcon.colcon_core.environment:checking '/home/sam/wsg50/install/wsg_50_common/bin'
[28.555s] Level 1:colcon.colcon_core.environment:checking '/home/sam/wsg50/install/wsg_50_common/lib/pkgconfig/wsg_50_common.pc'
[28.555s] Level 1:colcon.colcon_core.environment:checking '/home/sam/wsg50/install/wsg_50_common/lib/python3.10/site-packages'
[28.555s] Level 1:colcon.colcon_core.environment:checking '/home/sam/wsg50/install/wsg_50_common/bin'
[28.557s] INFO:colcon.colcon_core.shell:Creating package script '/home/sam/wsg50/install/wsg_50_common/share/wsg_50_common/package.ps1'
[28.558s] INFO:colcon.colcon_core.shell:Creating package descriptor '/home/sam/wsg50/install/wsg_50_common/share/wsg_50_common/package.dsv'
[28.558s] INFO:colcon.colcon_core.shell:Creating package script '/home/sam/wsg50/install/wsg_50_common/share/wsg_50_common/package.sh'
[28.559s] INFO:colcon.colcon_core.shell:Creating package script '/home/sam/wsg50/install/wsg_50_common/share/wsg_50_common/package.bash'
[28.560s] INFO:colcon.colcon_core.shell:Creating package script '/home/sam/wsg50/install/wsg_50_common/share/wsg_50_common/package.zsh'
[28.561s] Level 1:colcon.colcon_core.environment:create_file_with_runtime_dependencies(/home/sam/wsg50/install/wsg_50_common/share/colcon-core/packages/wsg_50_common)
[28.563s] Level 1:colcon.colcon_core.environment:create_environment_scripts_only(wsg_50_common)
[28.563s] Level 1:colcon.colcon_core.environment:checking '/home/sam/wsg50/install/wsg_50_common' for CMake module files
[28.564s] Level 1:colcon.colcon_core.environment:checking '/home/sam/wsg50/install/wsg_50_common' for CMake config files
[28.566s] Level 1:colcon.colcon_core.shell:create_environment_hook('wsg_50_common', 'cmake_prefix_path')
[28.566s] INFO:colcon.colcon_core.shell:Creating environment hook '/home/sam/wsg50/install/wsg_50_common/share/wsg_50_common/hook/cmake_prefix_path.ps1'
[28.567s] INFO:colcon.colcon_core.shell:Creating environment descriptor '/home/sam/wsg50/install/wsg_50_common/share/wsg_50_common/hook/cmake_prefix_path.dsv'
[28.567s] INFO:colcon.colcon_core.shell:Creating environment hook '/home/sam/wsg50/install/wsg_50_common/share/wsg_50_common/hook/cmake_prefix_path.sh'
[28.568s] Level 1:colcon.colcon_core.environment:checking '/home/sam/wsg50/install/wsg_50_common/lib'
[28.568s] Level 1:colcon.colcon_core.shell:create_environment_hook('wsg_50_common', 'ld_library_path_lib')
[28.569s] INFO:colcon.colcon_core.shell:Creating environment hook '/home/sam/wsg50/install/wsg_50_common/share/wsg_50_common/hook/ld_library_path_lib.ps1'
[28.569s] INFO:colcon.colcon_core.shell:Creating environment descriptor '/home/sam/wsg50/install/wsg_50_common/share/wsg_50_common/hook/ld_library_path_lib.dsv'
[28.570s] INFO:colcon.colcon_core.shell:Creating environment hook '/home/sam/wsg50/install/wsg_50_common/share/wsg_50_common/hook/ld_library_path_lib.sh'
[28.570s] Level 1:colcon.colcon_core.environment:checking '/home/sam/wsg50/install/wsg_50_common/bin'
[28.570s] Level 1:colcon.colcon_core.environment:checking '/home/sam/wsg50/install/wsg_50_common/lib/pkgconfig/wsg_50_common.pc'
[28.571s] Level 1:colcon.colcon_core.environment:checking '/home/sam/wsg50/install/wsg_50_common/lib/python3.10/site-packages'
[28.571s] Level 1:colcon.colcon_core.environment:checking '/home/sam/wsg50/install/wsg_50_common/bin'
[28.572s] INFO:colcon.colcon_core.shell:Creating package script '/home/sam/wsg50/install/wsg_50_common/share/wsg_50_common/package.ps1'
[28.572s] INFO:colcon.colcon_core.shell:Creating package descriptor '/home/sam/wsg50/install/wsg_50_common/share/wsg_50_common/package.dsv'
[28.573s] INFO:colcon.colcon_core.shell:Creating package script '/home/sam/wsg50/install/wsg_50_common/share/wsg_50_common/package.sh'
[28.574s] INFO:colcon.colcon_core.shell:Creating package script '/home/sam/wsg50/install/wsg_50_common/share/wsg_50_common/package.bash'
[28.575s] INFO:colcon.colcon_core.shell:Creating package script '/home/sam/wsg50/install/wsg_50_common/share/wsg_50_common/package.zsh'
[28.575s] Level 1:colcon.colcon_core.environment:create_file_with_runtime_dependencies(/home/sam/wsg50/install/wsg_50_common/share/colcon-core/packages/wsg_50_common)
[28.576s] INFO:colcon.colcon_ros.task.ament_cmake.build:Building ROS package in '/home/sam/wsg50/src/wsg_50_driver' with build type 'ament_cmake'
[28.577s] INFO:colcon.colcon_cmake.task.cmake.build:Building CMake package in '/home/sam/wsg50/src/wsg_50_driver'
[28.577s] INFO:colcon.colcon_core.shell:Skip shell extension 'powershell' for command environment: Not usable outside of PowerShell
[28.577s] DEBUG:colcon.colcon_core.shell:Skip shell extension 'dsv' for command environment
[28.863s] DEBUG:colcon.colcon_core.event_handler.log_command:Invoking command in '/home/sam/wsg50/build/wsg_50_driver': AMENT_PREFIX_PATH=/home/sam/wsg50/install/wsg_50_common:${AMENT_PREFIX_PATH} CMAKE_PREFIX_PATH=/home/sam/wsg50/install/wsg_50_common:/home/sam/wsg_50/install/interface_wsg:/home/sam/moveit2/install/pilz_industrial_motion_planner_testutils:/home/sam/moveit2/install/moveit_runtime:/home/sam/moveit2/install/moveit:/home/sam/moveit2/install/moveit_planners:/home/sam/moveit2/install/pilz_industrial_motion_planner:/home/sam/moveit2/install/moveit_ros_control_interface:/home/sam/moveit2/install/moveit_plugins:/home/sam/moveit2/install/moveit_simple_controller_manager:/home/sam/moveit2/install/moveit_setup_assistant:/home/sam/moveit2/install/moveit_setup_srdf_plugins:/home/sam/moveit2/install/moveit_setup_core_plugins:/home/sam/moveit2/install/moveit_setup_controllers:/home/sam/moveit2/install/moveit_setup_app_plugins:/home/sam/moveit2/install/moveit_setup_framework:/home/sam/moveit2/install/moveit_servo:/home/sam/moveit2/install/moveit_ros:/home/sam/moveit2/install/moveit_ros_visualization:/home/sam/moveit2/install/moveit_py:/home/sam/moveit2/install/moveit_hybrid_planning:/home/sam/moveit2/install/moveit_ros_planning_interface:/home/sam/moveit2/install/moveit_ros_benchmarks:/home/sam/moveit2/install/moveit_ros_warehouse:/home/sam/moveit2/install/moveit_ros_robot_interaction:/home/sam/moveit2/install/moveit_ros_perception:/home/sam/moveit2/install/moveit_resources_prbt_pg70_support:/home/sam/moveit2/install/moveit_resources_prbt_moveit_config:/home/sam/moveit2/install/moveit_ros_move_group:/home/sam/moveit2/install/moveit_planners_ompl:/home/sam/moveit2/install/moveit_kinematics:/home/sam/moveit2/install/moveit_ros_planning:/home/sam/moveit2/install/moveit_ros_occupancy_map_monitor:/home/sam/moveit2/install/moveit_resources_prbt_support:/home/sam/moveit2/install/moveit_resources_prbt_ikfast_manipulator_plugin:/home/sam/moveit2/install/moveit_resources:/home/sam/moveit2/install/moveit_resources_pr2_description:/home/sam/moveit2/install/moveit_resources_panda_moveit_config:/home/sam/moveit2/install/dual_arm_panda_moveit_config:/home/sam/moveit2/install/moveit_resources_panda_description:/home/sam/moveit2/install/moveit_resources_fanuc_moveit_config:/home/sam/moveit2/install/moveit_resources_fanuc_description:/home/sam/moveit2/install/moveit_planners_stomp:/home/sam/moveit2/install/moveit_planners_chomp:/home/sam/moveit2/install/chomp_motion_planner:/home/sam/moveit2/install/moveit_core:/home/sam/moveit2/install/moveit_msgs:/home/sam/moveit2/install/moveit_common:/home/sam/moveit2/install/geometric_shapes:/home/sam/ros2_ws/install/ros2_grasshopper:/home/sam/ros2_ws/install/ros2_file_server:/home/sam/ros2_ws/install/my_orbbec:/home/sam/ros2_ws/install/fanuc_srvs:/home/sam/ros2_ws/install/fanuc_srvs_msgs:/home/sam/ros2_ws/install/fanuc_control:/home/sam/ros2_ws/install/fanuc_rmi:/home/sam/ros2_ws/install/fanuc_eth_ip:/home/sam/ros2_ws/install/crx5ia_moveit_config:/home/sam/ros2_ws/install/crx25ia_l_moveit_config:/home/sam/ros2_ws/install/crx20ia_l_moveit_config:/home/sam/ros2_ws/install/crx10ia_moveit_config:/home/sam/ros2_ws/install/crx10ia_l_moveit_config:/home/sam/ros2_ws/install/crx_description:/home/sam/wsg_50/install/wsg_ctrl:/home/sam/moveit2/install/moveit_configs_utils:/opt/ros/humble LD_LIBRARY_PATH=/home/sam/wsg50/install/wsg_50_common/lib:${LD_LIBRARY_PATH} PYTHONPATH=/home/sam/wsg50/install/wsg_50_common/local/lib/python3.10/dist-packages:${PYTHONPATH} /usr/bin/cmake /home/sam/wsg50/src/wsg_50_driver -DCMAKE_INSTALL_PREFIX=/home/sam/wsg50/install/wsg_50_driver
[51.677s] DEBUG:colcon.colcon_core.event_handler.log_command:Invoked command in '/home/sam/wsg50/build/wsg_50_driver' returned '0': AMENT_PREFIX_PATH=/home/sam/wsg50/install/wsg_50_common:${AMENT_PREFIX_PATH} CMAKE_PREFIX_PATH=/home/sam/wsg50/install/wsg_50_common:/home/sam/wsg_50/install/interface_wsg:/home/sam/moveit2/install/pilz_industrial_motion_planner_testutils:/home/sam/moveit2/install/moveit_runtime:/home/sam/moveit2/install/moveit:/home/sam/moveit2/install/moveit_planners:/home/sam/moveit2/install/pilz_industrial_motion_planner:/home/sam/moveit2/install/moveit_ros_control_interface:/home/sam/moveit2/install/moveit_plugins:/home/sam/moveit2/install/moveit_simple_controller_manager:/home/sam/moveit2/install/moveit_setup_assistant:/home/sam/moveit2/install/moveit_setup_srdf_plugins:/home/sam/moveit2/install/moveit_setup_core_plugins:/home/sam/moveit2/install/moveit_setup_controllers:/home/sam/moveit2/install/moveit_setup_app_plugins:/home/sam/moveit2/install/moveit_setup_framework:/home/sam/moveit2/install/moveit_servo:/home/sam/moveit2/install/moveit_ros:/home/sam/moveit2/install/moveit_ros_visualization:/home/sam/moveit2/install/moveit_py:/home/sam/moveit2/install/moveit_hybrid_planning:/home/sam/moveit2/install/moveit_ros_planning_interface:/home/sam/moveit2/install/moveit_ros_benchmarks:/home/sam/moveit2/install/moveit_ros_warehouse:/home/sam/moveit2/install/moveit_ros_robot_interaction:/home/sam/moveit2/install/moveit_ros_perception:/home/sam/moveit2/install/moveit_resources_prbt_pg70_support:/home/sam/moveit2/install/moveit_resources_prbt_moveit_config:/home/sam/moveit2/install/moveit_ros_move_group:/home/sam/moveit2/install/moveit_planners_ompl:/home/sam/moveit2/install/moveit_kinematics:/home/sam/moveit2/install/moveit_ros_planning:/home/sam/moveit2/install/moveit_ros_occupancy_map_monitor:/home/sam/moveit2/install/moveit_resources_prbt_support:/home/sam/moveit2/install/moveit_resources_prbt_ikfast_manipulator_plugin:/home/sam/moveit2/install/moveit_resources:/home/sam/moveit2/install/moveit_resources_pr2_description:/home/sam/moveit2/install/moveit_resources_panda_moveit_config:/home/sam/moveit2/install/dual_arm_panda_moveit_config:/home/sam/moveit2/install/moveit_resources_panda_description:/home/sam/moveit2/install/moveit_resources_fanuc_moveit_config:/home/sam/moveit2/install/moveit_resources_fanuc_description:/home/sam/moveit2/install/moveit_planners_stomp:/home/sam/moveit2/install/moveit_planners_chomp:/home/sam/moveit2/install/chomp_motion_planner:/home/sam/moveit2/install/moveit_core:/home/sam/moveit2/install/moveit_msgs:/home/sam/moveit2/install/moveit_common:/home/sam/moveit2/install/geometric_shapes:/home/sam/ros2_ws/install/ros2_grasshopper:/home/sam/ros2_ws/install/ros2_file_server:/home/sam/ros2_ws/install/my_orbbec:/home/sam/ros2_ws/install/fanuc_srvs:/home/sam/ros2_ws/install/fanuc_srvs_msgs:/home/sam/ros2_ws/install/fanuc_control:/home/sam/ros2_ws/install/fanuc_rmi:/home/sam/ros2_ws/install/fanuc_eth_ip:/home/sam/ros2_ws/install/crx5ia_moveit_config:/home/sam/ros2_ws/install/crx25ia_l_moveit_config:/home/sam/ros2_ws/install/crx20ia_l_moveit_config:/home/sam/ros2_ws/install/crx10ia_moveit_config:/home/sam/ros2_ws/install/crx10ia_l_moveit_config:/home/sam/ros2_ws/install/crx_description:/home/sam/wsg_50/install/wsg_ctrl:/home/sam/moveit2/install/moveit_configs_utils:/opt/ros/humble LD_LIBRARY_PATH=/home/sam/wsg50/install/wsg_50_common/lib:${LD_LIBRARY_PATH} PYTHONPATH=/home/sam/wsg50/install/wsg_50_common/local/lib/python3.10/dist-packages:${PYTHONPATH} /usr/bin/cmake /home/sam/wsg50/src/wsg_50_driver -DCMAKE_INSTALL_PREFIX=/home/sam/wsg50/install/wsg_50_driver
[51.680s] DEBUG:colcon.colcon_core.event_handler.log_command:Invoking command in '/home/sam/wsg50/build/wsg_50_driver': AMENT_PREFIX_PATH=/home/sam/wsg50/install/wsg_50_common:${AMENT_PREFIX_PATH} CMAKE_PREFIX_PATH=/home/sam/wsg50/install/wsg_50_common:/home/sam/wsg_50/install/interface_wsg:/home/sam/moveit2/install/pilz_industrial_motion_planner_testutils:/home/sam/moveit2/install/moveit_runtime:/home/sam/moveit2/install/moveit:/home/sam/moveit2/install/moveit_planners:/home/sam/moveit2/install/pilz_industrial_motion_planner:/home/sam/moveit2/install/moveit_ros_control_interface:/home/sam/moveit2/install/moveit_plugins:/home/sam/moveit2/install/moveit_simple_controller_manager:/home/sam/moveit2/install/moveit_setup_assistant:/home/sam/moveit2/install/moveit_setup_srdf_plugins:/home/sam/moveit2/install/moveit_setup_core_plugins:/home/sam/moveit2/install/moveit_setup_controllers:/home/sam/moveit2/install/moveit_setup_app_plugins:/home/sam/moveit2/install/moveit_setup_framework:/home/sam/moveit2/install/moveit_servo:/home/sam/moveit2/install/moveit_ros:/home/sam/moveit2/install/moveit_ros_visualization:/home/sam/moveit2/install/moveit_py:/home/sam/moveit2/install/moveit_hybrid_planning:/home/sam/moveit2/install/moveit_ros_planning_interface:/home/sam/moveit2/install/moveit_ros_benchmarks:/home/sam/moveit2/install/moveit_ros_warehouse:/home/sam/moveit2/install/moveit_ros_robot_interaction:/home/sam/moveit2/install/moveit_ros_perception:/home/sam/moveit2/install/moveit_resources_prbt_pg70_support:/home/sam/moveit2/install/moveit_resources_prbt_moveit_config:/home/sam/moveit2/install/moveit_ros_move_group:/home/sam/moveit2/install/moveit_planners_ompl:/home/sam/moveit2/install/moveit_kinematics:/home/sam/moveit2/install/moveit_ros_planning:/home/sam/moveit2/install/moveit_ros_occupancy_map_monitor:/home/sam/moveit2/install/moveit_resources_prbt_support:/home/sam/moveit2/install/moveit_resources_prbt_ikfast_manipulator_plugin:/home/sam/moveit2/install/moveit_resources:/home/sam/moveit2/install/moveit_resources_pr2_description:/home/sam/moveit2/install/moveit_resources_panda_moveit_config:/home/sam/moveit2/install/dual_arm_panda_moveit_config:/home/sam/moveit2/install/moveit_resources_panda_description:/home/sam/moveit2/install/moveit_resources_fanuc_moveit_config:/home/sam/moveit2/install/moveit_resources_fanuc_description:/home/sam/moveit2/install/moveit_planners_stomp:/home/sam/moveit2/install/moveit_planners_chomp:/home/sam/moveit2/install/chomp_motion_planner:/home/sam/moveit2/install/moveit_core:/home/sam/moveit2/install/moveit_msgs:/home/sam/moveit2/install/moveit_common:/home/sam/moveit2/install/geometric_shapes:/home/sam/ros2_ws/install/ros2_grasshopper:/home/sam/ros2_ws/install/ros2_file_server:/home/sam/ros2_ws/install/my_orbbec:/home/sam/ros2_ws/install/fanuc_srvs:/home/sam/ros2_ws/install/fanuc_srvs_msgs:/home/sam/ros2_ws/install/fanuc_control:/home/sam/ros2_ws/install/fanuc_rmi:/home/sam/ros2_ws/install/fanuc_eth_ip:/home/sam/ros2_ws/install/crx5ia_moveit_config:/home/sam/ros2_ws/install/crx25ia_l_moveit_config:/home/sam/ros2_ws/install/crx20ia_l_moveit_config:/home/sam/ros2_ws/install/crx10ia_moveit_config:/home/sam/ros2_ws/install/crx10ia_l_moveit_config:/home/sam/ros2_ws/install/crx_description:/home/sam/wsg_50/install/wsg_ctrl:/home/sam/moveit2/install/moveit_configs_utils:/opt/ros/humble LD_LIBRARY_PATH=/home/sam/wsg50/install/wsg_50_common/lib:${LD_LIBRARY_PATH} PYTHONPATH=/home/sam/wsg50/install/wsg_50_common/local/lib/python3.10/dist-packages:${PYTHONPATH} /usr/bin/cmake --build /home/sam/wsg50/build/wsg_50_driver -- -j8 -l8
[69.540s] DEBUG:colcon.colcon_core.event_handler.log_command:Invoked command in '/home/sam/wsg50/build/wsg_50_driver' returned '0': AMENT_PREFIX_PATH=/home/sam/wsg50/install/wsg_50_common:${AMENT_PREFIX_PATH} CMAKE_PREFIX_PATH=/home/sam/wsg50/install/wsg_50_common:/home/sam/wsg_50/install/interface_wsg:/home/sam/moveit2/install/pilz_industrial_motion_planner_testutils:/home/sam/moveit2/install/moveit_runtime:/home/sam/moveit2/install/moveit:/home/sam/moveit2/install/moveit_planners:/home/sam/moveit2/install/pilz_industrial_motion_planner:/home/sam/moveit2/install/moveit_ros_control_interface:/home/sam/moveit2/install/moveit_plugins:/home/sam/moveit2/install/moveit_simple_controller_manager:/home/sam/moveit2/install/moveit_setup_assistant:/home/sam/moveit2/install/moveit_setup_srdf_plugins:/home/sam/moveit2/install/moveit_setup_core_plugins:/home/sam/moveit2/install/moveit_setup_controllers:/home/sam/moveit2/install/moveit_setup_app_plugins:/home/sam/moveit2/install/moveit_setup_framework:/home/sam/moveit2/install/moveit_servo:/home/sam/moveit2/install/moveit_ros:/home/sam/moveit2/install/moveit_ros_visualization:/home/sam/moveit2/install/moveit_py:/home/sam/moveit2/install/moveit_hybrid_planning:/home/sam/moveit2/install/moveit_ros_planning_interface:/home/sam/moveit2/install/moveit_ros_benchmarks:/home/sam/moveit2/install/moveit_ros_warehouse:/home/sam/moveit2/install/moveit_ros_robot_interaction:/home/sam/moveit2/install/moveit_ros_perception:/home/sam/moveit2/install/moveit_resources_prbt_pg70_support:/home/sam/moveit2/install/moveit_resources_prbt_moveit_config:/home/sam/moveit2/install/moveit_ros_move_group:/home/sam/moveit2/install/moveit_planners_ompl:/home/sam/moveit2/install/moveit_kinematics:/home/sam/moveit2/install/moveit_ros_planning:/home/sam/moveit2/install/moveit_ros_occupancy_map_monitor:/home/sam/moveit2/install/moveit_resources_prbt_support:/home/sam/moveit2/install/moveit_resources_prbt_ikfast_manipulator_plugin:/home/sam/moveit2/install/moveit_resources:/home/sam/moveit2/install/moveit_resources_pr2_description:/home/sam/moveit2/install/moveit_resources_panda_moveit_config:/home/sam/moveit2/install/dual_arm_panda_moveit_config:/home/sam/moveit2/install/moveit_resources_panda_description:/home/sam/moveit2/install/moveit_resources_fanuc_moveit_config:/home/sam/moveit2/install/moveit_resources_fanuc_description:/home/sam/moveit2/install/moveit_planners_stomp:/home/sam/moveit2/install/moveit_planners_chomp:/home/sam/moveit2/install/chomp_motion_planner:/home/sam/moveit2/install/moveit_core:/home/sam/moveit2/install/moveit_msgs:/home/sam/moveit2/install/moveit_common:/home/sam/moveit2/install/geometric_shapes:/home/sam/ros2_ws/install/ros2_grasshopper:/home/sam/ros2_ws/install/ros2_file_server:/home/sam/ros2_ws/install/my_orbbec:/home/sam/ros2_ws/install/fanuc_srvs:/home/sam/ros2_ws/install/fanuc_srvs_msgs:/home/sam/ros2_ws/install/fanuc_control:/home/sam/ros2_ws/install/fanuc_rmi:/home/sam/ros2_ws/install/fanuc_eth_ip:/home/sam/ros2_ws/install/crx5ia_moveit_config:/home/sam/ros2_ws/install/crx25ia_l_moveit_config:/home/sam/ros2_ws/install/crx20ia_l_moveit_config:/home/sam/ros2_ws/install/crx10ia_moveit_config:/home/sam/ros2_ws/install/crx10ia_l_moveit_config:/home/sam/ros2_ws/install/crx_description:/home/sam/wsg_50/install/wsg_ctrl:/home/sam/moveit2/install/moveit_configs_utils:/opt/ros/humble LD_LIBRARY_PATH=/home/sam/wsg50/install/wsg_50_common/lib:${LD_LIBRARY_PATH} PYTHONPATH=/home/sam/wsg50/install/wsg_50_common/local/lib/python3.10/dist-packages:${PYTHONPATH} /usr/bin/cmake --build /home/sam/wsg50/build/wsg_50_driver -- -j8 -l8
[69.545s] DEBUG:colcon.colcon_core.event_handler.log_command:Invoking command in '/home/sam/wsg50/build/wsg_50_driver': AMENT_PREFIX_PATH=/home/sam/wsg50/install/wsg_50_common:${AMENT_PREFIX_PATH} CMAKE_PREFIX_PATH=/home/sam/wsg50/install/wsg_50_common:/home/sam/wsg_50/install/interface_wsg:/home/sam/moveit2/install/pilz_industrial_motion_planner_testutils:/home/sam/moveit2/install/moveit_runtime:/home/sam/moveit2/install/moveit:/home/sam/moveit2/install/moveit_planners:/home/sam/moveit2/install/pilz_industrial_motion_planner:/home/sam/moveit2/install/moveit_ros_control_interface:/home/sam/moveit2/install/moveit_plugins:/home/sam/moveit2/install/moveit_simple_controller_manager:/home/sam/moveit2/install/moveit_setup_assistant:/home/sam/moveit2/install/moveit_setup_srdf_plugins:/home/sam/moveit2/install/moveit_setup_core_plugins:/home/sam/moveit2/install/moveit_setup_controllers:/home/sam/moveit2/install/moveit_setup_app_plugins:/home/sam/moveit2/install/moveit_setup_framework:/home/sam/moveit2/install/moveit_servo:/home/sam/moveit2/install/moveit_ros:/home/sam/moveit2/install/moveit_ros_visualization:/home/sam/moveit2/install/moveit_py:/home/sam/moveit2/install/moveit_hybrid_planning:/home/sam/moveit2/install/moveit_ros_planning_interface:/home/sam/moveit2/install/moveit_ros_benchmarks:/home/sam/moveit2/install/moveit_ros_warehouse:/home/sam/moveit2/install/moveit_ros_robot_interaction:/home/sam/moveit2/install/moveit_ros_perception:/home/sam/moveit2/install/moveit_resources_prbt_pg70_support:/home/sam/moveit2/install/moveit_resources_prbt_moveit_config:/home/sam/moveit2/install/moveit_ros_move_group:/home/sam/moveit2/install/moveit_planners_ompl:/home/sam/moveit2/install/moveit_kinematics:/home/sam/moveit2/install/moveit_ros_planning:/home/sam/moveit2/install/moveit_ros_occupancy_map_monitor:/home/sam/moveit2/install/moveit_resources_prbt_support:/home/sam/moveit2/install/moveit_resources_prbt_ikfast_manipulator_plugin:/home/sam/moveit2/install/moveit_resources:/home/sam/moveit2/install/moveit_resources_pr2_description:/home/sam/moveit2/install/moveit_resources_panda_moveit_config:/home/sam/moveit2/install/dual_arm_panda_moveit_config:/home/sam/moveit2/install/moveit_resources_panda_description:/home/sam/moveit2/install/moveit_resources_fanuc_moveit_config:/home/sam/moveit2/install/moveit_resources_fanuc_description:/home/sam/moveit2/install/moveit_planners_stomp:/home/sam/moveit2/install/moveit_planners_chomp:/home/sam/moveit2/install/chomp_motion_planner:/home/sam/moveit2/install/moveit_core:/home/sam/moveit2/install/moveit_msgs:/home/sam/moveit2/install/moveit_common:/home/sam/moveit2/install/geometric_shapes:/home/sam/ros2_ws/install/ros2_grasshopper:/home/sam/ros2_ws/install/ros2_file_server:/home/sam/ros2_ws/install/my_orbbec:/home/sam/ros2_ws/install/fanuc_srvs:/home/sam/ros2_ws/install/fanuc_srvs_msgs:/home/sam/ros2_ws/install/fanuc_control:/home/sam/ros2_ws/install/fanuc_rmi:/home/sam/ros2_ws/install/fanuc_eth_ip:/home/sam/ros2_ws/install/crx5ia_moveit_config:/home/sam/ros2_ws/install/crx25ia_l_moveit_config:/home/sam/ros2_ws/install/crx20ia_l_moveit_config:/home/sam/ros2_ws/install/crx10ia_moveit_config:/home/sam/ros2_ws/install/crx10ia_l_moveit_config:/home/sam/ros2_ws/install/crx_description:/home/sam/wsg_50/install/wsg_ctrl:/home/sam/moveit2/install/moveit_configs_utils:/opt/ros/humble LD_LIBRARY_PATH=/home/sam/wsg50/install/wsg_50_common/lib:${LD_LIBRARY_PATH} PYTHONPATH=/home/sam/wsg50/install/wsg_50_common/local/lib/python3.10/dist-packages:${PYTHONPATH} /usr/bin/cmake --install /home/sam/wsg50/build/wsg_50_driver
[69.606s] Level 1:colcon.colcon_core.environment:create_environment_scripts_only(wsg_50_driver)
[69.607s] Level 1:colcon.colcon_core.environment:checking '/home/sam/wsg50/install/wsg_50_driver' for CMake module files
[69.608s] DEBUG:colcon.colcon_core.event_handler.log_command:Invoked command in '/home/sam/wsg50/build/wsg_50_driver' returned '0': AMENT_PREFIX_PATH=/home/sam/wsg50/install/wsg_50_common:${AMENT_PREFIX_PATH} CMAKE_PREFIX_PATH=/home/sam/wsg50/install/wsg_50_common:/home/sam/wsg_50/install/interface_wsg:/home/sam/moveit2/install/pilz_industrial_motion_planner_testutils:/home/sam/moveit2/install/moveit_runtime:/home/sam/moveit2/install/moveit:/home/sam/moveit2/install/moveit_planners:/home/sam/moveit2/install/pilz_industrial_motion_planner:/home/sam/moveit2/install/moveit_ros_control_interface:/home/sam/moveit2/install/moveit_plugins:/home/sam/moveit2/install/moveit_simple_controller_manager:/home/sam/moveit2/install/moveit_setup_assistant:/home/sam/moveit2/install/moveit_setup_srdf_plugins:/home/sam/moveit2/install/moveit_setup_core_plugins:/home/sam/moveit2/install/moveit_setup_controllers:/home/sam/moveit2/install/moveit_setup_app_plugins:/home/sam/moveit2/install/moveit_setup_framework:/home/sam/moveit2/install/moveit_servo:/home/sam/moveit2/install/moveit_ros:/home/sam/moveit2/install/moveit_ros_visualization:/home/sam/moveit2/install/moveit_py:/home/sam/moveit2/install/moveit_hybrid_planning:/home/sam/moveit2/install/moveit_ros_planning_interface:/home/sam/moveit2/install/moveit_ros_benchmarks:/home/sam/moveit2/install/moveit_ros_warehouse:/home/sam/moveit2/install/moveit_ros_robot_interaction:/home/sam/moveit2/install/moveit_ros_perception:/home/sam/moveit2/install/moveit_resources_prbt_pg70_support:/home/sam/moveit2/install/moveit_resources_prbt_moveit_config:/home/sam/moveit2/install/moveit_ros_move_group:/home/sam/moveit2/install/moveit_planners_ompl:/home/sam/moveit2/install/moveit_kinematics:/home/sam/moveit2/install/moveit_ros_planning:/home/sam/moveit2/install/moveit_ros_occupancy_map_monitor:/home/sam/moveit2/install/moveit_resources_prbt_support:/home/sam/moveit2/install/moveit_resources_prbt_ikfast_manipulator_plugin:/home/sam/moveit2/install/moveit_resources:/home/sam/moveit2/install/moveit_resources_pr2_description:/home/sam/moveit2/install/moveit_resources_panda_moveit_config:/home/sam/moveit2/install/dual_arm_panda_moveit_config:/home/sam/moveit2/install/moveit_resources_panda_description:/home/sam/moveit2/install/moveit_resources_fanuc_moveit_config:/home/sam/moveit2/install/moveit_resources_fanuc_description:/home/sam/moveit2/install/moveit_planners_stomp:/home/sam/moveit2/install/moveit_planners_chomp:/home/sam/moveit2/install/chomp_motion_planner:/home/sam/moveit2/install/moveit_core:/home/sam/moveit2/install/moveit_msgs:/home/sam/moveit2/install/moveit_common:/home/sam/moveit2/install/geometric_shapes:/home/sam/ros2_ws/install/ros2_grasshopper:/home/sam/ros2_ws/install/ros2_file_server:/home/sam/ros2_ws/install/my_orbbec:/home/sam/ros2_ws/install/fanuc_srvs:/home/sam/ros2_ws/install/fanuc_srvs_msgs:/home/sam/ros2_ws/install/fanuc_control:/home/sam/ros2_ws/install/fanuc_rmi:/home/sam/ros2_ws/install/fanuc_eth_ip:/home/sam/ros2_ws/install/crx5ia_moveit_config:/home/sam/ros2_ws/install/crx25ia_l_moveit_config:/home/sam/ros2_ws/install/crx20ia_l_moveit_config:/home/sam/ros2_ws/install/crx10ia_moveit_config:/home/sam/ros2_ws/install/crx10ia_l_moveit_config:/home/sam/ros2_ws/install/crx_description:/home/sam/wsg_50/install/wsg_ctrl:/home/sam/moveit2/install/moveit_configs_utils:/opt/ros/humble LD_LIBRARY_PATH=/home/sam/wsg50/install/wsg_50_common/lib:${LD_LIBRARY_PATH} PYTHONPATH=/home/sam/wsg50/install/wsg_50_common/local/lib/python3.10/dist-packages:${PYTHONPATH} /usr/bin/cmake --install /home/sam/wsg50/build/wsg_50_driver
[69.609s] Level 1:colcon.colcon_core.environment:checking '/home/sam/wsg50/install/wsg_50_driver' for CMake config files
[69.610s] Level 1:colcon.colcon_core.shell:create_environment_hook('wsg_50_driver', 'cmake_prefix_path')
[69.610s] INFO:colcon.colcon_core.shell:Creating environment hook '/home/sam/wsg50/install/wsg_50_driver/share/wsg_50_driver/hook/cmake_prefix_path.ps1'
[69.613s] INFO:colcon.colcon_core.shell:Creating environment descriptor '/home/sam/wsg50/install/wsg_50_driver/share/wsg_50_driver/hook/cmake_prefix_path.dsv'
[69.614s] INFO:colcon.colcon_core.shell:Creating environment hook '/home/sam/wsg50/install/wsg_50_driver/share/wsg_50_driver/hook/cmake_prefix_path.sh'
[69.615s] Level 1:colcon.colcon_core.environment:checking '/home/sam/wsg50/install/wsg_50_driver/lib'
[69.615s] Level 1:colcon.colcon_core.environment:checking '/home/sam/wsg50/install/wsg_50_driver/bin'
[69.615s] Level 1:colcon.colcon_core.environment:checking '/home/sam/wsg50/install/wsg_50_driver/lib/pkgconfig/wsg_50_driver.pc'
[69.616s] Level 1:colcon.colcon_core.environment:checking '/home/sam/wsg50/install/wsg_50_driver/lib/python3.10/site-packages'
[69.617s] Level 1:colcon.colcon_core.environment:checking '/home/sam/wsg50/install/wsg_50_driver/bin'
[69.619s] INFO:colcon.colcon_core.shell:Creating package script '/home/sam/wsg50/install/wsg_50_driver/share/wsg_50_driver/package.ps1'
[69.620s] INFO:colcon.colcon_core.shell:Creating package descriptor '/home/sam/wsg50/install/wsg_50_driver/share/wsg_50_driver/package.dsv'
[69.621s] INFO:colcon.colcon_core.shell:Creating package script '/home/sam/wsg50/install/wsg_50_driver/share/wsg_50_driver/package.sh'
[69.622s] INFO:colcon.colcon_core.shell:Creating package script '/home/sam/wsg50/install/wsg_50_driver/share/wsg_50_driver/package.bash'
[69.623s] INFO:colcon.colcon_core.shell:Creating package script '/home/sam/wsg50/install/wsg_50_driver/share/wsg_50_driver/package.zsh'
[69.624s] Level 1:colcon.colcon_core.environment:create_file_with_runtime_dependencies(/home/sam/wsg50/install/wsg_50_driver/share/colcon-core/packages/wsg_50_driver)
[69.627s] Level 1:colcon.colcon_core.environment:create_environment_scripts_only(wsg_50_driver)
[69.628s] Level 1:colcon.colcon_core.environment:checking '/home/sam/wsg50/install/wsg_50_driver' for CMake module files
[69.629s] Level 1:colcon.colcon_core.environment:checking '/home/sam/wsg50/install/wsg_50_driver' for CMake config files
[69.630s] Level 1:colcon.colcon_core.shell:create_environment_hook('wsg_50_driver', 'cmake_prefix_path')
[69.631s] INFO:colcon.colcon_core.shell:Creating environment hook '/home/sam/wsg50/install/wsg_50_driver/share/wsg_50_driver/hook/cmake_prefix_path.ps1'
[69.632s] INFO:colcon.colcon_core.shell:Creating environment descriptor '/home/sam/wsg50/install/wsg_50_driver/share/wsg_50_driver/hook/cmake_prefix_path.dsv'
[69.633s] INFO:colcon.colcon_core.shell:Creating environment hook '/home/sam/wsg50/install/wsg_50_driver/share/wsg_50_driver/hook/cmake_prefix_path.sh'
[69.635s] Level 1:colcon.colcon_core.environment:checking '/home/sam/wsg50/install/wsg_50_driver/lib'
[69.635s] Level 1:colcon.colcon_core.environment:checking '/home/sam/wsg50/install/wsg_50_driver/bin'
[69.635s] Level 1:colcon.colcon_core.environment:checking '/home/sam/wsg50/install/wsg_50_driver/lib/pkgconfig/wsg_50_driver.pc'
[69.636s] Level 1:colcon.colcon_core.environment:checking '/home/sam/wsg50/install/wsg_50_driver/lib/python3.10/site-packages'
[69.637s] Level 1:colcon.colcon_core.environment:checking '/home/sam/wsg50/install/wsg_50_driver/bin'
[69.638s] INFO:colcon.colcon_core.shell:Creating package script '/home/sam/wsg50/install/wsg_50_driver/share/wsg_50_driver/package.ps1'
[69.639s] INFO:colcon.colcon_core.shell:Creating package descriptor '/home/sam/wsg50/install/wsg_50_driver/share/wsg_50_driver/package.dsv'
[69.641s] INFO:colcon.colcon_core.shell:Creating package script '/home/sam/wsg50/install/wsg_50_driver/share/wsg_50_driver/package.sh'
[69.642s] INFO:colcon.colcon_core.shell:Creating package script '/home/sam/wsg50/install/wsg_50_driver/share/wsg_50_driver/package.bash'
[69.643s] INFO:colcon.colcon_core.shell:Creating package script '/home/sam/wsg50/install/wsg_50_driver/share/wsg_50_driver/package.zsh'
[69.644s] Level 1:colcon.colcon_core.environment:create_file_with_runtime_dependencies(/home/sam/wsg50/install/wsg_50_driver/share/colcon-core/packages/wsg_50_driver)
[69.645s] INFO:colcon.colcon_ros.task.ament_cmake.build:Building ROS package in '/home/sam/wsg50/src/wsg_50_interface' with build type 'ament_cmake'
[69.646s] INFO:colcon.colcon_cmake.task.cmake.build:Building CMake package in '/home/sam/wsg50/src/wsg_50_interface'
[69.646s] INFO:colcon.colcon_core.shell:Skip shell extension 'powershell' for command environment: Not usable outside of PowerShell
[69.646s] DEBUG:colcon.colcon_core.shell:Skip shell extension 'dsv' for command environment
[70.045s] DEBUG:colcon.colcon_core.event_handler.log_command:Invoking command in '/home/sam/wsg50/build/wsg_50_interface': AMENT_PREFIX_PATH=/home/sam/wsg50/install/wsg_50_driver:/home/sam/wsg50/install/wsg_50_common:${AMENT_PREFIX_PATH} CMAKE_PREFIX_PATH=/home/sam/wsg50/install/wsg_50_driver:/home/sam/wsg50/install/wsg_50_common:/home/sam/wsg_50/install/interface_wsg:/home/sam/moveit2/install/pilz_industrial_motion_planner_testutils:/home/sam/moveit2/install/moveit_runtime:/home/sam/moveit2/install/moveit:/home/sam/moveit2/install/moveit_planners:/home/sam/moveit2/install/pilz_industrial_motion_planner:/home/sam/moveit2/install/moveit_ros_control_interface:/home/sam/moveit2/install/moveit_plugins:/home/sam/moveit2/install/moveit_simple_controller_manager:/home/sam/moveit2/install/moveit_setup_assistant:/home/sam/moveit2/install/moveit_setup_srdf_plugins:/home/sam/moveit2/install/moveit_setup_core_plugins:/home/sam/moveit2/install/moveit_setup_controllers:/home/sam/moveit2/install/moveit_setup_app_plugins:/home/sam/moveit2/install/moveit_setup_framework:/home/sam/moveit2/install/moveit_servo:/home/sam/moveit2/install/moveit_ros:/home/sam/moveit2/install/moveit_ros_visualization:/home/sam/moveit2/install/moveit_py:/home/sam/moveit2/install/moveit_hybrid_planning:/home/sam/moveit2/install/moveit_ros_planning_interface:/home/sam/moveit2/install/moveit_ros_benchmarks:/home/sam/moveit2/install/moveit_ros_warehouse:/home/sam/moveit2/install/moveit_ros_robot_interaction:/home/sam/moveit2/install/moveit_ros_perception:/home/sam/moveit2/install/moveit_resources_prbt_pg70_support:/home/sam/moveit2/install/moveit_resources_prbt_moveit_config:/home/sam/moveit2/install/moveit_ros_move_group:/home/sam/moveit2/install/moveit_planners_ompl:/home/sam/moveit2/install/moveit_kinematics:/home/sam/moveit2/install/moveit_ros_planning:/home/sam/moveit2/install/moveit_ros_occupancy_map_monitor:/home/sam/moveit2/install/moveit_resources_prbt_support:/home/sam/moveit2/install/moveit_resources_prbt_ikfast_manipulator_plugin:/home/sam/moveit2/install/moveit_resources:/home/sam/moveit2/install/moveit_resources_pr2_description:/home/sam/moveit2/install/moveit_resources_panda_moveit_config:/home/sam/moveit2/install/dual_arm_panda_moveit_config:/home/sam/moveit2/install/moveit_resources_panda_description:/home/sam/moveit2/install/moveit_resources_fanuc_moveit_config:/home/sam/moveit2/install/moveit_resources_fanuc_description:/home/sam/moveit2/install/moveit_planners_stomp:/home/sam/moveit2/install/moveit_planners_chomp:/home/sam/moveit2/install/chomp_motion_planner:/home/sam/moveit2/install/moveit_core:/home/sam/moveit2/install/moveit_msgs:/home/sam/moveit2/install/moveit_common:/home/sam/moveit2/install/geometric_shapes:/home/sam/ros2_ws/install/ros2_grasshopper:/home/sam/ros2_ws/install/ros2_file_server:/home/sam/ros2_ws/install/my_orbbec:/home/sam/ros2_ws/install/fanuc_srvs:/home/sam/ros2_ws/install/fanuc_srvs_msgs:/home/sam/ros2_ws/install/fanuc_control:/home/sam/ros2_ws/install/fanuc_rmi:/home/sam/ros2_ws/install/fanuc_eth_ip:/home/sam/ros2_ws/install/crx5ia_moveit_config:/home/sam/ros2_ws/install/crx25ia_l_moveit_config:/home/sam/ros2_ws/install/crx20ia_l_moveit_config:/home/sam/ros2_ws/install/crx10ia_moveit_config:/home/sam/ros2_ws/install/crx10ia_l_moveit_config:/home/sam/ros2_ws/install/crx_description:/home/sam/wsg_50/install/wsg_ctrl:/home/sam/moveit2/install/moveit_configs_utils:/opt/ros/humble LD_LIBRARY_PATH=/home/sam/wsg50/install/wsg_50_driver/lib:/home/sam/wsg50/install/wsg_50_common/lib:${LD_LIBRARY_PATH} PYTHONPATH=/home/sam/wsg50/install/wsg_50_common/local/lib/python3.10/dist-packages:${PYTHONPATH} /usr/bin/cmake /home/sam/wsg50/src/wsg_50_interface -DCMAKE_INSTALL_PREFIX=/home/sam/wsg50/install/wsg_50_interface
[95.639s] DEBUG:colcon.colcon_core.event_handler.log_command:Invoked command in '/home/sam/wsg50/build/wsg_50_interface' returned '0': AMENT_PREFIX_PATH=/home/sam/wsg50/install/wsg_50_driver:/home/sam/wsg50/install/wsg_50_common:${AMENT_PREFIX_PATH} CMAKE_PREFIX_PATH=/home/sam/wsg50/install/wsg_50_driver:/home/sam/wsg50/install/wsg_50_common:/home/sam/wsg_50/install/interface_wsg:/home/sam/moveit2/install/pilz_industrial_motion_planner_testutils:/home/sam/moveit2/install/moveit_runtime:/home/sam/moveit2/install/moveit:/home/sam/moveit2/install/moveit_planners:/home/sam/moveit2/install/pilz_industrial_motion_planner:/home/sam/moveit2/install/moveit_ros_control_interface:/home/sam/moveit2/install/moveit_plugins:/home/sam/moveit2/install/moveit_simple_controller_manager:/home/sam/moveit2/install/moveit_setup_assistant:/home/sam/moveit2/install/moveit_setup_srdf_plugins:/home/sam/moveit2/install/moveit_setup_core_plugins:/home/sam/moveit2/install/moveit_setup_controllers:/home/sam/moveit2/install/moveit_setup_app_plugins:/home/sam/moveit2/install/moveit_setup_framework:/home/sam/moveit2/install/moveit_servo:/home/sam/moveit2/install/moveit_ros:/home/sam/moveit2/install/moveit_ros_visualization:/home/sam/moveit2/install/moveit_py:/home/sam/moveit2/install/moveit_hybrid_planning:/home/sam/moveit2/install/moveit_ros_planning_interface:/home/sam/moveit2/install/moveit_ros_benchmarks:/home/sam/moveit2/install/moveit_ros_warehouse:/home/sam/moveit2/install/moveit_ros_robot_interaction:/home/sam/moveit2/install/moveit_ros_perception:/home/sam/moveit2/install/moveit_resources_prbt_pg70_support:/home/sam/moveit2/install/moveit_resources_prbt_moveit_config:/home/sam/moveit2/install/moveit_ros_move_group:/home/sam/moveit2/install/moveit_planners_ompl:/home/sam/moveit2/install/moveit_kinematics:/home/sam/moveit2/install/moveit_ros_planning:/home/sam/moveit2/install/moveit_ros_occupancy_map_monitor:/home/sam/moveit2/install/moveit_resources_prbt_support:/home/sam/moveit2/install/moveit_resources_prbt_ikfast_manipulator_plugin:/home/sam/moveit2/install/moveit_resources:/home/sam/moveit2/install/moveit_resources_pr2_description:/home/sam/moveit2/install/moveit_resources_panda_moveit_config:/home/sam/moveit2/install/dual_arm_panda_moveit_config:/home/sam/moveit2/install/moveit_resources_panda_description:/home/sam/moveit2/install/moveit_resources_fanuc_moveit_config:/home/sam/moveit2/install/moveit_resources_fanuc_description:/home/sam/moveit2/install/moveit_planners_stomp:/home/sam/moveit2/install/moveit_planners_chomp:/home/sam/moveit2/install/chomp_motion_planner:/home/sam/moveit2/install/moveit_core:/home/sam/moveit2/install/moveit_msgs:/home/sam/moveit2/install/moveit_common:/home/sam/moveit2/install/geometric_shapes:/home/sam/ros2_ws/install/ros2_grasshopper:/home/sam/ros2_ws/install/ros2_file_server:/home/sam/ros2_ws/install/my_orbbec:/home/sam/ros2_ws/install/fanuc_srvs:/home/sam/ros2_ws/install/fanuc_srvs_msgs:/home/sam/ros2_ws/install/fanuc_control:/home/sam/ros2_ws/install/fanuc_rmi:/home/sam/ros2_ws/install/fanuc_eth_ip:/home/sam/ros2_ws/install/crx5ia_moveit_config:/home/sam/ros2_ws/install/crx25ia_l_moveit_config:/home/sam/ros2_ws/install/crx20ia_l_moveit_config:/home/sam/ros2_ws/install/crx10ia_moveit_config:/home/sam/ros2_ws/install/crx10ia_l_moveit_config:/home/sam/ros2_ws/install/crx_description:/home/sam/wsg_50/install/wsg_ctrl:/home/sam/moveit2/install/moveit_configs_utils:/opt/ros/humble LD_LIBRARY_PATH=/home/sam/wsg50/install/wsg_50_driver/lib:/home/sam/wsg50/install/wsg_50_common/lib:${LD_LIBRARY_PATH} PYTHONPATH=/home/sam/wsg50/install/wsg_50_common/local/lib/python3.10/dist-packages:${PYTHONPATH} /usr/bin/cmake /home/sam/wsg50/src/wsg_50_interface -DCMAKE_INSTALL_PREFIX=/home/sam/wsg50/install/wsg_50_interface
[95.642s] DEBUG:colcon.colcon_core.event_handler.log_command:Invoking command in '/home/sam/wsg50/build/wsg_50_interface': AMENT_PREFIX_PATH=/home/sam/wsg50/install/wsg_50_driver:/home/sam/wsg50/install/wsg_50_common:${AMENT_PREFIX_PATH} CMAKE_PREFIX_PATH=/home/sam/wsg50/install/wsg_50_driver:/home/sam/wsg50/install/wsg_50_common:/home/sam/wsg_50/install/interface_wsg:/home/sam/moveit2/install/pilz_industrial_motion_planner_testutils:/home/sam/moveit2/install/moveit_runtime:/home/sam/moveit2/install/moveit:/home/sam/moveit2/install/moveit_planners:/home/sam/moveit2/install/pilz_industrial_motion_planner:/home/sam/moveit2/install/moveit_ros_control_interface:/home/sam/moveit2/install/moveit_plugins:/home/sam/moveit2/install/moveit_simple_controller_manager:/home/sam/moveit2/install/moveit_setup_assistant:/home/sam/moveit2/install/moveit_setup_srdf_plugins:/home/sam/moveit2/install/moveit_setup_core_plugins:/home/sam/moveit2/install/moveit_setup_controllers:/home/sam/moveit2/install/moveit_setup_app_plugins:/home/sam/moveit2/install/moveit_setup_framework:/home/sam/moveit2/install/moveit_servo:/home/sam/moveit2/install/moveit_ros:/home/sam/moveit2/install/moveit_ros_visualization:/home/sam/moveit2/install/moveit_py:/home/sam/moveit2/install/moveit_hybrid_planning:/home/sam/moveit2/install/moveit_ros_planning_interface:/home/sam/moveit2/install/moveit_ros_benchmarks:/home/sam/moveit2/install/moveit_ros_warehouse:/home/sam/moveit2/install/moveit_ros_robot_interaction:/home/sam/moveit2/install/moveit_ros_perception:/home/sam/moveit2/install/moveit_resources_prbt_pg70_support:/home/sam/moveit2/install/moveit_resources_prbt_moveit_config:/home/sam/moveit2/install/moveit_ros_move_group:/home/sam/moveit2/install/moveit_planners_ompl:/home/sam/moveit2/install/moveit_kinematics:/home/sam/moveit2/install/moveit_ros_planning:/home/sam/moveit2/install/moveit_ros_occupancy_map_monitor:/home/sam/moveit2/install/moveit_resources_prbt_support:/home/sam/moveit2/install/moveit_resources_prbt_ikfast_manipulator_plugin:/home/sam/moveit2/install/moveit_resources:/home/sam/moveit2/install/moveit_resources_pr2_description:/home/sam/moveit2/install/moveit_resources_panda_moveit_config:/home/sam/moveit2/install/dual_arm_panda_moveit_config:/home/sam/moveit2/install/moveit_resources_panda_description:/home/sam/moveit2/install/moveit_resources_fanuc_moveit_config:/home/sam/moveit2/install/moveit_resources_fanuc_description:/home/sam/moveit2/install/moveit_planners_stomp:/home/sam/moveit2/install/moveit_planners_chomp:/home/sam/moveit2/install/chomp_motion_planner:/home/sam/moveit2/install/moveit_core:/home/sam/moveit2/install/moveit_msgs:/home/sam/moveit2/install/moveit_common:/home/sam/moveit2/install/geometric_shapes:/home/sam/ros2_ws/install/ros2_grasshopper:/home/sam/ros2_ws/install/ros2_file_server:/home/sam/ros2_ws/install/my_orbbec:/home/sam/ros2_ws/install/fanuc_srvs:/home/sam/ros2_ws/install/fanuc_srvs_msgs:/home/sam/ros2_ws/install/fanuc_control:/home/sam/ros2_ws/install/fanuc_rmi:/home/sam/ros2_ws/install/fanuc_eth_ip:/home/sam/ros2_ws/install/crx5ia_moveit_config:/home/sam/ros2_ws/install/crx25ia_l_moveit_config:/home/sam/ros2_ws/install/crx20ia_l_moveit_config:/home/sam/ros2_ws/install/crx10ia_moveit_config:/home/sam/ros2_ws/install/crx10ia_l_moveit_config:/home/sam/ros2_ws/install/crx_description:/home/sam/wsg_50/install/wsg_ctrl:/home/sam/moveit2/install/moveit_configs_utils:/opt/ros/humble LD_LIBRARY_PATH=/home/sam/wsg50/install/wsg_50_driver/lib:/home/sam/wsg50/install/wsg_50_common/lib:${LD_LIBRARY_PATH} PYTHONPATH=/home/sam/wsg50/install/wsg_50_common/local/lib/python3.10/dist-packages:${PYTHONPATH} /usr/bin/cmake --build /home/sam/wsg50/build/wsg_50_interface -- -j8 -l8
[102.503s] DEBUG:colcon.colcon_core.event_handler.log_command:Invoked command in '/home/sam/wsg50/build/wsg_50_interface' returned '2': AMENT_PREFIX_PATH=/home/sam/wsg50/install/wsg_50_driver:/home/sam/wsg50/install/wsg_50_common:${AMENT_PREFIX_PATH} CMAKE_PREFIX_PATH=/home/sam/wsg50/install/wsg_50_driver:/home/sam/wsg50/install/wsg_50_common:/home/sam/wsg_50/install/interface_wsg:/home/sam/moveit2/install/pilz_industrial_motion_planner_testutils:/home/sam/moveit2/install/moveit_runtime:/home/sam/moveit2/install/moveit:/home/sam/moveit2/install/moveit_planners:/home/sam/moveit2/install/pilz_industrial_motion_planner:/home/sam/moveit2/install/moveit_ros_control_interface:/home/sam/moveit2/install/moveit_plugins:/home/sam/moveit2/install/moveit_simple_controller_manager:/home/sam/moveit2/install/moveit_setup_assistant:/home/sam/moveit2/install/moveit_setup_srdf_plugins:/home/sam/moveit2/install/moveit_setup_core_plugins:/home/sam/moveit2/install/moveit_setup_controllers:/home/sam/moveit2/install/moveit_setup_app_plugins:/home/sam/moveit2/install/moveit_setup_framework:/home/sam/moveit2/install/moveit_servo:/home/sam/moveit2/install/moveit_ros:/home/sam/moveit2/install/moveit_ros_visualization:/home/sam/moveit2/install/moveit_py:/home/sam/moveit2/install/moveit_hybrid_planning:/home/sam/moveit2/install/moveit_ros_planning_interface:/home/sam/moveit2/install/moveit_ros_benchmarks:/home/sam/moveit2/install/moveit_ros_warehouse:/home/sam/moveit2/install/moveit_ros_robot_interaction:/home/sam/moveit2/install/moveit_ros_perception:/home/sam/moveit2/install/moveit_resources_prbt_pg70_support:/home/sam/moveit2/install/moveit_resources_prbt_moveit_config:/home/sam/moveit2/install/moveit_ros_move_group:/home/sam/moveit2/install/moveit_planners_ompl:/home/sam/moveit2/install/moveit_kinematics:/home/sam/moveit2/install/moveit_ros_planning:/home/sam/moveit2/install/moveit_ros_occupancy_map_monitor:/home/sam/moveit2/install/moveit_resources_prbt_support:/home/sam/moveit2/install/moveit_resources_prbt_ikfast_manipulator_plugin:/home/sam/moveit2/install/moveit_resources:/home/sam/moveit2/install/moveit_resources_pr2_description:/home/sam/moveit2/install/moveit_resources_panda_moveit_config:/home/sam/moveit2/install/dual_arm_panda_moveit_config:/home/sam/moveit2/install/moveit_resources_panda_description:/home/sam/moveit2/install/moveit_resources_fanuc_moveit_config:/home/sam/moveit2/install/moveit_resources_fanuc_description:/home/sam/moveit2/install/moveit_planners_stomp:/home/sam/moveit2/install/moveit_planners_chomp:/home/sam/moveit2/install/chomp_motion_planner:/home/sam/moveit2/install/moveit_core:/home/sam/moveit2/install/moveit_msgs:/home/sam/moveit2/install/moveit_common:/home/sam/moveit2/install/geometric_shapes:/home/sam/ros2_ws/install/ros2_grasshopper:/home/sam/ros2_ws/install/ros2_file_server:/home/sam/ros2_ws/install/my_orbbec:/home/sam/ros2_ws/install/fanuc_srvs:/home/sam/ros2_ws/install/fanuc_srvs_msgs:/home/sam/ros2_ws/install/fanuc_control:/home/sam/ros2_ws/install/fanuc_rmi:/home/sam/ros2_ws/install/fanuc_eth_ip:/home/sam/ros2_ws/install/crx5ia_moveit_config:/home/sam/ros2_ws/install/crx25ia_l_moveit_config:/home/sam/ros2_ws/install/crx20ia_l_moveit_config:/home/sam/ros2_ws/install/crx10ia_moveit_config:/home/sam/ros2_ws/install/crx10ia_l_moveit_config:/home/sam/ros2_ws/install/crx_description:/home/sam/wsg_50/install/wsg_ctrl:/home/sam/moveit2/install/moveit_configs_utils:/opt/ros/humble LD_LIBRARY_PATH=/home/sam/wsg50/install/wsg_50_driver/lib:/home/sam/wsg50/install/wsg_50_common/lib:${LD_LIBRARY_PATH} PYTHONPATH=/home/sam/wsg50/install/wsg_50_common/local/lib/python3.10/dist-packages:${PYTHONPATH} /usr/bin/cmake --build /home/sam/wsg50/build/wsg_50_interface -- -j8 -l8
[102.504s] Level 1:colcon.colcon_core.environment:create_environment_scripts_only(wsg_50_interface)
[102.505s] Level 1:colcon.colcon_core.environment:checking '/home/sam/wsg50/install/wsg_50_interface' for CMake module files
[102.505s] Level 1:colcon.colcon_core.environment:checking '/home/sam/wsg50/install/wsg_50_interface' for CMake config files
[102.506s] Level 1:colcon.colcon_core.environment:checking '/home/sam/wsg50/install/wsg_50_interface/bin'
[102.506s] Level 1:colcon.colcon_core.environment:checking '/home/sam/wsg50/install/wsg_50_interface/lib/pkgconfig/wsg_50_interface.pc'
[102.506s] Level 1:colcon.colcon_core.environment:checking '/home/sam/wsg50/install/wsg_50_interface/lib/python3.10/site-packages'
[102.506s] Level 1:colcon.colcon_core.environment:checking '/home/sam/wsg50/install/wsg_50_interface/bin'
[102.507s] INFO:colcon.colcon_core.shell:Creating package script '/home/sam/wsg50/install/wsg_50_interface/share/wsg_50_interface/package.ps1'
[102.509s] INFO:colcon.colcon_core.shell:Creating package descriptor '/home/sam/wsg50/install/wsg_50_interface/share/wsg_50_interface/package.dsv'
[102.510s] INFO:colcon.colcon_core.shell:Creating package script '/home/sam/wsg50/install/wsg_50_interface/share/wsg_50_interface/package.sh'
[102.511s] INFO:colcon.colcon_core.shell:Creating package script '/home/sam/wsg50/install/wsg_50_interface/share/wsg_50_interface/package.bash'
[102.512s] INFO:colcon.colcon_core.shell:Creating package script '/home/sam/wsg50/install/wsg_50_interface/share/wsg_50_interface/package.zsh'
[102.512s] Level 1:colcon.colcon_core.environment:create_file_with_runtime_dependencies(/home/sam/wsg50/install/wsg_50_interface/share/colcon-core/packages/wsg_50_interface)
[102.525s] DEBUG:colcon.colcon_parallel_executor.executor.parallel:closing loop
[102.525s] DEBUG:colcon.colcon_parallel_executor.executor.parallel:loop closed
[102.525s] DEBUG:colcon.colcon_parallel_executor.executor.parallel:run_until_complete finished with '2'
[102.525s] DEBUG:colcon.colcon_core.event_reactor:joining thread
[102.668s] INFO:colcon.colcon_core.plugin_system:Skipping extension 'colcon_notification.desktop_notification.notify_send': Could not find 'notify-send'
[102.668s] INFO:colcon.colcon_core.plugin_system:Skipping extension 'colcon_notification.desktop_notification.terminal_notifier': Not used on non-Darwin systems
[102.668s] INFO:colcon.colcon_core.plugin_system:Skipping extension 'colcon_notification.desktop_notification.win32': Not used on non-Windows systems
[102.668s] INFO:colcon.colcon_notification.desktop_notification:Sending desktop notification using 'notify2'
[102.680s] DEBUG:colcon.colcon_notification.desktop_notification.notify2:Failed to initialize notify2: org.freedesktop.DBus.Error.ServiceUnknown: The name org.freedesktop.Notifications was not provided by any .service files
[102.681s] DEBUG:colcon.colcon_core.event_reactor:joined thread
[102.681s] INFO:colcon.colcon_core.shell:Creating prefix script '/home/sam/wsg50/install/local_setup.ps1'
[102.683s] INFO:colcon.colcon_core.shell:Creating prefix util module '/home/sam/wsg50/install/_local_setup_util_ps1.py'
[102.685s] INFO:colcon.colcon_core.shell:Creating prefix chain script '/home/sam/wsg50/install/setup.ps1'
[102.693s] INFO:colcon.colcon_core.shell:Creating prefix script '/home/sam/wsg50/install/local_setup.sh'
[102.694s] INFO:colcon.colcon_core.shell:Creating prefix util module '/home/sam/wsg50/install/_local_setup_util_sh.py'
[102.695s] INFO:colcon.colcon_core.shell:Creating prefix chain script '/home/sam/wsg50/install/setup.sh'
[102.705s] INFO:colcon.colcon_core.shell:Creating prefix script '/home/sam/wsg50/install/local_setup.bash'
[102.706s] INFO:colcon.colcon_core.shell:Creating prefix chain script '/home/sam/wsg50/install/setup.bash'
[102.713s] INFO:colcon.colcon_core.shell:Creating prefix script '/home/sam/wsg50/install/local_setup.zsh'
[102.714s] INFO:colcon.colcon_core.shell:Creating prefix chain script '/home/sam/wsg50/install/setup.zsh'
